#
# There is insufficient memory for the Java Runtime Environment to continue.
# Native memory allocation (malloc) failed to allocate 32744 bytes for ChunkPool::allocate
# Possible reasons:
#   The system is out of physical RAM or swap space
#   The process is running with CompressedOops enabled, and the Java Heap may be blocking the growth of the native heap
# Possible solutions:
#   Reduce memory load on the system
#   Increase physical memory or swap space
#   Check if swap backing store is full
#   Decrease Java heap size (-Xmx/-Xms)
#   Decrease number of Java threads
#   Decrease Java thread stack sizes (-Xss)
#   Set larger code cache with -XX:ReservedCodeCacheSize=
#   JVM is running with Unscaled Compressed Oops mode in which the Java heap is
#     placed in the first 4GB address space. The Java Heap base address is the
#     maximum limit for the native heap growth. Please use -XX:HeapBaseMinAddress
#     to set the Java Heap base and to place the Java Heap above 4GB virtual address.
# This output file may be truncated or incomplete.
#
#  Out of Memory Error (./src/hotspot/share/memory/arena.cpp:81), pid=5528, tid=2104
#
# JRE version: OpenJDK Runtime Environment (11.0.12+7) (build 11.0.12+7-b1504.28-7817840)
# Java VM: OpenJDK 64-Bit Server VM (11.0.12+7-b1504.28-7817840, mixed mode, tiered, compressed oops, g1 gc, windows-amd64)
# No core dump will be written. Minidumps are not enabled by default on client versions of Windows
#

---------------  S U M M A R Y ------------

Command Line: --add-opens=java.base/java.util=ALL-UNNAMED --add-opens=java.base/java.lang=ALL-UNNAMED --add-opens=java.base/java.lang.invoke=ALL-UNNAMED --add-opens=java.base/java.util=ALL-UNNAMED --add-opens=java.prefs/java.util.prefs=ALL-UNNAMED --add-opens=java.prefs/java.util.prefs=ALL-UNNAMED --add-opens=java.base/java.nio.charset=ALL-UNNAMED --add-opens=java.base/java.net=ALL-UNNAMED --add-opens=java.base/java.util.concurrent.atomic=ALL-UNNAMED -Xmx2048m -Dfile.encoding=UTF-8 -Duser.country=US -Duser.language=en -Duser.variant org.gradle.launcher.daemon.bootstrap.GradleDaemon 7.3.3

Host: Intel(R) Core(TM) i5-8400 CPU @ 2.80GHz, 6 cores, 7G,  Windows 10 , 64 bit Build 19041 (10.0.19041.1741)
Time: Tue Aug  9 09:32:46 2022 Tocantins Standard Time elapsed time: 58.560693 seconds (0d 0h 0m 58s)

---------------  T H R E A D  ---------------

Current thread (0x000001f2cb122800):  JavaThread "C2 CompilerThread0" daemon [_thread_in_native, id=2104, stack(0x00000085d8000000,0x00000085d8100000)]


Current CompileTask:
C2:  58560 14772       4       org.objectweb.asm.SymbolTable::addConstant (330 bytes)

Stack: [0x00000085d8000000,0x00000085d8100000]
Native frames: (J=compiled Java code, j=interpreted, Vv=VM code, C=native code)
V  [jvm.dll+0x5fbcea]
V  [jvm.dll+0x731905]
V  [jvm.dll+0x732f1d]
V  [jvm.dll+0x7335d3]
V  [jvm.dll+0x247bf8]
V  [jvm.dll+0xc041b]
V  [jvm.dll+0xc06cc]
V  [jvm.dll+0x5d9d05]
V  [jvm.dll+0x682dfd]
V  [jvm.dll+0x682a46]
V  [jvm.dll+0x682817]
V  [jvm.dll+0x521cf3]
V  [jvm.dll+0x5118a4]
V  [jvm.dll+0x201b42]
V  [jvm.dll+0x1ff71f]
V  [jvm.dll+0x18868c]
V  [jvm.dll+0x20e0d7]
V  [jvm.dll+0x20c901]
V  [jvm.dll+0x6f9b7f]
V  [jvm.dll+0x6f26a5]
V  [jvm.dll+0x5fabf6]
C  [ucrtbase.dll+0x21bb2]
C  [KERNEL32.DLL+0x17034]
C  [ntdll.dll+0x52651]


---------------  P R O C E S S  ---------------

Threads class SMR info:
_java_thread_list=0x000001f2ce628410, length=123, elements={
0x000001f2af10f800, 0x000001f2cb0fc800, 0x000001f2cb0fe000, 0x000001f2cb117000,
0x000001f2cb118000, 0x000001f2cb11c000, 0x000001f2cb122800, 0x000001f2cb123800,
0x000001f2cb13d800, 0x000001f2cbbf3800, 0x000001f2cdcb6000, 0x000001f2ce4b7800,
0x000001f2cd944000, 0x000001f2ce06c800, 0x000001f2ce06d800, 0x000001f2cccc0800,
0x000001f2cdb49800, 0x000001f2cdfd9000, 0x000001f2cdf51000, 0x000001f2cd9e0000,
0x000001f2cd9dd800, 0x000001f2cd9de800, 0x000001f2cd9df000, 0x000001f2cd9e1000,
0x000001f2cd9e1800, 0x000001f2cd9dc000, 0x000001f2cd9e2800, 0x000001f2cd9dc800,
0x000001f2cfa06800, 0x000001f2cfa08000, 0x000001f2cfa08800, 0x000001f2cfa0d000,
0x000001f2cfa07000, 0x000001f2cfa09800, 0x000001f2cfa0b000, 0x000001f2d0419000,
0x000001f2d041c800, 0x000001f2d0418800, 0x000001f2d041a000, 0x000001f2d041a800,
0x000001f2d041d000, 0x000001f2d041e000, 0x000001f2d041f000, 0x000001f2d041f800,
0x000001f2d041b800, 0x000001f2d0423800, 0x000001f2d0425800, 0x000001f2d0423000,
0x000001f2d0424800, 0x000001f2d0426000, 0x000001f2d0422000, 0x000001f2d0420800,
0x000001f2d0427000, 0x000001f2d0421800, 0x000001f2cc7e3000, 0x000001f2cc7e0800,
0x000001f2cc7e5800, 0x000001f2cc7e1800, 0x000001f2cc7e4000, 0x000001f2cc7e7000,
0x000001f2cc7e2000, 0x000001f2cc7e6800, 0x000001f2cc7e8000, 0x000001f2cc7e9000,
0x000001f2cc7e4800, 0x000001f2cc7ec000, 0x000001f2cc7e9800, 0x000001f2cc7ed000,
0x000001f2cc7ea800, 0x000001f2cc7ee800, 0x000001f2cc7ed800, 0x000001f2cc7ef800,
0x000001f2cc7eb000, 0x000001f2cccf7800, 0x000001f2cccfa800, 0x000001f2cccf6000,
0x000001f2cccf5000, 0x000001f2cccfb800, 0x000001f2cccfa000, 0x000001f2cccfc800,
0x000001f2cccf6800, 0x000001f2cccfd000, 0x000001f2cccf8800, 0x000001f2cccff000,
0x000001f2cccfe000, 0x000001f2cccf9000, 0x000001f2cccff800, 0x000001f2ccd01800,
0x000001f2ccd00800, 0x000001f2ccd02000, 0x000001f2ccd03000, 0x000001f2ccd03800,
0x000001f2cbf4a000, 0x000001f2cbf4b000, 0x000001f2cbf46000, 0x000001f2cbf4b800,
0x000001f2cbf4c800, 0x000001f2cbf48800, 0x000001f2cbf46800, 0x000001f2cbf4d800,
0x000001f2cbf47800, 0x000001f2cbf4f000, 0x000001f2cbf49000, 0x000001f2cbf54000,
0x000001f2cbf54800, 0x000001f2cbf51800, 0x000001f2cbf52000, 0x000001f2cbf53000,
0x000001f2cbf50800, 0x000001f2cbf4f800, 0x000001f2cf762800, 0x000001f2cf763800,
0x000001f2cf764800, 0x000001f2cf765000, 0x000001f2cf761000, 0x000001f2cf766000,
0x000001f2cf760800, 0x000001f2cf767800, 0x000001f2cf767000, 0x000001f2cf762000,
0x000001f2cf76e000, 0x000001f2cf768800, 0x000001f2cf76d800
}

Java Threads: ( => current thread )
  0x000001f2af10f800 JavaThread "main" [_thread_blocked, id=11836, stack(0x00000085d7400000,0x00000085d7500000)]
  0x000001f2cb0fc800 JavaThread "Reference Handler" daemon [_thread_blocked, id=980, stack(0x00000085d7b00000,0x00000085d7c00000)]
  0x000001f2cb0fe000 JavaThread "Finalizer" daemon [_thread_blocked, id=8196, stack(0x00000085d7c00000,0x00000085d7d00000)]
  0x000001f2cb117000 JavaThread "Signal Dispatcher" daemon [_thread_blocked, id=9844, stack(0x00000085d7d00000,0x00000085d7e00000)]
  0x000001f2cb118000 JavaThread "Attach Listener" daemon [_thread_blocked, id=6572, stack(0x00000085d7e00000,0x00000085d7f00000)]
  0x000001f2cb11c000 JavaThread "Service Thread" daemon [_thread_blocked, id=6100, stack(0x00000085d7f00000,0x00000085d8000000)]
=>0x000001f2cb122800 JavaThread "C2 CompilerThread0" daemon [_thread_in_native, id=2104, stack(0x00000085d8000000,0x00000085d8100000)]
  0x000001f2cb123800 JavaThread "C1 CompilerThread0" daemon [_thread_in_native, id=13240, stack(0x00000085d8100000,0x00000085d8200000)]
  0x000001f2cb13d800 JavaThread "Sweeper thread" daemon [_thread_blocked, id=6608, stack(0x00000085d8200000,0x00000085d8300000)]
  0x000001f2cbbf3800 JavaThread "Common-Cleaner" daemon [_thread_blocked, id=11684, stack(0x00000085d8300000,0x00000085d8400000)]
  0x000001f2cdcb6000 JavaThread "Daemon health stats" [_thread_blocked, id=8844, stack(0x00000085d8800000,0x00000085d8900000)]
  0x000001f2ce4b7800 JavaThread "Incoming local TCP Connector on port 58042" [_thread_in_native, id=8992, stack(0x00000085d8500000,0x00000085d8600000)]
  0x000001f2cd944000 JavaThread "Daemon periodic checks" [_thread_blocked, id=13048, stack(0x00000085d8900000,0x00000085d8a00000)]
  0x000001f2ce06c800 JavaThread "Daemon" [_thread_blocked, id=11920, stack(0x00000085d8a00000,0x00000085d8b00000)]
  0x000001f2ce06d800 JavaThread "Handler for socket connection from /127.0.0.1:58042 to /127.0.0.1:58043" [_thread_in_native, id=2272, stack(0x00000085d8b00000,0x00000085d8c00000)]
  0x000001f2cccc0800 JavaThread "Cancel handler" [_thread_blocked, id=11092, stack(0x00000085d8c00000,0x00000085d8d00000)]
  0x000001f2cdb49800 JavaThread "Daemon worker" [_thread_blocked, id=4028, stack(0x00000085d8d00000,0x00000085d8e00000)]
  0x000001f2cdfd9000 JavaThread "Asynchronous log dispatcher for DefaultDaemonConnection: socket connection from /127.0.0.1:58042 to /127.0.0.1:58043" [_thread_blocked, id=4148, stack(0x00000085d8e00000,0x00000085d8f00000)]
  0x000001f2cdf51000 JavaThread "Stdin handler" [_thread_blocked, id=5720, stack(0x00000085d8f00000,0x00000085d9000000)]
  0x000001f2cd9e0000 JavaThread "Daemon client event forwarder" [_thread_blocked, id=12688, stack(0x00000085d9000000,0x00000085d9100000)]
  0x000001f2cd9dd800 JavaThread "Cache worker for journal cache (C:\Users\logonpflocal.FIAP\.gradle\caches\journal-1)" [_thread_blocked, id=9152, stack(0x00000085d9400000,0x00000085d9500000)]
  0x000001f2cd9de800 JavaThread "File lock request listener" [_thread_in_native, id=9000, stack(0x00000085d9500000,0x00000085d9600000)]
  0x000001f2cd9df000 JavaThread "Cache worker for file hash cache (C:\Users\logonpflocal.FIAP\.gradle\caches\7.3.3\fileHashes)" [_thread_blocked, id=2308, stack(0x00000085d9600000,0x00000085d9700000)]
  0x000001f2cd9e1000 JavaThread "Cache worker for file hash cache (C:\Users\logonpflocal.FIAP\Documents\AndroidNDAlunos\.gradle\7.3.3\fileHashes)" [_thread_blocked, id=10184, stack(0x00000085d9900000,0x00000085d9a00000)]
  0x000001f2cd9e1800 Thread [stack: 0x00000085d9a00000,0x00000085d9b00000] [id=11808]
  0x000001f2cd9dc000 Thread [stack: 0x00000085d9b00000,0x00000085d9c00000] [id=9716]
  0x000001f2cd9e2800 JavaThread "Cache worker for checksums cache (C:\Users\logonpflocal.FIAP\Documents\AndroidNDAlunos\.gradle\7.3.3\checksums)" [_thread_blocked, id=2232, stack(0x00000085d9c00000,0x00000085d9d00000)]
  0x000001f2cd9dc800 JavaThread "Cache worker for cache directory md-supplier (C:\Users\logonpflocal.FIAP\.gradle\caches\7.3.3\md-supplier)" [_thread_blocked, id=8272, stack(0x00000085d9d00000,0x00000085d9e00000)]
  0x000001f2cfa06800 JavaThread "Cache worker for cache directory md-rule (C:\Users\logonpflocal.FIAP\.gradle\caches\7.3.3\md-rule)" [_thread_blocked, id=5708, stack(0x00000085d9e00000,0x00000085d9f00000)]
  0x000001f2cfa08000 JavaThread "Cache worker for execution history cache (C:\Users\logonpflocal.FIAP\.gradle\caches\7.3.3\executionHistory)" [_thread_blocked, id=10804, stack(0x00000085d9f00000,0x00000085da000000)]
  0x000001f2cfa08800 JavaThread "jar transforms" [_thread_blocked, id=9920, stack(0x00000085da000000,0x00000085da100000)]
  0x000001f2cfa0d000 JavaThread "Cache worker for file content cache (C:\Users\logonpflocal.FIAP\.gradle\caches\7.3.3\fileContent)" [_thread_blocked, id=6600, stack(0x00000085da100000,0x00000085da200000)]
  0x000001f2cfa07000 JavaThread "jar transforms Thread 2" [_thread_blocked, id=4776, stack(0x00000085da200000,0x00000085da300000)]
  0x000001f2cfa09800 JavaThread "Cache worker for dependencies-accessors (C:\Users\logonpflocal.FIAP\Documents\AndroidNDAlunos\.gradle\7.3.3\dependencies-accessors)" [_thread_blocked, id=4324, stack(0x00000085da300000,0x00000085da400000)]
  0x000001f2cfa0b000 JavaThread "jar transforms Thread 3" [_thread_blocked, id=6792, stack(0x00000085da400000,0x00000085da500000)]
  0x000001f2d0419000 JavaThread "Cache worker for Build Output Cleanup Cache (C:\Users\logonpflocal.FIAP\Documents\AndroidNDAlunos\.gradle\buildOutputCleanup)" [_thread_blocked, id=2904, stack(0x00000085da500000,0x00000085da600000)]
  0x000001f2d041c800 JavaThread "Unconstrained build operations" [_thread_blocked, id=9032, stack(0x00000085da600000,0x00000085da700000)]
  0x000001f2d0418800 JavaThread "Unconstrained build operations Thread 2" [_thread_blocked, id=2340, stack(0x00000085da700000,0x00000085da800000)]
  0x000001f2d041a000 JavaThread "Unconstrained build operations Thread 3" [_thread_blocked, id=5932, stack(0x00000085da800000,0x00000085da900000)]
  0x000001f2d041a800 JavaThread "Unconstrained build operations Thread 4" [_thread_blocked, id=13260, stack(0x00000085da900000,0x00000085daa00000)]
  0x000001f2d041d000 JavaThread "Unconstrained build operations Thread 5" [_thread_blocked, id=9392, stack(0x00000085daa00000,0x00000085dab00000)]
  0x000001f2d041e000 JavaThread "Unconstrained build operations Thread 6" [_thread_blocked, id=5716, stack(0x00000085dab00000,0x00000085dac00000)]
  0x000001f2d041f000 JavaThread "Unconstrained build operations Thread 7" [_thread_blocked, id=12852, stack(0x00000085dac00000,0x00000085dad00000)]
  0x000001f2d041f800 JavaThread "Unconstrained build operations Thread 8" [_thread_blocked, id=9960, stack(0x00000085dad00000,0x00000085dae00000)]
  0x000001f2d041b800 JavaThread "Unconstrained build operations Thread 9" [_thread_blocked, id=9664, stack(0x00000085dae00000,0x00000085daf00000)]
  0x000001f2d0423800 JavaThread "Unconstrained build operations Thread 10" [_thread_blocked, id=8236, stack(0x00000085daf00000,0x00000085db000000)]
  0x000001f2d0425800 JavaThread "Unconstrained build operations Thread 11" [_thread_blocked, id=1392, stack(0x00000085db000000,0x00000085db100000)]
  0x000001f2d0423000 JavaThread "Unconstrained build operations Thread 12" [_thread_blocked, id=10692, stack(0x00000085db100000,0x00000085db200000)]
  0x000001f2d0424800 JavaThread "Unconstrained build operations Thread 13" [_thread_blocked, id=2824, stack(0x00000085db200000,0x00000085db300000)]
  0x000001f2d0426000 JavaThread "Unconstrained build operations Thread 14" [_thread_blocked, id=9260, stack(0x00000085db300000,0x00000085db400000)]
  0x000001f2d0422000 JavaThread "Unconstrained build operations Thread 15" [_thread_blocked, id=3496, stack(0x00000085db400000,0x00000085db500000)]
  0x000001f2d0420800 JavaThread "Unconstrained build operations Thread 16" [_thread_blocked, id=1100, stack(0x00000085db500000,0x00000085db600000)]
  0x000001f2d0427000 JavaThread "Unconstrained build operations Thread 17" [_thread_blocked, id=13236, stack(0x00000085db600000,0x00000085db700000)]
  0x000001f2d0421800 JavaThread "Unconstrained build operations Thread 18" [_thread_blocked, id=12864, stack(0x00000085db700000,0x00000085db800000)]
  0x000001f2cc7e3000 JavaThread "Unconstrained build operations Thread 19" [_thread_blocked, id=12596, stack(0x00000085db800000,0x00000085db900000)]
  0x000001f2cc7e0800 JavaThread "Unconstrained build operations Thread 20" [_thread_blocked, id=6968, stack(0x00000085db900000,0x00000085dba00000)]
  0x000001f2cc7e5800 JavaThread "Unconstrained build operations Thread 21" [_thread_blocked, id=10824, stack(0x00000085dba00000,0x00000085dbb00000)]
  0x000001f2cc7e1800 JavaThread "Unconstrained build operations Thread 22" [_thread_blocked, id=6348, stack(0x00000085dbb00000,0x00000085dbc00000)]
  0x000001f2cc7e4000 JavaThread "Unconstrained build operations Thread 23" [_thread_blocked, id=5420, stack(0x00000085dbc00000,0x00000085dbd00000)]
  0x000001f2cc7e7000 JavaThread "Unconstrained build operations Thread 24" [_thread_blocked, id=2444, stack(0x00000085dbd00000,0x00000085dbe00000)]
  0x000001f2cc7e2000 JavaThread "Unconstrained build operations Thread 25" [_thread_blocked, id=4564, stack(0x00000085dbe00000,0x00000085dbf00000)]
  0x000001f2cc7e6800 JavaThread "Unconstrained build operations Thread 26" [_thread_blocked, id=12456, stack(0x00000085dbf00000,0x00000085dc000000)]
  0x000001f2cc7e8000 JavaThread "Unconstrained build operations Thread 27" [_thread_blocked, id=1180, stack(0x00000085dc000000,0x00000085dc100000)]
  0x000001f2cc7e9000 JavaThread "Unconstrained build operations Thread 28" [_thread_blocked, id=9168, stack(0x00000085dc100000,0x00000085dc200000)]
  0x000001f2cc7e4800 JavaThread "Unconstrained build operations Thread 29" [_thread_blocked, id=2572, stack(0x00000085dc200000,0x00000085dc300000)]
  0x000001f2cc7ec000 JavaThread "Unconstrained build operations Thread 30" [_thread_blocked, id=11796, stack(0x00000085dc300000,0x00000085dc400000)]
  0x000001f2cc7e9800 JavaThread "Unconstrained build operations Thread 31" [_thread_blocked, id=12036, stack(0x00000085dc400000,0x00000085dc500000)]
  0x000001f2cc7ed000 JavaThread "Unconstrained build operations Thread 32" [_thread_blocked, id=8088, stack(0x00000085dc500000,0x00000085dc600000)]
  0x000001f2cc7ea800 JavaThread "Unconstrained build operations Thread 33" [_thread_blocked, id=7892, stack(0x00000085dc600000,0x00000085dc700000)]
  0x000001f2cc7ee800 JavaThread "Unconstrained build operations Thread 34" [_thread_blocked, id=9276, stack(0x00000085dc700000,0x00000085dc800000)]
  0x000001f2cc7ed800 JavaThread "Unconstrained build operations Thread 35" [_thread_blocked, id=10732, stack(0x00000085dc800000,0x00000085dc900000)]
  0x000001f2cc7ef800 JavaThread "Unconstrained build operations Thread 36" [_thread_blocked, id=8320, stack(0x00000085dc900000,0x00000085dca00000)]
  0x000001f2cc7eb000 JavaThread "Unconstrained build operations Thread 37" [_thread_blocked, id=720, stack(0x00000085dca00000,0x00000085dcb00000)]
  0x000001f2cccf7800 JavaThread "Unconstrained build operations Thread 38" [_thread_blocked, id=252, stack(0x00000085dcb00000,0x00000085dcc00000)]
  0x000001f2cccfa800 JavaThread "Unconstrained build operations Thread 39" [_thread_blocked, id=640, stack(0x00000085dcc00000,0x00000085dcd00000)]
  0x000001f2cccf6000 JavaThread "Unconstrained build operations Thread 40" [_thread_blocked, id=68, stack(0x00000085dcd00000,0x00000085dce00000)]
  0x000001f2cccf5000 JavaThread "Unconstrained build operations Thread 41" [_thread_blocked, id=476, stack(0x00000085dce00000,0x00000085dcf00000)]
  0x000001f2cccfb800 JavaThread "Unconstrained build operations Thread 42" [_thread_blocked, id=480, stack(0x00000085dcf00000,0x00000085dd000000)]
  0x000001f2cccfa000 JavaThread "Unconstrained build operations Thread 43" [_thread_blocked, id=1304, stack(0x00000085dd000000,0x00000085dd100000)]
  0x000001f2cccfc800 JavaThread "Unconstrained build operations Thread 44" [_thread_blocked, id=8892, stack(0x00000085dd100000,0x00000085dd200000)]
  0x000001f2cccf6800 JavaThread "Unconstrained build operations Thread 45" [_thread_blocked, id=1616, stack(0x00000085dd200000,0x00000085dd300000)]
  0x000001f2cccfd000 JavaThread "Unconstrained build operations Thread 46" [_thread_blocked, id=9668, stack(0x00000085dd300000,0x00000085dd400000)]
  0x000001f2cccf8800 JavaThread "Unconstrained build operations Thread 47" [_thread_blocked, id=9072, stack(0x00000085dd400000,0x00000085dd500000)]
  0x000001f2cccff000 JavaThread "Unconstrained build operations Thread 48" [_thread_blocked, id=9228, stack(0x00000085dd500000,0x00000085dd600000)]
  0x000001f2cccfe000 JavaThread "Unconstrained build operations Thread 49" [_thread_blocked, id=9236, stack(0x00000085dd600000,0x00000085dd700000)]
  0x000001f2cccf9000 JavaThread "Unconstrained build operations Thread 50" [_thread_blocked, id=9288, stack(0x00000085dd700000,0x00000085dd800000)]
  0x000001f2cccff800 JavaThread "Unconstrained build operations Thread 51" [_thread_blocked, id=2344, stack(0x00000085dd800000,0x00000085dd900000)]
  0x000001f2ccd01800 JavaThread "Unconstrained build operations Thread 52" [_thread_blocked, id=8772, stack(0x00000085dd900000,0x00000085dda00000)]
  0x000001f2ccd00800 JavaThread "Unconstrained build operations Thread 53" [_thread_blocked, id=10164, stack(0x00000085dda00000,0x00000085ddb00000)]
  0x000001f2ccd02000 JavaThread "Unconstrained build operations Thread 54" [_thread_blocked, id=12740, stack(0x00000085ddb00000,0x00000085ddc00000)]
  0x000001f2ccd03000 JavaThread "Unconstrained build operations Thread 55" [_thread_blocked, id=11800, stack(0x00000085ddc00000,0x00000085ddd00000)]
  0x000001f2ccd03800 JavaThread "Unconstrained build operations Thread 56" [_thread_blocked, id=11540, stack(0x00000085ddd00000,0x00000085dde00000)]
  0x000001f2cbf4a000 JavaThread "Unconstrained build operations Thread 57" [_thread_blocked, id=11552, stack(0x00000085dde00000,0x00000085ddf00000)]
  0x000001f2cbf4b000 JavaThread "Unconstrained build operations Thread 58" [_thread_blocked, id=2236, stack(0x00000085ddf00000,0x00000085de000000)]
  0x000001f2cbf46000 JavaThread "Unconstrained build operations Thread 59" [_thread_blocked, id=9540, stack(0x00000085de000000,0x00000085de100000)]
  0x000001f2cbf4b800 JavaThread "Unconstrained build operations Thread 60" [_thread_blocked, id=12856, stack(0x00000085de100000,0x00000085de200000)]
  0x000001f2cbf4c800 JavaThread "jar transforms Thread 4" [_thread_blocked, id=4076, stack(0x00000085de200000,0x00000085de300000)]
  0x000001f2cbf48800 JavaThread "jar transforms Thread 5" [_thread_blocked, id=13228, stack(0x00000085de300000,0x00000085de400000)]
  0x000001f2cbf46800 JavaThread "jar transforms Thread 6" [_thread_blocked, id=11460, stack(0x00000085de400000,0x00000085de500000)]
  0x000001f2cbf4d800 JavaThread "Memory manager" [_thread_blocked, id=6316, stack(0x00000085de500000,0x00000085de600000)]
  0x000001f2cbf47800 JavaThread "build event listener" [_thread_blocked, id=1652, stack(0x00000085de600000,0x00000085de700000)]
  0x000001f2cbf4f000 JavaThread "build event listener" [_thread_blocked, id=4708, stack(0x00000085de700000,0x00000085de800000)]
  0x000001f2cbf49000 JavaThread "Execution worker for ':'" [_thread_blocked, id=10208, stack(0x00000085de800000,0x00000085de900000)]
  0x000001f2cbf54000 JavaThread "Execution worker for ':' Thread 2" [_thread_blocked, id=11736, stack(0x00000085de900000,0x00000085dea00000)]
  0x000001f2cbf54800 JavaThread "Execution worker for ':' Thread 3" [_thread_in_Java, id=2536, stack(0x00000085dea00000,0x00000085deb00000)]
  0x000001f2cbf51800 JavaThread "Execution worker for ':' Thread 4" [_thread_blocked, id=5804, stack(0x00000085deb00000,0x00000085dec00000)]
  0x000001f2cbf52000 JavaThread "Execution worker for ':' Thread 5" [_thread_blocked, id=5636, stack(0x00000085dec00000,0x00000085ded00000)]
  0x000001f2cbf53000 JavaThread "Cache worker for execution history cache (C:\Users\logonpflocal.FIAP\Documents\AndroidNDAlunos\.gradle\7.3.3\executionHistory)" [_thread_blocked, id=11732, stack(0x00000085ded00000,0x00000085dee00000)]
  0x000001f2cbf50800 JavaThread "WorkerExecutor Queue" [_thread_blocked, id=6544, stack(0x00000085dee00000,0x00000085def00000)]
  0x000001f2cbf4f800 JavaThread "WorkerExecutor Queue Thread 2" [_thread_blocked, id=8784, stack(0x00000085def00000,0x00000085df000000)]
  0x000001f2cf762800 JavaThread "WorkerExecutor Queue Thread 5" [_thread_blocked, id=9256, stack(0x00000085df200000,0x00000085df300000)]
  0x000001f2cf763800 JavaThread "WorkerExecutor Queue Thread 6" [_thread_blocked, id=12656, stack(0x00000085df300000,0x00000085df400000)]
  0x000001f2cf764800 JavaThread "WorkerExecutor Queue Thread 7" [_thread_blocked, id=8412, stack(0x00000085df000000,0x00000085df100000)]
  0x000001f2cf765000 JavaThread "WorkerExecutor Queue Thread 8" [_thread_blocked, id=5308, stack(0x00000085df100000,0x00000085df200000)]
  0x000001f2cf761000 JavaThread "pool-3-thread-1" [_thread_blocked, id=7636, stack(0x00000085df400000,0x00000085df500000)]
  0x000001f2cf766000 JavaThread "stderr" [_thread_in_native, id=12764, stack(0x00000085df500000,0x00000085df600000)]
  0x000001f2cf760800 JavaThread "stdout" [_thread_in_native, id=11500, stack(0x00000085df600000,0x00000085df700000)]
  0x000001f2cf767800 JavaThread "RMI Scheduler(0)" daemon [_thread_blocked, id=9376, stack(0x00000085df900000,0x00000085dfa00000)]
  0x000001f2cf767000 JavaThread "RMI RenewClean-[127.0.0.1:17817,org.jetbrains.kotlin.daemon.common.LoopbackNetworkInterface$ClientLoopbackSocketFactory@22de4a08]" daemon [_thread_blocked, id=12836, stack(0x00000085dfa00000,0x00000085dfb00000)]
  0x000001f2cf762000 JavaThread "RMI GC Daemon" daemon [_thread_blocked, id=12652, stack(0x00000085dfb00000,0x00000085dfc00000)]
  0x000001f2cf76e000 JavaThread "RMI TCP Accept-0" daemon [_thread_in_native, id=7780, stack(0x00000085dfc00000,0x00000085dfd00000)]
  0x000001f2cf768800 JavaThread "RMI Reaper" [_thread_blocked, id=1776, stack(0x00000085dfd00000,0x00000085dfe00000)]
  0x000001f2cf76d800 JavaThread "RMI TCP Connection(1)-127.0.0.1" daemon [_thread_in_native, id=6548, stack(0x00000085dfe00000,0x00000085dff00000)]

Other Threads:
  0x000001f2cb0fa000 VMThread "VM Thread" [stack: 0x00000085d7a00000,0x00000085d7b00000] [id=7180]
  0x000001f2cbc31800 WatcherThread [stack: 0x00000085d8400000,0x00000085d8500000] [id=6136]
  0x000001f2af129000 GCTaskThread "GC Thread#0" [stack: 0x00000085d7500000,0x00000085d7600000] [id=5048]
  0x000001f2cc349800 GCTaskThread "GC Thread#1" [stack: 0x00000085d8600000,0x00000085d8700000] [id=11272]
  0x000001f2cc4b8800 GCTaskThread "GC Thread#2" [stack: 0x00000085d8700000,0x00000085d8800000] [id=6388]
  0x000001f2cca00800 GCTaskThread "GC Thread#3" [stack: 0x00000085d9100000,0x00000085d9200000] [id=2276]
  0x000001f2cd918800 GCTaskThread "GC Thread#4" [stack: 0x00000085d9200000,0x00000085d9300000] [id=13020]
  0x000001f2cd593800 GCTaskThread "GC Thread#5" [stack: 0x00000085d9300000,0x00000085d9400000] [id=9820]
  0x000001f2af15c000 ConcurrentGCThread "G1 Main Marker" [stack: 0x00000085d7600000,0x00000085d7700000] [id=10168]
  0x000001f2af15d800 ConcurrentGCThread "G1 Conc#0" [stack: 0x00000085d7700000,0x00000085d7800000] [id=2284]
  0x000001f2cd91d800 ConcurrentGCThread "G1 Conc#1" [stack: 0x00000085d9700000,0x00000085d9800000] [id=2440]
  0x000001f2caf50800 ConcurrentGCThread "G1 Refine#0" [stack: 0x00000085d7800000,0x00000085d7900000] [id=11872]
  0x000001f2cdcd9000 ConcurrentGCThread "G1 Refine#1" [stack: 0x00000085d9800000,0x00000085d9900000] [id=6764]
  0x000001f2caf51800 ConcurrentGCThread "G1 Young RemSet Sampling" [stack: 0x00000085d7900000,0x00000085d7a00000] [id=12932]

Threads with active compile tasks:
C2 CompilerThread0  58593 14772       4       org.objectweb.asm.SymbolTable::addConstant (330 bytes)
C1 CompilerThread0  58593 14771       3       org.objectweb.asm.ClassReader::readCode (5109 bytes)

VM state:not at safepoint (normal execution)

VM Mutex/Monitor currently owned by a thread: None

Heap address: 0x0000000080000000, size: 2048 MB, Compressed Oops mode: 32-bit
Narrow klass base: 0x0000000000000000, Narrow klass shift: 3
Compressed class space size: 1073741824 Address: 0x0000000100000000

Heap:
 garbage-first heap   total 189440K, used 135191K [0x0000000080000000, 0x0000000100000000)
  region size 1024K, 39 young (39936K), 5 survivors (5120K)
 Metaspace       used 109325K, capacity 111718K, committed 111916K, reserved 1146880K
  class space    used 13780K, capacity 14683K, committed 14720K, reserved 1048576K
Heap Regions: E=young(eden), S=young(survivor), O=old, HS=humongous(starts), HC=humongous(continues), CS=collection set, F=free, A=archive, TAMS=top-at-mark-start (previous, next)
|   0|0x0000000080000000, 0x0000000080100000, 0x0000000080100000|100%| O|  |TAMS 0x0000000080100000, 0x0000000080000000| Untracked 
|   1|0x0000000080100000, 0x0000000080200000, 0x0000000080200000|100%| O|  |TAMS 0x0000000080200000, 0x0000000080100000| Untracked 
|   2|0x0000000080200000, 0x0000000080300000, 0x0000000080300000|100%| O|  |TAMS 0x0000000080300000, 0x0000000080200000| Untracked 
|   3|0x0000000080300000, 0x0000000080400000, 0x0000000080400000|100%|HS|  |TAMS 0x0000000080400000, 0x0000000080300000| Complete 
|   4|0x0000000080400000, 0x0000000080500000, 0x0000000080500000|100%|HC|  |TAMS 0x0000000080500000, 0x0000000080400000| Complete 
|   5|0x0000000080500000, 0x0000000080600000, 0x0000000080600000|100%|HC|  |TAMS 0x0000000080600000, 0x0000000080500000| Complete 
|   6|0x0000000080600000, 0x0000000080700000, 0x0000000080700000|100%| O|  |TAMS 0x0000000080700000, 0x0000000080600000| Untracked 
|   7|0x0000000080700000, 0x0000000080800000, 0x0000000080800000|100%| O|  |TAMS 0x0000000080800000, 0x0000000080700000| Untracked 
|   8|0x0000000080800000, 0x0000000080900000, 0x0000000080900000|100%| O|  |TAMS 0x0000000080900000, 0x0000000080800000| Untracked 
|   9|0x0000000080900000, 0x0000000080a00000, 0x0000000080a00000|100%| O|  |TAMS 0x0000000080a00000, 0x0000000080900000| Untracked 
|  10|0x0000000080a00000, 0x0000000080b00000, 0x0000000080b00000|100%| O|  |TAMS 0x0000000080b00000, 0x0000000080a00000| Untracked 
|  11|0x0000000080b00000, 0x0000000080c00000, 0x0000000080c00000|100%| O|  |TAMS 0x0000000080c00000, 0x0000000080b00000| Untracked 
|  12|0x0000000080c00000, 0x0000000080d00000, 0x0000000080d00000|100%| O|  |TAMS 0x0000000080d00000, 0x0000000080c00000| Untracked 
|  13|0x0000000080d00000, 0x0000000080e00000, 0x0000000080e00000|100%| O|  |TAMS 0x0000000080e00000, 0x0000000080d00000| Untracked 
|  14|0x0000000080e00000, 0x0000000080f00000, 0x0000000080f00000|100%| O|  |TAMS 0x0000000080f00000, 0x0000000080e00000| Untracked 
|  15|0x0000000080f00000, 0x0000000081000000, 0x0000000081000000|100%| O|  |TAMS 0x0000000081000000, 0x0000000080f00000| Untracked 
|  16|0x0000000081000000, 0x0000000081100000, 0x0000000081100000|100%|HS|  |TAMS 0x0000000081100000, 0x0000000081000000| Complete 
|  17|0x0000000081100000, 0x0000000081200000, 0x0000000081200000|100%| O|  |TAMS 0x0000000081200000, 0x0000000081100000| Untracked 
|  18|0x0000000081200000, 0x0000000081300000, 0x0000000081300000|100%| O|  |TAMS 0x0000000081300000, 0x0000000081200000| Untracked 
|  19|0x0000000081300000, 0x0000000081400000, 0x0000000081400000|100%| O|  |TAMS 0x0000000081400000, 0x0000000081300000| Untracked 
|  20|0x0000000081400000, 0x0000000081500000, 0x0000000081500000|100%| O|  |TAMS 0x0000000081500000, 0x0000000081400000| Untracked 
|  21|0x0000000081500000, 0x0000000081600000, 0x0000000081600000|100%| O|  |TAMS 0x0000000081600000, 0x0000000081500000| Untracked 
|  22|0x0000000081600000, 0x0000000081700000, 0x0000000081700000|100%| O|  |TAMS 0x0000000081700000, 0x0000000081600000| Untracked 
|  23|0x0000000081700000, 0x0000000081800000, 0x0000000081800000|100%| O|  |TAMS 0x0000000081800000, 0x0000000081700000| Untracked 
|  24|0x0000000081800000, 0x0000000081900000, 0x0000000081900000|100%| O|  |TAMS 0x0000000081900000, 0x0000000081800000| Untracked 
|  25|0x0000000081900000, 0x0000000081a00000, 0x0000000081a00000|100%| O|  |TAMS 0x0000000081a00000, 0x0000000081900000| Untracked 
|  26|0x0000000081a00000, 0x0000000081b00000, 0x0000000081b00000|100%| O|  |TAMS 0x0000000081b00000, 0x0000000081a00000| Untracked 
|  27|0x0000000081b00000, 0x0000000081c00000, 0x0000000081c00000|100%| O|  |TAMS 0x0000000081c00000, 0x0000000081b00000| Untracked 
|  28|0x0000000081c00000, 0x0000000081d00000, 0x0000000081d00000|100%|HS|  |TAMS 0x0000000081d00000, 0x0000000081c00000| Complete 
|  29|0x0000000081d00000, 0x0000000081e00000, 0x0000000081e00000|100%|HS|  |TAMS 0x0000000081e00000, 0x0000000081d00000| Complete 
|  30|0x0000000081e00000, 0x0000000081f00000, 0x0000000081f00000|100%|HS|  |TAMS 0x0000000081f00000, 0x0000000081e00000| Complete 
|  31|0x0000000081f00000, 0x0000000082000000, 0x0000000082000000|100%|HC|  |TAMS 0x0000000082000000, 0x0000000081f00000| Complete 
|  32|0x0000000082000000, 0x0000000082100000, 0x0000000082100000|100%|HC|  |TAMS 0x0000000082100000, 0x0000000082000000| Complete 
|  33|0x0000000082100000, 0x0000000082200000, 0x0000000082200000|100%|HS|  |TAMS 0x0000000082200000, 0x0000000082100000| Complete 
|  34|0x0000000082200000, 0x0000000082300000, 0x0000000082300000|100%|HC|  |TAMS 0x0000000082300000, 0x0000000082200000| Complete 
|  35|0x0000000082300000, 0x0000000082400000, 0x0000000082400000|100%| O|  |TAMS 0x0000000082400000, 0x0000000082300000| Untracked 
|  36|0x0000000082400000, 0x0000000082500000, 0x0000000082500000|100%| O|  |TAMS 0x0000000082500000, 0x0000000082400000| Untracked 
|  37|0x0000000082500000, 0x0000000082600000, 0x0000000082600000|100%| O|  |TAMS 0x0000000082600000, 0x0000000082500000| Untracked 
|  38|0x0000000082600000, 0x0000000082700000, 0x0000000082700000|100%| O|  |TAMS 0x0000000082700000, 0x0000000082600000| Untracked 
|  39|0x0000000082700000, 0x0000000082800000, 0x0000000082800000|100%| O|  |TAMS 0x0000000082800000, 0x0000000082700000| Untracked 
|  40|0x0000000082800000, 0x0000000082900000, 0x0000000082900000|100%| O|  |TAMS 0x0000000082900000, 0x0000000082800000| Untracked 
|  41|0x0000000082900000, 0x0000000082a00000, 0x0000000082a00000|100%| O|  |TAMS 0x0000000082a00000, 0x0000000082900000| Untracked 
|  42|0x0000000082a00000, 0x0000000082b00000, 0x0000000082b00000|100%| O|  |TAMS 0x0000000082b00000, 0x0000000082a00000| Untracked 
|  43|0x0000000082b00000, 0x0000000082c00000, 0x0000000082c00000|100%| O|  |TAMS 0x0000000082c00000, 0x0000000082b00000| Untracked 
|  44|0x0000000082c00000, 0x0000000082d00000, 0x0000000082d00000|100%| O|  |TAMS 0x0000000082d00000, 0x0000000082c00000| Untracked 
|  45|0x0000000082d00000, 0x0000000082e00000, 0x0000000082e00000|100%| O|  |TAMS 0x0000000082e00000, 0x0000000082d00000| Untracked 
|  46|0x0000000082e00000, 0x0000000082f00000, 0x0000000082f00000|100%| O|  |TAMS 0x0000000082f00000, 0x0000000082e00000| Untracked 
|  47|0x0000000082f00000, 0x0000000083000000, 0x0000000083000000|100%| O|  |TAMS 0x0000000083000000, 0x0000000082f00000| Untracked 
|  48|0x0000000083000000, 0x0000000083100000, 0x0000000083100000|100%| O|  |TAMS 0x0000000083100000, 0x0000000083000000| Untracked 
|  49|0x0000000083100000, 0x0000000083200000, 0x0000000083200000|100%| O|  |TAMS 0x0000000083200000, 0x0000000083100000| Untracked 
|  50|0x0000000083200000, 0x0000000083300000, 0x0000000083300000|100%| O|  |TAMS 0x0000000083300000, 0x0000000083200000| Untracked 
|  51|0x0000000083300000, 0x0000000083400000, 0x0000000083400000|100%| O|  |TAMS 0x0000000083400000, 0x0000000083300000| Untracked 
|  52|0x0000000083400000, 0x0000000083500000, 0x0000000083500000|100%| O|  |TAMS 0x0000000083500000, 0x0000000083400000| Untracked 
|  53|0x0000000083500000, 0x0000000083600000, 0x0000000083600000|100%| O|  |TAMS 0x0000000083600000, 0x0000000083500000| Untracked 
|  54|0x0000000083600000, 0x0000000083700000, 0x0000000083700000|100%| O|  |TAMS 0x0000000083700000, 0x0000000083600000| Untracked 
|  55|0x0000000083700000, 0x0000000083800000, 0x0000000083800000|100%| O|  |TAMS 0x0000000083800000, 0x0000000083700000| Untracked 
|  56|0x0000000083800000, 0x0000000083900000, 0x0000000083900000|100%| O|  |TAMS 0x0000000083900000, 0x0000000083800000| Untracked 
|  57|0x0000000083900000, 0x0000000083a00000, 0x0000000083a00000|100%| O|  |TAMS 0x0000000083a00000, 0x0000000083900000| Untracked 
|  58|0x0000000083a00000, 0x0000000083b00000, 0x0000000083b00000|100%| O|  |TAMS 0x0000000083b00000, 0x0000000083a00000| Untracked 
|  59|0x0000000083b00000, 0x0000000083c00000, 0x0000000083c00000|100%| O|  |TAMS 0x0000000083c00000, 0x0000000083b00000| Untracked 
|  60|0x0000000083c00000, 0x0000000083d00000, 0x0000000083d00000|100%| O|  |TAMS 0x0000000083d00000, 0x0000000083c00000| Untracked 
|  61|0x0000000083d00000, 0x0000000083e00000, 0x0000000083e00000|100%| O|  |TAMS 0x0000000083e00000, 0x0000000083d00000| Untracked 
|  62|0x0000000083e00000, 0x0000000083f00000, 0x0000000083f00000|100%| O|  |TAMS 0x0000000083f00000, 0x0000000083e00000| Untracked 
|  63|0x0000000083f00000, 0x0000000084000000, 0x0000000084000000|100%| O|  |TAMS 0x0000000084000000, 0x0000000083f00000| Untracked 
|  64|0x0000000084000000, 0x0000000084100000, 0x0000000084100000|100%| O|  |TAMS 0x0000000084100000, 0x0000000084000000| Untracked 
|  65|0x0000000084100000, 0x0000000084200000, 0x0000000084200000|100%| O|  |TAMS 0x0000000084200000, 0x0000000084100000| Untracked 
|  66|0x0000000084200000, 0x0000000084300000, 0x0000000084300000|100%| O|  |TAMS 0x0000000084300000, 0x0000000084200000| Untracked 
|  67|0x0000000084300000, 0x0000000084400000, 0x0000000084400000|100%| O|  |TAMS 0x0000000084400000, 0x0000000084300000| Untracked 
|  68|0x0000000084400000, 0x0000000084500000, 0x0000000084500000|100%| O|  |TAMS 0x0000000084500000, 0x0000000084400000| Untracked 
|  69|0x0000000084500000, 0x0000000084600000, 0x0000000084600000|100%| O|  |TAMS 0x0000000084600000, 0x0000000084500000| Untracked 
|  70|0x0000000084600000, 0x0000000084700000, 0x0000000084700000|100%| O|  |TAMS 0x0000000084700000, 0x0000000084600000| Untracked 
|  71|0x0000000084700000, 0x0000000084800000, 0x0000000084800000|100%| O|  |TAMS 0x0000000084800000, 0x0000000084700000| Untracked 
|  72|0x0000000084800000, 0x0000000084900000, 0x0000000084900000|100%| O|  |TAMS 0x0000000084900000, 0x0000000084800000| Untracked 
|  73|0x0000000084900000, 0x0000000084a00000, 0x0000000084a00000|100%| O|  |TAMS 0x0000000084a00000, 0x0000000084900000| Untracked 
|  74|0x0000000084a00000, 0x0000000084b00000, 0x0000000084b00000|100%| O|  |TAMS 0x0000000084b00000, 0x0000000084a00000| Untracked 
|  75|0x0000000084b00000, 0x0000000084c00000, 0x0000000084c00000|100%| O|  |TAMS 0x0000000084b00000, 0x0000000084b00000| Untracked 
|  76|0x0000000084c00000, 0x0000000084d00000, 0x0000000084d00000|100%| O|  |TAMS 0x0000000084d00000, 0x0000000084c00000| Untracked 
|  77|0x0000000084d00000, 0x0000000084e00000, 0x0000000084e00000|100%| O|  |TAMS 0x0000000084e00000, 0x0000000084d00000| Untracked 
|  78|0x0000000084e00000, 0x0000000084f00000, 0x0000000084f00000|100%| O|  |TAMS 0x0000000084f00000, 0x0000000084e00000| Untracked 
|  79|0x0000000084f00000, 0x0000000085000000, 0x0000000085000000|100%| O|  |TAMS 0x0000000085000000, 0x0000000084f00000| Untracked 
|  80|0x0000000085000000, 0x0000000085100000, 0x0000000085100000|100%| O|  |TAMS 0x0000000085100000, 0x0000000085000000| Untracked 
|  81|0x0000000085100000, 0x0000000085200000, 0x0000000085200000|100%| O|  |TAMS 0x0000000085129e00, 0x0000000085100000| Untracked 
|  82|0x0000000085200000, 0x0000000085300000, 0x0000000085300000|100%| O|  |TAMS 0x0000000085200000, 0x0000000085200000| Untracked 
|  83|0x0000000085300000, 0x0000000085400000, 0x0000000085400000|100%| O|  |TAMS 0x0000000085400000, 0x0000000085300000| Untracked 
|  84|0x0000000085400000, 0x0000000085500000, 0x0000000085500000|100%| O|  |TAMS 0x0000000085400000, 0x0000000085400000| Untracked 
|  85|0x0000000085500000, 0x0000000085600000, 0x0000000085600000|100%| O|  |TAMS 0x0000000085600000, 0x0000000085500000| Untracked 
|  86|0x0000000085600000, 0x0000000085700000, 0x0000000085700000|100%| O|  |TAMS 0x0000000085600000, 0x0000000085600000| Untracked 
|  87|0x0000000085700000, 0x0000000085800000, 0x0000000085800000|100%| O|  |TAMS 0x0000000085700000, 0x0000000085700000| Untracked 
|  88|0x0000000085800000, 0x0000000085900000, 0x0000000085900000|100%| O|  |TAMS 0x0000000085900000, 0x0000000085800000| Untracked 
|  89|0x0000000085900000, 0x0000000085a00000, 0x0000000085a00000|100%| O|  |TAMS 0x0000000085a00000, 0x0000000085900000| Untracked 
|  90|0x0000000085a00000, 0x0000000085b00000, 0x0000000085b00000|100%| O|  |TAMS 0x0000000085b00000, 0x0000000085a00000| Untracked 
|  91|0x0000000085b00000, 0x0000000085c00000, 0x0000000085c00000|100%| O|  |TAMS 0x0000000085c00000, 0x0000000085b00000| Untracked 
|  92|0x0000000085c00000, 0x0000000085d00000, 0x0000000085d00000|100%| O|  |TAMS 0x0000000085c00000, 0x0000000085c00000| Untracked 
|  93|0x0000000085d00000, 0x0000000085de3c00, 0x0000000085e00000| 88%| O|  |TAMS 0x0000000085d00000, 0x0000000085d00000| Untracked 
|  94|0x0000000085e00000, 0x0000000085f00000, 0x0000000085f00000|100%| O|  |TAMS 0x0000000085f00000, 0x0000000085e00000| Untracked 
|  95|0x0000000085f00000, 0x0000000085f00000, 0x0000000086000000|  0%| F|  |TAMS 0x0000000085f00000, 0x0000000085f00000| Untracked 
|  96|0x0000000086000000, 0x0000000086000000, 0x0000000086100000|  0%| F|  |TAMS 0x0000000086000000, 0x0000000086000000| Untracked 
|  97|0x0000000086100000, 0x0000000086100000, 0x0000000086200000|  0%| F|  |TAMS 0x0000000086100000, 0x0000000086100000| Untracked 
|  98|0x0000000086200000, 0x0000000086200000, 0x0000000086300000|  0%| F|  |TAMS 0x0000000086200000, 0x0000000086200000| Untracked 
|  99|0x0000000086300000, 0x0000000086300000, 0x0000000086400000|  0%| F|  |TAMS 0x0000000086300000, 0x0000000086300000| Untracked 
| 100|0x0000000086400000, 0x0000000086400000, 0x0000000086500000|  0%| F|  |TAMS 0x0000000086400000, 0x0000000086400000| Untracked 
| 101|0x0000000086500000, 0x0000000086500000, 0x0000000086600000|  0%| F|  |TAMS 0x0000000086500000, 0x0000000086500000| Untracked 
| 102|0x0000000086600000, 0x0000000086700000, 0x0000000086700000|100%| O|  |TAMS 0x0000000086700000, 0x0000000086600000| Untracked 
| 103|0x0000000086700000, 0x0000000086700000, 0x0000000086800000|  0%| F|  |TAMS 0x0000000086700000, 0x0000000086700000| Untracked 
| 104|0x0000000086800000, 0x0000000086800000, 0x0000000086900000|  0%| F|  |TAMS 0x0000000086800000, 0x0000000086800000| Untracked 
| 105|0x0000000086900000, 0x0000000086900000, 0x0000000086a00000|  0%| F|  |TAMS 0x0000000086900000, 0x0000000086900000| Untracked 
| 106|0x0000000086a00000, 0x0000000086a00000, 0x0000000086b00000|  0%| F|  |TAMS 0x0000000086a00000, 0x0000000086a00000| Untracked 
| 107|0x0000000086b00000, 0x0000000086b00000, 0x0000000086c00000|  0%| F|  |TAMS 0x0000000086b00000, 0x0000000086b00000| Untracked 
| 108|0x0000000086c00000, 0x0000000086c00000, 0x0000000086d00000|  0%| F|  |TAMS 0x0000000086c00000, 0x0000000086c00000| Untracked 
| 109|0x0000000086d00000, 0x0000000086d00000, 0x0000000086e00000|  0%| F|  |TAMS 0x0000000086d00000, 0x0000000086d00000| Untracked 
| 110|0x0000000086e00000, 0x0000000086e00000, 0x0000000086f00000|  0%| F|  |TAMS 0x0000000086e00000, 0x0000000086e00000| Untracked 
| 111|0x0000000086f00000, 0x0000000086f00000, 0x0000000087000000|  0%| F|  |TAMS 0x0000000086f00000, 0x0000000086f00000| Untracked 
| 112|0x0000000087000000, 0x0000000087000000, 0x0000000087100000|  0%| F|  |TAMS 0x0000000087000000, 0x0000000087000000| Untracked 
| 113|0x0000000087100000, 0x0000000087100000, 0x0000000087200000|  0%| F|  |TAMS 0x0000000087100000, 0x0000000087100000| Untracked 
| 114|0x0000000087200000, 0x0000000087200000, 0x0000000087300000|  0%| F|  |TAMS 0x0000000087200000, 0x0000000087200000| Untracked 
| 115|0x0000000087300000, 0x0000000087300000, 0x0000000087400000|  0%| F|  |TAMS 0x0000000087300000, 0x0000000087300000| Untracked 
| 116|0x0000000087400000, 0x0000000087400000, 0x0000000087500000|  0%| F|  |TAMS 0x0000000087400000, 0x0000000087400000| Untracked 
| 117|0x0000000087500000, 0x0000000087500000, 0x0000000087600000|  0%| F|  |TAMS 0x0000000087500000, 0x0000000087500000| Untracked 
| 118|0x0000000087600000, 0x0000000087600000, 0x0000000087700000|  0%| F|  |TAMS 0x0000000087600000, 0x0000000087600000| Untracked 
| 119|0x0000000087700000, 0x0000000087700000, 0x0000000087800000|  0%| F|  |TAMS 0x0000000087700000, 0x0000000087700000| Untracked 
| 120|0x0000000087800000, 0x0000000087800000, 0x0000000087900000|  0%| F|  |TAMS 0x0000000087800000, 0x0000000087800000| Untracked 
| 121|0x0000000087900000, 0x0000000087900000, 0x0000000087a00000|  0%| F|  |TAMS 0x0000000087900000, 0x0000000087900000| Untracked 
| 122|0x0000000087a00000, 0x0000000087a00000, 0x0000000087b00000|  0%| F|  |TAMS 0x0000000087a00000, 0x0000000087a00000| Untracked 
| 123|0x0000000087b00000, 0x0000000087b00000, 0x0000000087c00000|  0%| F|  |TAMS 0x0000000087b00000, 0x0000000087b00000| Untracked 
| 124|0x0000000087c00000, 0x0000000087c00000, 0x0000000087d00000|  0%| F|  |TAMS 0x0000000087c00000, 0x0000000087c00000| Untracked 
| 125|0x0000000087d00000, 0x0000000087d00000, 0x0000000087e00000|  0%| F|  |TAMS 0x0000000087d00000, 0x0000000087d00000| Untracked 
| 126|0x0000000087e00000, 0x0000000087e00000, 0x0000000087f00000|  0%| F|  |TAMS 0x0000000087e00000, 0x0000000087e00000| Untracked 
| 127|0x0000000087f00000, 0x0000000087f00000, 0x0000000088000000|  0%| F|  |TAMS 0x0000000087f00000, 0x0000000087f00000| Untracked 
| 128|0x0000000088000000, 0x0000000088000000, 0x0000000088100000|  0%| F|  |TAMS 0x0000000088000000, 0x0000000088000000| Untracked 
| 129|0x0000000088100000, 0x0000000088100000, 0x0000000088200000|  0%| F|  |TAMS 0x0000000088100000, 0x0000000088100000| Untracked 
| 130|0x0000000088200000, 0x0000000088200000, 0x0000000088300000|  0%| F|  |TAMS 0x0000000088200000, 0x0000000088200000| Untracked 
| 131|0x0000000088300000, 0x0000000088300000, 0x0000000088400000|  0%| F|  |TAMS 0x0000000088300000, 0x0000000088300000| Untracked 
| 132|0x0000000088400000, 0x0000000088400000, 0x0000000088500000|  0%| F|  |TAMS 0x0000000088400000, 0x0000000088400000| Untracked 
| 133|0x0000000088500000, 0x0000000088500000, 0x0000000088600000|  0%| F|  |TAMS 0x0000000088500000, 0x0000000088500000| Untracked 
| 134|0x0000000088600000, 0x0000000088600000, 0x0000000088700000|  0%| F|  |TAMS 0x0000000088600000, 0x0000000088600000| Untracked 
| 135|0x0000000088700000, 0x0000000088700000, 0x0000000088800000|  0%| F|  |TAMS 0x0000000088700000, 0x0000000088700000| Untracked 
| 136|0x0000000088800000, 0x0000000088822240, 0x0000000088900000| 13%| S|CS|TAMS 0x0000000088800000, 0x0000000088800000| Complete 
| 137|0x0000000088900000, 0x0000000088900000, 0x0000000088a00000|  0%| F|  |TAMS 0x0000000088900000, 0x0000000088900000| Untracked 
| 138|0x0000000088a00000, 0x0000000088a00000, 0x0000000088b00000|  0%| F|  |TAMS 0x0000000088a00000, 0x0000000088a00000| Untracked 
| 139|0x0000000088b00000, 0x0000000088c00000, 0x0000000088c00000|100%| S|CS|TAMS 0x0000000088b00000, 0x0000000088b00000| Complete 
| 140|0x0000000088c00000, 0x0000000088d00000, 0x0000000088d00000|100%| S|CS|TAMS 0x0000000088c00000, 0x0000000088c00000| Complete 
| 141|0x0000000088d00000, 0x0000000088e00000, 0x0000000088e00000|100%| S|CS|TAMS 0x0000000088d00000, 0x0000000088d00000| Complete 
| 142|0x0000000088e00000, 0x0000000088f00000, 0x0000000088f00000|100%| S|CS|TAMS 0x0000000088e00000, 0x0000000088e00000| Complete 
| 143|0x0000000088f00000, 0x0000000088f00000, 0x0000000089000000|  0%| F|  |TAMS 0x0000000088f00000, 0x0000000088f00000| Untracked 
| 144|0x0000000089000000, 0x0000000089000000, 0x0000000089100000|  0%| F|  |TAMS 0x0000000089000000, 0x0000000089000000| Untracked 
| 145|0x0000000089100000, 0x0000000089100000, 0x0000000089200000|  0%| F|  |TAMS 0x0000000089100000, 0x0000000089100000| Untracked 
| 146|0x0000000089200000, 0x0000000089200000, 0x0000000089300000|  0%| F|  |TAMS 0x0000000089200000, 0x0000000089200000| Untracked 
| 147|0x0000000089300000, 0x0000000089300000, 0x0000000089400000|  0%| F|  |TAMS 0x0000000089300000, 0x0000000089300000| Untracked 
| 148|0x0000000089400000, 0x0000000089400000, 0x0000000089500000|  0%| F|  |TAMS 0x0000000089400000, 0x0000000089400000| Untracked 
| 149|0x0000000089500000, 0x0000000089500000, 0x0000000089600000|  0%| F|  |TAMS 0x0000000089500000, 0x0000000089500000| Untracked 
| 150|0x0000000089600000, 0x00000000896f4210, 0x0000000089700000| 95%| E|  |TAMS 0x0000000089600000, 0x0000000089600000| Complete 
| 151|0x0000000089700000, 0x0000000089800000, 0x0000000089800000|100%| E|CS|TAMS 0x0000000089700000, 0x0000000089700000| Complete 
| 152|0x0000000089800000, 0x0000000089900000, 0x0000000089900000|100%| E|CS|TAMS 0x0000000089800000, 0x0000000089800000| Complete 
| 153|0x0000000089900000, 0x0000000089a00000, 0x0000000089a00000|100%| E|CS|TAMS 0x0000000089900000, 0x0000000089900000| Complete 
| 154|0x0000000089a00000, 0x0000000089b00000, 0x0000000089b00000|100%| E|CS|TAMS 0x0000000089a00000, 0x0000000089a00000| Complete 
| 155|0x0000000089b00000, 0x0000000089c00000, 0x0000000089c00000|100%| E|CS|TAMS 0x0000000089b00000, 0x0000000089b00000| Complete 
| 156|0x0000000089c00000, 0x0000000089d00000, 0x0000000089d00000|100%| E|CS|TAMS 0x0000000089c00000, 0x0000000089c00000| Complete 
| 157|0x0000000089d00000, 0x0000000089e00000, 0x0000000089e00000|100%| E|CS|TAMS 0x0000000089d00000, 0x0000000089d00000| Complete 
| 158|0x0000000089e00000, 0x0000000089f00000, 0x0000000089f00000|100%| E|CS|TAMS 0x0000000089e00000, 0x0000000089e00000| Complete 
| 159|0x0000000089f00000, 0x000000008a000000, 0x000000008a000000|100%| E|CS|TAMS 0x0000000089f00000, 0x0000000089f00000| Complete 
| 160|0x000000008a000000, 0x000000008a100000, 0x000000008a100000|100%| E|CS|TAMS 0x000000008a000000, 0x000000008a000000| Complete 
| 161|0x000000008a100000, 0x000000008a200000, 0x000000008a200000|100%| E|CS|TAMS 0x000000008a100000, 0x000000008a100000| Complete 
| 162|0x000000008a200000, 0x000000008a300000, 0x000000008a300000|100%| E|CS|TAMS 0x000000008a200000, 0x000000008a200000| Complete 
| 163|0x000000008a300000, 0x000000008a400000, 0x000000008a400000|100%| E|CS|TAMS 0x000000008a300000, 0x000000008a300000| Complete 
| 164|0x000000008a400000, 0x000000008a500000, 0x000000008a500000|100%| E|CS|TAMS 0x000000008a400000, 0x000000008a400000| Complete 
| 165|0x000000008a500000, 0x000000008a600000, 0x000000008a600000|100%| E|CS|TAMS 0x000000008a500000, 0x000000008a500000| Complete 
| 166|0x000000008a600000, 0x000000008a700000, 0x000000008a700000|100%| E|CS|TAMS 0x000000008a600000, 0x000000008a600000| Complete 
| 167|0x000000008a700000, 0x000000008a800000, 0x000000008a800000|100%| E|CS|TAMS 0x000000008a700000, 0x000000008a700000| Complete 
| 168|0x000000008a800000, 0x000000008a900000, 0x000000008a900000|100%| E|CS|TAMS 0x000000008a800000, 0x000000008a800000| Complete 
| 169|0x000000008a900000, 0x000000008aa00000, 0x000000008aa00000|100%| E|CS|TAMS 0x000000008a900000, 0x000000008a900000| Complete 
| 170|0x000000008aa00000, 0x000000008ab00000, 0x000000008ab00000|100%| E|CS|TAMS 0x000000008aa00000, 0x000000008aa00000| Complete 
| 171|0x000000008ab00000, 0x000000008ac00000, 0x000000008ac00000|100%| E|CS|TAMS 0x000000008ab00000, 0x000000008ab00000| Complete 
| 172|0x000000008ac00000, 0x000000008ad00000, 0x000000008ad00000|100%| E|CS|TAMS 0x000000008ac00000, 0x000000008ac00000| Complete 
| 173|0x000000008ad00000, 0x000000008ae00000, 0x000000008ae00000|100%| E|  |TAMS 0x000000008ad00000, 0x000000008ad00000| Complete 
| 174|0x000000008ae00000, 0x000000008af00000, 0x000000008af00000|100%| E|CS|TAMS 0x000000008ae00000, 0x000000008ae00000| Complete 
| 175|0x000000008af00000, 0x000000008b000000, 0x000000008b000000|100%| E|CS|TAMS 0x000000008af00000, 0x000000008af00000| Complete 
| 176|0x000000008b000000, 0x000000008b100000, 0x000000008b100000|100%| E|CS|TAMS 0x000000008b000000, 0x000000008b000000| Complete 
| 177|0x000000008b100000, 0x000000008b200000, 0x000000008b200000|100%| E|CS|TAMS 0x000000008b100000, 0x000000008b100000| Complete 
| 178|0x000000008b200000, 0x000000008b300000, 0x000000008b300000|100%| E|CS|TAMS 0x000000008b200000, 0x000000008b200000| Complete 
| 179|0x000000008b300000, 0x000000008b400000, 0x000000008b400000|100%| E|CS|TAMS 0x000000008b300000, 0x000000008b300000| Complete 
| 180|0x000000008b400000, 0x000000008b500000, 0x000000008b500000|100%| E|CS|TAMS 0x000000008b400000, 0x000000008b400000| Complete 
| 181|0x000000008b500000, 0x000000008b600000, 0x000000008b600000|100%| E|CS|TAMS 0x000000008b500000, 0x000000008b500000| Complete 
| 182|0x000000008b600000, 0x000000008b700000, 0x000000008b700000|100%| E|CS|TAMS 0x000000008b600000, 0x000000008b600000| Complete 
| 183|0x000000008b700000, 0x000000008b800000, 0x000000008b800000|100%| E|CS|TAMS 0x000000008b700000, 0x000000008b700000| Complete 
| 184|0x000000008b800000, 0x000000008b900000, 0x000000008b900000|100%| E|CS|TAMS 0x000000008b800000, 0x000000008b800000| Complete 

Card table byte_map: [0x000001f2c4050000,0x000001f2c4450000] _byte_map_base: 0x000001f2c3c50000

Marking Bits (Prev, Next): (CMBitMap*) 0x000001f2af151300, (CMBitMap*) 0x000001f2af1512c8
 Prev Bits: [0x000001f2c6850000, 0x000001f2c8850000)
 Next Bits: [0x000001f2c4850000, 0x000001f2c6850000)

Polling page: 0x000001f2af1f0000

Metaspace:

Usage:
  Non-class:     94.78 MB capacity,    93.32 MB ( 98%) used,     1.16 MB (  1%) free+waste,   302.44 KB ( <1%) overhead. 
      Class:     14.34 MB capacity,    13.46 MB ( 94%) used,   770.30 KB (  5%) free+waste,   133.38 KB ( <1%) overhead. 
       Both:    109.12 MB capacity,   106.78 MB ( 98%) used,     1.91 MB (  2%) free+waste,   435.81 KB ( <1%) overhead. 

Virtual space:
  Non-class space:       96.00 MB reserved,      94.92 MB ( 99%) committed 
      Class space:        1.00 GB reserved,      14.38 MB (  1%) committed 
             Both:        1.09 GB reserved,     109.29 MB ( 10%) committed 

Chunk freelists:
   Non-Class:  13.00 KB
       Class:  1.00 KB
        Both:  14.00 KB

MaxMetaspaceSize: 17179869184.00 GB
CompressedClassSpaceSize: 1.00 GB
Initial GC threshold: 20.80 MB
Current GC threshold: 171.11 MB
CDS: off

CodeHeap 'non-profiled nmethods': size=120064Kb used=8908Kb max_used=8908Kb free=111155Kb
 bounds [0x000001f2bbed0000, 0x000001f2bc790000, 0x000001f2c3410000]
CodeHeap 'profiled nmethods': size=120000Kb used=32306Kb max_used=32306Kb free=87693Kb
 bounds [0x000001f2b49a0000, 0x000001f2b6930000, 0x000001f2bbed0000]
CodeHeap 'non-nmethods': size=5696Kb used=2452Kb max_used=2480Kb free=3243Kb
 bounds [0x000001f2b4410000, 0x000001f2b4690000, 0x000001f2b49a0000]
 total_blobs=15561 nmethods=14577 adapters=896
 compilation: enabled
              stopped_count=0, restarted_count=0
 full_count=0

Compilation events (20 events):
Event: 58.538 Thread 0x000001f2cb123800 nmethod 14744 0x000001f2b692a090 code [0x000001f2b692a2e0, 0x000001f2b692ad88]
Event: 58.538 Thread 0x000001f2cb123800 14745       3       org.gradle.internal.normalization.java.impl.ApiMemberSelector$2::<init> (16 bytes)
Event: 58.538 Thread 0x000001f2cb123800 nmethod 14745 0x000001f2b692b210 code [0x000001f2b692b3e0, 0x000001f2b692b648]
Event: 58.538 Thread 0x000001f2cb123800 14746       3       org.objectweb.asm.FieldVisitor::visitEnd (15 bytes)
Event: 58.538 Thread 0x000001f2cb123800 nmethod 14746 0x000001f2b692b710 code [0x000001f2b692b8c0, 0x000001f2b692baa8]
Event: 58.538 Thread 0x000001f2cb123800 14735       3       org.objectweb.asm.Symbol::getArgumentsAndReturnSizes (23 bytes)
Event: 58.538 Thread 0x000001f2cb123800 nmethod 14735 0x000001f2b692bb90 code [0x000001f2b692bd40, 0x000001f2b692bec8]
Event: 58.542 Thread 0x000001f2cb122800 nmethod 14762 0x000001f2bc780f90 code [0x000001f2bc781160, 0x000001f2bc7818d8]
Event: 58.542 Thread 0x000001f2cb122800 14739       4       java.util.TreeMap$PrivateEntryIterator::<init> (28 bytes)
Event: 58.542 Thread 0x000001f2cb123800 14769       3       org.objectweb.asm.MethodWriter::endCurrentBasicBlockWithNoSuccessor (94 bytes)
Event: 58.543 Thread 0x000001f2cb123800 nmethod 14769 0x000001f2b692bf90 code [0x000001f2b692c1a0, 0x000001f2b692c7e8]
Event: 58.543 Thread 0x000001f2cb122800 nmethod 14739 0x000001f2bc781d10 code [0x000001f2bc781ea0, 0x000001f2bc7820f8]
Event: 58.543 Thread 0x000001f2cb122800 14767       4       org.objectweb.asm.ClassReader::readUtf (44 bytes)
Event: 58.543 Thread 0x000001f2cb123800 14771       3       org.objectweb.asm.ClassReader::readCode (5109 bytes)
Event: 58.546 Thread 0x000001f2cb122800 nmethod 14767 0x000001f2bc782190 code [0x000001f2bc782340, 0x000001f2bc7825e8]
Event: 58.546 Thread 0x000001f2cb122800 14733       4       java.lang.Character::codePointBefore (48 bytes)
Event: 58.548 Thread 0x000001f2cb122800 nmethod 14733 0x000001f2bc782810 code [0x000001f2bc7829c0, 0x000001f2bc782af8]
Event: 58.548 Thread 0x000001f2cb122800 14777       4       org.objectweb.asm.FieldVisitor::<init> (94 bytes)
Event: 58.549 Thread 0x000001f2cb122800 nmethod 14777 0x000001f2bc782d10 code [0x000001f2bc782ea0, 0x000001f2bc783038]
Event: 58.549 Thread 0x000001f2cb122800 14772       4       org.objectweb.asm.SymbolTable::addConstant (330 bytes)

GC Heap History (20 events):
Event: 26.230 GC heap before
{Heap before GC invocations=32 (full 0):
 garbage-first heap   total 157696K, used 104556K [0x0000000080000000, 0x0000000100000000)
  region size 1024K, 7 young (7168K), 3 survivors (3072K)
 Metaspace       used 97075K, capacity 99150K, committed 99372K, reserved 1136640K
  class space    used 12273K, capacity 13061K, committed 13184K, reserved 1048576K
}
Event: 26.235 GC heap after
{Heap after GC invocations=33 (full 0):
 garbage-first heap   total 157696K, used 92422K [0x0000000080000000, 0x0000000100000000)
  region size 1024K, 1 young (1024K), 1 survivors (1024K)
 Metaspace       used 97075K, capacity 99150K, committed 99372K, reserved 1136640K
  class space    used 12273K, capacity 13061K, committed 13184K, reserved 1048576K
}
Event: 26.788 GC heap before
{Heap before GC invocations=33 (full 0):
 garbage-first heap   total 157696K, used 119046K [0x0000000080000000, 0x0000000100000000)
  region size 1024K, 28 young (28672K), 1 survivors (1024K)
 Metaspace       used 98600K, capacity 100688K, committed 100780K, reserved 1136640K
  class space    used 12442K, capacity 13240K, committed 13312K, reserved 1048576K
}
Event: 26.792 GC heap after
{Heap after GC invocations=34 (full 0):
 garbage-first heap   total 157696K, used 95055K [0x0000000080000000, 0x0000000100000000)
  region size 1024K, 4 young (4096K), 4 survivors (4096K)
 Metaspace       used 98600K, capacity 100688K, committed 100780K, reserved 1136640K
  class space    used 12442K, capacity 13240K, committed 13312K, reserved 1048576K
}
Event: 27.205 GC heap before
{Heap before GC invocations=35 (full 0):
 garbage-first heap   total 157696K, used 118607K [0x0000000080000000, 0x0000000100000000)
  region size 1024K, 30 young (30720K), 4 survivors (4096K)
 Metaspace       used 100097K, capacity 102249K, committed 102444K, reserved 1138688K
  class space    used 12629K, capacity 13440K, committed 13440K, reserved 1048576K
}
Event: 27.208 GC heap after
{Heap after GC invocations=36 (full 0):
 garbage-first heap   total 157696K, used 93421K [0x0000000080000000, 0x0000000100000000)
  region size 1024K, 1 young (1024K), 1 survivors (1024K)
 Metaspace       used 100097K, capacity 102249K, committed 102444K, reserved 1138688K
  class space    used 12629K, capacity 13440K, committed 13440K, reserved 1048576K
}
Event: 27.299 GC heap before
{Heap before GC invocations=36 (full 0):
 garbage-first heap   total 157696K, used 98541K [0x0000000080000000, 0x0000000100000000)
  region size 1024K, 7 young (7168K), 1 survivors (1024K)
 Metaspace       used 100544K, capacity 102665K, committed 102828K, reserved 1138688K
  class space    used 12683K, capacity 13472K, committed 13568K, reserved 1048576K
}
Event: 27.301 GC heap after
{Heap after GC invocations=37 (full 0):
 garbage-first heap   total 157696K, used 90898K [0x0000000080000000, 0x0000000100000000)
  region size 1024K, 1 young (1024K), 1 survivors (1024K)
 Metaspace       used 100544K, capacity 102665K, committed 102828K, reserved 1138688K
  class space    used 12683K, capacity 13472K, committed 13568K, reserved 1048576K
}
Event: 27.716 GC heap before
{Heap before GC invocations=37 (full 0):
 garbage-first heap   total 157696K, used 121618K [0x0000000080000000, 0x0000000100000000)
  region size 1024K, 31 young (31744K), 1 survivors (1024K)
 Metaspace       used 102659K, capacity 104777K, committed 104876K, reserved 1140736K
  class space    used 12944K, capacity 13728K, committed 13824K, reserved 1048576K
}
Event: 27.722 GC heap after
{Heap after GC invocations=38 (full 0):
 garbage-first heap   total 157696K, used 92306K [0x0000000080000000, 0x0000000100000000)
  region size 1024K, 2 young (2048K), 2 survivors (2048K)
 Metaspace       used 102659K, capacity 104777K, committed 104876K, reserved 1140736K
  class space    used 12944K, capacity 13728K, committed 13824K, reserved 1048576K
}
Event: 28.161 GC heap before
{Heap before GC invocations=39 (full 0):
 garbage-first heap   total 157696K, used 122002K [0x0000000080000000, 0x0000000100000000)
  region size 1024K, 32 young (32768K), 2 survivors (2048K)
 Metaspace       used 102967K, capacity 105120K, committed 105388K, reserved 1140736K
  class space    used 12966K, capacity 13793K, committed 13824K, reserved 1048576K
}
Event: 28.166 GC heap after
{Heap after GC invocations=40 (full 0):
 garbage-first heap   total 157696K, used 94444K [0x0000000080000000, 0x0000000100000000)
  region size 1024K, 4 young (4096K), 4 survivors (4096K)
 Metaspace       used 102967K, capacity 105120K, committed 105388K, reserved 1140736K
  class space    used 12966K, capacity 13793K, committed 13824K, reserved 1048576K
}
Event: 28.712 GC heap before
{Heap before GC invocations=40 (full 0):
 garbage-first heap   total 157696K, used 124140K [0x0000000080000000, 0x0000000100000000)
  region size 1024K, 34 young (34816K), 4 survivors (4096K)
 Metaspace       used 103055K, capacity 105147K, committed 105388K, reserved 1140736K
  class space    used 12971K, capacity 13798K, committed 13824K, reserved 1048576K
}
Event: 28.721 GC heap after
{Heap after GC invocations=41 (full 0):
 garbage-first heap   total 189440K, used 96300K [0x0000000080000000, 0x0000000100000000)
  region size 1024K, 4 young (4096K), 4 survivors (4096K)
 Metaspace       used 103055K, capacity 105147K, committed 105388K, reserved 1140736K
  class space    used 12971K, capacity 13798K, committed 13824K, reserved 1048576K
}
Event: 32.458 GC heap before
{Heap before GC invocations=41 (full 0):
 garbage-first heap   total 189440K, used 136236K [0x0000000080000000, 0x0000000100000000)
  region size 1024K, 44 young (45056K), 4 survivors (4096K)
 Metaspace       used 103755K, capacity 105902K, committed 106028K, reserved 1140736K
  class space    used 13047K, capacity 13866K, committed 13952K, reserved 1048576K
}
Event: 32.465 GC heap after
{Heap after GC invocations=42 (full 0):
 garbage-first heap   total 189440K, used 100555K [0x0000000080000000, 0x0000000100000000)
  region size 1024K, 6 young (6144K), 6 survivors (6144K)
 Metaspace       used 103755K, capacity 105902K, committed 106028K, reserved 1140736K
  class space    used 13047K, capacity 13866K, committed 13952K, reserved 1048576K
}
Event: 35.112 GC heap before
{Heap before GC invocations=42 (full 0):
 garbage-first heap   total 189440K, used 140491K [0x0000000080000000, 0x0000000100000000)
  region size 1024K, 46 young (47104K), 6 survivors (6144K)
 Metaspace       used 104492K, capacity 106679K, committed 106796K, reserved 1142784K
  class space    used 13131K, capacity 13933K, committed 13952K, reserved 1048576K
}
Event: 35.116 GC heap after
{Heap after GC invocations=43 (full 0):
 garbage-first heap   total 189440K, used 99716K [0x0000000080000000, 0x0000000100000000)
  region size 1024K, 2 young (2048K), 2 survivors (2048K)
 Metaspace       used 104492K, capacity 106679K, committed 106796K, reserved 1142784K
  class space    used 13131K, capacity 13933K, committed 13952K, reserved 1048576K
}
Event: 36.323 GC heap before
{Heap before GC invocations=43 (full 0):
 garbage-first heap   total 189440K, used 142724K [0x0000000080000000, 0x0000000100000000)
  region size 1024K, 44 young (45056K), 2 survivors (2048K)
 Metaspace       used 106859K, capacity 109121K, committed 109228K, reserved 1144832K
  class space    used 13405K, capacity 14272K, committed 14336K, reserved 1048576K
}
Event: 36.326 GC heap after
{Heap after GC invocations=44 (full 0):
 garbage-first heap   total 189440K, used 102423K [0x0000000080000000, 0x0000000100000000)
  region size 1024K, 5 young (5120K), 5 survivors (5120K)
 Metaspace       used 106859K, capacity 109121K, committed 109228K, reserved 1144832K
  class space    used 13405K, capacity 14272K, committed 14336K, reserved 1048576K
}

Deoptimization events (20 events):
Event: 58.518 Thread 0x000001f2cbf54800 Uncommon trap: trap_request=0xffffff4d fr.pc=0x000001f2bc39072c relative=0x000000000000084c
Event: 58.518 Thread 0x000001f2cbf54800 Uncommon trap: reason=unstable_if action=reinterpret pc=0x000001f2bc39072c method=org.objectweb.asm.MethodWriter.visitLabel(Lorg/objectweb/asm/Label;)V @ 312 c2
Event: 58.518 Thread 0x000001f2cbf54800 DEOPT PACKING pc=0x000001f2bc39072c sp=0x00000085deafb8c0
Event: 58.518 Thread 0x000001f2cbf54800 DEOPT UNPACKING pc=0x000001f2b445a1af sp=0x00000085deafb8a8 mode 2
Event: 58.518 Thread 0x000001f2cbf54800 Uncommon trap: trap_request=0xffffff4d fr.pc=0x000001f2bc27ece8 relative=0x0000000000000668
Event: 58.518 Thread 0x000001f2cbf54800 Uncommon trap: reason=unstable_if action=reinterpret pc=0x000001f2bc27ece8 method=org.objectweb.asm.MethodWriter.visitInsn(I)V @ 32 c2
Event: 58.518 Thread 0x000001f2cbf54800 DEOPT PACKING pc=0x000001f2bc27ece8 sp=0x00000085deafb9f0
Event: 58.518 Thread 0x000001f2cbf54800 DEOPT UNPACKING pc=0x000001f2b445a1af sp=0x00000085deafb9d0 mode 2
Event: 58.518 Thread 0x000001f2cbf54800 Uncommon trap: trap_request=0xffffff4d fr.pc=0x000001f2bc21150c relative=0x000000000000070c
Event: 58.518 Thread 0x000001f2cbf54800 Uncommon trap: reason=unstable_if action=reinterpret pc=0x000001f2bc21150c method=org.objectweb.asm.MethodWriter.visitMethodInsn(ILjava/lang/String;Ljava/lang/String;Ljava/lang/String;Z)V @ 89 c2
Event: 58.518 Thread 0x000001f2cbf54800 DEOPT PACKING pc=0x000001f2bc21150c sp=0x00000085deafb9e0
Event: 58.518 Thread 0x000001f2cbf54800 DEOPT UNPACKING pc=0x000001f2b445a1af sp=0x00000085deafb998 mode 2
Event: 58.518 Thread 0x000001f2cbf54800 Uncommon trap: trap_request=0xffffff4d fr.pc=0x000001f2bc277118 relative=0x00000000000005d8
Event: 58.518 Thread 0x000001f2cbf54800 Uncommon trap: reason=unstable_if action=reinterpret pc=0x000001f2bc277118 method=org.objectweb.asm.MethodWriter.endCurrentBasicBlockWithNoSuccessor()V @ 5 c2
Event: 58.518 Thread 0x000001f2cbf54800 DEOPT PACKING pc=0x000001f2bc277118 sp=0x00000085deafb990
Event: 58.518 Thread 0x000001f2cbf54800 DEOPT UNPACKING pc=0x000001f2b445a1af sp=0x00000085deafb970 mode 2
Event: 58.518 Thread 0x000001f2cbf54800 Uncommon trap: trap_request=0xffffff4d fr.pc=0x000001f2bc40755c relative=0x000000000000009c
Event: 58.518 Thread 0x000001f2cbf54800 Uncommon trap: reason=unstable_if action=reinterpret pc=0x000001f2bc40755c method=org.objectweb.asm.MethodWriter.visitMaxs(II)V @ 35 c2
Event: 58.518 Thread 0x000001f2cbf54800 DEOPT PACKING pc=0x000001f2bc40755c sp=0x00000085deafba40
Event: 58.518 Thread 0x000001f2cbf54800 DEOPT UNPACKING pc=0x000001f2b445a1af sp=0x00000085deafb9d8 mode 2

Classes redefined (0 events):
No events

Internal exceptions (20 events):
Event: 45.161 Thread 0x000001f2cbf54800 Exception <a 'java/lang/NoSuchMethodError'{0x000000008af0daf0}: 'java.lang.Object java.lang.invoke.DirectMethodHandle$Holder.invokeSpecial(java.lang.Object, java.lang.Object, int, int, java.lang.Object, int, java.lang.Object, java.lang.Object)'> (0x000000008af0daf0) thrown at [./src/hotspot/share/interpreter/linkResolver.cpp, line 773]
Event: 45.161 Thread 0x000001f2cbf54800 Exception <a 'java/lang/NoSuchMethodError'{0x000000008af11bd0}: 'java.lang.Object java.lang.invoke.DelegatingMethodHandle$Holder.reinvoke_L(java.lang.Object, int, int, java.lang.Object, int, java.lang.Object, java.lang.Object)'> (0x000000008af11bd0) thrown at [./src/hotspot/share/interpreter/linkResolver.cpp, line 773]
Event: 45.163 Thread 0x000001f2cbf54800 Exception <a 'java/lang/NoSuchMethodError'{0x000000008af3cc38}: 'java.lang.Object java.lang.invoke.DirectMethodHandle$Holder.invokeStatic(java.lang.Object, java.lang.Object, java.lang.Object, java.lang.Object, java.lang.Object, java.lang.Object, java.lang.Object, java.lang.Object, int)'> (0x000000008af3cc38) thrown at [./src/hotspot/share/interpreter/linkResolver.cpp, line 773]
Event: 45.166 Thread 0x000001f2cbf54800 Exception <a 'java/lang/NoSuchMethodError'{0x000000008af57ed8}: 'java.lang.Object java.lang.invoke.DirectMethodHandle$Holder.invokeStatic(java.lang.Object, java.lang.Object, java.lang.Object, java.lang.Object, java.lang.Object, java.lang.Object, java.lang.Object, java.lang.Object, int, int)'> (0x000000008af57ed8) thrown at [./src/hotspot/share/interpreter/linkResolver.cpp, line 773]
Event: 45.168 Thread 0x000001f2cbf54800 Exception <a 'java/lang/NoSuchMethodError'{0x000000008af74a08}: 'java.lang.Object java.lang.invoke.DirectMethodHandle$Holder.invokeStatic(java.lang.Object, java.lang.Object, java.lang.Object, java.lang.Object, java.lang.Object, java.lang.Object, java.lang.Object, java.lang.Object, int, int, java.lang.Object)'> (0x000000008af74a08) thrown at [./src/hotspot/share/interpreter/linkResolver.cpp, line 773]
Event: 45.170 Thread 0x000001f2cbf54800 Exception <a 'java/lang/NoSuchMethodError'{0x000000008af91cd8}: 'java.lang.Object java.lang.invoke.DirectMethodHandle$Holder.invokeStatic(java.lang.Object, java.lang.Object, java.lang.Object, java.lang.Object, java.lang.Object, java.lang.Object, java.lang.Object, java.lang.Object, int, int, java.lang.Object, java.lang.Object)'> (0x000000008af91cd8) thrown at [./src/hotspot/share/interpreter/linkResolver.cpp, line 773]
Event: 45.189 Thread 0x000001f2cbf54800 Exception <a 'java/lang/NoSuchMethodError'{0x000000008afc4638}: <clinit>> (0x000000008afc4638) thrown at [./src/hotspot/share/prims/jni.cpp, line 1365]
Event: 45.192 Thread 0x000001f2cbf54800 Exception <a 'java/lang/NoSuchMethodError'{0x000000008affb090}: <clinit>> (0x000000008affb090) thrown at [./src/hotspot/share/prims/jni.cpp, line 1365]
Event: 45.216 Thread 0x000001f2cbf54800 Exception <a 'java/lang/NoSuchMethodError'{0x000000008ae388d0}: <clinit>> (0x000000008ae388d0) thrown at [./src/hotspot/share/prims/jni.cpp, line 1365]
Event: 45.217 Thread 0x000001f2cbf54800 Exception <a 'java/lang/NoSuchMethodError'{0x000000008ae4a6c8}: <clinit>> (0x000000008ae4a6c8) thrown at [./src/hotspot/share/prims/jni.cpp, line 1365]
Event: 45.218 Thread 0x000001f2cbf54800 Exception <a 'java/lang/NoSuchMethodError'{0x000000008ae5c498}: <clinit>> (0x000000008ae5c498) thrown at [./src/hotspot/share/prims/jni.cpp, line 1365]
Event: 45.222 Thread 0x000001f2cbf54800 Exception <a 'java/lang/NoSuchMethodError'{0x000000008ae7a220}: <clinit>> (0x000000008ae7a220) thrown at [./src/hotspot/share/prims/jni.cpp, line 1365]
Event: 45.233 Thread 0x000001f2cf767000 Exception <a 'java/lang/InterruptedException'{0x000000008ad00000}> (0x000000008ad00000) thrown at [./src/hotspot/share/runtime/objectMonitor.cpp, line 1635]
Event: 45.234 Thread 0x000001f2cf767000 Exception <a 'java/lang/NoSuchMethodError'{0x000000008ad082a8}: 'java.lang.Object java.lang.invoke.DirectMethodHandle$Holder.invokeStatic(java.lang.Object, java.lang.Object, int, java.lang.Object, long)'> (0x000000008ad082a8) thrown at [./src/hotspot/share/interpreter/linkResolver.cpp, line 773]
Event: 45.254 Thread 0x000001f2cbf54800 Exception <a 'java/lang/NoSuchMethodError'{0x000000008adfd4a0}: <clinit>> (0x000000008adfd4a0) thrown at [./src/hotspot/share/prims/jni.cpp, line 1365]
Event: 45.257 Thread 0x000001f2cbf54800 Exception <a 'java/lang/NoSuchMethodError'{0x000000008ac4db28}: <clinit>> (0x000000008ac4db28) thrown at [./src/hotspot/share/prims/jni.cpp, line 1365]
Event: 45.258 Thread 0x000001f2cbf54800 Exception <a 'java/lang/NoSuchMethodError'{0x000000008ac70460}: <clinit>> (0x000000008ac70460) thrown at [./src/hotspot/share/prims/jni.cpp, line 1365]
Event: 45.258 Thread 0x000001f2cbf54800 Exception <a 'java/lang/NoSuchMethodError'{0x000000008ac93670}: <clinit>> (0x000000008ac93670) thrown at [./src/hotspot/share/prims/jni.cpp, line 1365]
Event: 45.394 Thread 0x000001f2cf76d800 Exception <a 'java/lang/NoSuchMethodError'{0x000000008aab32d8}: 'java.lang.Object java.lang.invoke.DirectMethodHandle$Holder.invokeStatic(java.lang.Object, java.lang.Object, java.lang.Object, java.lang.Object, java.lang.Object, java.lang.Object, java.lang.Object, java.lang.Object, java.lang.Object, java.lang.Object, java.lang.Object, java.lang.Object, java.lang.Object, int)'> (0x000000008aab32d8) thrown at [./src/hotspot/share/interpreter/linkResolver.cpp, line 773]
Event: 45.396 Thread 0x000001f2cf76d800 Exception <a 'java/lang/NoSuchMethodError'{0x000000008aac05a8}: 'java.lang.Object java.lang.invoke.DirectMethodHandle$Holder.invokeStatic(java.lang.Object, java.lang.Object, java.lang.Object, java.lang.Object, java.lang.Object, java.lang.Object, java.lang.Object, java.lang.Object, java.lang.Object, java.lang.Object, java.lang.Object, java.lang.Object, java.lang.Object, int, int)'> (0x000000008aac05a8) thrown at [./src/hotspot/share/interpreter/linkResolver.cpp, line 773]

Events (20 events):
Event: 58.520 loading class com/google/common/collect/Ordering$ArbitraryOrderingHolder done
Event: 58.521 loading class sun/net/InetAddressCachePolicy done
Event: 58.521 loading class sun/net/InetAddressCachePolicy$1
Event: 58.521 loading class sun/net/InetAddressCachePolicy$1 done
Event: 58.521 loading class sun/net/InetAddressCachePolicy$2
Event: 58.521 loading class com/google/common/collect/Ordering$ArbitraryOrdering
Event: 58.521 loading class com/google/common/collect/Ordering$ArbitraryOrdering done
Event: 58.521 loading class sun/net/InetAddressCachePolicy$2 done
Event: 58.522 loading class java/net/InetAddress$CachedAddresses
Event: 58.522 loading class java/net/InetAddress$CachedAddresses done
Event: 58.522 loading class com/google/common/collect/MapMakerInternalMap$WeakKeyStrongValueEntry$Helper
Event: 58.522 loading class com/google/common/collect/MapMakerInternalMap$WeakKeyStrongValueEntry$Helper done
Event: 58.522 loading class java/util/concurrent/atomic/Striped64$1
Event: 58.522 loading class java/util/concurrent/atomic/Striped64$1 done
Event: 58.523 loading class java/net/InetAddress$CachedLocalHost
Event: 58.523 loading class java/net/InetAddress$CachedLocalHost done
Event: 58.523 loading class org/jetbrains/kotlin/gradle/plugin/stat/CompileStatData
Event: 58.523 loading class org/jetbrains/kotlin/gradle/plugin/stat/CompileStatData done
Event: 58.523 loading class com/google/common/collect/MapMakerInternalMap$WeakKeyStrongValueSegment
Event: 58.523 loading class com/google/common/collect/MapMakerInternalMap$WeakKeyStrongValueSegment done


Dynamic libraries:
0x00007ff75f670000 - 0x00007ff75f67a000 	C:\Program Files\Android\Android Studio\jre\bin\java.exe
0x00007ff81ec70000 - 0x00007ff81ee67000 	C:\windows\SYSTEM32\ntdll.dll
0x00007ff81e9a0000 - 0x00007ff81ea5d000 	C:\windows\System32\KERNEL32.DLL
0x00007ff81c360000 - 0x00007ff81c62d000 	C:\windows\System32\KERNELBASE.dll
0x00007ff81c9a0000 - 0x00007ff81caa0000 	C:\windows\System32\ucrtbase.dll
0x00007ffff4850000 - 0x00007ffff4867000 	C:\Program Files\Android\Android Studio\jre\bin\VCRUNTIME140.dll
0x00007ffff5840000 - 0x00007ffff5859000 	C:\Program Files\Android\Android Studio\jre\bin\jli.dll
0x00007ff81e710000 - 0x00007ff81e8b0000 	C:\windows\System32\USER32.dll
0x00007ffffd220000 - 0x00007ffffd4ba000 	C:\windows\WinSxS\amd64_microsoft.windows.common-controls_6595b64144ccf1df_6.0.19041.1110_none_60b5254171f9507e\COMCTL32.dll
0x00007ff81d800000 - 0x00007ff81d89e000 	C:\windows\System32\msvcrt.dll
0x00007ff81d6a0000 - 0x00007ff81d6ca000 	C:\windows\System32\GDI32.dll
0x00007ff81c8b0000 - 0x00007ff81c8d2000 	C:\windows\System32\win32u.dll
0x00007ff81c6a0000 - 0x00007ff81c7ab000 	C:\windows\System32\gdi32full.dll
0x00007ff81caa0000 - 0x00007ff81cb3d000 	C:\windows\System32\msvcp_win.dll
0x00007ff81d4b0000 - 0x00007ff81d4e0000 	C:\windows\System32\IMM32.DLL
0x00007fffed050000 - 0x00007fffed0ed000 	C:\Program Files\Android\Android Studio\jre\bin\msvcp140.dll
0x00007fffae880000 - 0x00007fffaf365000 	C:\Program Files\Android\Android Studio\jre\bin\server\jvm.dll
0x00007ff81d4e0000 - 0x00007ff81d58e000 	C:\windows\System32\ADVAPI32.dll
0x00007ff81d410000 - 0x00007ff81d4ac000 	C:\windows\System32\sechost.dll
0x00007ff81ead0000 - 0x00007ff81ebf5000 	C:\windows\System32\RPCRT4.dll
0x00007ff81cf90000 - 0x00007ff81cf98000 	C:\windows\System32\PSAPI.DLL
0x00007ff810d50000 - 0x00007ff810d5a000 	C:\windows\SYSTEM32\VERSION.dll
0x00007fffe7df0000 - 0x00007fffe7df9000 	C:\windows\SYSTEM32\WSOCK32.dll
0x00007ff8098c0000 - 0x00007ff8098e7000 	C:\windows\SYSTEM32\WINMM.dll
0x00007ff81ea60000 - 0x00007ff81eacb000 	C:\windows\System32\WS2_32.dll
0x00007ff81a240000 - 0x00007ff81a252000 	C:\windows\SYSTEM32\kernel.appcore.dll
0x00007fffd3110000 - 0x00007fffd3121000 	C:\Program Files\Android\Android Studio\jre\bin\verify.dll
0x00007ff8098f0000 - 0x00007ff809ad4000 	C:\windows\SYSTEM32\DBGHELP.DLL
0x00007fffe5db0000 - 0x00007fffe5ddc000 	C:\windows\SYSTEM32\dbgcore.DLL
0x00007ff81c910000 - 0x00007ff81c992000 	C:\windows\System32\bcryptPrimitives.dll
0x00007fffd30e0000 - 0x00007fffd3109000 	C:\Program Files\Android\Android Studio\jre\bin\java.dll
0x00007fffe6e60000 - 0x00007fffe6e6b000 	C:\Program Files\Android\Android Studio\jre\bin\jimage.dll
0x00007fffd30c0000 - 0x00007fffd30d8000 	C:\Program Files\Android\Android Studio\jre\bin\zip.dll
0x00007ff81dbe0000 - 0x00007ff81e324000 	C:\windows\System32\SHELL32.dll
0x00007ff81a440000 - 0x00007ff81abd4000 	C:\windows\SYSTEM32\windows.storage.dll
0x00007ff81e330000 - 0x00007ff81e684000 	C:\windows\System32\combase.dll
0x00007ff81bc10000 - 0x00007ff81bc3c000 	C:\windows\SYSTEM32\Wldp.dll
0x00007ff81d590000 - 0x00007ff81d63d000 	C:\windows\System32\SHCORE.dll
0x00007ff81d640000 - 0x00007ff81d695000 	C:\windows\System32\shlwapi.dll
0x00007ff81c2a0000 - 0x00007ff81c2bf000 	C:\windows\SYSTEM32\profapi.dll
0x00007fffd30a0000 - 0x00007fffd30ba000 	C:\Program Files\Android\Android Studio\jre\bin\net.dll
0x00007ff8155c0000 - 0x00007ff8156ca000 	C:\windows\SYSTEM32\WINHTTP.dll
0x00007ff81b9f0000 - 0x00007ff81ba5a000 	C:\windows\system32\mswsock.dll
0x00007fffd3080000 - 0x00007fffd3094000 	C:\Program Files\Android\Android Studio\jre\bin\nio.dll
0x00007ff818120000 - 0x00007ff818147000 	C:\Users\logonpflocal.FIAP\.gradle\native\e1d6ef7f7dcc3fd88c89a11ec53ec762bb8ba0a96d01ffa2cd45eb1d1d8dd5c5\windows-amd64\native-platform.dll
0x00007fffecf00000 - 0x00007fffed044000 	C:\Users\logonpflocal.FIAP\.gradle\native\5664cfc778a61ccfe75a443a1ab52a65af34e5dc3c78e0209fed803814484fcb\windows-amd64\native-platform-file-events.dll
0x00007fffe6a90000 - 0x00007fffe6a9a000 	C:\Program Files\Android\Android Studio\jre\bin\management.dll
0x00007fffe6860000 - 0x00007fffe686d000 	C:\Program Files\Android\Android Studio\jre\bin\management_ext.dll
0x00007ff81bfb0000 - 0x00007ff81bfc8000 	C:\windows\SYSTEM32\CRYPTSP.dll
0x00007ff81b390000 - 0x00007ff81b3c4000 	C:\windows\system32\rsaenh.dll
0x00007ff81c8e0000 - 0x00007ff81c907000 	C:\windows\System32\bcrypt.dll
0x00007ff81c220000 - 0x00007ff81c24e000 	C:\windows\SYSTEM32\USERENV.dll
0x00007ff81bb80000 - 0x00007ff81bb8c000 	C:\windows\SYSTEM32\CRYPTBASE.dll
0x00007ff81b700000 - 0x00007ff81b73b000 	C:\windows\SYSTEM32\IPHLPAPI.DLL
0x00007ff81d8a0000 - 0x00007ff81d8a8000 	C:\windows\System32\NSI.dll
0x00007ff8173e0000 - 0x00007ff8173f7000 	C:\windows\SYSTEM32\dhcpcsvc6.DLL
0x00007ff8173c0000 - 0x00007ff8173dd000 	C:\windows\SYSTEM32\dhcpcsvc.DLL
0x00007ff81b740000 - 0x00007ff81b80b000 	C:\windows\SYSTEM32\DNSAPI.dll
0x00007ff81afb0000 - 0x00007ff81afe3000 	C:\windows\SYSTEM32\ntmarta.dll
0x00007ff819bc0000 - 0x00007ff819c50000 	C:\windows\system32\apphelp.dll
0x00007fffecc50000 - 0x00007fffecc6e000 	C:\Users\logonpflocal.FIAP\AppData\Local\Temp\native-platform11358258794984253946dir\native-platform.dll
0x00007ffff4820000 - 0x00007ffff4828000 	C:\Program Files\Android\Android Studio\jre\bin\rmi.dll
0x00007ffffac80000 - 0x00007ffffac97000 	C:\windows\system32\napinsp.dll
0x00007ffffaa20000 - 0x00007ffffaa3b000 	C:\windows\system32\pnrpnsp.dll
0x00007ff8091f0000 - 0x00007ff809205000 	C:\windows\system32\wshbth.dll
0x00007ff818040000 - 0x00007ff81805d000 	C:\windows\system32\NLAapi.dll
0x00007ffff8b80000 - 0x00007ffff8b92000 	C:\windows\System32\winrnr.dll
0x0000000066880000 - 0x00000000668a6000 	C:\Program Files\Bonjour\mdnsNSP.dll
0x00007ff815c10000 - 0x00007ff815c1a000 	C:\Windows\System32\rasadhlp.dll
0x00007ff8178e0000 - 0x00007ff817960000 	C:\windows\System32\fwpuclnt.dll

dbghelp: loaded successfully - version: 4.0.5 - missing functions: none
symbol engine: initialized successfully - sym options: 0x614 - pdb path: .;C:\Program Files\Android\Android Studio\jre\bin;C:\windows\SYSTEM32;C:\windows\WinSxS\amd64_microsoft.windows.common-controls_6595b64144ccf1df_6.0.19041.1110_none_60b5254171f9507e;C:\Program Files\Android\Android Studio\jre\bin\server;C:\Users\logonpflocal.FIAP\.gradle\native\e1d6ef7f7dcc3fd88c89a11ec53ec762bb8ba0a96d01ffa2cd45eb1d1d8dd5c5\windows-amd64;C:\Users\logonpflocal.FIAP\.gradle\native\5664cfc778a61ccfe75a443a1ab52a65af34e5dc3c78e0209fed803814484fcb\windows-amd64;C:\Users\logonpflocal.FIAP\AppData\Local\Temp\native-platform11358258794984253946dir;C:\Program Files\Bonjour

VM Arguments:
jvm_args: --add-opens=java.base/java.util=ALL-UNNAMED --add-opens=java.base/java.lang=ALL-UNNAMED --add-opens=java.base/java.lang.invoke=ALL-UNNAMED --add-opens=java.base/java.util=ALL-UNNAMED --add-opens=java.prefs/java.util.prefs=ALL-UNNAMED --add-opens=java.prefs/java.util.prefs=ALL-UNNAMED --add-opens=java.base/java.nio.charset=ALL-UNNAMED --add-opens=java.base/java.net=ALL-UNNAMED --add-opens=java.base/java.util.concurrent.atomic=ALL-UNNAMED -Xmx2048m -Dfile.encoding=UTF-8 -Duser.country=US -Duser.language=en -Duser.variant 
java_command: org.gradle.launcher.daemon.bootstrap.GradleDaemon 7.3.3
java_class_path (initial): C:\Users\logonpflocal.FIAP\.gradle\wrapper\dists\gradle-7.3.3-bin\6a41zxkdtcxs8rphpq6y0069z\gradle-7.3.3\lib\gradle-launcher-7.3.3.jar
Launcher Type: SUN_STANDARD

[Global flags]
     intx CICompilerCount                          = 3                                         {product} {ergonomic}
     uint ConcGCThreads                            = 2                                         {product} {ergonomic}
     uint G1ConcRefinementThreads                  = 6                                         {product} {ergonomic}
   size_t G1HeapRegionSize                         = 1048576                                   {product} {ergonomic}
    uintx GCDrainStackTargetSize                   = 64                                        {product} {ergonomic}
   size_t InitialHeapSize                          = 134217728                                 {product} {ergonomic}
   size_t MarkStackSize                            = 4194304                                   {product} {ergonomic}
   size_t MaxHeapSize                              = 2147483648                                {product} {command line}
   size_t MaxNewSize                               = 1287651328                                {product} {ergonomic}
   size_t MinHeapDeltaBytes                        = 1048576                                   {product} {ergonomic}
    uintx NonNMethodCodeHeapSize                   = 5830732                                {pd product} {ergonomic}
    uintx NonProfiledCodeHeapSize                  = 122913754                              {pd product} {ergonomic}
    uintx ProfiledCodeHeapSize                     = 122913754                              {pd product} {ergonomic}
    uintx ReservedCodeCacheSize                    = 251658240                              {pd product} {ergonomic}
     bool SegmentedCodeCache                       = true                                      {product} {ergonomic}
     bool UseCompressedClassPointers               = true                                 {lp64_product} {ergonomic}
     bool UseCompressedOops                        = true                                 {lp64_product} {ergonomic}
     bool UseG1GC                                  = true                                      {product} {ergonomic}
     bool UseLargePagesIndividualAllocation        = false                                  {pd product} {ergonomic}

Logging:
Log output configuration:
 #0: stdout all=warning uptime,level,tags
 #1: stderr all=off uptime,level,tags

Environment Variables:
JAVA_HOME=C:\Program Files\Java\jdk1.8.0_333
PATH=C:\Program Files (x86)\VMware\VMware Workstation\bin\;C:\TwinCAT\Common64;C:\TwinCAT\Common32;C:\ProgramData\Anaconda3\Scripts;C:\ProgramData\Anaconda3;C:\Python27\;C:\Python27\Scripts;C:\Python310\Scripts\;C:\Python310\;C:\Program Files (x86)\NVIDIA Corporation\PhysX\Common;C:\Program Files\Microsoft MPI\Bin\;C:\Program Files\Common Files\Oracle\Java\javapath;C:\Program Files (x86)\Common Files\Oracle\Java\javapath;C:\Windows\system32;C:\Windows;C:\Windows\System32\Wbem;C:\Windows\System32\WindowsPowerShell\v1.0\;C:\Windows\System32\OpenSSH\;C:\Program Files\Microsoft VS Code\bin;C:\Program Files\Amazon\AWSCLIV2\;C:\Program Files (x86)\WinSCP\;C:\Opensource\apache-cassandra-3.11.13\bin;C:\xampp\php;C:\ProgramData\ComposerSetup\bin;C:\Opensource\apache-maven-3.8.6\bin;C:\Program Files\Microsoft SQL Server\120\Tools\Binn\;C:\Program Files\dotnet\;C:\Program Files\Microsoft SQL Server\Client SDK\ODBC\170\Tools\Binn\;C:\Program Files (x86)\Microsoft SQL Server\150\Tools\Binn\;C:\Program Files\Microsoft SQL Server\150\Tools\Binn\;C:\Program Files\Microsoft SQL Server\150\DTS\Binn\;C:\Program Files (x86)\Microsoft SQL Server\150\DTS\Binn\;C:\Program Files\Azure Data Studio\bin;C:\Program Files\PuTTY\;C:\Program Files (x86)\Windows Kits\8.1\Windows Performance Toolkit\;C:\Program Files\Git\cmd;C:\Program Files (x86)\Microchip\MPLAB C32 Suite\bin;C:\Program Files\nodejs\;C:\ProgramData\chocolatey\bin;C:\HashiCorp\Vagrant\bin;C:\src\flutter\bin;C:\Opensource\gradle-7.4.2\bin;C:\Opensource\terraform_1.2.2;C:\Program Files\Docker\Docker\resources\bin;C:\ProgramData\DockerDesktop\version-bin;C:\Android_SDK\tools;C:\Android_SDK\platform-tools;C:\Android_SDK\build-tools\33.0.0;C:\Program Files\Common Files\Autodesk Shared\;C:\Users\logonpflocal.FIAP\AppData\Local\Microsoft\WindowsApps;
USERNAME=logonpflocal
OS=Windows_NT
PROCESSOR_IDENTIFIER=Intel64 Family 6 Model 158 Stepping 10, GenuineIntel



---------------  S Y S T E M  ---------------

OS: Windows 10 , 64 bit Build 19041 (10.0.19041.1741)
OS uptime: 0 days 0:29 hours
Hyper-V role detected

CPU:total 6 (initial active 6) (6 cores per cpu, 1 threads per core) family 6 model 158 stepping 10 microcode 0xb4, cmov, cx8, fxsr, mmx, sse, sse2, sse3, ssse3, sse4.1, sse4.2, popcnt, avx, avx2, aes, clmul, erms, 3dnowpref, lzcnt, tsc, tscinvbit, bmi1, bmi2, adx, fma

Memory: 4k page, system-wide physical 8076M (65M free)
TotalPageFile size 8076M (AvailPageFile size 5M)
current process WorkingSet (physical memory assigned to process): 403M, peak: 472M
current process commit charge ("private bytes"): 501M, peak: 511M

vm_info: OpenJDK 64-Bit Server VM (11.0.12+7-b1504.28-7817840) for windows-amd64 JRE (11.0.12+7-b1504.28-7817840), built on Oct 13 2021 22:12:33 by "builder" with MS VC++ 14.0 (VS2015)

END.
