#
# There is insufficient memory for the Java Runtime Environment to continue.
# Native memory allocation (malloc) failed to allocate 1237936 bytes for Chunk::new
# Possible reasons:
#   The system is out of physical RAM or swap space
#   The process is running with CompressedOops enabled, and the Java Heap may be blocking the growth of the native heap
# Possible solutions:
#   Reduce memory load on the system
#   Increase physical memory or swap space
#   Check if swap backing store is full
#   Decrease Java heap size (-Xmx/-Xms)
#   Decrease number of Java threads
#   Decrease Java thread stack sizes (-Xss)
#   Set larger code cache with -XX:ReservedCodeCacheSize=
#   JVM is running with Unscaled Compressed Oops mode in which the Java heap is
#     placed in the first 4GB address space. The Java Heap base address is the
#     maximum limit for the native heap growth. Please use -XX:HeapBaseMinAddress
#     to set the Java Heap base and to place the Java Heap above 4GB virtual address.
# This output file may be truncated or incomplete.
#
#  Out of Memory Error (./src/hotspot/share/memory/arena.cpp:197), pid=2620, tid=11700
#
# JRE version: OpenJDK Runtime Environment (11.0.12+7) (build 11.0.12+7-b1504.28-7817840)
# Java VM: OpenJDK 64-Bit Server VM (11.0.12+7-b1504.28-7817840, mixed mode, tiered, compressed oops, g1 gc, windows-amd64)
# No core dump will be written. Minidumps are not enabled by default on client versions of Windows
#

---------------  S U M M A R Y ------------

Command Line: --add-opens=java.base/java.util=ALL-UNNAMED --add-opens=java.base/java.lang=ALL-UNNAMED --add-opens=java.base/java.lang.invoke=ALL-UNNAMED --add-opens=java.base/java.util=ALL-UNNAMED --add-opens=java.prefs/java.util.prefs=ALL-UNNAMED --add-opens=java.prefs/java.util.prefs=ALL-UNNAMED --add-opens=java.base/java.nio.charset=ALL-UNNAMED --add-opens=java.base/java.net=ALL-UNNAMED --add-opens=java.base/java.util.concurrent.atomic=ALL-UNNAMED -Xmx2048m -Dfile.encoding=UTF-8 -Duser.country=US -Duser.language=en -Duser.variant org.gradle.launcher.daemon.bootstrap.GradleDaemon 7.3.3

Host: Intel(R) Core(TM) i5-8400 CPU @ 2.80GHz, 6 cores, 7G,  Windows 10 , 64 bit Build 19041 (10.0.19041.1741)
Time: Tue Aug  2 09:38:31 2022 Tocantins Standard Time elapsed time: 7.946082 seconds (0d 0h 0m 7s)

---------------  T H R E A D  ---------------

Current thread (0x000002ba33a10000):  JavaThread "C2 CompilerThread0" daemon [_thread_in_native, id=11700, stack(0x000000f5d7e00000,0x000000f5d7f00000)]


Current CompileTask:
C2:   7946 5946   !   4       java.util.jar.Attributes::read (390 bytes)

Stack: [0x000000f5d7e00000,0x000000f5d7f00000]
Native frames: (J=compiled Java code, j=interpreted, Vv=VM code, C=native code)
V  [jvm.dll+0x5fbcea]
V  [jvm.dll+0x731905]
V  [jvm.dll+0x732f1d]
V  [jvm.dll+0x7335d3]
V  [jvm.dll+0x247bf8]
V  [jvm.dll+0xc018c]
V  [jvm.dll+0xc06cc]
V  [jvm.dll+0x35b31d]
V  [jvm.dll+0x19d0bc]
V  [jvm.dll+0x20070e]
V  [jvm.dll+0x1ff794]
V  [jvm.dll+0x18868c]
V  [jvm.dll+0x20e0d7]
V  [jvm.dll+0x20c901]
V  [jvm.dll+0x6f9b7f]
V  [jvm.dll+0x6f26a5]
V  [jvm.dll+0x5fabf6]
C  [ucrtbase.dll+0x21bb2]
C  [KERNEL32.DLL+0x17034]
C  [ntdll.dll+0x52651]


---------------  P R O C E S S  ---------------

Threads class SMR info:
_java_thread_list=0x000002ba3aca16d0, length=100, elements={
0x000002ba199b2800, 0x000002ba339ef800, 0x000002ba339f9000, 0x000002ba33a08000,
0x000002ba33a09000, 0x000002ba33a0d000, 0x000002ba33a10000, 0x000002ba33a11800,
0x000002ba33a12800, 0x000002ba344c7000, 0x000002ba35ef6000, 0x000002ba345cf800,
0x000002ba35d36800, 0x000002ba36536000, 0x000002ba364e4000, 0x000002ba36a03000,
0x000002ba36787000, 0x000002ba35611800, 0x000002ba365cd800, 0x000002ba35c4b800,
0x000002ba35c4c800, 0x000002ba35c4d000, 0x000002ba35c4e000, 0x000002ba35c4f000,
0x000002ba35c49000, 0x000002ba35c4f800, 0x000002ba35c4a000, 0x000002ba35c4a800,
0x000002ba381f5800, 0x000002ba381f3800, 0x000002ba381f7000, 0x000002ba381f8000,
0x000002ba381f3000, 0x000002ba381f8800, 0x000002ba381f9800, 0x000002ba381fa000,
0x000002ba381f4800, 0x000002ba381fc800, 0x000002ba381fc000, 0x000002ba381fd800,
0x000002ba381ff000, 0x000002ba381fb000, 0x000002ba38200000, 0x000002ba381fe800,
0x000002ba38201000, 0x000002ba38565000, 0x000002ba38565800, 0x000002ba38566800,
0x000002ba38567800, 0x000002ba38568000, 0x000002ba38564000, 0x000002ba38569000,
0x000002ba38563800, 0x000002ba3856e800, 0x000002ba3856b800, 0x000002ba3856f800,
0x000002ba3856a000, 0x000002ba3856a800, 0x000002ba3856e000, 0x000002ba38572000,
0x000002ba38570800, 0x000002ba38571000, 0x000002ba3856c800, 0x000002ba3856d000,
0x000002ba39aa5000, 0x000002ba39aa7000, 0x000002ba39aa6000, 0x000002ba39aa7800,
0x000002ba39aa8800, 0x000002ba39aa9800, 0x000002ba39aaa000, 0x000002ba39aa4800,
0x000002ba39aab000, 0x000002ba39aae000, 0x000002ba39aaf000, 0x000002ba39aac800,
0x000002ba39aad800, 0x000002ba39ab0800, 0x000002ba39ab0000, 0x000002ba39ab1800,
0x000002ba39aab800, 0x000002ba39ab2000, 0x000002ba39ab3000, 0x000002ba3874d000,
0x000002ba38747800, 0x000002ba3874e000, 0x000002ba3874a800, 0x000002ba3874b800,
0x000002ba38748000, 0x000002ba3874c000, 0x000002ba3874a000, 0x000002ba3874e800,
0x000002ba38749000, 0x000002ba38752000, 0x000002ba38753800, 0x000002ba38753000,
0x000002ba3874f800, 0x000002ba38754800, 0x000002ba38751000, 0x000002ba38756000
}

Java Threads: ( => current thread )
  0x000002ba199b2800 JavaThread "main" [_thread_blocked, id=12216, stack(0x000000f5d7200000,0x000000f5d7300000)]
  0x000002ba339ef800 JavaThread "Reference Handler" daemon [_thread_blocked, id=5432, stack(0x000000f5d7900000,0x000000f5d7a00000)]
  0x000002ba339f9000 JavaThread "Finalizer" daemon [_thread_blocked, id=10876, stack(0x000000f5d7a00000,0x000000f5d7b00000)]
  0x000002ba33a08000 JavaThread "Signal Dispatcher" daemon [_thread_blocked, id=7012, stack(0x000000f5d7b00000,0x000000f5d7c00000)]
  0x000002ba33a09000 JavaThread "Attach Listener" daemon [_thread_blocked, id=5696, stack(0x000000f5d7c00000,0x000000f5d7d00000)]
  0x000002ba33a0d000 JavaThread "Service Thread" daemon [_thread_blocked, id=10032, stack(0x000000f5d7d00000,0x000000f5d7e00000)]
=>0x000002ba33a10000 JavaThread "C2 CompilerThread0" daemon [_thread_in_native, id=11700, stack(0x000000f5d7e00000,0x000000f5d7f00000)]
  0x000002ba33a11800 JavaThread "C1 CompilerThread0" daemon [_thread_in_vm, id=2040, stack(0x000000f5d7f00000,0x000000f5d8000000)]
  0x000002ba33a12800 JavaThread "Sweeper thread" daemon [_thread_blocked, id=9436, stack(0x000000f5d8000000,0x000000f5d8100000)]
  0x000002ba344c7000 JavaThread "Common-Cleaner" daemon [_thread_blocked, id=8452, stack(0x000000f5d8100000,0x000000f5d8200000)]
  0x000002ba35ef6000 JavaThread "Daemon health stats" [_thread_blocked, id=10428, stack(0x000000f5d8600000,0x000000f5d8700000)]
  0x000002ba345cf800 JavaThread "Incoming local TCP Connector on port 53822" [_thread_in_native, id=7428, stack(0x000000f5d8300000,0x000000f5d8400000)]
  0x000002ba35d36800 JavaThread "Daemon periodic checks" [_thread_blocked, id=9704, stack(0x000000f5d8700000,0x000000f5d8800000)]
  0x000002ba36536000 JavaThread "Daemon" [_thread_blocked, id=3196, stack(0x000000f5d8800000,0x000000f5d8900000)]
  0x000002ba364e4000 JavaThread "Handler for socket connection from /127.0.0.1:53822 to /127.0.0.1:53825" [_thread_in_native, id=6196, stack(0x000000f5d8900000,0x000000f5d8a00000)]
  0x000002ba36a03000 JavaThread "Cancel handler" [_thread_blocked, id=6460, stack(0x000000f5d8a00000,0x000000f5d8b00000)]
  0x000002ba36787000 JavaThread "Daemon worker" [_thread_in_vm, id=11072, stack(0x000000f5d8b00000,0x000000f5d8c00000)]
  0x000002ba35611800 JavaThread "Asynchronous log dispatcher for DefaultDaemonConnection: socket connection from /127.0.0.1:53822 to /127.0.0.1:53825" [_thread_blocked, id=2192, stack(0x000000f5d8c00000,0x000000f5d8d00000)]
  0x000002ba365cd800 JavaThread "Stdin handler" [_thread_blocked, id=8156, stack(0x000000f5d8d00000,0x000000f5d8e00000)]
  0x000002ba35c4b800 JavaThread "Daemon client event forwarder" [_thread_blocked, id=5372, stack(0x000000f5d8e00000,0x000000f5d8f00000)]
  0x000002ba35c4c800 JavaThread "Cache worker for journal cache (C:\Users\logonpflocal\.gradle\caches\journal-1)" [_thread_blocked, id=8252, stack(0x000000f5d9200000,0x000000f5d9300000)]
  0x000002ba35c4d000 JavaThread "File lock request listener" [_thread_in_native, id=7544, stack(0x000000f5d9300000,0x000000f5d9400000)]
  0x000002ba35c4e000 JavaThread "Cache worker for file hash cache (C:\Users\logonpflocal\.gradle\caches\7.3.3\fileHashes)" [_thread_blocked, id=7192, stack(0x000000f5d9400000,0x000000f5d9500000)]
  0x000002ba35c4f000 JavaThread "Cache worker for file hash cache (C:\Users\logonpflocal\AndroidStudioProjects\AndroidNDAlunos\.gradle\7.3.3\fileHashes)" [_thread_blocked, id=3120, stack(0x000000f5d9700000,0x000000f5d9800000)]
  0x000002ba35c49000 JavaThread "File watcher server" daemon [_thread_in_native, id=1512, stack(0x000000f5d9800000,0x000000f5d9900000)]
  0x000002ba35c4f800 JavaThread "File watcher consumer" daemon [_thread_blocked, id=12228, stack(0x000000f5d9900000,0x000000f5d9a00000)]
  0x000002ba35c4a000 JavaThread "Cache worker for checksums cache (C:\Users\logonpflocal\AndroidStudioProjects\AndroidNDAlunos\.gradle\7.3.3\checksums)" [_thread_blocked, id=10732, stack(0x000000f5d9a00000,0x000000f5d9b00000)]
  0x000002ba35c4a800 JavaThread "Cache worker for cache directory md-supplier (C:\Users\logonpflocal\.gradle\caches\7.3.3\md-supplier)" [_thread_blocked, id=2276, stack(0x000000f5d9b00000,0x000000f5d9c00000)]
  0x000002ba381f5800 JavaThread "Cache worker for cache directory md-rule (C:\Users\logonpflocal\.gradle\caches\7.3.3\md-rule)" [_thread_blocked, id=5412, stack(0x000000f5d9c00000,0x000000f5d9d00000)]
  0x000002ba381f3800 JavaThread "Cache worker for execution history cache (C:\Users\logonpflocal\.gradle\caches\7.3.3\executionHistory)" [_thread_blocked, id=10100, stack(0x000000f5d9d00000,0x000000f5d9e00000)]
  0x000002ba381f7000 JavaThread "jar transforms" [_thread_blocked, id=10896, stack(0x000000f5d9e00000,0x000000f5d9f00000)]
  0x000002ba381f8000 JavaThread "Cache worker for file content cache (C:\Users\logonpflocal\.gradle\caches\7.3.3\fileContent)" [_thread_blocked, id=11588, stack(0x000000f5d9f00000,0x000000f5da000000)]
  0x000002ba381f3000 JavaThread "jar transforms Thread 2" [_thread_blocked, id=10792, stack(0x000000f5da000000,0x000000f5da100000)]
  0x000002ba381f8800 JavaThread "Cache worker for dependencies-accessors (C:\Users\logonpflocal\AndroidStudioProjects\AndroidNDAlunos\.gradle\7.3.3\dependencies-accessors)" [_thread_blocked, id=8596, stack(0x000000f5da100000,0x000000f5da200000)]
  0x000002ba381f9800 JavaThread "jar transforms Thread 3" [_thread_blocked, id=3672, stack(0x000000f5da200000,0x000000f5da300000)]
  0x000002ba381fa000 JavaThread "Cache worker for Build Output Cleanup Cache (C:\Users\logonpflocal\AndroidStudioProjects\AndroidNDAlunos\.gradle\buildOutputCleanup)" [_thread_blocked, id=7200, stack(0x000000f5da300000,0x000000f5da400000)]
  0x000002ba381f4800 JavaThread "Unconstrained build operations" [_thread_blocked, id=12236, stack(0x000000f5da400000,0x000000f5da500000)]
  0x000002ba381fc800 JavaThread "Unconstrained build operations Thread 2" [_thread_blocked, id=6920, stack(0x000000f5da500000,0x000000f5da600000)]
  0x000002ba381fc000 JavaThread "Unconstrained build operations Thread 3" [_thread_blocked, id=5148, stack(0x000000f5da600000,0x000000f5da700000)]
  0x000002ba381fd800 JavaThread "Unconstrained build operations Thread 4" [_thread_blocked, id=9256, stack(0x000000f5da700000,0x000000f5da800000)]
  0x000002ba381ff000 JavaThread "Unconstrained build operations Thread 5" [_thread_blocked, id=2476, stack(0x000000f5da800000,0x000000f5da900000)]
  0x000002ba381fb000 JavaThread "Unconstrained build operations Thread 6" [_thread_blocked, id=6428, stack(0x000000f5da900000,0x000000f5daa00000)]
  0x000002ba38200000 JavaThread "Unconstrained build operations Thread 7" [_thread_blocked, id=11344, stack(0x000000f5daa00000,0x000000f5dab00000)]
  0x000002ba381fe800 JavaThread "Unconstrained build operations Thread 8" [_thread_blocked, id=9892, stack(0x000000f5dab00000,0x000000f5dac00000)]
  0x000002ba38201000 JavaThread "Unconstrained build operations Thread 9" [_thread_blocked, id=9192, stack(0x000000f5dac00000,0x000000f5dad00000)]
  0x000002ba38565000 JavaThread "Unconstrained build operations Thread 10" [_thread_blocked, id=11224, stack(0x000000f5dad00000,0x000000f5dae00000)]
  0x000002ba38565800 JavaThread "Unconstrained build operations Thread 11" [_thread_blocked, id=8476, stack(0x000000f5dae00000,0x000000f5daf00000)]
  0x000002ba38566800 JavaThread "Unconstrained build operations Thread 12" [_thread_blocked, id=9416, stack(0x000000f5daf00000,0x000000f5db000000)]
  0x000002ba38567800 JavaThread "Unconstrained build operations Thread 13" [_thread_blocked, id=4608, stack(0x000000f5db000000,0x000000f5db100000)]
  0x000002ba38568000 JavaThread "Unconstrained build operations Thread 14" [_thread_blocked, id=11516, stack(0x000000f5db100000,0x000000f5db200000)]
  0x000002ba38564000 JavaThread "Unconstrained build operations Thread 15" [_thread_blocked, id=11080, stack(0x000000f5db200000,0x000000f5db300000)]
  0x000002ba38569000 JavaThread "Unconstrained build operations Thread 16" [_thread_blocked, id=11720, stack(0x000000f5db300000,0x000000f5db400000)]
  0x000002ba38563800 JavaThread "Unconstrained build operations Thread 17" [_thread_blocked, id=8932, stack(0x000000f5db400000,0x000000f5db500000)]
  0x000002ba3856e800 JavaThread "Unconstrained build operations Thread 18" [_thread_blocked, id=8028, stack(0x000000f5db500000,0x000000f5db600000)]
  0x000002ba3856b800 JavaThread "Unconstrained build operations Thread 19" [_thread_blocked, id=10248, stack(0x000000f5db600000,0x000000f5db700000)]
  0x000002ba3856f800 JavaThread "Unconstrained build operations Thread 20" [_thread_blocked, id=4108, stack(0x000000f5db700000,0x000000f5db800000)]
  0x000002ba3856a000 JavaThread "Unconstrained build operations Thread 21" [_thread_blocked, id=8776, stack(0x000000f5db800000,0x000000f5db900000)]
  0x000002ba3856a800 JavaThread "Unconstrained build operations Thread 22" [_thread_blocked, id=7684, stack(0x000000f5db900000,0x000000f5dba00000)]
  0x000002ba3856e000 JavaThread "Unconstrained build operations Thread 23" [_thread_blocked, id=11108, stack(0x000000f5dba00000,0x000000f5dbb00000)]
  0x000002ba38572000 JavaThread "Unconstrained build operations Thread 24" [_thread_blocked, id=12120, stack(0x000000f5dbb00000,0x000000f5dbc00000)]
  0x000002ba38570800 JavaThread "Unconstrained build operations Thread 25" [_thread_blocked, id=4636, stack(0x000000f5dbc00000,0x000000f5dbd00000)]
  0x000002ba38571000 JavaThread "Unconstrained build operations Thread 26" [_thread_blocked, id=5640, stack(0x000000f5dbd00000,0x000000f5dbe00000)]
  0x000002ba3856c800 JavaThread "Unconstrained build operations Thread 27" [_thread_blocked, id=1408, stack(0x000000f5dbe00000,0x000000f5dbf00000)]
  0x000002ba3856d000 JavaThread "Unconstrained build operations Thread 28" [_thread_blocked, id=8700, stack(0x000000f5dbf00000,0x000000f5dc000000)]
  0x000002ba39aa5000 JavaThread "Unconstrained build operations Thread 29" [_thread_blocked, id=2764, stack(0x000000f5dc000000,0x000000f5dc100000)]
  0x000002ba39aa7000 JavaThread "Unconstrained build operations Thread 30" [_thread_blocked, id=9984, stack(0x000000f5dc100000,0x000000f5dc200000)]
  0x000002ba39aa6000 JavaThread "Unconstrained build operations Thread 31" [_thread_blocked, id=5772, stack(0x000000f5dc200000,0x000000f5dc300000)]
  0x000002ba39aa7800 JavaThread "Unconstrained build operations Thread 32" [_thread_blocked, id=8324, stack(0x000000f5dc300000,0x000000f5dc400000)]
  0x000002ba39aa8800 JavaThread "Unconstrained build operations Thread 33" [_thread_blocked, id=696, stack(0x000000f5dc400000,0x000000f5dc500000)]
  0x000002ba39aa9800 JavaThread "Unconstrained build operations Thread 34" [_thread_blocked, id=3100, stack(0x000000f5dc500000,0x000000f5dc600000)]
  0x000002ba39aaa000 JavaThread "Unconstrained build operations Thread 35" [_thread_blocked, id=9268, stack(0x000000f5dc600000,0x000000f5dc700000)]
  0x000002ba39aa4800 JavaThread "Unconstrained build operations Thread 36" [_thread_blocked, id=9952, stack(0x000000f5dc700000,0x000000f5dc800000)]
  0x000002ba39aab000 JavaThread "Unconstrained build operations Thread 37" [_thread_blocked, id=1492, stack(0x000000f5dc800000,0x000000f5dc900000)]
  0x000002ba39aae000 JavaThread "Unconstrained build operations Thread 38" [_thread_blocked, id=11292, stack(0x000000f5dc900000,0x000000f5dca00000)]
  0x000002ba39aaf000 JavaThread "Unconstrained build operations Thread 39" [_thread_blocked, id=10332, stack(0x000000f5dca00000,0x000000f5dcb00000)]
  0x000002ba39aac800 JavaThread "Unconstrained build operations Thread 40" [_thread_blocked, id=12180, stack(0x000000f5dcb00000,0x000000f5dcc00000)]
  0x000002ba39aad800 JavaThread "Unconstrained build operations Thread 41" [_thread_blocked, id=6480, stack(0x000000f5dcc00000,0x000000f5dcd00000)]
  0x000002ba39ab0800 JavaThread "Unconstrained build operations Thread 42" [_thread_blocked, id=5292, stack(0x000000f5dcd00000,0x000000f5dce00000)]
  0x000002ba39ab0000 JavaThread "Unconstrained build operations Thread 43" [_thread_blocked, id=8356, stack(0x000000f5dce00000,0x000000f5dcf00000)]
  0x000002ba39ab1800 JavaThread "Unconstrained build operations Thread 44" [_thread_blocked, id=12040, stack(0x000000f5dcf00000,0x000000f5dd000000)]
  0x000002ba39aab800 JavaThread "Unconstrained build operations Thread 45" [_thread_blocked, id=6412, stack(0x000000f5dd000000,0x000000f5dd100000)]
  0x000002ba39ab2000 JavaThread "Unconstrained build operations Thread 46" [_thread_blocked, id=8240, stack(0x000000f5dd100000,0x000000f5dd200000)]
  0x000002ba39ab3000 JavaThread "Unconstrained build operations Thread 47" [_thread_blocked, id=9896, stack(0x000000f5dd200000,0x000000f5dd300000)]
  0x000002ba3874d000 JavaThread "Unconstrained build operations Thread 48" [_thread_blocked, id=11148, stack(0x000000f5dd300000,0x000000f5dd400000)]
  0x000002ba38747800 JavaThread "Unconstrained build operations Thread 49" [_thread_blocked, id=3648, stack(0x000000f5dd400000,0x000000f5dd500000)]
  0x000002ba3874e000 JavaThread "Unconstrained build operations Thread 50" [_thread_blocked, id=6060, stack(0x000000f5dd500000,0x000000f5dd600000)]
  0x000002ba3874a800 JavaThread "Unconstrained build operations Thread 51" [_thread_blocked, id=6160, stack(0x000000f5dd600000,0x000000f5dd700000)]
  0x000002ba3874b800 JavaThread "Unconstrained build operations Thread 52" [_thread_blocked, id=8100, stack(0x000000f5dd700000,0x000000f5dd800000)]
  0x000002ba38748000 JavaThread "Unconstrained build operations Thread 53" [_thread_blocked, id=10892, stack(0x000000f5dd800000,0x000000f5dd900000)]
  0x000002ba3874c000 JavaThread "Unconstrained build operations Thread 54" [_thread_blocked, id=6668, stack(0x000000f5dd900000,0x000000f5dda00000)]
  0x000002ba3874a000 JavaThread "Unconstrained build operations Thread 55" [_thread_blocked, id=11892, stack(0x000000f5dda00000,0x000000f5ddb00000)]
  0x000002ba3874e800 JavaThread "Unconstrained build operations Thread 56" [_thread_blocked, id=11124, stack(0x000000f5ddb00000,0x000000f5ddc00000)]
  0x000002ba38749000 JavaThread "Unconstrained build operations Thread 57" [_thread_blocked, id=11672, stack(0x000000f5ddc00000,0x000000f5ddd00000)]
  0x000002ba38752000 JavaThread "Unconstrained build operations Thread 58" [_thread_blocked, id=4260, stack(0x000000f5ddd00000,0x000000f5dde00000)]
  0x000002ba38753800 JavaThread "Unconstrained build operations Thread 59" [_thread_blocked, id=8444, stack(0x000000f5dde00000,0x000000f5ddf00000)]
  0x000002ba38753000 JavaThread "Unconstrained build operations Thread 60" [_thread_blocked, id=8524, stack(0x000000f5ddf00000,0x000000f5de000000)]
  0x000002ba3874f800 JavaThread "jar transforms Thread 4" [_thread_blocked, id=4848, stack(0x000000f5de000000,0x000000f5de100000)]
  0x000002ba38754800 JavaThread "jar transforms Thread 5" [_thread_blocked, id=1504, stack(0x000000f5de100000,0x000000f5de200000)]
  0x000002ba38751000 JavaThread "jar transforms Thread 6" [_thread_blocked, id=1576, stack(0x000000f5de200000,0x000000f5de300000)]
  0x000002ba38756000 JavaThread "Memory manager" [_thread_blocked, id=6076, stack(0x000000f5d9600000,0x000000f5d9700000)]

Other Threads:
  0x000002ba339ec800 VMThread "VM Thread" [stack: 0x000000f5d7800000,0x000000f5d7900000] [id=10340]
  0x000002ba344d0000 WatcherThread [stack: 0x000000f5d8200000,0x000000f5d8300000] [id=7396]
  0x000002ba199cc000 GCTaskThread "GC Thread#0" [stack: 0x000000f5d7300000,0x000000f5d7400000] [id=7920]
  0x000002ba34a83000 GCTaskThread "GC Thread#1" [stack: 0x000000f5d8400000,0x000000f5d8500000] [id=9012]
  0x000002ba3512b800 GCTaskThread "GC Thread#2" [stack: 0x000000f5d8500000,0x000000f5d8600000] [id=1520]
  0x000002ba35e7c800 GCTaskThread "GC Thread#3" [stack: 0x000000f5d8f00000,0x000000f5d9000000] [id=7104]
  0x000002ba3629a800 GCTaskThread "GC Thread#4" [stack: 0x000000f5d9000000,0x000000f5d9100000] [id=11128]
  0x000002ba35612000 GCTaskThread "GC Thread#5" [stack: 0x000000f5d9100000,0x000000f5d9200000] [id=8136]
  0x000002ba199fd000 ConcurrentGCThread "G1 Main Marker" [stack: 0x000000f5d7400000,0x000000f5d7500000] [id=8904]
  0x000002ba199fe000 ConcurrentGCThread "G1 Conc#0" [stack: 0x000000f5d7500000,0x000000f5d7600000] [id=10080]
  0x000002ba35004800 ConcurrentGCThread "G1 Conc#1" [stack: 0x000000f5d9500000,0x000000f5d9600000] [id=12268]
  0x000002ba33840800 ConcurrentGCThread "G1 Refine#0" [stack: 0x000000f5d7600000,0x000000f5d7700000] [id=3024]
  0x000002ba33841800 ConcurrentGCThread "G1 Young RemSet Sampling" [stack: 0x000000f5d7700000,0x000000f5d7800000] [id=9404]

Threads with active compile tasks:
C2 CompilerThread0   7974 5946   !   4       java.util.jar.Attributes::read (390 bytes)
C1 CompilerThread0   7974 6058   !   2       com.sun.proxy.$Proxy5::annotationType (29 bytes)

VM state:not at safepoint (normal execution)

VM Mutex/Monitor currently owned by a thread: None

Heap address: 0x0000000080000000, size: 2048 MB, Compressed Oops mode: 32-bit
Narrow klass base: 0x0000000000000000, Narrow klass shift: 3
Compressed class space size: 1073741824 Address: 0x0000000100000000

Heap:
 garbage-first heap   total 157696K, used 87111K [0x0000000080000000, 0x0000000100000000)
  region size 1024K, 40 young (40960K), 3 survivors (3072K)
 Metaspace       used 62540K, capacity 63988K, committed 64392K, reserved 1105920K
  class space    used 7953K, capacity 8528K, committed 8656K, reserved 1048576K
Heap Regions: E=young(eden), S=young(survivor), O=old, HS=humongous(starts), HC=humongous(continues), CS=collection set, F=free, A=archive, TAMS=top-at-mark-start (previous, next)
|   0|0x0000000080000000, 0x0000000080100000, 0x0000000080100000|100%| O|  |TAMS 0x0000000080100000, 0x0000000080000000| Untracked 
|   1|0x0000000080100000, 0x0000000080200000, 0x0000000080200000|100%| O|  |TAMS 0x0000000080200000, 0x0000000080100000| Untracked 
|   2|0x0000000080200000, 0x0000000080300000, 0x0000000080300000|100%| O|  |TAMS 0x0000000080300000, 0x0000000080200000| Untracked 
|   3|0x0000000080300000, 0x0000000080400000, 0x0000000080400000|100%|HS|  |TAMS 0x0000000080400000, 0x0000000080300000| Complete 
|   4|0x0000000080400000, 0x0000000080500000, 0x0000000080500000|100%|HC|  |TAMS 0x0000000080500000, 0x0000000080400000| Complete 
|   5|0x0000000080500000, 0x0000000080600000, 0x0000000080600000|100%|HC|  |TAMS 0x0000000080600000, 0x0000000080500000| Complete 
|   6|0x0000000080600000, 0x0000000080700000, 0x0000000080700000|100%| O|  |TAMS 0x0000000080700000, 0x0000000080600000| Untracked 
|   7|0x0000000080700000, 0x0000000080800000, 0x0000000080800000|100%| O|  |TAMS 0x0000000080800000, 0x0000000080700000| Untracked 
|   8|0x0000000080800000, 0x0000000080900000, 0x0000000080900000|100%| O|  |TAMS 0x0000000080900000, 0x0000000080800000| Untracked 
|   9|0x0000000080900000, 0x0000000080a00000, 0x0000000080a00000|100%| O|  |TAMS 0x0000000080a00000, 0x0000000080900000| Untracked 
|  10|0x0000000080a00000, 0x0000000080b00000, 0x0000000080b00000|100%| O|  |TAMS 0x0000000080b00000, 0x0000000080a00000| Untracked 
|  11|0x0000000080b00000, 0x0000000080c00000, 0x0000000080c00000|100%| O|  |TAMS 0x0000000080c00000, 0x0000000080b00000| Untracked 
|  12|0x0000000080c00000, 0x0000000080d00000, 0x0000000080d00000|100%| O|  |TAMS 0x0000000080d00000, 0x0000000080c00000| Untracked 
|  13|0x0000000080d00000, 0x0000000080e00000, 0x0000000080e00000|100%| O|  |TAMS 0x0000000080e00000, 0x0000000080d00000| Untracked 
|  14|0x0000000080e00000, 0x0000000080f00000, 0x0000000080f00000|100%| O|  |TAMS 0x0000000080f00000, 0x0000000080e00000| Untracked 
|  15|0x0000000080f00000, 0x0000000081000000, 0x0000000081000000|100%| O|  |TAMS 0x0000000081000000, 0x0000000080f00000| Untracked 
|  16|0x0000000081000000, 0x0000000081100000, 0x0000000081100000|100%|HS|  |TAMS 0x0000000081100000, 0x0000000081000000| Complete 
|  17|0x0000000081100000, 0x0000000081200000, 0x0000000081200000|100%| O|  |TAMS 0x0000000081200000, 0x0000000081100000| Untracked 
|  18|0x0000000081200000, 0x0000000081300000, 0x0000000081300000|100%| O|  |TAMS 0x0000000081300000, 0x0000000081200000| Untracked 
|  19|0x0000000081300000, 0x0000000081400000, 0x0000000081400000|100%| O|  |TAMS 0x0000000081400000, 0x0000000081300000| Untracked 
|  20|0x0000000081400000, 0x0000000081500000, 0x0000000081500000|100%| O|  |TAMS 0x0000000081500000, 0x0000000081400000| Untracked 
|  21|0x0000000081500000, 0x0000000081600000, 0x0000000081600000|100%| O|  |TAMS 0x0000000081600000, 0x0000000081500000| Untracked 
|  22|0x0000000081600000, 0x0000000081700000, 0x0000000081700000|100%| O|  |TAMS 0x0000000081700000, 0x0000000081600000| Untracked 
|  23|0x0000000081700000, 0x0000000081800000, 0x0000000081800000|100%| O|  |TAMS 0x0000000081800000, 0x0000000081700000| Untracked 
|  24|0x0000000081800000, 0x0000000081900000, 0x0000000081900000|100%| O|  |TAMS 0x0000000081900000, 0x0000000081800000| Untracked 
|  25|0x0000000081900000, 0x0000000081a00000, 0x0000000081a00000|100%| O|  |TAMS 0x0000000081a00000, 0x0000000081900000| Untracked 
|  26|0x0000000081a00000, 0x0000000081b00000, 0x0000000081b00000|100%| O|  |TAMS 0x0000000081b00000, 0x0000000081a00000| Untracked 
|  27|0x0000000081b00000, 0x0000000081c00000, 0x0000000081c00000|100%| O|  |TAMS 0x0000000081c00000, 0x0000000081b00000| Untracked 
|  28|0x0000000081c00000, 0x0000000081d00000, 0x0000000081d00000|100%|HS|  |TAMS 0x0000000081d00000, 0x0000000081c00000| Complete 
|  29|0x0000000081d00000, 0x0000000081e00000, 0x0000000081e00000|100%|HS|  |TAMS 0x0000000081e00000, 0x0000000081d00000| Complete 
|  30|0x0000000081e00000, 0x0000000081f00000, 0x0000000081f00000|100%|HS|  |TAMS 0x0000000081f00000, 0x0000000081e00000| Complete 
|  31|0x0000000081f00000, 0x0000000082000000, 0x0000000082000000|100%|HC|  |TAMS 0x0000000082000000, 0x0000000081f00000| Complete 
|  32|0x0000000082000000, 0x0000000082100000, 0x0000000082100000|100%|HC|  |TAMS 0x0000000082100000, 0x0000000082000000| Complete 
|  33|0x0000000082100000, 0x0000000082200000, 0x0000000082200000|100%|HS|  |TAMS 0x0000000082200000, 0x0000000082100000| Complete 
|  34|0x0000000082200000, 0x0000000082300000, 0x0000000082300000|100%|HC|  |TAMS 0x0000000082300000, 0x0000000082200000| Complete 
|  35|0x0000000082300000, 0x0000000082400000, 0x0000000082400000|100%| O|  |TAMS 0x0000000082400000, 0x0000000082300000| Untracked 
|  36|0x0000000082400000, 0x0000000082500000, 0x0000000082500000|100%| O|  |TAMS 0x0000000082500000, 0x0000000082400000| Untracked 
|  37|0x0000000082500000, 0x0000000082600000, 0x0000000082600000|100%| O|  |TAMS 0x0000000082600000, 0x0000000082500000| Untracked 
|  38|0x0000000082600000, 0x0000000082700000, 0x0000000082700000|100%| O|  |TAMS 0x0000000082700000, 0x0000000082600000| Untracked 
|  39|0x0000000082700000, 0x0000000082800000, 0x0000000082800000|100%| O|  |TAMS 0x0000000082800000, 0x0000000082700000| Untracked 
|  40|0x0000000082800000, 0x0000000082900000, 0x0000000082900000|100%| O|  |TAMS 0x0000000082900000, 0x0000000082800000| Untracked 
|  41|0x0000000082900000, 0x0000000082a00000, 0x0000000082a00000|100%| O|  |TAMS 0x0000000082a00000, 0x0000000082900000| Untracked 
|  42|0x0000000082a00000, 0x0000000082b00000, 0x0000000082b00000|100%| O|  |TAMS 0x0000000082b00000, 0x0000000082a00000| Untracked 
|  43|0x0000000082b00000, 0x0000000082c00000, 0x0000000082c00000|100%| O|  |TAMS 0x0000000082c00000, 0x0000000082b00000| Untracked 
|  44|0x0000000082c00000, 0x0000000082d00000, 0x0000000082d00000|100%| O|  |TAMS 0x0000000082d00000, 0x0000000082c00000| Untracked 
|  45|0x0000000082d00000, 0x0000000082e00000, 0x0000000082e00000|100%| O|  |TAMS 0x0000000082e00000, 0x0000000082d00000| Untracked 
|  46|0x0000000082e00000, 0x0000000082f00000, 0x0000000082f00000|100%| O|  |TAMS 0x0000000082f00000, 0x0000000082e00000| Untracked 
|  47|0x0000000082f00000, 0x0000000082fa8a00, 0x0000000083000000| 65%| O|  |TAMS 0x0000000082fa8a00, 0x0000000082f00000| Untracked 
|  48|0x0000000083000000, 0x0000000083000000, 0x0000000083100000|  0%| F|  |TAMS 0x0000000083000000, 0x0000000083000000| Untracked 
|  49|0x0000000083100000, 0x0000000083100000, 0x0000000083200000|  0%| F|  |TAMS 0x0000000083100000, 0x0000000083100000| Untracked 
|  50|0x0000000083200000, 0x0000000083200000, 0x0000000083300000|  0%| F|  |TAMS 0x0000000083200000, 0x0000000083200000| Untracked 
|  51|0x0000000083300000, 0x0000000083300000, 0x0000000083400000|  0%| F|  |TAMS 0x0000000083300000, 0x0000000083300000| Untracked 
|  52|0x0000000083400000, 0x0000000083400000, 0x0000000083500000|  0%| F|  |TAMS 0x0000000083400000, 0x0000000083400000| Untracked 
|  53|0x0000000083500000, 0x0000000083500000, 0x0000000083600000|  0%| F|  |TAMS 0x0000000083500000, 0x0000000083500000| Untracked 
|  54|0x0000000083600000, 0x0000000083600000, 0x0000000083700000|  0%| F|  |TAMS 0x0000000083600000, 0x0000000083600000| Untracked 
|  55|0x0000000083700000, 0x0000000083700000, 0x0000000083800000|  0%| F|  |TAMS 0x0000000083700000, 0x0000000083700000| Untracked 
|  56|0x0000000083800000, 0x0000000083800000, 0x0000000083900000|  0%| F|  |TAMS 0x0000000083800000, 0x0000000083800000| Untracked 
|  57|0x0000000083900000, 0x0000000083900000, 0x0000000083a00000|  0%| F|  |TAMS 0x0000000083900000, 0x0000000083900000| Untracked 
|  58|0x0000000083a00000, 0x0000000083a00000, 0x0000000083b00000|  0%| F|  |TAMS 0x0000000083a00000, 0x0000000083a00000| Untracked 
|  59|0x0000000083b00000, 0x0000000083b00000, 0x0000000083c00000|  0%| F|  |TAMS 0x0000000083b00000, 0x0000000083b00000| Untracked 
|  60|0x0000000083c00000, 0x0000000083c00000, 0x0000000083d00000|  0%| F|  |TAMS 0x0000000083c00000, 0x0000000083c00000| Untracked 
|  61|0x0000000083d00000, 0x0000000083d00000, 0x0000000083e00000|  0%| F|  |TAMS 0x0000000083d00000, 0x0000000083d00000| Untracked 
|  62|0x0000000083e00000, 0x0000000083e00000, 0x0000000083f00000|  0%| F|  |TAMS 0x0000000083e00000, 0x0000000083e00000| Untracked 
|  63|0x0000000083f00000, 0x0000000083f00000, 0x0000000084000000|  0%| F|  |TAMS 0x0000000083f00000, 0x0000000083f00000| Untracked 
|  64|0x0000000084000000, 0x0000000084000000, 0x0000000084100000|  0%| F|  |TAMS 0x0000000084000000, 0x0000000084000000| Untracked 
|  65|0x0000000084100000, 0x0000000084100000, 0x0000000084200000|  0%| F|  |TAMS 0x0000000084100000, 0x0000000084100000| Untracked 
|  66|0x0000000084200000, 0x0000000084200000, 0x0000000084300000|  0%| F|  |TAMS 0x0000000084200000, 0x0000000084200000| Untracked 
|  67|0x0000000084300000, 0x0000000084300000, 0x0000000084400000|  0%| F|  |TAMS 0x0000000084300000, 0x0000000084300000| Untracked 
|  68|0x0000000084400000, 0x0000000084400000, 0x0000000084500000|  0%| F|  |TAMS 0x0000000084400000, 0x0000000084400000| Untracked 
|  69|0x0000000084500000, 0x0000000084500000, 0x0000000084600000|  0%| F|  |TAMS 0x0000000084500000, 0x0000000084500000| Untracked 
|  70|0x0000000084600000, 0x0000000084600000, 0x0000000084700000|  0%| F|  |TAMS 0x0000000084600000, 0x0000000084600000| Untracked 
|  71|0x0000000084700000, 0x0000000084700000, 0x0000000084800000|  0%| F|  |TAMS 0x0000000084700000, 0x0000000084700000| Untracked 
|  72|0x0000000084800000, 0x0000000084800000, 0x0000000084900000|  0%| F|  |TAMS 0x0000000084800000, 0x0000000084800000| Untracked 
|  73|0x0000000084900000, 0x0000000084900000, 0x0000000084a00000|  0%| F|  |TAMS 0x0000000084900000, 0x0000000084900000| Untracked 
|  74|0x0000000084a00000, 0x0000000084a00000, 0x0000000084b00000|  0%| F|  |TAMS 0x0000000084a00000, 0x0000000084a00000| Untracked 
|  75|0x0000000084b00000, 0x0000000084b00000, 0x0000000084c00000|  0%| F|  |TAMS 0x0000000084b00000, 0x0000000084b00000| Untracked 
|  76|0x0000000084c00000, 0x0000000084c00000, 0x0000000084d00000|  0%| F|  |TAMS 0x0000000084c00000, 0x0000000084c00000| Untracked 
|  77|0x0000000084d00000, 0x0000000084d00000, 0x0000000084e00000|  0%| F|  |TAMS 0x0000000084d00000, 0x0000000084d00000| Untracked 
|  78|0x0000000084e00000, 0x0000000084e00000, 0x0000000084f00000|  0%| F|  |TAMS 0x0000000084e00000, 0x0000000084e00000| Untracked 
|  79|0x0000000084f00000, 0x0000000084f00000, 0x0000000085000000|  0%| F|  |TAMS 0x0000000084f00000, 0x0000000084f00000| Untracked 
|  80|0x0000000085000000, 0x0000000085000000, 0x0000000085100000|  0%| F|  |TAMS 0x0000000085000000, 0x0000000085000000| Untracked 
|  81|0x0000000085100000, 0x0000000085100000, 0x0000000085200000|  0%| F|  |TAMS 0x0000000085100000, 0x0000000085100000| Untracked 
|  82|0x0000000085200000, 0x0000000085200000, 0x0000000085300000|  0%| F|  |TAMS 0x0000000085200000, 0x0000000085200000| Untracked 
|  83|0x0000000085300000, 0x0000000085300000, 0x0000000085400000|  0%| F|  |TAMS 0x0000000085300000, 0x0000000085300000| Untracked 
|  84|0x0000000085400000, 0x0000000085400000, 0x0000000085500000|  0%| F|  |TAMS 0x0000000085400000, 0x0000000085400000| Untracked 
|  85|0x0000000085500000, 0x0000000085500000, 0x0000000085600000|  0%| F|  |TAMS 0x0000000085500000, 0x0000000085500000| Untracked 
|  86|0x0000000085600000, 0x0000000085600000, 0x0000000085700000|  0%| F|  |TAMS 0x0000000085600000, 0x0000000085600000| Untracked 
|  87|0x0000000085700000, 0x0000000085700000, 0x0000000085800000|  0%| F|  |TAMS 0x0000000085700000, 0x0000000085700000| Untracked 
|  88|0x0000000085800000, 0x0000000085800000, 0x0000000085900000|  0%| F|  |TAMS 0x0000000085800000, 0x0000000085800000| Untracked 
|  89|0x0000000085900000, 0x0000000085969240, 0x0000000085a00000| 41%| S|CS|TAMS 0x0000000085900000, 0x0000000085900000| Complete 
|  90|0x0000000085a00000, 0x0000000085b00000, 0x0000000085b00000|100%| S|CS|TAMS 0x0000000085a00000, 0x0000000085a00000| Complete 
|  91|0x0000000085b00000, 0x0000000085c00000, 0x0000000085c00000|100%| S|CS|TAMS 0x0000000085b00000, 0x0000000085b00000| Complete 
|  92|0x0000000085c00000, 0x0000000085c00000, 0x0000000085d00000|  0%| F|  |TAMS 0x0000000085c00000, 0x0000000085c00000| Untracked 
|  93|0x0000000085d00000, 0x0000000085d00000, 0x0000000085e00000|  0%| F|  |TAMS 0x0000000085d00000, 0x0000000085d00000| Untracked 
|  94|0x0000000085e00000, 0x0000000085e00000, 0x0000000085f00000|  0%| F|  |TAMS 0x0000000085e00000, 0x0000000085e00000| Untracked 
|  95|0x0000000085f00000, 0x0000000085f00000, 0x0000000086000000|  0%| F|  |TAMS 0x0000000085f00000, 0x0000000085f00000| Untracked 
|  96|0x0000000086000000, 0x0000000086000000, 0x0000000086100000|  0%| F|  |TAMS 0x0000000086000000, 0x0000000086000000| Untracked 
|  97|0x0000000086100000, 0x0000000086100000, 0x0000000086200000|  0%| F|  |TAMS 0x0000000086100000, 0x0000000086100000| Untracked 
|  98|0x0000000086200000, 0x0000000086200000, 0x0000000086300000|  0%| F|  |TAMS 0x0000000086200000, 0x0000000086200000| Untracked 
|  99|0x0000000086300000, 0x0000000086300000, 0x0000000086400000|  0%| F|  |TAMS 0x0000000086300000, 0x0000000086300000| Untracked 
| 100|0x0000000086400000, 0x0000000086400000, 0x0000000086500000|  0%| F|  |TAMS 0x0000000086400000, 0x0000000086400000| Untracked 
| 101|0x0000000086500000, 0x0000000086500000, 0x0000000086600000|  0%| F|  |TAMS 0x0000000086500000, 0x0000000086500000| Untracked 
| 102|0x0000000086600000, 0x0000000086600000, 0x0000000086700000|  0%| F|  |TAMS 0x0000000086600000, 0x0000000086600000| Untracked 
| 103|0x0000000086700000, 0x0000000086700000, 0x0000000086800000|  0%| F|  |TAMS 0x0000000086700000, 0x0000000086700000| Untracked 
| 104|0x0000000086800000, 0x0000000086800000, 0x0000000086900000|  0%| F|  |TAMS 0x0000000086800000, 0x0000000086800000| Untracked 
| 105|0x0000000086900000, 0x0000000086900000, 0x0000000086a00000|  0%| F|  |TAMS 0x0000000086900000, 0x0000000086900000| Untracked 
| 106|0x0000000086a00000, 0x0000000086a00000, 0x0000000086b00000|  0%| F|  |TAMS 0x0000000086a00000, 0x0000000086a00000| Untracked 
| 107|0x0000000086b00000, 0x0000000086b00000, 0x0000000086c00000|  0%| F|  |TAMS 0x0000000086b00000, 0x0000000086b00000| Untracked 
| 108|0x0000000086c00000, 0x0000000086c00000, 0x0000000086d00000|  0%| F|  |TAMS 0x0000000086c00000, 0x0000000086c00000| Untracked 
| 109|0x0000000086d00000, 0x0000000086d00000, 0x0000000086e00000|  0%| F|  |TAMS 0x0000000086d00000, 0x0000000086d00000| Untracked 
| 110|0x0000000086e00000, 0x0000000086e00000, 0x0000000086f00000|  0%| F|  |TAMS 0x0000000086e00000, 0x0000000086e00000| Untracked 
| 111|0x0000000086f00000, 0x0000000086f00000, 0x0000000087000000|  0%| F|  |TAMS 0x0000000086f00000, 0x0000000086f00000| Untracked 
| 112|0x0000000087000000, 0x0000000087000000, 0x0000000087100000|  0%| F|  |TAMS 0x0000000087000000, 0x0000000087000000| Untracked 
| 113|0x0000000087100000, 0x0000000087100000, 0x0000000087200000|  0%| F|  |TAMS 0x0000000087100000, 0x0000000087100000| Untracked 
| 114|0x0000000087200000, 0x0000000087200000, 0x0000000087300000|  0%| F|  |TAMS 0x0000000087200000, 0x0000000087200000| Untracked 
| 115|0x0000000087300000, 0x0000000087300000, 0x0000000087400000|  0%| F|  |TAMS 0x0000000087300000, 0x0000000087300000| Untracked 
| 116|0x0000000087400000, 0x0000000087400000, 0x0000000087500000|  0%| F|  |TAMS 0x0000000087400000, 0x0000000087400000| Untracked 
| 117|0x0000000087500000, 0x0000000087600000, 0x0000000087600000|100%| E|  |TAMS 0x0000000087500000, 0x0000000087500000| Complete 
| 118|0x0000000087600000, 0x0000000087700000, 0x0000000087700000|100%| E|CS|TAMS 0x0000000087600000, 0x0000000087600000| Complete 
| 119|0x0000000087700000, 0x0000000087800000, 0x0000000087800000|100%| E|CS|TAMS 0x0000000087700000, 0x0000000087700000| Complete 
| 120|0x0000000087800000, 0x0000000087900000, 0x0000000087900000|100%| E|CS|TAMS 0x0000000087800000, 0x0000000087800000| Complete 
| 121|0x0000000087900000, 0x0000000087a00000, 0x0000000087a00000|100%| E|CS|TAMS 0x0000000087900000, 0x0000000087900000| Complete 
| 122|0x0000000087a00000, 0x0000000087b00000, 0x0000000087b00000|100%| E|CS|TAMS 0x0000000087a00000, 0x0000000087a00000| Complete 
| 123|0x0000000087b00000, 0x0000000087c00000, 0x0000000087c00000|100%| E|CS|TAMS 0x0000000087b00000, 0x0000000087b00000| Complete 
| 124|0x0000000087c00000, 0x0000000087d00000, 0x0000000087d00000|100%| E|CS|TAMS 0x0000000087c00000, 0x0000000087c00000| Complete 
| 125|0x0000000087d00000, 0x0000000087e00000, 0x0000000087e00000|100%| E|CS|TAMS 0x0000000087d00000, 0x0000000087d00000| Complete 
| 126|0x0000000087e00000, 0x0000000087f00000, 0x0000000087f00000|100%| E|CS|TAMS 0x0000000087e00000, 0x0000000087e00000| Complete 
| 127|0x0000000087f00000, 0x0000000088000000, 0x0000000088000000|100%| E|CS|TAMS 0x0000000087f00000, 0x0000000087f00000| Complete 
| 128|0x0000000088000000, 0x0000000088100000, 0x0000000088100000|100%| E|CS|TAMS 0x0000000088000000, 0x0000000088000000| Complete 
| 129|0x0000000088100000, 0x0000000088200000, 0x0000000088200000|100%| E|CS|TAMS 0x0000000088100000, 0x0000000088100000| Complete 
| 130|0x0000000088200000, 0x0000000088300000, 0x0000000088300000|100%| E|CS|TAMS 0x0000000088200000, 0x0000000088200000| Complete 
| 131|0x0000000088300000, 0x0000000088400000, 0x0000000088400000|100%| E|CS|TAMS 0x0000000088300000, 0x0000000088300000| Complete 
| 132|0x0000000088400000, 0x0000000088500000, 0x0000000088500000|100%| E|CS|TAMS 0x0000000088400000, 0x0000000088400000| Complete 
| 133|0x0000000088500000, 0x0000000088600000, 0x0000000088600000|100%| E|CS|TAMS 0x0000000088500000, 0x0000000088500000| Complete 
| 134|0x0000000088600000, 0x0000000088700000, 0x0000000088700000|100%| E|CS|TAMS 0x0000000088600000, 0x0000000088600000| Complete 
| 135|0x0000000088700000, 0x0000000088800000, 0x0000000088800000|100%| E|CS|TAMS 0x0000000088700000, 0x0000000088700000| Complete 
| 136|0x0000000088800000, 0x0000000088900000, 0x0000000088900000|100%| E|CS|TAMS 0x0000000088800000, 0x0000000088800000| Complete 
| 137|0x0000000088900000, 0x0000000088a00000, 0x0000000088a00000|100%| E|  |TAMS 0x0000000088900000, 0x0000000088900000| Complete 
| 138|0x0000000088a00000, 0x0000000088b00000, 0x0000000088b00000|100%| E|CS|TAMS 0x0000000088a00000, 0x0000000088a00000| Complete 
| 139|0x0000000088b00000, 0x0000000088c00000, 0x0000000088c00000|100%| E|CS|TAMS 0x0000000088b00000, 0x0000000088b00000| Complete 
| 140|0x0000000088c00000, 0x0000000088d00000, 0x0000000088d00000|100%| E|CS|TAMS 0x0000000088c00000, 0x0000000088c00000| Complete 
| 141|0x0000000088d00000, 0x0000000088e00000, 0x0000000088e00000|100%| E|CS|TAMS 0x0000000088d00000, 0x0000000088d00000| Complete 
| 142|0x0000000088e00000, 0x0000000088f00000, 0x0000000088f00000|100%| E|CS|TAMS 0x0000000088e00000, 0x0000000088e00000| Complete 
| 143|0x0000000088f00000, 0x0000000089000000, 0x0000000089000000|100%| E|CS|TAMS 0x0000000088f00000, 0x0000000088f00000| Complete 
| 144|0x0000000089000000, 0x0000000089100000, 0x0000000089100000|100%| E|CS|TAMS 0x0000000089000000, 0x0000000089000000| Complete 
| 145|0x0000000089100000, 0x0000000089200000, 0x0000000089200000|100%| E|CS|TAMS 0x0000000089100000, 0x0000000089100000| Complete 
| 146|0x0000000089200000, 0x0000000089300000, 0x0000000089300000|100%| E|CS|TAMS 0x0000000089200000, 0x0000000089200000| Complete 
| 147|0x0000000089300000, 0x0000000089400000, 0x0000000089400000|100%| E|CS|TAMS 0x0000000089300000, 0x0000000089300000| Complete 
| 148|0x0000000089400000, 0x0000000089500000, 0x0000000089500000|100%| E|CS|TAMS 0x0000000089400000, 0x0000000089400000| Complete 
| 149|0x0000000089500000, 0x0000000089600000, 0x0000000089600000|100%| E|CS|TAMS 0x0000000089500000, 0x0000000089500000| Complete 
| 150|0x0000000089600000, 0x0000000089700000, 0x0000000089700000|100%| E|CS|TAMS 0x0000000089600000, 0x0000000089600000| Complete 
| 151|0x0000000089700000, 0x0000000089800000, 0x0000000089800000|100%| E|CS|TAMS 0x0000000089700000, 0x0000000089700000| Complete 
| 152|0x0000000089800000, 0x0000000089900000, 0x0000000089900000|100%| E|CS|TAMS 0x0000000089800000, 0x0000000089800000| Complete 
| 153|0x0000000089900000, 0x0000000089a00000, 0x0000000089a00000|100%| E|CS|TAMS 0x0000000089900000, 0x0000000089900000| Complete 

Card table byte_map: [0x000002ba2c9d0000,0x000002ba2cdd0000] _byte_map_base: 0x000002ba2c5d0000

Marking Bits (Prev, Next): (CMBitMap*) 0x000002ba199f4060, (CMBitMap*) 0x000002ba199f4028
 Prev Bits: [0x000002ba2f1d0000, 0x000002ba311d0000)
 Next Bits: [0x000002ba2d1d0000, 0x000002ba2f1d0000)

Polling page: 0x000002ba17960000

Metaspace:

Usage:
  Non-class:     54.22 MB capacity,    53.35 MB ( 98%) used,   729.26 KB (  1%) free+waste,   161.63 KB ( <1%) overhead. 
      Class:      8.33 MB capacity,     7.77 MB ( 93%) used,   493.50 KB (  6%) free+waste,    76.13 KB ( <1%) overhead. 
       Both:     62.55 MB capacity,    61.12 MB ( 98%) used,     1.19 MB (  2%) free+waste,   237.75 KB ( <1%) overhead. 

Virtual space:
  Non-class space:       56.00 MB reserved,      54.43 MB ( 97%) committed 
      Class space:        1.00 GB reserved,       8.45 MB ( <1%) committed 
             Both:        1.05 GB reserved,      62.88 MB (  6%) committed 

Chunk freelists:
   Non-Class:  84.00 KB
       Class:  16.00 KB
        Both:  100.00 KB

MaxMetaspaceSize: 17179869184.00 GB
CompressedClassSpaceSize: 1.00 GB
Initial GC threshold: 20.80 MB
Current GC threshold: 98.55 MB
CDS: off

CodeHeap 'non-profiled nmethods': size=120064Kb used=3174Kb max_used=3174Kb free=116889Kb
 bounds [0x000002ba24f80000, 0x000002ba252a0000, 0x000002ba2c4c0000]
CodeHeap 'profiled nmethods': size=120000Kb used=12657Kb max_used=12657Kb free=107342Kb
 bounds [0x000002ba1da50000, 0x000002ba1e6b0000, 0x000002ba24f80000]
CodeHeap 'non-nmethods': size=5696Kb used=2337Kb max_used=2369Kb free=3358Kb
 bounds [0x000002ba1d4c0000, 0x000002ba1d730000, 0x000002ba1da50000]
 total_blobs=6876 nmethods=6033 adapters=755
 compilation: enabled
              stopped_count=0, restarted_count=0
 full_count=0

Compilation events (20 events):
Event: 7.941 Thread 0x000002ba33a11800 nmethod 6019 0x000002ba25297f10 code [0x000002ba252980c0, 0x000002ba25298178]
Event: 7.942 Thread 0x000002ba33a11800 6021       2       jdk.internal.reflect.AccessorGenerator::add (5 bytes)
Event: 7.942 Thread 0x000002ba33a11800 nmethod 6021 0x000002ba1e698d10 code [0x000002ba1e698ec0, 0x000002ba1e698f98]
Event: 7.942 Thread 0x000002ba33a11800 6022       1       org.gradle.api.internal.artifacts.configurations.DefaultConfiguration::getName (5 bytes)
Event: 7.942 Thread 0x000002ba33a11800 nmethod 6022 0x000002ba25298210 code [0x000002ba252983c0, 0x000002ba25298478]
Event: 7.943 Thread 0x000002ba33a11800 6023       2       org.gradle.api.internal.attributes.DefaultMutableAttributeContainer::<init> (22 bytes)
Event: 7.943 Thread 0x000002ba33a11800 nmethod 6023 0x000002ba1e699010 code [0x000002ba1e6991c0, 0x000002ba1e6993d8]
Event: 7.943 Thread 0x000002ba33a11800 6024       2       org.gradle.internal.logging.events.ProgressStartEvent::<init> (74 bytes)
Event: 7.943 Thread 0x000002ba33a11800 nmethod 6024 0x000002ba1e699490 code [0x000002ba1e699660, 0x000002ba1e699af8]
Event: 7.943 Thread 0x000002ba33a11800 6025       2       java.util.regex.Pattern$GroupTail::match (111 bytes)
Event: 7.943 Thread 0x000002ba33a11800 nmethod 6025 0x000002ba1e699b90 code [0x000002ba1e699d60, 0x000002ba1e699fe8]
Event: 7.943 Thread 0x000002ba33a11800 6026       2       java.util.regex.Matcher::getSubSequence (12 bytes)
Event: 7.943 Thread 0x000002ba33a11800 nmethod 6026 0x000002ba1e69a210 code [0x000002ba1e69a3c0, 0x000002ba1e69a4e8]
Event: 7.943 Thread 0x000002ba33a11800 6029       2       org.gradle.internal.operations.CurrentBuildOperationRef::get (11 bytes)
Event: 7.943 Thread 0x000002ba33a11800 nmethod 6029 0x000002ba1e69a590 code [0x000002ba1e69a740, 0x000002ba1e69a8a8]
Event: 7.943 Thread 0x000002ba33a11800 6030       2       org.gradle.tooling.internal.provider.runner.ClientBuildEventGenerator::started (168 bytes)
Event: 7.944 Thread 0x000002ba33a11800 nmethod 6030 0x000002ba1e69a990 code [0x000002ba1e69ac60, 0x000002ba1e69b328]
Event: 7.944 Thread 0x000002ba33a11800 6027       2       org.gradle.internal.operations.BuildOperationDescriptor::displayName (10 bytes)
Event: 7.944 Thread 0x000002ba33a11800 nmethod 6027 0x000002ba1e69b710 code [0x000002ba1e69b8c0, 0x000002ba1e69bb18]
Event: 7.944 Thread 0x000002ba33a11800 6028       2       org.gradle.internal.operations.DefaultBuildOperationRunner::execute (23 bytes)

GC Heap History (18 events):
Event: 0.692 GC heap before
{Heap before GC invocations=0 (full 0):
 garbage-first heap   total 131072K, used 27648K [0x0000000080000000, 0x0000000100000000)
  region size 1024K, 22 young (22528K), 0 survivors (0K)
 Metaspace       used 9611K, capacity 9821K, committed 10112K, reserved 1058816K
  class space    used 990K, capacity 1068K, committed 1152K, reserved 1048576K
}
Event: 0.699 GC heap after
{Heap after GC invocations=1 (full 0):
 garbage-first heap   total 131072K, used 9072K [0x0000000080000000, 0x0000000100000000)
  region size 1024K, 3 young (3072K), 3 survivors (3072K)
 Metaspace       used 9611K, capacity 9821K, committed 10112K, reserved 1058816K
  class space    used 990K, capacity 1068K, committed 1152K, reserved 1048576K
}
Event: 2.335 GC heap before
{Heap before GC invocations=1 (full 0):
 garbage-first heap   total 131072K, used 83824K [0x0000000080000000, 0x0000000100000000)
  region size 1024K, 76 young (77824K), 3 survivors (3072K)
 Metaspace       used 17450K, capacity 17807K, committed 18176K, reserved 1064960K
  class space    used 2059K, capacity 2177K, committed 2304K, reserved 1048576K
}
Event: 2.344 GC heap after
{Heap after GC invocations=2 (full 0):
 garbage-first heap   total 131072K, used 15996K [0x0000000080000000, 0x0000000100000000)
  region size 1024K, 10 young (10240K), 10 survivors (10240K)
 Metaspace       used 17450K, capacity 17807K, committed 18176K, reserved 1064960K
  class space    used 2059K, capacity 2177K, committed 2304K, reserved 1048576K
}
Event: 2.681 GC heap before
{Heap before GC invocations=2 (full 0):
 garbage-first heap   total 131072K, used 47740K [0x0000000080000000, 0x0000000100000000)
  region size 1024K, 42 young (43008K), 10 survivors (10240K)
 Metaspace       used 20768K, capacity 21149K, committed 21296K, reserved 1069056K
  class space    used 2561K, capacity 2716K, committed 2816K, reserved 1048576K
}
Event: 2.688 GC heap after
{Heap after GC invocations=3 (full 0):
 garbage-first heap   total 131072K, used 17351K [0x0000000080000000, 0x0000000100000000)
  region size 1024K, 2 young (2048K), 2 survivors (2048K)
 Metaspace       used 20768K, capacity 21149K, committed 21296K, reserved 1069056K
  class space    used 2561K, capacity 2716K, committed 2816K, reserved 1048576K
}
Event: 3.300 GC heap before
{Heap before GC invocations=4 (full 0):
 garbage-first heap   total 131072K, used 73671K [0x0000000080000000, 0x0000000100000000)
  region size 1024K, 58 young (59392K), 2 survivors (2048K)
 Metaspace       used 26805K, capacity 27361K, committed 27648K, reserved 1073152K
  class space    used 3499K, capacity 3733K, committed 3840K, reserved 1048576K
}
Event: 3.303 GC heap after
{Heap after GC invocations=5 (full 0):
 garbage-first heap   total 131072K, used 19185K [0x0000000080000000, 0x0000000100000000)
  region size 1024K, 4 young (4096K), 4 survivors (4096K)
 Metaspace       used 26805K, capacity 27361K, committed 27648K, reserved 1073152K
  class space    used 3499K, capacity 3733K, committed 3840K, reserved 1048576K
}
Event: 4.040 GC heap before
{Heap before GC invocations=5 (full 0):
 garbage-first heap   total 131072K, used 75505K [0x0000000080000000, 0x0000000100000000)
  region size 1024K, 60 young (61440K), 4 survivors (4096K)
 Metaspace       used 35067K, capacity 35836K, committed 35920K, reserved 1081344K
  class space    used 4560K, capacity 4879K, committed 4944K, reserved 1048576K
}
Event: 4.049 GC heap after
{Heap after GC invocations=6 (full 0):
 garbage-first heap   total 131072K, used 22487K [0x0000000080000000, 0x0000000100000000)
  region size 1024K, 7 young (7168K), 7 survivors (7168K)
 Metaspace       used 35067K, capacity 35836K, committed 35920K, reserved 1081344K
  class space    used 4560K, capacity 4879K, committed 4944K, reserved 1048576K
}
Event: 4.740 GC heap before
{Heap before GC invocations=7 (full 0):
 garbage-first heap   total 131072K, used 90071K [0x0000000080000000, 0x0000000100000000)
  region size 1024K, 71 young (72704K), 7 survivors (7168K)
 Metaspace       used 40017K, capacity 41010K, committed 41168K, reserved 1085440K
  class space    used 5127K, capacity 5468K, committed 5584K, reserved 1048576K
}
Event: 4.748 GC heap after
{Heap after GC invocations=8 (full 0):
 garbage-first heap   total 131072K, used 27734K [0x0000000080000000, 0x0000000100000000)
  region size 1024K, 9 young (9216K), 9 survivors (9216K)
 Metaspace       used 40017K, capacity 41010K, committed 41168K, reserved 1085440K
  class space    used 5127K, capacity 5468K, committed 5584K, reserved 1048576K
}
Event: 5.426 GC heap before
{Heap before GC invocations=8 (full 0):
 garbage-first heap   total 131072K, used 93270K [0x0000000080000000, 0x0000000100000000)
  region size 1024K, 72 young (73728K), 9 survivors (9216K)
 Metaspace       used 45905K, capacity 46976K, committed 47056K, reserved 1089536K
  class space    used 5915K, capacity 6318K, committed 6352K, reserved 1048576K
}
Event: 5.433 GC heap after
{Heap after GC invocations=9 (full 0):
 garbage-first heap   total 157696K, used 29986K [0x0000000080000000, 0x0000000100000000)
  region size 1024K, 3 young (3072K), 3 survivors (3072K)
 Metaspace       used 45905K, capacity 46976K, committed 47056K, reserved 1089536K
  class space    used 5915K, capacity 6318K, committed 6352K, reserved 1048576K
}
Event: 6.643 GC heap before
{Heap before GC invocations=9 (full 0):
 garbage-first heap   total 157696K, used 117026K [0x0000000080000000, 0x0000000100000000)
  region size 1024K, 81 young (82944K), 3 survivors (3072K)
 Metaspace       used 49527K, capacity 50802K, committed 50896K, reserved 1093632K
  class space    used 6347K, capacity 6828K, committed 6864K, reserved 1048576K
}
Event: 6.650 GC heap after
{Heap after GC invocations=10 (full 0):
 garbage-first heap   total 157696K, used 48337K [0x0000000080000000, 0x0000000100000000)
  region size 1024K, 11 young (11264K), 11 survivors (11264K)
 Metaspace       used 49527K, capacity 50802K, committed 50896K, reserved 1093632K
  class space    used 6347K, capacity 6828K, committed 6864K, reserved 1048576K
}
Event: 7.514 GC heap before
{Heap before GC invocations=10 (full 0):
 garbage-first heap   total 157696K, used 110801K [0x0000000080000000, 0x0000000100000000)
  region size 1024K, 73 young (74752K), 11 survivors (11264K)
 Metaspace       used 58614K, capacity 60049K, committed 60296K, reserved 1101824K
  class space    used 7470K, capacity 8008K, committed 8144K, reserved 1048576K
}
Event: 7.534 GC heap after
{Heap after GC invocations=11 (full 0):
 garbage-first heap   total 157696K, used 51271K [0x0000000080000000, 0x0000000100000000)
  region size 1024K, 3 young (3072K), 3 survivors (3072K)
 Metaspace       used 58614K, capacity 60049K, committed 60296K, reserved 1101824K
  class space    used 7470K, capacity 8008K, committed 8144K, reserved 1048576K
}

Deoptimization events (20 events):
Event: 7.730 Thread 0x000002ba36787000 Uncommon trap: trap_request=0xffffff4d fr.pc=0x000002ba250aec90 relative=0x0000000000000070
Event: 7.730 Thread 0x000002ba36787000 Uncommon trap: reason=unstable_if action=reinterpret pc=0x000002ba250aec90 method=java.security.CodeSource.getCertificates()[Ljava/security/cert/Certificate; @ 22 c2
Event: 7.730 Thread 0x000002ba36787000 DEOPT PACKING pc=0x000002ba250aec90 sp=0x000000f5d8bf4570
Event: 7.730 Thread 0x000002ba36787000 DEOPT UNPACKING pc=0x000002ba1d50a1af sp=0x000000f5d8bf44f8 mode 2
Event: 7.731 Thread 0x000002ba36787000 Uncommon trap: trap_request=0xffffff4d fr.pc=0x000002ba2522fb20 relative=0x0000000000001800
Event: 7.731 Thread 0x000002ba36787000 Uncommon trap: reason=unstable_if action=reinterpret pc=0x000002ba2522fb20 method=java.security.CodeSource.matchCerts(Ljava/security/CodeSource;Z)Z @ 11 c2
Event: 7.731 Thread 0x000002ba36787000 DEOPT PACKING pc=0x000002ba2522fb20 sp=0x000000f5d8bf1580
Event: 7.731 Thread 0x000002ba36787000 DEOPT UNPACKING pc=0x000002ba1d50a1af sp=0x000000f5d8bf1400 mode 2
Event: 7.746 Thread 0x000002ba36787000 Uncommon trap: trap_request=0xffffff4d fr.pc=0x000002ba252187a8 relative=0x0000000000000268
Event: 7.746 Thread 0x000002ba36787000 Uncommon trap: reason=unstable_if action=reinterpret pc=0x000002ba252187a8 method=java.util.LinkedHashMap.get(Ljava/lang/Object;)Ljava/lang/Object; @ 20 c2
Event: 7.746 Thread 0x000002ba36787000 DEOPT PACKING pc=0x000002ba252187a8 sp=0x000000f5d8bf3a50
Event: 7.746 Thread 0x000002ba36787000 DEOPT UNPACKING pc=0x000002ba1d50a1af sp=0x000000f5d8bf3a08 mode 2
Event: 7.752 Thread 0x000002ba36787000 Uncommon trap: trap_request=0xffffff4d fr.pc=0x000002ba2505c4d4 relative=0x0000000000000414
Event: 7.752 Thread 0x000002ba36787000 Uncommon trap: reason=unstable_if action=reinterpret pc=0x000002ba2505c4d4 method=java.lang.StringLatin1.regionMatchesCI([BI[BII)Z @ 66 c2
Event: 7.752 Thread 0x000002ba36787000 DEOPT PACKING pc=0x000002ba2505c4d4 sp=0x000000f5d8bf37d0
Event: 7.752 Thread 0x000002ba36787000 DEOPT UNPACKING pc=0x000002ba1d50a1af sp=0x000000f5d8bf3760 mode 2
Event: 7.759 Thread 0x000002ba36787000 DEOPT PACKING pc=0x000002ba1e6637e3 sp=0x000000f5d8bf35b0
Event: 7.760 Thread 0x000002ba36787000 DEOPT UNPACKING pc=0x000002ba1d50a95e sp=0x000000f5d8bf2a70 mode 0
Event: 7.760 Thread 0x000002ba36787000 DEOPT PACKING pc=0x000002ba1e663050 sp=0x000000f5d8bf3560
Event: 7.760 Thread 0x000002ba36787000 DEOPT UNPACKING pc=0x000002ba1d50a95e sp=0x000000f5d8bf29d8 mode 0

Classes redefined (0 events):
No events

Internal exceptions (20 events):
Event: 6.567 Thread 0x000002ba35c4b800 Exception <a 'java/lang/NoSuchMethodError'{0x0000000085039908}: <clinit>> (0x0000000085039908) thrown at [./src/hotspot/share/prims/jni.cpp, line 1365]
Event: 6.570 Thread 0x000002ba35c4b800 Exception <a 'java/lang/NoSuchMethodError'{0x000000008504d4a8}: <clinit>> (0x000000008504d4a8) thrown at [./src/hotspot/share/prims/jni.cpp, line 1365]
Event: 6.587 Thread 0x000002ba36787000 Exception <a 'java/lang/ClassNotFoundException'{0x00000000850bc640}: build_311hmxphegod8zkctukjapx31BeanInfo> (0x00000000850bc640) thrown at [./src/hotspot/share/classfile/systemDictionary.cpp, line 231]
Event: 6.587 Thread 0x000002ba36787000 Exception <a 'java/lang/ClassNotFoundException'{0x00000000850c75f8}: build_311hmxphegod8zkctukjapx31Customizer> (0x00000000850c75f8) thrown at [./src/hotspot/share/classfile/systemDictionary.cpp, line 231]
Event: 6.610 Thread 0x000002ba36787000 Exception <a 'java/lang/ClassNotFoundException'{0x0000000084e73b50}: org/gradle/api/internal/plugins/DefaultObjectConfigurationActionBeanInfo> (0x0000000084e73b50) thrown at [./src/hotspot/share/classfile/systemDictionary.cpp, line 231]
Event: 6.611 Thread 0x000002ba36787000 Exception <a 'java/lang/ClassNotFoundException'{0x0000000084eaa4c8}: org/gradle/api/internal/plugins/DefaultObjectConfigurationActionCustomizer> (0x0000000084eaa4c8) thrown at [./src/hotspot/share/classfile/systemDictionary.cpp, line 231]
Event: 6.756 Thread 0x000002ba36787000 Exception <a 'java/lang/NoSuchMethodError'{0x000000008910e590}: 'java.lang.Object java.lang.invoke.DirectMethodHandle$Holder.invokeStatic(java.lang.Object, java.lang.Object, java.lang.Object, java.lang.Object, int)'> (0x000000008910e590) thrown at [./src/hotspot/share/interpreter/linkResolver.cpp, line 773]
Event: 6.756 Thread 0x000002ba36787000 Exception <a 'java/lang/NoSuchMethodError'{0x0000000089112f88}: 'java.lang.Object java.lang.invoke.DirectMethodHandle$Holder.invokeSpecial(java.lang.Object, java.lang.Object, java.lang.Object, java.lang.Object, java.lang.Object, int)'> (0x0000000089112f88) thrown at [./src/hotspot/share/interpreter/linkResolver.cpp, line 773]
Event: 6.756 Thread 0x000002ba36787000 Exception <a 'java/lang/NoSuchMethodError'{0x00000000891175c8}: 'java.lang.Object java.lang.invoke.Invokers$Holder.linkToTargetMethod(java.lang.Object, java.lang.Object, java.lang.Object, int, java.lang.Object)'> (0x00000000891175c8) thrown at [./src/hotspot/share/interpreter/linkResolver.cpp, line 773]
Event: 6.944 Thread 0x000002ba36787000 Exception <a 'java/lang/NoSuchMethodError'{0x000000008829e5b0}: 'java.lang.Object java.lang.invoke.DirectMethodHandle$Holder.invokeSpecial(java.lang.Object, java.lang.Object, int, int, java.lang.Object, java.lang.Object, java.lang.Object)'> (0x000000008829e5b0) thrown at [./src/hotspot/share/interpreter/linkResolver.cpp, line 773]
Event: 6.944 Thread 0x000002ba36787000 Exception <a 'java/lang/NoSuchMethodError'{0x00000000882a2b30}: 'java.lang.Object java.lang.invoke.DelegatingMethodHandle$Holder.reinvoke_L(java.lang.Object, int, int, java.lang.Object, java.lang.Object, java.lang.Object)'> (0x00000000882a2b30) thrown at [./src/hotspot/share/interpreter/linkResolver.cpp, line 773]
Event: 7.148 Thread 0x000002ba36787000 Exception <a 'java/lang/NoSuchMethodError'{0x0000000087599cf8}: 'int java.lang.invoke.DirectMethodHandle$Holder.invokeInterface(java.lang.Object, java.lang.Object, java.lang.Object, java.lang.Object)'> (0x0000000087599cf8) thrown at [./src/hotspot/share/interpreter/linkResolver.cpp, line 773]
Event: 7.375 Thread 0x000002ba36787000 Exception <a 'java/lang/NoSuchMethodError'{0x00000000865c2930}: 'void java.lang.invoke.DirectMethodHandle$Holder.invokeInterface(java.lang.Object, java.lang.Object, java.lang.Object, java.lang.Object)'> (0x00000000865c2930) thrown at [./src/hotspot/share/interpreter/linkResolver.cpp, line 773]
Event: 7.495 Thread 0x000002ba36787000 Exception <a 'java/lang/IncompatibleClassChangeError'{0x0000000085c4f5e0}: Found class java.lang.Object, but interface was expected> (0x0000000085c4f5e0) thrown at [./src/hotspot/share/interpreter/linkResolver.cpp, line 839]
Event: 7.588 Thread 0x000002ba36787000 Implicit null exception at 0x000002ba2516c054 to 0x000002ba2516c238
Event: 7.588 Thread 0x000002ba36787000 Implicit null exception at 0x000002ba25270461 to 0x000002ba252719b4
Event: 7.648 Thread 0x000002ba36787000 Implicit null exception at 0x000002ba250fbf0b to 0x000002ba250fbfe4
Event: 7.698 Thread 0x000002ba36787000 Implicit null exception at 0x000002ba250f1e2c to 0x000002ba250f1fda
Event: 7.801 Thread 0x000002ba36787000 Exception <a 'sun/nio/fs/WindowsException'{0x00000000884d5af8}> (0x00000000884d5af8) thrown at [./src/hotspot/share/prims/jni.cpp, line 615]
Event: 7.802 Thread 0x000002ba36787000 Exception <a 'sun/nio/fs/WindowsException'{0x00000000884d7518}> (0x00000000884d7518) thrown at [./src/hotspot/share/prims/jni.cpp, line 615]

Events (20 events):
Event: 7.938 loading class com/android/build/gradle/internal/api/artifact/SourceArtifactType$ASSETS
Event: 7.938 loading class com/android/build/gradle/internal/api/artifact/SourceArtifactType$ASSETS done
Event: 7.938 loading class com/android/build/gradle/internal/api/artifact/SourceArtifactType$ANDROID_RESOURCES
Event: 7.938 loading class com/android/build/gradle/internal/api/artifact/SourceArtifactType$ANDROID_RESOURCES done
Event: 7.938 loading class com/android/build/gradle/internal/api/artifact/SourceArtifactType$AIDL
Event: 7.938 loading class com/android/build/gradle/internal/api/artifact/SourceArtifactType$AIDL done
Event: 7.938 loading class com/android/build/gradle/internal/api/artifact/SourceArtifactType$RENDERSCRIPT
Event: 7.938 loading class com/android/build/gradle/internal/api/artifact/SourceArtifactType$RENDERSCRIPT done
Event: 7.938 loading class com/android/build/gradle/internal/api/artifact/SourceArtifactType$JNI
Event: 7.938 loading class com/android/build/gradle/internal/api/artifact/SourceArtifactType$JNI done
Event: 7.939 loading class com/android/build/gradle/internal/api/artifact/SourceArtifactType$JNI_LIBS
Event: 7.939 loading class com/android/build/gradle/internal/api/artifact/SourceArtifactType$JNI_LIBS done
Event: 7.939 loading class com/android/build/gradle/internal/api/artifact/SourceArtifactType$SHADERS
Event: 7.939 loading class com/android/build/gradle/internal/api/artifact/SourceArtifactType$SHADERS done
Event: 7.939 loading class com/android/build/gradle/internal/api/artifact/SourceArtifactType$ML_MODELS
Event: 7.939 loading class com/android/build/gradle/internal/api/artifact/SourceArtifactType$ML_MODELS done
Event: 7.939 loading class com/android/build/gradle/internal/api/DefaultAndroidSourceSet$AndroidSourceDirectorySetFactory
Event: 7.939 loading class com/android/build/gradle/internal/api/DefaultAndroidSourceSet$AndroidSourceDirectorySetFactory done
Event: 7.944 loading class com/android/build/gradle/internal/DefaultConfigData
Event: 7.944 loading class com/android/build/gradle/internal/DefaultConfigData done


Dynamic libraries:
0x00007ff7df7b0000 - 0x00007ff7df7ba000 	C:\Program Files\Android\Android Studio\jre\bin\java.exe
0x00007ff9b6430000 - 0x00007ff9b6627000 	C:\windows\SYSTEM32\ntdll.dll
0x00007ff9b5ba0000 - 0x00007ff9b5c5d000 	C:\windows\System32\KERNEL32.DLL
0x00007ff9b3de0000 - 0x00007ff9b40ad000 	C:\windows\System32\KERNELBASE.dll
0x00007ff9b3ce0000 - 0x00007ff9b3de0000 	C:\windows\System32\ucrtbase.dll
0x00007ff9af7e0000 - 0x00007ff9af7f7000 	C:\Program Files\Android\Android Studio\jre\bin\VCRUNTIME140.dll
0x00007ff99ac00000 - 0x00007ff99ac19000 	C:\Program Files\Android\Android Studio\jre\bin\jli.dll
0x00007ff9b4b80000 - 0x00007ff9b4d20000 	C:\windows\System32\USER32.dll
0x00007ff990840000 - 0x00007ff990ada000 	C:\windows\WinSxS\amd64_microsoft.windows.common-controls_6595b64144ccf1df_6.0.19041.1110_none_60b5254171f9507e\COMCTL32.dll
0x00007ff9b40b0000 - 0x00007ff9b40d2000 	C:\windows\System32\win32u.dll
0x00007ff9b5f50000 - 0x00007ff9b5fee000 	C:\windows\System32\msvcrt.dll
0x00007ff9b6000000 - 0x00007ff9b602a000 	C:\windows\System32\GDI32.dll
0x00007ff9b3bd0000 - 0x00007ff9b3cdb000 	C:\windows\System32\gdi32full.dll
0x00007ff9b40e0000 - 0x00007ff9b417d000 	C:\windows\System32\msvcp_win.dll
0x00007ff9b6310000 - 0x00007ff9b6340000 	C:\windows\System32\IMM32.DLL
0x00007ff97b9e0000 - 0x00007ff97ba7d000 	C:\Program Files\Android\Android Studio\jre\bin\msvcp140.dll
0x00007ff953880000 - 0x00007ff954365000 	C:\Program Files\Android\Android Studio\jre\bin\server\jvm.dll
0x00007ff9b5d70000 - 0x00007ff9b5e1e000 	C:\windows\System32\ADVAPI32.dll
0x00007ff9b49b0000 - 0x00007ff9b4a4c000 	C:\windows\System32\sechost.dll
0x00007ff9b6030000 - 0x00007ff9b6155000 	C:\windows\System32\RPCRT4.dll
0x00007ff9b5a00000 - 0x00007ff9b5a08000 	C:\windows\System32\PSAPI.DLL
0x00007ff9af910000 - 0x00007ff9af919000 	C:\windows\SYSTEM32\WSOCK32.dll
0x00007ff99b1b0000 - 0x00007ff99b1d7000 	C:\windows\SYSTEM32\WINMM.dll
0x00007ff9ad720000 - 0x00007ff9ad72a000 	C:\windows\SYSTEM32\VERSION.dll
0x00007ff9b5a10000 - 0x00007ff9b5a7b000 	C:\windows\System32\ws2_32.DLL
0x00007ff9b1a00000 - 0x00007ff9b1a12000 	C:\windows\SYSTEM32\kernel.appcore.dll
0x00007ff9addb0000 - 0x00007ff9addc1000 	C:\Program Files\Android\Android Studio\jre\bin\verify.dll
0x00007ff9a3180000 - 0x00007ff9a3364000 	C:\windows\SYSTEM32\DBGHELP.DLL
0x00007ff979370000 - 0x00007ff97939c000 	C:\windows\SYSTEM32\dbgcore.DLL
0x00007ff9b4180000 - 0x00007ff9b4202000 	C:\windows\System32\bcryptPrimitives.dll
0x00007ff98c040000 - 0x00007ff98c069000 	C:\Program Files\Android\Android Studio\jre\bin\java.dll
0x00007ff9adda0000 - 0x00007ff9addab000 	C:\Program Files\Android\Android Studio\jre\bin\jimage.dll
0x00007ff9a20a0000 - 0x00007ff9a20b8000 	C:\Program Files\Android\Android Studio\jre\bin\zip.dll
0x00007ff9b52b0000 - 0x00007ff9b59f4000 	C:\windows\System32\SHELL32.dll
0x00007ff9b1c00000 - 0x00007ff9b2394000 	C:\windows\SYSTEM32\windows.storage.dll
0x00007ff9b4f50000 - 0x00007ff9b52a4000 	C:\windows\System32\combase.dll
0x00007ff9b3430000 - 0x00007ff9b345c000 	C:\windows\SYSTEM32\Wldp.dll
0x00007ff9b5c60000 - 0x00007ff9b5d0d000 	C:\windows\System32\SHCORE.dll
0x00007ff9b4b20000 - 0x00007ff9b4b75000 	C:\windows\System32\shlwapi.dll
0x00007ff9b3a60000 - 0x00007ff9b3a7f000 	C:\windows\SYSTEM32\profapi.dll
0x00007ff98ac20000 - 0x00007ff98ac3a000 	C:\Program Files\Android\Android Studio\jre\bin\net.dll
0x00007ff9addd0000 - 0x00007ff9adeda000 	C:\windows\SYSTEM32\WINHTTP.dll
0x00007ff9b31b0000 - 0x00007ff9b321a000 	C:\windows\system32\mswsock.dll
0x00007ff98ac00000 - 0x00007ff98ac14000 	C:\Program Files\Android\Android Studio\jre\bin\nio.dll
0x00007ff98abd0000 - 0x00007ff98abf7000 	C:\Users\logonpflocal\.gradle\native\e1d6ef7f7dcc3fd88c89a11ec53ec762bb8ba0a96d01ffa2cd45eb1d1d8dd5c5\windows-amd64\native-platform.dll
0x00007ff976a50000 - 0x00007ff976b94000 	C:\Users\logonpflocal\.gradle\native\5664cfc778a61ccfe75a443a1ab52a65af34e5dc3c78e0209fed803814484fcb\windows-amd64\native-platform-file-events.dll
0x00007ff9ab980000 - 0x00007ff9ab98a000 	C:\Program Files\Android\Android Studio\jre\bin\management.dll
0x00007ff99abf0000 - 0x00007ff99abfd000 	C:\Program Files\Android\Android Studio\jre\bin\management_ext.dll
0x00007ff9b37e0000 - 0x00007ff9b37f8000 	C:\windows\SYSTEM32\CRYPTSP.dll
0x00007ff9b2b50000 - 0x00007ff9b2b84000 	C:\windows\system32\rsaenh.dll
0x00007ff9b4430000 - 0x00007ff9b4457000 	C:\windows\System32\bcrypt.dll
0x00007ff9b39e0000 - 0x00007ff9b3a0e000 	C:\windows\SYSTEM32\USERENV.dll
0x00007ff9b3340000 - 0x00007ff9b334c000 	C:\windows\SYSTEM32\CRYPTBASE.dll
0x00007ff9b2ec0000 - 0x00007ff9b2efb000 	C:\windows\SYSTEM32\IPHLPAPI.DLL
0x00007ff9b4f40000 - 0x00007ff9b4f48000 	C:\windows\System32\NSI.dll
0x00007ff9aef60000 - 0x00007ff9aef77000 	C:\windows\SYSTEM32\dhcpcsvc6.DLL
0x00007ff9aee30000 - 0x00007ff9aee4d000 	C:\windows\SYSTEM32\dhcpcsvc.DLL
0x00007ff9b2f00000 - 0x00007ff9b2fcb000 	C:\windows\SYSTEM32\DNSAPI.dll

dbghelp: loaded successfully - version: 4.0.5 - missing functions: none
symbol engine: initialized successfully - sym options: 0x614 - pdb path: .;C:\Program Files\Android\Android Studio\jre\bin;C:\windows\SYSTEM32;C:\windows\WinSxS\amd64_microsoft.windows.common-controls_6595b64144ccf1df_6.0.19041.1110_none_60b5254171f9507e;C:\Program Files\Android\Android Studio\jre\bin\server;C:\Users\logonpflocal\.gradle\native\e1d6ef7f7dcc3fd88c89a11ec53ec762bb8ba0a96d01ffa2cd45eb1d1d8dd5c5\windows-amd64;C:\Users\logonpflocal\.gradle\native\5664cfc778a61ccfe75a443a1ab52a65af34e5dc3c78e0209fed803814484fcb\windows-amd64

VM Arguments:
jvm_args: --add-opens=java.base/java.util=ALL-UNNAMED --add-opens=java.base/java.lang=ALL-UNNAMED --add-opens=java.base/java.lang.invoke=ALL-UNNAMED --add-opens=java.base/java.util=ALL-UNNAMED --add-opens=java.prefs/java.util.prefs=ALL-UNNAMED --add-opens=java.prefs/java.util.prefs=ALL-UNNAMED --add-opens=java.base/java.nio.charset=ALL-UNNAMED --add-opens=java.base/java.net=ALL-UNNAMED --add-opens=java.base/java.util.concurrent.atomic=ALL-UNNAMED -Xmx2048m -Dfile.encoding=UTF-8 -Duser.country=US -Duser.language=en -Duser.variant 
java_command: org.gradle.launcher.daemon.bootstrap.GradleDaemon 7.3.3
java_class_path (initial): C:\Users\logonpflocal\.gradle\wrapper\dists\gradle-7.3.3-bin\6a41zxkdtcxs8rphpq6y0069z\gradle-7.3.3\lib\gradle-launcher-7.3.3.jar
Launcher Type: SUN_STANDARD

[Global flags]
     intx CICompilerCount                          = 3                                         {product} {ergonomic}
     uint ConcGCThreads                            = 2                                         {product} {ergonomic}
     uint G1ConcRefinementThreads                  = 6                                         {product} {ergonomic}
   size_t G1HeapRegionSize                         = 1048576                                   {product} {ergonomic}
    uintx GCDrainStackTargetSize                   = 64                                        {product} {ergonomic}
   size_t InitialHeapSize                          = 134217728                                 {product} {ergonomic}
   size_t MarkStackSize                            = 4194304                                   {product} {ergonomic}
   size_t MaxHeapSize                              = 2147483648                                {product} {command line}
   size_t MaxNewSize                               = 1287651328                                {product} {ergonomic}
   size_t MinHeapDeltaBytes                        = 1048576                                   {product} {ergonomic}
    uintx NonNMethodCodeHeapSize                   = 5830732                                {pd product} {ergonomic}
    uintx NonProfiledCodeHeapSize                  = 122913754                              {pd product} {ergonomic}
    uintx ProfiledCodeHeapSize                     = 122913754                              {pd product} {ergonomic}
    uintx ReservedCodeCacheSize                    = 251658240                              {pd product} {ergonomic}
     bool SegmentedCodeCache                       = true                                      {product} {ergonomic}
     bool UseCompressedClassPointers               = true                                 {lp64_product} {ergonomic}
     bool UseCompressedOops                        = true                                 {lp64_product} {ergonomic}
     bool UseG1GC                                  = true                                      {product} {ergonomic}
     bool UseLargePagesIndividualAllocation        = false                                  {pd product} {ergonomic}

Logging:
Log output configuration:
 #0: stdout all=warning uptime,level,tags
 #1: stderr all=off uptime,level,tags

Environment Variables:
JAVA_HOME=C:\Program Files\Java\jdk1.8.0_333
PATH=C:\Program Files (x86)\VMware\VMware Workstation\bin\;C:\TwinCAT\Common64;C:\TwinCAT\Common32;C:\ProgramData\Anaconda3\Scripts;C:\ProgramData\Anaconda3;C:\Python27\;C:\Python27\Scripts;C:\Python310\Scripts\;C:\Python310\;C:\Program Files (x86)\NVIDIA Corporation\PhysX\Common;C:\Program Files\Microsoft MPI\Bin\;C:\Program Files\Common Files\Oracle\Java\javapath;C:\Program Files (x86)\Common Files\Oracle\Java\javapath;C:\Windows\system32;C:\Windows;C:\Windows\System32\Wbem;C:\Windows\System32\WindowsPowerShell\v1.0\;C:\Windows\System32\OpenSSH\;C:\Program Files\Microsoft VS Code\bin;C:\Program Files\Amazon\AWSCLIV2\;C:\Program Files (x86)\WinSCP\;C:\Opensource\apache-cassandra-3.11.13\bin;C:\xampp\php;C:\ProgramData\ComposerSetup\bin;C:\Opensource\apache-maven-3.8.6\bin;C:\Program Files\Microsoft SQL Server\120\Tools\Binn\;C:\Program Files\dotnet\;C:\Program Files\Microsoft SQL Server\Client SDK\ODBC\170\Tools\Binn\;C:\Program Files (x86)\Microsoft SQL Server\150\Tools\Binn\;C:\Program Files\Microsoft SQL Server\150\Tools\Binn\;C:\Program Files\Microsoft SQL Server\150\DTS\Binn\;C:\Program Files (x86)\Microsoft SQL Server\150\DTS\Binn\;C:\Program Files\Azure Data Studio\bin;C:\Program Files\PuTTY\;C:\Program Files (x86)\Windows Kits\8.1\Windows Performance Toolkit\;C:\Program Files\Git\cmd;C:\Program Files (x86)\Microchip\MPLAB C32 Suite\bin;C:\Program Files\nodejs\;C:\ProgramData\chocolatey\bin;C:\HashiCorp\Vagrant\bin;C:\src\flutter\bin;C:\Opensource\gradle-7.4.2\bin;C:\Opensource\terraform_1.2.2;C:\Program Files\Docker\Docker\resources\bin;C:\ProgramData\DockerDesktop\version-bin;C:\Android_SDK\tools;C:\Android_SDK\platform-tools;C:\Android_SDK\build-tools\33.0.0;C:\Program Files\Common Files\Autodesk Shared\;C:\Program Files\MySQL\MySQL Shell 8.0\bin\;C:\Users\logonpflocal\AppData\Local\Microsoft\WindowsApps;C:\Users\logonpflocal\AppData\Roaming\Composer\vendor\bin;C:\Program Files\Azure Data Studio\bin;C:\Users\logonpflocal\AppData\Local\GitHubDesktop\bin;C:\Pr
USERNAME=logonpflocal
OS=Windows_NT
PROCESSOR_IDENTIFIER=Intel64 Family 6 Model 158 Stepping 10, GenuineIntel



---------------  S Y S T E M  ---------------

OS: Windows 10 , 64 bit Build 19041 (10.0.19041.1741)
OS uptime: 0 days 2:55 hours
Hyper-V role detected

CPU:total 6 (initial active 6) (6 cores per cpu, 1 threads per core) family 6 model 158 stepping 10 microcode 0xb4, cmov, cx8, fxsr, mmx, sse, sse2, sse3, ssse3, sse4.1, sse4.2, popcnt, avx, avx2, aes, clmul, erms, 3dnowpref, lzcnt, tsc, tscinvbit, bmi1, bmi2, adx, fma

Memory: 4k page, system-wide physical 8076M (147M free)
TotalPageFile size 8076M (AvailPageFile size 6M)
current process WorkingSet (physical memory assigned to process): 353M, peak: 354M
current process commit charge ("private bytes"): 388M, peak: 389M

vm_info: OpenJDK 64-Bit Server VM (11.0.12+7-b1504.28-7817840) for windows-amd64 JRE (11.0.12+7-b1504.28-7817840), built on Oct 13 2021 22:12:33 by "builder" with MS VC++ 14.0 (VS2015)

END.
