#
# There is insufficient memory for the Java Runtime Environment to continue.
# Native memory allocation (malloc) failed to allocate 2016176 bytes for Chunk::new
# Possible reasons:
#   The system is out of physical RAM or swap space
#   The process is running with CompressedOops enabled, and the Java Heap may be blocking the growth of the native heap
# Possible solutions:
#   Reduce memory load on the system
#   Increase physical memory or swap space
#   Check if swap backing store is full
#   Decrease Java heap size (-Xmx/-Xms)
#   Decrease number of Java threads
#   Decrease Java thread stack sizes (-Xss)
#   Set larger code cache with -XX:ReservedCodeCacheSize=
#   JVM is running with Unscaled Compressed Oops mode in which the Java heap is
#     placed in the first 4GB address space. The Java Heap base address is the
#     maximum limit for the native heap growth. Please use -XX:HeapBaseMinAddress
#     to set the Java Heap base and to place the Java Heap above 4GB virtual address.
# This output file may be truncated or incomplete.
#
#  Out of Memory Error (./src/hotspot/share/memory/arena.cpp:197), pid=10360, tid=8484
#
# JRE version: OpenJDK Runtime Environment (11.0.12+7) (build 11.0.12+7-b1504.28-7817840)
# Java VM: OpenJDK 64-Bit Server VM (11.0.12+7-b1504.28-7817840, mixed mode, tiered, compressed oops, g1 gc, windows-amd64)
# No core dump will be written. Minidumps are not enabled by default on client versions of Windows
#

---------------  S U M M A R Y ------------

Command Line: --add-opens=java.base/java.util=ALL-UNNAMED --add-opens=java.base/java.lang=ALL-UNNAMED --add-opens=java.base/java.lang.invoke=ALL-UNNAMED --add-opens=java.base/java.util=ALL-UNNAMED --add-opens=java.prefs/java.util.prefs=ALL-UNNAMED --add-opens=java.prefs/java.util.prefs=ALL-UNNAMED --add-opens=java.base/java.nio.charset=ALL-UNNAMED --add-opens=java.base/java.net=ALL-UNNAMED --add-opens=java.base/java.util.concurrent.atomic=ALL-UNNAMED -Xmx2048m -Dfile.encoding=UTF-8 -Duser.country=US -Duser.language=en -Duser.variant org.gradle.launcher.daemon.bootstrap.GradleDaemon 7.3.3

Host: Intel(R) Core(TM) i5-8400 CPU @ 2.80GHz, 6 cores, 7G,  Windows 10 , 64 bit Build 19041 (10.0.19041.1741)
Time: Tue Aug  9 09:33:27 2022 Tocantins Standard Time elapsed time: 16.270661 seconds (0d 0h 0m 16s)

---------------  T H R E A D  ---------------

Current thread (0x000001a47f6b3800):  JavaThread "C2 CompilerThread0" daemon [_thread_in_native, id=8484, stack(0x000000715b400000,0x000000715b500000)]


Current CompileTask:
C2:  16270 11227   !   4       org.gradle.internal.classloader.CachingClassLoader::loadClass (85 bytes)

Stack: [0x000000715b400000,0x000000715b500000]
Native frames: (J=compiled Java code, j=interpreted, Vv=VM code, C=native code)
V  [jvm.dll+0x5fbcea]
V  [jvm.dll+0x731905]
V  [jvm.dll+0x732f1d]
V  [jvm.dll+0x7335d3]
V  [jvm.dll+0x247bf8]
V  [jvm.dll+0xc018c]
V  [jvm.dll+0xc06cc]
V  [jvm.dll+0x35b2db]
V  [jvm.dll+0x328803]
V  [jvm.dll+0x327cfa]
V  [jvm.dll+0x200602]
V  [jvm.dll+0x1ff794]
V  [jvm.dll+0x18868c]
V  [jvm.dll+0x20e0d7]
V  [jvm.dll+0x20c901]
V  [jvm.dll+0x6f9b7f]
V  [jvm.dll+0x6f26a5]
V  [jvm.dll+0x5fabf6]
C  [ucrtbase.dll+0x21bb2]
C  [KERNEL32.DLL+0x17034]
C  [ntdll.dll+0x52651]


---------------  P R O C E S S  ---------------

Threads class SMR info:
_java_thread_list=0x000001a40487af80, length=114, elements={
0x000001a467653000, 0x000001a47f690000, 0x000001a47f691000, 0x000001a47f6a8000,
0x000001a47f6a9000, 0x000001a47f6ad800, 0x000001a47f6b3800, 0x000001a47f6bc800,
0x000001a47f6be000, 0x000001a402198000, 0x000001a402ba4000, 0x000001a4033fc800,
0x000001a403b16800, 0x000001a402d28800, 0x000001a40259b800, 0x000001a40452e800,
0x000001a403b30000, 0x000001a40317e800, 0x000001a40373c800, 0x000001a4037a0000,
0x000001a40379b800, 0x000001a40379e000, 0x000001a40379c800, 0x000001a40379a000,
0x000001a40379d800, 0x000001a40379f000, 0x000001a4037a0800, 0x000001a40379b000,
0x000001a4066b8000, 0x000001a4066b7000, 0x000001a4066b9800, 0x000001a4066ba800,
0x000001a4066b5800, 0x000001a4066bc000, 0x000001a4066b6800, 0x000001a4066c2800,
0x000001a4066c0000, 0x000001a4066bd800, 0x000001a4066bf800, 0x000001a4066bd000,
0x000001a4066c1000, 0x000001a4066be800, 0x000001a4066c4800, 0x000001a4066c3800,
0x000001a4066c2000, 0x000001a406f1d000, 0x000001a406f22800, 0x000001a406f20000,
0x000001a406f1e800, 0x000001a406f23800, 0x000001a406f1d800, 0x000001a406f21000,
0x000001a406f24000, 0x000001a406f1f000, 0x000001a406f25000, 0x000001a406f21800,
0x000001a406f2a800, 0x000001a406f26000, 0x000001a406f2b800, 0x000001a406f28000,
0x000001a406f26800, 0x000001a406f27800, 0x000001a406f2a000, 0x000001a406f29000,
0x000001a40219c800, 0x000001a4021a3000, 0x000001a4021a1000, 0x000001a4021a2800,
0x000001a40219e800, 0x000001a4021a1800, 0x000001a40219f000, 0x000001a40219d800,
0x000001a4021a5800, 0x000001a4021a4000, 0x000001a4021a5000, 0x000001a4021a0000,
0x000001a4021a7800, 0x000001a4021ab800, 0x000001a4021a9000, 0x000001a4021aa800,
0x000001a4021a8000, 0x000001a4021a9800, 0x000001a4021a6800, 0x000001a40711d800,
0x000001a40711b000, 0x000001a407118000, 0x000001a40711e800, 0x000001a407119800,
0x000001a407118800, 0x000001a40711a800, 0x000001a40711c000, 0x000001a407121800,
0x000001a407122800, 0x000001a40711f000, 0x000001a40711d000, 0x000001a407123800,
0x000001a407125000, 0x000001a407121000, 0x000001a407126000, 0x000001a407120000,
0x000001a407126800, 0x000001a40649f000, 0x000001a4064a2800, 0x000001a4064a3000,
0x000001a4064a0000, 0x000001a40649d800, 0x000001a40649e800, 0x000001a4064a1800,
0x000001a4064a5000, 0x000001a4064a4000, 0x000001a4064a5800, 0x000001a4064a6800,
0x000001a4064a0800, 0x000001a4064a7000
}

Java Threads: ( => current thread )
  0x000001a467653000 JavaThread "main" [_thread_blocked, id=10880, stack(0x000000715a800000,0x000000715a900000)]
  0x000001a47f690000 JavaThread "Reference Handler" daemon [_thread_blocked, id=1692, stack(0x000000715af00000,0x000000715b000000)]
  0x000001a47f691000 JavaThread "Finalizer" daemon [_thread_blocked, id=6040, stack(0x000000715b000000,0x000000715b100000)]
  0x000001a47f6a8000 JavaThread "Signal Dispatcher" daemon [_thread_blocked, id=12768, stack(0x000000715b100000,0x000000715b200000)]
  0x000001a47f6a9000 JavaThread "Attach Listener" daemon [_thread_blocked, id=8632, stack(0x000000715b200000,0x000000715b300000)]
  0x000001a47f6ad800 JavaThread "Service Thread" daemon [_thread_blocked, id=10832, stack(0x000000715b300000,0x000000715b400000)]
=>0x000001a47f6b3800 JavaThread "C2 CompilerThread0" daemon [_thread_in_native, id=8484, stack(0x000000715b400000,0x000000715b500000)]
  0x000001a47f6bc800 JavaThread "C1 CompilerThread0" daemon [_thread_blocked, id=12692, stack(0x000000715b500000,0x000000715b600000)]
  0x000001a47f6be000 JavaThread "Sweeper thread" daemon [_thread_blocked, id=7628, stack(0x000000715b600000,0x000000715b700000)]
  0x000001a402198000 JavaThread "Common-Cleaner" daemon [_thread_blocked, id=5204, stack(0x000000715b700000,0x000000715b800000)]
  0x000001a402ba4000 JavaThread "Daemon health stats" [_thread_blocked, id=4292, stack(0x000000715bb00000,0x000000715bc00000)]
  0x000001a4033fc800 JavaThread "Incoming local TCP Connector on port 58319" [_thread_in_native, id=10168, stack(0x000000715bc00000,0x000000715bd00000)]
  0x000001a403b16800 JavaThread "Daemon periodic checks" [_thread_blocked, id=11872, stack(0x000000715bd00000,0x000000715be00000)]
  0x000001a402d28800 JavaThread "Daemon" [_thread_blocked, id=12932, stack(0x000000715be00000,0x000000715bf00000)]
  0x000001a40259b800 JavaThread "Handler for socket connection from /127.0.0.1:58319 to /127.0.0.1:58320" [_thread_in_native, id=9844, stack(0x000000715c200000,0x000000715c300000)]
  0x000001a40452e800 JavaThread "Cancel handler" [_thread_blocked, id=6572, stack(0x000000715c300000,0x000000715c400000)]
  0x000001a403b30000 JavaThread "Daemon worker" [_thread_blocked, id=6100, stack(0x000000715c400000,0x000000715c500000)]
  0x000001a40317e800 JavaThread "Asynchronous log dispatcher for DefaultDaemonConnection: socket connection from /127.0.0.1:58319 to /127.0.0.1:58320" [_thread_blocked, id=11684, stack(0x000000715c500000,0x000000715c600000)]
  0x000001a40373c800 JavaThread "Stdin handler" [_thread_blocked, id=6136, stack(0x000000715c600000,0x000000715c700000)]
  0x000001a4037a0000 JavaThread "Daemon client event forwarder" [_thread_blocked, id=11272, stack(0x000000715c700000,0x000000715c800000)]
  0x000001a40379b800 JavaThread "Cache worker for journal cache (C:\Users\logonpflocal.FIAP\.gradle\caches\journal-1)" [_thread_blocked, id=6388, stack(0x000000715c800000,0x000000715c900000)]
  0x000001a40379e000 JavaThread "File lock request listener" [_thread_in_native, id=8844, stack(0x000000715c900000,0x000000715ca00000)]
  0x000001a40379c800 JavaThread "Cache worker for file hash cache (C:\Users\logonpflocal.FIAP\.gradle\caches\7.3.3\fileHashes)" [_thread_blocked, id=11836, stack(0x000000715ca00000,0x000000715cb00000)]
  0x000001a40379a000 JavaThread "Cache worker for file hash cache (C:\Users\logonpflocal.FIAP\Documents\AndroidNDAlunos\.gradle\7.3.3\fileHashes)" [_thread_blocked, id=2276, stack(0x000000715cc00000,0x000000715cd00000)]
  0x000001a40379d800 JavaThread "File watcher server" daemon [_thread_in_native, id=8272, stack(0x000000715cd00000,0x000000715ce00000)]
  0x000001a40379f000 JavaThread "File watcher consumer" daemon [_thread_blocked, id=5708, stack(0x000000715ce00000,0x000000715cf00000)]
  0x000001a4037a0800 JavaThread "Cache worker for checksums cache (C:\Users\logonpflocal.FIAP\Documents\AndroidNDAlunos\.gradle\7.3.3\checksums)" [_thread_blocked, id=9920, stack(0x000000715cf00000,0x000000715d000000)]
  0x000001a40379b000 JavaThread "Cache worker for cache directory md-supplier (C:\Users\logonpflocal.FIAP\.gradle\caches\7.3.3\md-supplier)" [_thread_blocked, id=6600, stack(0x000000715d000000,0x000000715d100000)]
  0x000001a4066b8000 JavaThread "Cache worker for cache directory md-rule (C:\Users\logonpflocal.FIAP\.gradle\caches\7.3.3\md-rule)" [_thread_blocked, id=4776, stack(0x000000715d100000,0x000000715d200000)]
  0x000001a4066b7000 JavaThread "Cache worker for execution history cache (C:\Users\logonpflocal.FIAP\.gradle\caches\7.3.3\executionHistory)" [_thread_blocked, id=4324, stack(0x000000715d200000,0x000000715d300000)]
  0x000001a4066b9800 JavaThread "jar transforms" [_thread_blocked, id=9664, stack(0x000000715d300000,0x000000715d400000)]
  0x000001a4066ba800 JavaThread "Cache worker for file content cache (C:\Users\logonpflocal.FIAP\.gradle\caches\7.3.3\fileContent)" [_thread_blocked, id=8236, stack(0x000000715d400000,0x000000715d500000)]
  0x000001a4066b5800 JavaThread "jar transforms Thread 2" [_thread_blocked, id=1392, stack(0x000000715d500000,0x000000715d600000)]
  0x000001a4066bc000 JavaThread "Cache worker for dependencies-accessors (C:\Users\logonpflocal.FIAP\Documents\AndroidNDAlunos\.gradle\7.3.3\dependencies-accessors)" [_thread_blocked, id=2824, stack(0x000000715d600000,0x000000715d700000)]
  0x000001a4066b6800 JavaThread "jar transforms Thread 3" [_thread_blocked, id=1100, stack(0x000000715d700000,0x000000715d800000)]
  0x000001a4066c2800 JavaThread "Cache worker for Build Output Cleanup Cache (C:\Users\logonpflocal.FIAP\Documents\AndroidNDAlunos\.gradle\buildOutputCleanup)" [_thread_blocked, id=11796, stack(0x000000715d800000,0x000000715d900000)]
  0x000001a4066c0000 JavaThread "Unconstrained build operations" [_thread_blocked, id=7892, stack(0x000000715d900000,0x000000715da00000)]
  0x000001a4066bd800 JavaThread "Unconstrained build operations Thread 2" [_thread_blocked, id=9276, stack(0x000000715da00000,0x000000715db00000)]
  0x000001a4066bf800 JavaThread "Unconstrained build operations Thread 3" [_thread_blocked, id=10732, stack(0x000000715db00000,0x000000715dc00000)]
  0x000001a4066bd000 JavaThread "Unconstrained build operations Thread 4" [_thread_blocked, id=8320, stack(0x000000715dc00000,0x000000715dd00000)]
  0x000001a4066c1000 JavaThread "Unconstrained build operations Thread 5" [_thread_blocked, id=720, stack(0x000000715dd00000,0x000000715de00000)]
  0x000001a4066be800 JavaThread "Unconstrained build operations Thread 6" [_thread_blocked, id=252, stack(0x000000715de00000,0x000000715df00000)]
  0x000001a4066c4800 JavaThread "Unconstrained build operations Thread 7" [_thread_blocked, id=640, stack(0x000000715df00000,0x000000715e000000)]
  0x000001a4066c3800 JavaThread "Unconstrained build operations Thread 8" [_thread_blocked, id=68, stack(0x000000715e000000,0x000000715e100000)]
  0x000001a4066c2000 JavaThread "Unconstrained build operations Thread 9" [_thread_blocked, id=476, stack(0x000000715e100000,0x000000715e200000)]
  0x000001a406f1d000 JavaThread "Unconstrained build operations Thread 10" [_thread_blocked, id=480, stack(0x000000715e200000,0x000000715e300000)]
  0x000001a406f22800 JavaThread "Unconstrained build operations Thread 11" [_thread_blocked, id=1304, stack(0x000000715e300000,0x000000715e400000)]
  0x000001a406f20000 JavaThread "Unconstrained build operations Thread 12" [_thread_blocked, id=8892, stack(0x000000715e400000,0x000000715e500000)]
  0x000001a406f1e800 JavaThread "Unconstrained build operations Thread 13" [_thread_blocked, id=1616, stack(0x000000715e500000,0x000000715e600000)]
  0x000001a406f23800 JavaThread "Unconstrained build operations Thread 14" [_thread_blocked, id=9668, stack(0x000000715e600000,0x000000715e700000)]
  0x000001a406f1d800 JavaThread "Unconstrained build operations Thread 15" [_thread_blocked, id=9072, stack(0x000000715e700000,0x000000715e800000)]
  0x000001a406f21000 JavaThread "Unconstrained build operations Thread 16" [_thread_blocked, id=9228, stack(0x000000715e800000,0x000000715e900000)]
  0x000001a406f24000 JavaThread "Unconstrained build operations Thread 17" [_thread_blocked, id=9236, stack(0x000000715e900000,0x000000715ea00000)]
  0x000001a406f1f000 JavaThread "Unconstrained build operations Thread 18" [_thread_blocked, id=9288, stack(0x000000715ea00000,0x000000715eb00000)]
  0x000001a406f25000 JavaThread "Unconstrained build operations Thread 19" [_thread_blocked, id=2344, stack(0x000000715eb00000,0x000000715ec00000)]
  0x000001a406f21800 JavaThread "Unconstrained build operations Thread 20" [_thread_blocked, id=8772, stack(0x000000715ec00000,0x000000715ed00000)]
  0x000001a406f2a800 JavaThread "Unconstrained build operations Thread 21" [_thread_blocked, id=10164, stack(0x000000715ed00000,0x000000715ee00000)]
  0x000001a406f26000 JavaThread "Unconstrained build operations Thread 22" [_thread_blocked, id=12740, stack(0x000000715ee00000,0x000000715ef00000)]
  0x000001a406f2b800 JavaThread "Unconstrained build operations Thread 23" [_thread_blocked, id=11800, stack(0x000000715ef00000,0x000000715f000000)]
  0x000001a406f28000 JavaThread "Unconstrained build operations Thread 24" [_thread_blocked, id=11540, stack(0x000000715f000000,0x000000715f100000)]
  0x000001a406f26800 JavaThread "Unconstrained build operations Thread 25" [_thread_blocked, id=11552, stack(0x000000715f100000,0x000000715f200000)]
  0x000001a406f27800 JavaThread "Unconstrained build operations Thread 26" [_thread_blocked, id=2236, stack(0x000000715f200000,0x000000715f300000)]
  0x000001a406f2a000 JavaThread "Unconstrained build operations Thread 27" [_thread_blocked, id=9540, stack(0x000000715f300000,0x000000715f400000)]
  0x000001a406f29000 JavaThread "Unconstrained build operations Thread 28" [_thread_blocked, id=12856, stack(0x000000715f400000,0x000000715f500000)]
  0x000001a40219c800 JavaThread "Unconstrained build operations Thread 29" [_thread_blocked, id=4076, stack(0x000000715f500000,0x000000715f600000)]
  0x000001a4021a3000 JavaThread "Unconstrained build operations Thread 30" [_thread_blocked, id=13228, stack(0x000000715f600000,0x000000715f700000)]
  0x000001a4021a1000 JavaThread "Unconstrained build operations Thread 31" [_thread_blocked, id=11460, stack(0x000000715f700000,0x000000715f800000)]
  0x000001a4021a2800 JavaThread "Unconstrained build operations Thread 32" [_thread_blocked, id=5308, stack(0x000000715f800000,0x000000715f900000)]
  0x000001a40219e800 JavaThread "Unconstrained build operations Thread 33" [_thread_blocked, id=7636, stack(0x000000715f900000,0x000000715fa00000)]
  0x000001a4021a1800 JavaThread "Unconstrained build operations Thread 34" [_thread_blocked, id=6316, stack(0x000000715fa00000,0x000000715fb00000)]
  0x000001a40219f000 JavaThread "Unconstrained build operations Thread 35" [_thread_blocked, id=4708, stack(0x000000715fb00000,0x000000715fc00000)]
  0x000001a40219d800 JavaThread "Unconstrained build operations Thread 36" [_thread_blocked, id=10208, stack(0x000000715fc00000,0x000000715fd00000)]
  0x000001a4021a5800 JavaThread "Unconstrained build operations Thread 37" [_thread_blocked, id=11736, stack(0x000000715fd00000,0x000000715fe00000)]
  0x000001a4021a4000 JavaThread "Unconstrained build operations Thread 38" [_thread_blocked, id=5804, stack(0x000000715fe00000,0x000000715ff00000)]
  0x000001a4021a5000 JavaThread "Unconstrained build operations Thread 39" [_thread_blocked, id=5636, stack(0x000000715ff00000,0x0000007160000000)]
  0x000001a4021a0000 JavaThread "Unconstrained build operations Thread 40" [_thread_blocked, id=11732, stack(0x0000007160000000,0x0000007160100000)]
  0x000001a4021a7800 JavaThread "Unconstrained build operations Thread 41" [_thread_blocked, id=9256, stack(0x0000007160100000,0x0000007160200000)]
  0x000001a4021ab800 JavaThread "Unconstrained build operations Thread 42" [_thread_blocked, id=9376, stack(0x0000007160200000,0x0000007160300000)]
  0x000001a4021a9000 JavaThread "Unconstrained build operations Thread 43" [_thread_blocked, id=6764, stack(0x0000007160300000,0x0000007160400000)]
  0x000001a4021aa800 JavaThread "Unconstrained build operations Thread 44" [_thread_blocked, id=8784, stack(0x0000007160400000,0x0000007160500000)]
  0x000001a4021a8000 JavaThread "Unconstrained build operations Thread 45" [_thread_blocked, id=6544, stack(0x0000007160500000,0x0000007160600000)]
  0x000001a4021a9800 JavaThread "Unconstrained build operations Thread 46" [_thread_blocked, id=11500, stack(0x0000007160600000,0x0000007160700000)]
  0x000001a4021a6800 JavaThread "Unconstrained build operations Thread 47" [_thread_blocked, id=12656, stack(0x0000007160700000,0x0000007160800000)]
  0x000001a40711d800 JavaThread "Unconstrained build operations Thread 48" [_thread_blocked, id=8412, stack(0x0000007160800000,0x0000007160900000)]
  0x000001a40711b000 JavaThread "Unconstrained build operations Thread 49" [_thread_blocked, id=12764, stack(0x0000007160900000,0x0000007160a00000)]
  0x000001a407118000 JavaThread "Unconstrained build operations Thread 50" [_thread_blocked, id=6168, stack(0x0000007160a00000,0x0000007160b00000)]
  0x000001a40711e800 JavaThread "Unconstrained build operations Thread 51" [_thread_blocked, id=12652, stack(0x0000007160b00000,0x0000007160c00000)]
  0x000001a407119800 JavaThread "Unconstrained build operations Thread 52" [_thread_blocked, id=2536, stack(0x0000007160c00000,0x0000007160d00000)]
  0x000001a407118800 JavaThread "Unconstrained build operations Thread 53" [_thread_blocked, id=12836, stack(0x0000007160d00000,0x0000007160e00000)]
  0x000001a40711a800 JavaThread "Unconstrained build operations Thread 54" [_thread_blocked, id=1776, stack(0x0000007160e00000,0x0000007160f00000)]
  0x000001a40711c000 JavaThread "Unconstrained build operations Thread 55" [_thread_blocked, id=7780, stack(0x0000007160f00000,0x0000007161000000)]
  0x000001a407121800 JavaThread "Unconstrained build operations Thread 56" [_thread_blocked, id=6548, stack(0x0000007161000000,0x0000007161100000)]
  0x000001a407122800 JavaThread "Unconstrained build operations Thread 57" [_thread_blocked, id=1652, stack(0x0000007161100000,0x0000007161200000)]
  0x000001a40711f000 JavaThread "Unconstrained build operations Thread 58" [_thread_blocked, id=10200, stack(0x0000007161200000,0x0000007161300000)]
  0x000001a40711d000 JavaThread "Unconstrained build operations Thread 59" [_thread_blocked, id=808, stack(0x0000007161300000,0x0000007161400000)]
  0x000001a407123800 JavaThread "Unconstrained build operations Thread 60" [_thread_blocked, id=10592, stack(0x0000007161400000,0x0000007161500000)]
  0x000001a407125000 JavaThread "jar transforms Thread 4" [_thread_blocked, id=9936, stack(0x0000007161500000,0x0000007161600000)]
  0x000001a407121000 JavaThread "jar transforms Thread 5" [_thread_blocked, id=8688, stack(0x0000007161600000,0x0000007161700000)]
  0x000001a407126000 JavaThread "jar transforms Thread 6" [_thread_blocked, id=5012, stack(0x0000007161700000,0x0000007161800000)]
  0x000001a407120000 JavaThread "Memory manager" [_thread_blocked, id=10420, stack(0x0000007161800000,0x0000007161900000)]
  0x000001a407126800 JavaThread "build event listener" [_thread_blocked, id=11780, stack(0x0000007161900000,0x0000007161a00000)]
  0x000001a40649f000 JavaThread "build event listener" [_thread_blocked, id=3020, stack(0x0000007161a00000,0x0000007161b00000)]
  0x000001a4064a2800 JavaThread "Execution worker for ':'" [_thread_blocked, id=7608, stack(0x0000007161b00000,0x0000007161c00000)]
  0x000001a4064a3000 JavaThread "Execution worker for ':' Thread 2" [_thread_blocked, id=12632, stack(0x0000007161c00000,0x0000007161d00000)]
  0x000001a4064a0000 JavaThread "Execution worker for ':' Thread 3" [_thread_blocked, id=9384, stack(0x0000007161d00000,0x0000007161e00000)]
  0x000001a40649d800 JavaThread "Execution worker for ':' Thread 4" [_thread_blocked, id=7984, stack(0x0000007161e00000,0x0000007161f00000)]
  0x000001a40649e800 JavaThread "Execution worker for ':' Thread 5" [_thread_blocked, id=7940, stack(0x0000007161f00000,0x0000007162000000)]
  0x000001a4064a1800 JavaThread "Cache worker for execution history cache (C:\Users\logonpflocal.FIAP\Documents\AndroidNDAlunos\.gradle\7.3.3\executionHistory)" [_thread_blocked, id=7544, stack(0x0000007162000000,0x0000007162100000)]
  0x000001a4064a5000 JavaThread "WorkerExecutor Queue" [_thread_blocked, id=1780, stack(0x0000007162100000,0x0000007162200000)]
  0x000001a4064a4000 JavaThread "WorkerExecutor Queue Thread 2" [_thread_blocked, id=7108, stack(0x0000007162200000,0x0000007162300000)]
  0x000001a4064a5800 JavaThread "WorkerExecutor Queue Thread 3" [_thread_blocked, id=13120, stack(0x0000007162300000,0x0000007162400000)]
  0x000001a4064a6800 JavaThread "pool-3-thread-1" [_thread_blocked, id=10112, stack(0x0000007162400000,0x0000007162500000)]
  0x000001a4064a0800 JavaThread "stderr" [_thread_in_native, id=4104, stack(0x0000007162500000,0x0000007162600000)]
  0x000001a4064a7000 JavaThread "stdout" [_thread_in_native, id=8732, stack(0x0000007162600000,0x0000007162700000)]

Other Threads:
  0x000001a47f68d800 VMThread "VM Thread" [stack: 0x000000715ae00000,0x000000715af00000] [id=11812]
  0x000001a4021c4800 WatcherThread [stack: 0x000000715b800000,0x000000715b900000] [id=8756]
  0x000001a46766c000 GCTaskThread "GC Thread#0" [stack: 0x000000715a900000,0x000000715aa00000] [id=7832]
  0x000001a40291e800 GCTaskThread "GC Thread#1" [stack: 0x000000715b900000,0x000000715ba00000] [id=5088]
  0x000001a4024ce000 GCTaskThread "GC Thread#2" [stack: 0x000000715ba00000,0x000000715bb00000] [id=1580]
  0x000001a403b68000 GCTaskThread "GC Thread#3" [stack: 0x000000715bf00000,0x000000715c000000] [id=7180]
  0x000001a403560800 GCTaskThread "GC Thread#4" [stack: 0x000000715c000000,0x000000715c100000] [id=980]
  0x000001a403142000 GCTaskThread "GC Thread#5" [stack: 0x000000715c100000,0x000000715c200000] [id=8196]
  0x000001a46769c800 ConcurrentGCThread "G1 Main Marker" [stack: 0x000000715aa00000,0x000000715ab00000] [id=2004]
  0x000001a46769e000 ConcurrentGCThread "G1 Conc#0" [stack: 0x000000715ab00000,0x000000715ac00000] [id=12624]
  0x000001a404640800 ConcurrentGCThread "G1 Conc#1" [stack: 0x000000715cb00000,0x000000715cc00000] [id=11920]
  0x000001a467728800 ConcurrentGCThread "G1 Refine#0" [stack: 0x000000715ac00000,0x000000715ad00000] [id=2920]
  0x000001a47f4e0800 ConcurrentGCThread "G1 Young RemSet Sampling" [stack: 0x000000715ad00000,0x000000715ae00000] [id=11776]

Threads with active compile tasks:
C2 CompilerThread0  16309 11227   !   4       org.gradle.internal.classloader.CachingClassLoader::loadClass (85 bytes)

VM state:not at safepoint (normal execution)

VM Mutex/Monitor currently owned by a thread: None

Heap address: 0x0000000080000000, size: 2048 MB, Compressed Oops mode: 32-bit
Narrow klass base: 0x0000000000000000, Narrow klass shift: 3
Compressed class space size: 1073741824 Address: 0x0000000100000000

Heap:
 garbage-first heap   total 157696K, used 121844K [0x0000000080000000, 0x0000000100000000)
  region size 1024K, 44 young (45056K), 6 survivors (6144K)
 Metaspace       used 92856K, capacity 94976K, committed 95276K, reserved 1132544K
  class space    used 11979K, capacity 12767K, committed 12928K, reserved 1048576K
Heap Regions: E=young(eden), S=young(survivor), O=old, HS=humongous(starts), HC=humongous(continues), CS=collection set, F=free, A=archive, TAMS=top-at-mark-start (previous, next)
|   0|0x0000000080000000, 0x0000000080100000, 0x0000000080100000|100%| O|  |TAMS 0x0000000080100000, 0x0000000080000000| Untracked 
|   1|0x0000000080100000, 0x0000000080200000, 0x0000000080200000|100%| O|  |TAMS 0x0000000080200000, 0x0000000080100000| Untracked 
|   2|0x0000000080200000, 0x0000000080300000, 0x0000000080300000|100%| O|  |TAMS 0x0000000080300000, 0x0000000080200000| Untracked 
|   3|0x0000000080300000, 0x0000000080400000, 0x0000000080400000|100%|HS|  |TAMS 0x0000000080400000, 0x0000000080300000| Complete 
|   4|0x0000000080400000, 0x0000000080500000, 0x0000000080500000|100%|HC|  |TAMS 0x0000000080500000, 0x0000000080400000| Complete 
|   5|0x0000000080500000, 0x0000000080600000, 0x0000000080600000|100%|HC|  |TAMS 0x0000000080600000, 0x0000000080500000| Complete 
|   6|0x0000000080600000, 0x0000000080700000, 0x0000000080700000|100%| O|  |TAMS 0x0000000080700000, 0x0000000080600000| Untracked 
|   7|0x0000000080700000, 0x0000000080800000, 0x0000000080800000|100%| O|  |TAMS 0x0000000080800000, 0x0000000080700000| Untracked 
|   8|0x0000000080800000, 0x0000000080900000, 0x0000000080900000|100%| O|  |TAMS 0x0000000080900000, 0x0000000080800000| Untracked 
|   9|0x0000000080900000, 0x0000000080a00000, 0x0000000080a00000|100%| O|  |TAMS 0x0000000080a00000, 0x0000000080900000| Untracked 
|  10|0x0000000080a00000, 0x0000000080b00000, 0x0000000080b00000|100%| O|  |TAMS 0x0000000080b00000, 0x0000000080a00000| Untracked 
|  11|0x0000000080b00000, 0x0000000080c00000, 0x0000000080c00000|100%| O|  |TAMS 0x0000000080c00000, 0x0000000080b00000| Untracked 
|  12|0x0000000080c00000, 0x0000000080d00000, 0x0000000080d00000|100%| O|  |TAMS 0x0000000080d00000, 0x0000000080c00000| Untracked 
|  13|0x0000000080d00000, 0x0000000080e00000, 0x0000000080e00000|100%| O|  |TAMS 0x0000000080e00000, 0x0000000080d00000| Untracked 
|  14|0x0000000080e00000, 0x0000000080f00000, 0x0000000080f00000|100%| O|  |TAMS 0x0000000080f00000, 0x0000000080e00000| Untracked 
|  15|0x0000000080f00000, 0x0000000081000000, 0x0000000081000000|100%| O|  |TAMS 0x0000000081000000, 0x0000000080f00000| Untracked 
|  16|0x0000000081000000, 0x0000000081100000, 0x0000000081100000|100%|HS|  |TAMS 0x0000000081100000, 0x0000000081000000| Complete 
|  17|0x0000000081100000, 0x0000000081200000, 0x0000000081200000|100%| O|  |TAMS 0x0000000081200000, 0x0000000081100000| Untracked 
|  18|0x0000000081200000, 0x0000000081300000, 0x0000000081300000|100%| O|  |TAMS 0x0000000081300000, 0x0000000081200000| Untracked 
|  19|0x0000000081300000, 0x0000000081400000, 0x0000000081400000|100%| O|  |TAMS 0x0000000081400000, 0x0000000081300000| Untracked 
|  20|0x0000000081400000, 0x0000000081500000, 0x0000000081500000|100%| O|  |TAMS 0x0000000081500000, 0x0000000081400000| Untracked 
|  21|0x0000000081500000, 0x0000000081600000, 0x0000000081600000|100%| O|  |TAMS 0x0000000081600000, 0x0000000081500000| Untracked 
|  22|0x0000000081600000, 0x0000000081700000, 0x0000000081700000|100%| O|  |TAMS 0x0000000081700000, 0x0000000081600000| Untracked 
|  23|0x0000000081700000, 0x0000000081800000, 0x0000000081800000|100%| O|  |TAMS 0x0000000081800000, 0x0000000081700000| Untracked 
|  24|0x0000000081800000, 0x0000000081900000, 0x0000000081900000|100%| O|  |TAMS 0x0000000081900000, 0x0000000081800000| Untracked 
|  25|0x0000000081900000, 0x0000000081a00000, 0x0000000081a00000|100%| O|  |TAMS 0x0000000081a00000, 0x0000000081900000| Untracked 
|  26|0x0000000081a00000, 0x0000000081b00000, 0x0000000081b00000|100%| O|  |TAMS 0x0000000081b00000, 0x0000000081a00000| Untracked 
|  27|0x0000000081b00000, 0x0000000081c00000, 0x0000000081c00000|100%| O|  |TAMS 0x0000000081c00000, 0x0000000081b00000| Untracked 
|  28|0x0000000081c00000, 0x0000000081d00000, 0x0000000081d00000|100%|HS|  |TAMS 0x0000000081d00000, 0x0000000081c00000| Complete 
|  29|0x0000000081d00000, 0x0000000081e00000, 0x0000000081e00000|100%|HS|  |TAMS 0x0000000081e00000, 0x0000000081d00000| Complete 
|  30|0x0000000081e00000, 0x0000000081f00000, 0x0000000081f00000|100%|HS|  |TAMS 0x0000000081f00000, 0x0000000081e00000| Complete 
|  31|0x0000000081f00000, 0x0000000082000000, 0x0000000082000000|100%|HC|  |TAMS 0x0000000082000000, 0x0000000081f00000| Complete 
|  32|0x0000000082000000, 0x0000000082100000, 0x0000000082100000|100%|HC|  |TAMS 0x0000000082100000, 0x0000000082000000| Complete 
|  33|0x0000000082100000, 0x0000000082200000, 0x0000000082200000|100%|HS|  |TAMS 0x0000000082200000, 0x0000000082100000| Complete 
|  34|0x0000000082200000, 0x0000000082300000, 0x0000000082300000|100%|HC|  |TAMS 0x0000000082300000, 0x0000000082200000| Complete 
|  35|0x0000000082300000, 0x0000000082400000, 0x0000000082400000|100%| O|  |TAMS 0x0000000082400000, 0x0000000082300000| Untracked 
|  36|0x0000000082400000, 0x0000000082500000, 0x0000000082500000|100%| O|  |TAMS 0x0000000082500000, 0x0000000082400000| Untracked 
|  37|0x0000000082500000, 0x0000000082600000, 0x0000000082600000|100%| O|  |TAMS 0x0000000082600000, 0x0000000082500000| Untracked 
|  38|0x0000000082600000, 0x0000000082700000, 0x0000000082700000|100%| O|  |TAMS 0x0000000082700000, 0x0000000082600000| Untracked 
|  39|0x0000000082700000, 0x0000000082800000, 0x0000000082800000|100%| O|  |TAMS 0x0000000082800000, 0x0000000082700000| Untracked 
|  40|0x0000000082800000, 0x0000000082900000, 0x0000000082900000|100%| O|  |TAMS 0x0000000082900000, 0x0000000082800000| Untracked 
|  41|0x0000000082900000, 0x0000000082a00000, 0x0000000082a00000|100%| O|  |TAMS 0x0000000082a00000, 0x0000000082900000| Untracked 
|  42|0x0000000082a00000, 0x0000000082b00000, 0x0000000082b00000|100%| O|  |TAMS 0x0000000082b00000, 0x0000000082a00000| Untracked 
|  43|0x0000000082b00000, 0x0000000082c00000, 0x0000000082c00000|100%| O|  |TAMS 0x0000000082c00000, 0x0000000082b00000| Untracked 
|  44|0x0000000082c00000, 0x0000000082d00000, 0x0000000082d00000|100%| O|  |TAMS 0x0000000082d00000, 0x0000000082c00000| Untracked 
|  45|0x0000000082d00000, 0x0000000082e00000, 0x0000000082e00000|100%| O|  |TAMS 0x0000000082e00000, 0x0000000082d00000| Untracked 
|  46|0x0000000082e00000, 0x0000000082f00000, 0x0000000082f00000|100%| O|  |TAMS 0x0000000082f00000, 0x0000000082e00000| Untracked 
|  47|0x0000000082f00000, 0x0000000083000000, 0x0000000083000000|100%| O|  |TAMS 0x0000000083000000, 0x0000000082f00000| Untracked 
|  48|0x0000000083000000, 0x0000000083100000, 0x0000000083100000|100%| O|  |TAMS 0x0000000083100000, 0x0000000083000000| Untracked 
|  49|0x0000000083100000, 0x0000000083200000, 0x0000000083200000|100%| O|  |TAMS 0x0000000083200000, 0x0000000083100000| Untracked 
|  50|0x0000000083200000, 0x0000000083300000, 0x0000000083300000|100%| O|  |TAMS 0x0000000083300000, 0x0000000083200000| Untracked 
|  51|0x0000000083300000, 0x0000000083400000, 0x0000000083400000|100%| O|  |TAMS 0x0000000083400000, 0x0000000083300000| Untracked 
|  52|0x0000000083400000, 0x0000000083500000, 0x0000000083500000|100%| O|  |TAMS 0x0000000083500000, 0x0000000083400000| Untracked 
|  53|0x0000000083500000, 0x0000000083600000, 0x0000000083600000|100%| O|  |TAMS 0x0000000083600000, 0x0000000083500000| Untracked 
|  54|0x0000000083600000, 0x0000000083700000, 0x0000000083700000|100%| O|  |TAMS 0x0000000083700000, 0x0000000083600000| Untracked 
|  55|0x0000000083700000, 0x0000000083800000, 0x0000000083800000|100%| O|  |TAMS 0x0000000083800000, 0x0000000083700000| Untracked 
|  56|0x0000000083800000, 0x0000000083900000, 0x0000000083900000|100%| O|  |TAMS 0x0000000083900000, 0x0000000083800000| Untracked 
|  57|0x0000000083900000, 0x0000000083a00000, 0x0000000083a00000|100%| O|  |TAMS 0x0000000083a00000, 0x0000000083900000| Untracked 
|  58|0x0000000083a00000, 0x0000000083b00000, 0x0000000083b00000|100%| O|  |TAMS 0x0000000083b00000, 0x0000000083a00000| Untracked 
|  59|0x0000000083b00000, 0x0000000083c00000, 0x0000000083c00000|100%| O|  |TAMS 0x0000000083c00000, 0x0000000083b00000| Untracked 
|  60|0x0000000083c00000, 0x0000000083d00000, 0x0000000083d00000|100%| O|  |TAMS 0x0000000083d00000, 0x0000000083c00000| Untracked 
|  61|0x0000000083d00000, 0x0000000083e00000, 0x0000000083e00000|100%| O|  |TAMS 0x0000000083e00000, 0x0000000083d00000| Untracked 
|  62|0x0000000083e00000, 0x0000000083f00000, 0x0000000083f00000|100%| O|  |TAMS 0x0000000083f00000, 0x0000000083e00000| Untracked 
|  63|0x0000000083f00000, 0x0000000084000000, 0x0000000084000000|100%| O|  |TAMS 0x0000000084000000, 0x0000000083f00000| Untracked 
|  64|0x0000000084000000, 0x0000000084100000, 0x0000000084100000|100%| O|  |TAMS 0x0000000084100000, 0x0000000084000000| Untracked 
|  65|0x0000000084100000, 0x0000000084200000, 0x0000000084200000|100%| O|  |TAMS 0x0000000084200000, 0x0000000084100000| Untracked 
|  66|0x0000000084200000, 0x0000000084300000, 0x0000000084300000|100%| O|  |TAMS 0x0000000084300000, 0x0000000084200000| Untracked 
|  67|0x0000000084300000, 0x0000000084400000, 0x0000000084400000|100%| O|  |TAMS 0x0000000084400000, 0x0000000084300000| Untracked 
|  68|0x0000000084400000, 0x0000000084500000, 0x0000000084500000|100%| O|  |TAMS 0x0000000084500000, 0x0000000084400000| Untracked 
|  69|0x0000000084500000, 0x0000000084600000, 0x0000000084600000|100%| O|  |TAMS 0x0000000084600000, 0x0000000084500000| Untracked 
|  70|0x0000000084600000, 0x0000000084700000, 0x0000000084700000|100%| O|  |TAMS 0x0000000084700000, 0x0000000084600000| Untracked 
|  71|0x0000000084700000, 0x0000000084800000, 0x0000000084800000|100%| O|  |TAMS 0x0000000084800000, 0x0000000084700000| Untracked 
|  72|0x0000000084800000, 0x0000000084900000, 0x0000000084900000|100%| O|  |TAMS 0x0000000084900000, 0x0000000084800000| Untracked 
|  73|0x0000000084900000, 0x0000000084a00000, 0x0000000084a00000|100%| O|  |TAMS 0x0000000084a00000, 0x0000000084900000| Untracked 
|  74|0x0000000084a00000, 0x0000000084b00000, 0x0000000084b00000|100%| O|  |TAMS 0x0000000084b00000, 0x0000000084a00000| Untracked 
|  75|0x0000000084b00000, 0x0000000084c00000, 0x0000000084c00000|100%| O|  |TAMS 0x0000000084bc9200, 0x0000000084b00000| Untracked 
|  76|0x0000000084c00000, 0x0000000084d00000, 0x0000000084d00000|100%| O|  |TAMS 0x0000000084c00000, 0x0000000084c00000| Untracked 
|  77|0x0000000084d00000, 0x0000000084dd8600, 0x0000000084e00000| 84%| O|  |TAMS 0x0000000084d00000, 0x0000000084d00000| Untracked 
|  78|0x0000000084e00000, 0x0000000084e00000, 0x0000000084f00000|  0%| F|  |TAMS 0x0000000084e00000, 0x0000000084e00000| Untracked 
|  79|0x0000000084f00000, 0x0000000084f00000, 0x0000000085000000|  0%| F|  |TAMS 0x0000000084f00000, 0x0000000084f00000| Untracked 
|  80|0x0000000085000000, 0x0000000085000000, 0x0000000085100000|  0%| F|  |TAMS 0x0000000085000000, 0x0000000085000000| Untracked 
|  81|0x0000000085100000, 0x0000000085100000, 0x0000000085200000|  0%| F|  |TAMS 0x0000000085100000, 0x0000000085100000| Untracked 
|  82|0x0000000085200000, 0x0000000085200000, 0x0000000085300000|  0%| F|  |TAMS 0x0000000085200000, 0x0000000085200000| Untracked 
|  83|0x0000000085300000, 0x0000000085300000, 0x0000000085400000|  0%| F|  |TAMS 0x0000000085300000, 0x0000000085300000| Untracked 
|  84|0x0000000085400000, 0x0000000085400000, 0x0000000085500000|  0%| F|  |TAMS 0x0000000085400000, 0x0000000085400000| Untracked 
|  85|0x0000000085500000, 0x0000000085500000, 0x0000000085600000|  0%| F|  |TAMS 0x0000000085500000, 0x0000000085500000| Untracked 
|  86|0x0000000085600000, 0x0000000085600000, 0x0000000085700000|  0%| F|  |TAMS 0x0000000085600000, 0x0000000085600000| Untracked 
|  87|0x0000000085700000, 0x0000000085700000, 0x0000000085800000|  0%| F|  |TAMS 0x0000000085700000, 0x0000000085700000| Untracked 
|  88|0x0000000085800000, 0x0000000085800000, 0x0000000085900000|  0%| F|  |TAMS 0x0000000085800000, 0x0000000085800000| Untracked 
|  89|0x0000000085900000, 0x0000000085900000, 0x0000000085a00000|  0%| F|  |TAMS 0x0000000085900000, 0x0000000085900000| Untracked 
|  90|0x0000000085a00000, 0x0000000085a00000, 0x0000000085b00000|  0%| F|  |TAMS 0x0000000085a00000, 0x0000000085a00000| Untracked 
|  91|0x0000000085b00000, 0x0000000085b00000, 0x0000000085c00000|  0%| F|  |TAMS 0x0000000085b00000, 0x0000000085b00000| Untracked 
|  92|0x0000000085c00000, 0x0000000085c00000, 0x0000000085d00000|  0%| F|  |TAMS 0x0000000085c00000, 0x0000000085c00000| Untracked 
|  93|0x0000000085d00000, 0x0000000085d00000, 0x0000000085e00000|  0%| F|  |TAMS 0x0000000085d00000, 0x0000000085d00000| Untracked 
|  94|0x0000000085e00000, 0x0000000085e00000, 0x0000000085f00000|  0%| F|  |TAMS 0x0000000085e00000, 0x0000000085e00000| Untracked 
|  95|0x0000000085f00000, 0x0000000085f00000, 0x0000000086000000|  0%| F|  |TAMS 0x0000000085f00000, 0x0000000085f00000| Untracked 
|  96|0x0000000086000000, 0x0000000086000000, 0x0000000086100000|  0%| F|  |TAMS 0x0000000086000000, 0x0000000086000000| Untracked 
|  97|0x0000000086100000, 0x0000000086100000, 0x0000000086200000|  0%| F|  |TAMS 0x0000000086100000, 0x0000000086100000| Untracked 
|  98|0x0000000086200000, 0x0000000086200000, 0x0000000086300000|  0%| F|  |TAMS 0x0000000086200000, 0x0000000086200000| Untracked 
|  99|0x0000000086300000, 0x0000000086324dd8, 0x0000000086400000| 14%| S|CS|TAMS 0x0000000086300000, 0x0000000086300000| Complete 
| 100|0x0000000086400000, 0x0000000086400000, 0x0000000086500000|  0%| F|  |TAMS 0x0000000086400000, 0x0000000086400000| Untracked 
| 101|0x0000000086500000, 0x0000000086500000, 0x0000000086600000|  0%| F|  |TAMS 0x0000000086500000, 0x0000000086500000| Untracked 
| 102|0x0000000086600000, 0x0000000086700000, 0x0000000086700000|100%| S|CS|TAMS 0x0000000086600000, 0x0000000086600000| Complete 
| 103|0x0000000086700000, 0x0000000086800000, 0x0000000086800000|100%| S|CS|TAMS 0x0000000086700000, 0x0000000086700000| Complete 
| 104|0x0000000086800000, 0x0000000086900000, 0x0000000086900000|100%| S|CS|TAMS 0x0000000086800000, 0x0000000086800000| Complete 
| 105|0x0000000086900000, 0x0000000086900000, 0x0000000086a00000|  0%| F|  |TAMS 0x0000000086900000, 0x0000000086900000| Untracked 
| 106|0x0000000086a00000, 0x0000000086b00000, 0x0000000086b00000|100%| S|CS|TAMS 0x0000000086a00000, 0x0000000086a00000| Complete 
| 107|0x0000000086b00000, 0x0000000086c00000, 0x0000000086c00000|100%| S|CS|TAMS 0x0000000086b00000, 0x0000000086b00000| Complete 
| 108|0x0000000086c00000, 0x0000000086c00000, 0x0000000086d00000|  0%| F|  |TAMS 0x0000000086c00000, 0x0000000086c00000| Untracked 
| 109|0x0000000086d00000, 0x0000000086d00000, 0x0000000086e00000|  0%| F|  |TAMS 0x0000000086d00000, 0x0000000086d00000| Untracked 
| 110|0x0000000086e00000, 0x0000000086e00000, 0x0000000086f00000|  0%| F|  |TAMS 0x0000000086e00000, 0x0000000086e00000| Untracked 
| 111|0x0000000086f00000, 0x0000000086f00000, 0x0000000087000000|  0%| F|  |TAMS 0x0000000086f00000, 0x0000000086f00000| Untracked 
| 112|0x0000000087000000, 0x0000000087000000, 0x0000000087100000|  0%| F|  |TAMS 0x0000000087000000, 0x0000000087000000| Untracked 
| 113|0x0000000087100000, 0x0000000087100000, 0x0000000087200000|  0%| F|  |TAMS 0x0000000087100000, 0x0000000087100000| Untracked 
| 114|0x0000000087200000, 0x0000000087200000, 0x0000000087300000|  0%| F|  |TAMS 0x0000000087200000, 0x0000000087200000| Untracked 
| 115|0x0000000087300000, 0x0000000087300000, 0x0000000087400000|  0%| F|  |TAMS 0x0000000087300000, 0x0000000087300000| Untracked 
| 116|0x0000000087400000, 0x0000000087479d20, 0x0000000087500000| 47%| E|  |TAMS 0x0000000087400000, 0x0000000087400000| Complete 
| 117|0x0000000087500000, 0x0000000087600000, 0x0000000087600000|100%| E|CS|TAMS 0x0000000087500000, 0x0000000087500000| Complete 
| 118|0x0000000087600000, 0x0000000087700000, 0x0000000087700000|100%| E|CS|TAMS 0x0000000087600000, 0x0000000087600000| Complete 
| 119|0x0000000087700000, 0x0000000087800000, 0x0000000087800000|100%| E|CS|TAMS 0x0000000087700000, 0x0000000087700000| Complete 
| 120|0x0000000087800000, 0x0000000087900000, 0x0000000087900000|100%| E|CS|TAMS 0x0000000087800000, 0x0000000087800000| Complete 
| 121|0x0000000087900000, 0x0000000087a00000, 0x0000000087a00000|100%| E|CS|TAMS 0x0000000087900000, 0x0000000087900000| Complete 
| 122|0x0000000087a00000, 0x0000000087b00000, 0x0000000087b00000|100%| E|CS|TAMS 0x0000000087a00000, 0x0000000087a00000| Complete 
| 123|0x0000000087b00000, 0x0000000087c00000, 0x0000000087c00000|100%| E|CS|TAMS 0x0000000087b00000, 0x0000000087b00000| Complete 
| 124|0x0000000087c00000, 0x0000000087d00000, 0x0000000087d00000|100%| E|CS|TAMS 0x0000000087c00000, 0x0000000087c00000| Complete 
| 125|0x0000000087d00000, 0x0000000087e00000, 0x0000000087e00000|100%| E|CS|TAMS 0x0000000087d00000, 0x0000000087d00000| Complete 
| 126|0x0000000087e00000, 0x0000000087f00000, 0x0000000087f00000|100%| E|CS|TAMS 0x0000000087e00000, 0x0000000087e00000| Complete 
| 127|0x0000000087f00000, 0x0000000088000000, 0x0000000088000000|100%| E|CS|TAMS 0x0000000087f00000, 0x0000000087f00000| Complete 
| 128|0x0000000088000000, 0x0000000088100000, 0x0000000088100000|100%| E|CS|TAMS 0x0000000088000000, 0x0000000088000000| Complete 
| 129|0x0000000088100000, 0x0000000088200000, 0x0000000088200000|100%| E|CS|TAMS 0x0000000088100000, 0x0000000088100000| Complete 
| 130|0x0000000088200000, 0x0000000088300000, 0x0000000088300000|100%| E|CS|TAMS 0x0000000088200000, 0x0000000088200000| Complete 
| 131|0x0000000088300000, 0x0000000088400000, 0x0000000088400000|100%| E|CS|TAMS 0x0000000088300000, 0x0000000088300000| Complete 
| 132|0x0000000088400000, 0x0000000088500000, 0x0000000088500000|100%| E|CS|TAMS 0x0000000088400000, 0x0000000088400000| Complete 
| 133|0x0000000088500000, 0x0000000088600000, 0x0000000088600000|100%| E|  |TAMS 0x0000000088500000, 0x0000000088500000| Complete 
| 134|0x0000000088600000, 0x0000000088700000, 0x0000000088700000|100%| E|CS|TAMS 0x0000000088600000, 0x0000000088600000| Complete 
| 135|0x0000000088700000, 0x0000000088800000, 0x0000000088800000|100%| E|CS|TAMS 0x0000000088700000, 0x0000000088700000| Complete 
| 136|0x0000000088800000, 0x0000000088900000, 0x0000000088900000|100%| E|CS|TAMS 0x0000000088800000, 0x0000000088800000| Complete 
| 137|0x0000000088900000, 0x0000000088a00000, 0x0000000088a00000|100%| E|CS|TAMS 0x0000000088900000, 0x0000000088900000| Complete 
| 138|0x0000000088a00000, 0x0000000088b00000, 0x0000000088b00000|100%| E|CS|TAMS 0x0000000088a00000, 0x0000000088a00000| Complete 
| 139|0x0000000088b00000, 0x0000000088c00000, 0x0000000088c00000|100%| E|CS|TAMS 0x0000000088b00000, 0x0000000088b00000| Complete 
| 140|0x0000000088c00000, 0x0000000088d00000, 0x0000000088d00000|100%| E|CS|TAMS 0x0000000088c00000, 0x0000000088c00000| Complete 
| 141|0x0000000088d00000, 0x0000000088e00000, 0x0000000088e00000|100%| E|CS|TAMS 0x0000000088d00000, 0x0000000088d00000| Complete 
| 142|0x0000000088e00000, 0x0000000088f00000, 0x0000000088f00000|100%| E|CS|TAMS 0x0000000088e00000, 0x0000000088e00000| Complete 
| 143|0x0000000088f00000, 0x0000000089000000, 0x0000000089000000|100%| E|CS|TAMS 0x0000000088f00000, 0x0000000088f00000| Complete 
| 144|0x0000000089000000, 0x0000000089100000, 0x0000000089100000|100%| E|CS|TAMS 0x0000000089000000, 0x0000000089000000| Complete 
| 145|0x0000000089100000, 0x0000000089200000, 0x0000000089200000|100%| E|CS|TAMS 0x0000000089100000, 0x0000000089100000| Complete 
| 146|0x0000000089200000, 0x0000000089300000, 0x0000000089300000|100%| E|CS|TAMS 0x0000000089200000, 0x0000000089200000| Complete 
| 147|0x0000000089300000, 0x0000000089400000, 0x0000000089400000|100%| E|CS|TAMS 0x0000000089300000, 0x0000000089300000| Complete 
| 148|0x0000000089400000, 0x0000000089500000, 0x0000000089500000|100%| E|CS|TAMS 0x0000000089400000, 0x0000000089400000| Complete 
| 149|0x0000000089500000, 0x0000000089600000, 0x0000000089600000|100%| E|CS|TAMS 0x0000000089500000, 0x0000000089500000| Complete 
| 150|0x0000000089600000, 0x0000000089700000, 0x0000000089700000|100%| E|CS|TAMS 0x0000000089600000, 0x0000000089600000| Complete 
| 151|0x0000000089700000, 0x0000000089800000, 0x0000000089800000|100%| E|CS|TAMS 0x0000000089700000, 0x0000000089700000| Complete 
| 152|0x0000000089800000, 0x0000000089900000, 0x0000000089900000|100%| E|CS|TAMS 0x0000000089800000, 0x0000000089800000| Complete 
| 153|0x0000000089900000, 0x0000000089a00000, 0x0000000089a00000|100%| E|CS|TAMS 0x0000000089900000, 0x0000000089900000| Complete 

Card table byte_map: [0x000001a47a670000,0x000001a47aa70000] _byte_map_base: 0x000001a47a270000

Marking Bits (Prev, Next): (CMBitMap*) 0x000001a467693c08, (CMBitMap*) 0x000001a467693c40
 Prev Bits: [0x000001a47ae70000, 0x000001a47ce70000)
 Next Bits: [0x000001a47ce70000, 0x000001a47ee70000)

Polling page: 0x000001a465650000

Metaspace:

Usage:
  Non-class:     80.28 MB capacity,    78.98 MB ( 98%) used,     1.05 MB (  1%) free+waste,   257.25 KB ( <1%) overhead. 
      Class:     12.47 MB capacity,    11.70 MB ( 94%) used,   673.50 KB (  5%) free+waste,   114.13 KB ( <1%) overhead. 
       Both:     92.75 MB capacity,    90.68 MB ( 98%) used,     1.71 MB (  2%) free+waste,   371.38 KB ( <1%) overhead. 

Virtual space:
  Non-class space:       82.00 MB reserved,      80.42 MB ( 98%) committed 
      Class space:        1.00 GB reserved,      12.63 MB (  1%) committed 
             Both:        1.08 GB reserved,      93.04 MB (  8%) committed 

Chunk freelists:
   Non-Class:  139.00 KB
       Class:  97.00 KB
        Both:  236.00 KB

MaxMetaspaceSize: 17179869184.00 GB
CompressedClassSpaceSize: 1.00 GB
Initial GC threshold: 20.80 MB
Current GC threshold: 153.61 MB
CDS: off

CodeHeap 'non-profiled nmethods': size=120064Kb used=5021Kb max_used=5021Kb free=115042Kb
 bounds [0x000001a472c20000, 0x000001a473110000, 0x000001a47a160000]
CodeHeap 'profiled nmethods': size=120000Kb used=21936Kb max_used=21936Kb free=98063Kb
 bounds [0x000001a46b6f0000, 0x000001a46cc60000, 0x000001a472c20000]
CodeHeap 'non-nmethods': size=5696Kb used=2387Kb max_used=2418Kb free=3308Kb
 bounds [0x000001a46b160000, 0x000001a46b3d0000, 0x000001a46b6f0000]
 total_blobs=12010 nmethods=11106 adapters=816
 compilation: enabled
              stopped_count=0, restarted_count=0
 full_count=0

Compilation events (20 events):
Event: 16.111 Thread 0x000001a47f6bc800 11210   !   3       jdk.internal.reflect.GeneratedMethodAccessor5::invoke (63 bytes)
Event: 16.111 Thread 0x000001a47f6bc800 nmethod 11210 0x000001a46cc54d10 code [0x000001a46cc54f80, 0x000001a46cc55968]
Event: 16.111 Thread 0x000001a47f6bc800 11211   !   3       jdk.internal.reflect.GeneratedMethodAccessor6::invoke (66 bytes)
Event: 16.112 Thread 0x000001a47f6bc800 nmethod 11211 0x000001a46cc55e90 code [0x000001a46cc56140, 0x000001a46cc56dc8]
Event: 16.112 Thread 0x000001a47f6bc800 11212   !   3       jdk.internal.reflect.GeneratedMethodAccessor7::invoke (63 bytes)
Event: 16.112 Thread 0x000001a47f6bc800 nmethod 11212 0x000001a46cc57410 code [0x000001a46cc57680, 0x000001a46cc58068]
Event: 16.117 Thread 0x000001a47f6bc800 11213       3       org.gradle.api.internal.file.CompositeFileCollection$$Lambda$703/0x00000001008b4440::accept (12 bytes)
Event: 16.117 Thread 0x000001a47f6bc800 nmethod 11213 0x000001a46cc58590 code [0x000001a46cc58760, 0x000001a46cc58a88]
Event: 16.118 Thread 0x000001a47f6bc800 11214       3       com.google.common.collect.ImmutableSet$RegularSetBuilderImpl::add (122 bytes)
Event: 16.118 Thread 0x000001a47f6bc800 nmethod 11214 0x000001a46cc58b90 code [0x000001a46cc58e20, 0x000001a46cc59aa8]
Event: 16.118 Thread 0x000001a47f6bc800 11215       3       com.google.common.collect.ImmutableSet$SetBuilderImpl::addDedupedElement (28 bytes)
Event: 16.119 Thread 0x000001a47f6bc800 nmethod 11215 0x000001a46cc5a010 code [0x000001a46cc5a200, 0x000001a46cc5a6b8]
Event: 16.157 Thread 0x000001a47f6b3800 nmethod 11202 0x000001a473102e10 code [0x000001a473103100, 0x000001a4731050c0]
Event: 16.173 Thread 0x000001a47f6bc800 11220       3       jdk.internal.org.objectweb.asm.MethodWriter::endFrame (53 bytes)
Event: 16.173 Thread 0x000001a47f6bc800 nmethod 11220 0x000001a46cc5a890 code [0x000001a46cc5aa80, 0x000001a46cc5af48]
Event: 16.175 Thread 0x000001a47f6bc800 11222       3       java.lang.invoke.LambdaForm::<init> (115 bytes)
Event: 16.176 Thread 0x000001a47f6bc800 nmethod 11222 0x000001a46cc5b090 code [0x000001a46cc5b2a0, 0x000001a46cc5b908]
Event: 16.176 Thread 0x000001a47f6bc800 11226       3       jdk.internal.org.objectweb.asm.ClassWriter::addType (39 bytes)
Event: 16.176 Thread 0x000001a47f6bc800 nmethod 11226 0x000001a46cc5bb90 code [0x000001a46cc5bd60, 0x000001a46cc5bf68]
Event: 16.179 Thread 0x000001a47f6b3800 11227   !   4       org.gradle.internal.classloader.CachingClassLoader::loadClass (85 bytes)

GC Heap History (20 events):
Event: 9.689 GC heap before
{Heap before GC invocations=15 (full 0):
 garbage-first heap   total 157696K, used 102385K [0x0000000080000000, 0x0000000100000000)
  region size 1024K, 51 young (52224K), 5 survivors (5120K)
 Metaspace       used 67227K, capacity 68713K, committed 69036K, reserved 1110016K
  class space    used 8539K, capacity 9110K, committed 9216K, reserved 1048576K
}
Event: 9.695 GC heap after
{Heap after GC invocations=16 (full 0):
 garbage-first heap   total 157696K, used 57486K [0x0000000080000000, 0x0000000100000000)
  region size 1024K, 3 young (3072K), 3 survivors (3072K)
 Metaspace       used 67227K, capacity 68713K, committed 69036K, reserved 1110016K
  class space    used 8539K, capacity 9110K, committed 9216K, reserved 1048576K
}
Event: 10.126 GC heap before
{Heap before GC invocations=16 (full 0):
 garbage-first heap   total 157696K, used 106638K [0x0000000080000000, 0x0000000100000000)
  region size 1024K, 51 young (52224K), 3 survivors (3072K)
 Metaspace       used 68711K, capacity 70283K, committed 70444K, reserved 1110016K
  class space    used 8708K, capacity 9313K, committed 9344K, reserved 1048576K
}
Event: 10.133 GC heap after
{Heap after GC invocations=17 (full 0):
 garbage-first heap   total 157696K, used 61318K [0x0000000080000000, 0x0000000100000000)
  region size 1024K, 7 young (7168K), 7 survivors (7168K)
 Metaspace       used 68711K, capacity 70283K, committed 70444K, reserved 1110016K
  class space    used 8708K, capacity 9313K, committed 9344K, reserved 1048576K
}
Event: 11.217 GC heap before
{Heap before GC invocations=17 (full 0):
 garbage-first heap   total 157696K, used 110470K [0x0000000080000000, 0x0000000100000000)
  region size 1024K, 55 young (56320K), 7 survivors (7168K)
 Metaspace       used 74049K, capacity 75637K, committed 75692K, reserved 1114112K
  class space    used 9599K, capacity 10236K, committed 10240K, reserved 1048576K
}
Event: 11.224 GC heap after
{Heap after GC invocations=18 (full 0):
 garbage-first heap   total 157696K, used 64503K [0x0000000080000000, 0x0000000100000000)
  region size 1024K, 4 young (4096K), 4 survivors (4096K)
 Metaspace       used 74049K, capacity 75637K, committed 75692K, reserved 1114112K
  class space    used 9599K, capacity 10236K, committed 10240K, reserved 1048576K
}
Event: 12.056 GC heap before
{Heap before GC invocations=18 (full 0):
 garbage-first heap   total 157696K, used 114679K [0x0000000080000000, 0x0000000100000000)
  region size 1024K, 53 young (54272K), 4 survivors (4096K)
 Metaspace       used 78584K, capacity 80322K, committed 80556K, reserved 1118208K
  class space    used 10285K, capacity 10943K, committed 11008K, reserved 1048576K
}
Event: 12.062 GC heap after
{Heap after GC invocations=19 (full 0):
 garbage-first heap   total 157696K, used 66906K [0x0000000080000000, 0x0000000100000000)
  region size 1024K, 6 young (6144K), 6 survivors (6144K)
 Metaspace       used 78584K, capacity 80322K, committed 80556K, reserved 1118208K
  class space    used 10285K, capacity 10943K, committed 11008K, reserved 1048576K
}
Event: 12.882 GC heap before
{Heap before GC invocations=19 (full 0):
 garbage-first heap   total 157696K, used 118106K [0x0000000080000000, 0x0000000100000000)
  region size 1024K, 56 young (57344K), 6 survivors (6144K)
 Metaspace       used 83648K, capacity 85521K, committed 85676K, reserved 1124352K
  class space    used 10956K, capacity 11690K, committed 11776K, reserved 1048576K
}
Event: 12.890 GC heap after
{Heap after GC invocations=20 (full 0):
 garbage-first heap   total 157696K, used 71012K [0x0000000080000000, 0x0000000100000000)
  region size 1024K, 7 young (7168K), 7 survivors (7168K)
 Metaspace       used 83648K, capacity 85521K, committed 85676K, reserved 1124352K
  class space    used 10956K, capacity 11690K, committed 11776K, reserved 1048576K
}
Event: 13.528 GC heap before
{Heap before GC invocations=20 (full 0):
 garbage-first heap   total 157696K, used 120164K [0x0000000080000000, 0x0000000100000000)
  region size 1024K, 56 young (57344K), 7 survivors (7168K)
 Metaspace       used 85209K, capacity 87331K, committed 87468K, reserved 1124352K
  class space    used 11172K, capacity 11984K, committed 12032K, reserved 1048576K
}
Event: 13.538 GC heap after
{Heap after GC invocations=21 (full 0):
 garbage-first heap   total 157696K, used 74818K [0x0000000080000000, 0x0000000100000000)
  region size 1024K, 4 young (4096K), 4 survivors (4096K)
 Metaspace       used 85209K, capacity 87331K, committed 87468K, reserved 1124352K
  class space    used 11172K, capacity 11984K, committed 12032K, reserved 1048576K
}
Event: 14.086 GC heap before
{Heap before GC invocations=21 (full 0):
 garbage-first heap   total 157696K, used 122946K [0x0000000080000000, 0x0000000100000000)
  region size 1024K, 52 young (53248K), 4 survivors (4096K)
 Metaspace       used 85882K, capacity 87992K, committed 88364K, reserved 1126400K
  class space    used 11221K, capacity 12041K, committed 12160K, reserved 1048576K
}
Event: 14.092 GC heap after
{Heap after GC invocations=22 (full 0):
 garbage-first heap   total 157696K, used 77678K [0x0000000080000000, 0x0000000100000000)
  region size 1024K, 7 young (7168K), 7 survivors (7168K)
 Metaspace       used 85882K, capacity 87992K, committed 88364K, reserved 1126400K
  class space    used 11221K, capacity 12041K, committed 12160K, reserved 1048576K
}
Event: 14.856 GC heap before
{Heap before GC invocations=23 (full 0):
 garbage-first heap   total 157696K, used 124782K [0x0000000080000000, 0x0000000100000000)
  region size 1024K, 54 young (55296K), 7 survivors (7168K)
 Metaspace       used 88841K, capacity 91021K, committed 91180K, reserved 1128448K
  class space    used 11529K, capacity 12370K, committed 12416K, reserved 1048576K
}
Event: 14.864 GC heap after
{Heap after GC invocations=24 (full 0):
 garbage-first heap   total 157696K, used 79706K [0x0000000080000000, 0x0000000100000000)
  region size 1024K, 6 young (6144K), 6 survivors (6144K)
 Metaspace       used 88841K, capacity 91021K, committed 91180K, reserved 1128448K
  class space    used 11529K, capacity 12370K, committed 12416K, reserved 1048576K
}
Event: 15.401 GC heap before
{Heap before GC invocations=24 (full 0):
 garbage-first heap   total 157696K, used 126810K [0x0000000080000000, 0x0000000100000000)
  region size 1024K, 53 young (54272K), 6 survivors (6144K)
 Metaspace       used 92179K, capacity 94339K, committed 94380K, reserved 1130496K
  class space    used 11955K, capacity 12772K, committed 12800K, reserved 1048576K
}
Event: 15.408 GC heap after
{Heap after GC invocations=25 (full 0):
 garbage-first heap   total 157696K, used 82602K [0x0000000080000000, 0x0000000100000000)
  region size 1024K, 5 young (5120K), 5 survivors (5120K)
 Metaspace       used 92179K, capacity 94339K, committed 94380K, reserved 1130496K
  class space    used 11955K, capacity 12772K, committed 12800K, reserved 1048576K
}
Event: 15.788 GC heap before
{Heap before GC invocations=26 (full 0):
 garbage-first heap   total 157696K, used 128682K [0x0000000080000000, 0x0000000100000000)
  region size 1024K, 51 young (52224K), 5 survivors (5120K)
 Metaspace       used 92137K, capacity 94191K, committed 94636K, reserved 1130496K
  class space    used 11900K, capacity 12669K, committed 12800K, reserved 1048576K
}
Event: 15.797 GC heap after
{Heap after GC invocations=27 (full 0):
 garbage-first heap   total 157696K, used 84980K [0x0000000080000000, 0x0000000100000000)
  region size 1024K, 6 young (6144K), 6 survivors (6144K)
 Metaspace       used 92137K, capacity 94191K, committed 94636K, reserved 1130496K
  class space    used 11900K, capacity 12669K, committed 12800K, reserved 1048576K
}

Deoptimization events (20 events):
Event: 15.956 Thread 0x000001a40649e800 DEOPT PACKING pc=0x000001a46c96d1d5 sp=0x0000007161ffb480
Event: 15.956 Thread 0x000001a40649e800 DEOPT UNPACKING pc=0x000001a46b1aa95e sp=0x0000007161ffa9a0 mode 0
Event: 16.033 Thread 0x000001a40219f000 DEOPT PACKING pc=0x000001a46c8243b1 sp=0x000000715fbfc050
Event: 16.033 Thread 0x000001a40219f000 DEOPT UNPACKING pc=0x000001a46b1aa95e sp=0x000000715fbfb518 mode 0
Event: 16.059 Thread 0x000001a4066c4800 DEOPT PACKING pc=0x000001a46c8243b1 sp=0x000000715dffbb80
Event: 16.059 Thread 0x000001a4066c4800 DEOPT UNPACKING pc=0x000001a46b1aa95e sp=0x000000715dffb048 mode 0
Event: 16.079 Thread 0x000001a40649e800 DEOPT PACKING pc=0x000001a46c5e44ec sp=0x0000007161ff96a0
Event: 16.079 Thread 0x000001a40649e800 DEOPT UNPACKING pc=0x000001a46b1aa95e sp=0x0000007161ff8bb8 mode 0
Event: 16.083 Thread 0x000001a40649e800 Uncommon trap: trap_request=0xffffffd6 fr.pc=0x000001a4730f9a88 relative=0x00000000000006c8
Event: 16.083 Thread 0x000001a40649e800 Uncommon trap: reason=array_check action=maybe_recompile pc=0x000001a4730f9a88 method=java.util.TimSort.binarySort([Ljava/lang/Object;IIILjava/util/Comparator;)V @ 215 c2
Event: 16.083 Thread 0x000001a40649e800 DEOPT PACKING pc=0x000001a4730f9a88 sp=0x0000007161ff7a90
Event: 16.083 Thread 0x000001a40649e800 DEOPT UNPACKING pc=0x000001a46b1aa1af sp=0x0000007161ff7a38 mode 2
Event: 16.084 Thread 0x000001a40649e800 Uncommon trap: trap_request=0xffffffd6 fr.pc=0x000001a4730f9c94 relative=0x00000000000008d4
Event: 16.084 Thread 0x000001a40649e800 Uncommon trap: reason=array_check action=maybe_recompile pc=0x000001a4730f9c94 method=java.util.TimSort.binarySort([Ljava/lang/Object;IIILjava/util/Comparator;)V @ 183 c2
Event: 16.084 Thread 0x000001a40649e800 DEOPT PACKING pc=0x000001a4730f9c94 sp=0x0000007161ff7a90
Event: 16.084 Thread 0x000001a40649e800 DEOPT UNPACKING pc=0x000001a46b1aa1af sp=0x0000007161ff7a38 mode 2
Event: 16.085 Thread 0x000001a40649e800 Uncommon trap: trap_request=0xffffffd6 fr.pc=0x000001a4730f9a88 relative=0x00000000000006c8
Event: 16.085 Thread 0x000001a40649e800 Uncommon trap: reason=array_check action=maybe_recompile pc=0x000001a4730f9a88 method=java.util.TimSort.binarySort([Ljava/lang/Object;IIILjava/util/Comparator;)V @ 215 c2
Event: 16.085 Thread 0x000001a40649e800 DEOPT PACKING pc=0x000001a4730f9a88 sp=0x0000007161ff73d0
Event: 16.085 Thread 0x000001a40649e800 DEOPT UNPACKING pc=0x000001a46b1aa1af sp=0x0000007161ff7378 mode 2

Classes redefined (0 events):
No events

Internal exceptions (20 events):
Event: 13.167 Thread 0x000001a4066c4800 Exception <a 'java/lang/NoSuchMethodError'{0x0000000088576e70}: 'int java.lang.invoke.DirectMethodHandle$Holder.invokeStaticInit(java.lang.Object, java.lang.Object, java.lang.Object, java.lang.Object, java.lang.Object)'> (0x0000000088576e70) thrown at [./src/hotspot/share/interpreter/linkResolver.cpp, line 773]
Event: 13.224 Thread 0x000001a4066c4800 Implicit null exception at 0x000001a47301238b to 0x000001a4730128e8
Event: 13.224 Thread 0x000001a4066be800 Implicit null exception at 0x000001a47301238b to 0x000001a4730128e8
Event: 13.851 Thread 0x000001a4021a8000 Exception <a 'java/lang/NoSuchMethodError'{0x0000000087e91b68}: 'void java.lang.invoke.DirectMethodHandle$Holder.invokeVirtual(java.lang.Object, java.lang.Object)'> (0x0000000087e91b68) thrown at [./src/hotspot/share/interpreter/linkResolver.cpp, line 773]
Event: 14.660 Thread 0x000001a40649e800 Implicit null exception at 0x000001a472f92514 to 0x000001a472f92ae0
Event: 14.754 Thread 0x000001a40649e800 Exception <a 'java/lang/NoSuchMethodError'{0x00000000874bba28}: 'java.lang.Object java.lang.invoke.DirectMethodHandle$Holder.newInvokeSpecial(java.lang.Object, java.lang.Object, java.lang.Object, java.lang.Object)'> (0x00000000874bba28) thrown at [./src/hotspot/share/interpreter/linkResolver.cpp, line 773]
Event: 14.760 Thread 0x000001a4037a0000 Exception <a 'java/lang/NoSuchMethodError'{0x0000000087367470}: <clinit>> (0x0000000087367470) thrown at [./src/hotspot/share/prims/jni.cpp, line 1365]
Event: 15.952 Thread 0x000001a40649e800 Exception <a 'java/lang/NoSuchMethodError'{0x0000000088b09b28}: <clinit>> (0x0000000088b09b28) thrown at [./src/hotspot/share/prims/jni.cpp, line 1365]
Event: 15.952 Thread 0x000001a40649e800 Exception <a 'java/lang/NoSuchMethodError'{0x0000000088b0b118}: <clinit>> (0x0000000088b0b118) thrown at [./src/hotspot/share/prims/jni.cpp, line 1365]
Event: 15.952 Thread 0x000001a40649e800 Exception <a 'java/lang/NoSuchMethodError'{0x0000000088b0dd18}: <clinit>> (0x0000000088b0dd18) thrown at [./src/hotspot/share/prims/jni.cpp, line 1365]
Event: 15.954 Thread 0x000001a40649e800 Exception <a 'java/lang/NoSuchMethodError'{0x0000000088b24e38}: <clinit>> (0x0000000088b24e38) thrown at [./src/hotspot/share/prims/jni.cpp, line 1365]
Event: 15.954 Thread 0x000001a40649e800 Exception <a 'java/lang/NoSuchMethodError'{0x0000000088b26070}: <clinit>> (0x0000000088b26070) thrown at [./src/hotspot/share/prims/jni.cpp, line 1365]
Event: 16.083 Thread 0x000001a40649e800 Exception <a 'java/lang/NoSuchMethodError'{0x000000008789f800}: <clinit>> (0x000000008789f800) thrown at [./src/hotspot/share/prims/jni.cpp, line 1365]
Event: 16.086 Thread 0x000001a40649e800 Exception <a 'java/lang/NoSuchMethodError'{0x00000000878e1370}: <clinit>> (0x00000000878e1370) thrown at [./src/hotspot/share/prims/jni.cpp, line 1365]
Event: 16.087 Thread 0x000001a40649e800 Exception <a 'java/lang/NoSuchMethodError'{0x00000000878f3ae8}: <clinit>> (0x00000000878f3ae8) thrown at [./src/hotspot/share/prims/jni.cpp, line 1365]
Event: 16.172 Thread 0x000001a4064a4000 Exception <a 'java/lang/NoSuchMethodError'{0x000000008741f248}: 'void java.lang.invoke.DirectMethodHandle$Holder.invokeStatic(java.lang.Object, long)'> (0x000000008741f248) thrown at [./src/hotspot/share/interpreter/linkResolver.cpp, line 773]
Event: 16.173 Thread 0x000001a4064a4000 Exception <a 'java/lang/NoSuchMethodError'{0x00000000874246b0}: 'java.lang.Object java.lang.invoke.DirectMethodHandle$Holder.invokeStatic(java.lang.Object, long)'> (0x00000000874246b0) thrown at [./src/hotspot/share/interpreter/linkResolver.cpp, line 773]
Event: 16.175 Thread 0x000001a4064a4000 Exception <a 'java/lang/NoSuchMethodError'{0x0000000087433340}: 'java.lang.Object java.lang.invoke.DirectMethodHandle$Holder.invokeStaticInit(java.lang.Object, java.lang.Object, long, java.lang.Object)'> (0x0000000087433340) thrown at [./src/hotspot/share/interpreter/linkResolver.cpp, line 773]
Event: 16.175 Thread 0x000001a4064a4000 Exception <a 'java/lang/NoSuchMethodError'{0x0000000087439718}: 'java.lang.Object java.lang.invoke.DirectMethodHandle$Holder.invokeStatic(java.lang.Object, java.lang.Object, long)'> (0x0000000087439718) thrown at [./src/hotspot/share/interpreter/linkResolver.cpp, line 773]
Event: 16.176 Thread 0x000001a4064a4000 Exception <a 'java/lang/NoSuchMethodError'{0x0000000087440180}: 'java.lang.Object java.lang.invoke.Invokers$Holder.linkToTargetMethod(java.lang.Object, long, java.lang.Object)'> (0x0000000087440180) thrown at [./src/hotspot/share/interpreter/linkResolver.cpp, line 773]

Events (20 events):
Event: 16.173 loading class java/lang/ProcessHandleImpl
Event: 16.174 loading class java/lang/ProcessHandleImpl done
Event: 16.176 loading class java/lang/ProcessImpl$2
Event: 16.176 loading class java/lang/ProcessImpl$2 done
Event: 16.176 loading class java/lang/Process$PipeInputStream
Event: 16.177 loading class java/lang/Process$PipeInputStream done
Event: 16.177 Executing VM operation: Deoptimize
Event: 16.178 Executing VM operation: Deoptimize done
Event: 16.178 loading class com/android/utils/GrabProcessOutput$Wait
Event: 16.178 loading class com/android/utils/GrabProcessOutput$Wait done
Event: 16.179 loading class com/android/utils/GrabProcessOutput
Event: 16.179 loading class com/android/utils/GrabProcessOutput done
Event: 16.179 loading class com/android/utils/GrabProcessOutput$1
Event: 16.179 loading class com/android/utils/GrabProcessOutput$1 done
Event: 16.180 loading class com/android/utils/GrabProcessOutput$2
Event: 16.180 loading class com/android/utils/GrabProcessOutput$2 done
Event: 16.181 Thread 0x000001a4064a0800 Thread added: 0x000001a4064a0800
Event: 16.181 Thread 0x000001a4064a7000 Thread added: 0x000001a4064a7000
Event: 16.181 loading class com/google/common/util/concurrent/OverflowAvoidingLockSupport
Event: 16.181 loading class com/google/common/util/concurrent/OverflowAvoidingLockSupport done


Dynamic libraries:
0x00007ff75f670000 - 0x00007ff75f67a000 	C:\Program Files\Android\Android Studio\jre\bin\java.exe
0x00007ff81ec70000 - 0x00007ff81ee67000 	C:\windows\SYSTEM32\ntdll.dll
0x00007ff81e9a0000 - 0x00007ff81ea5d000 	C:\windows\System32\KERNEL32.DLL
0x00007ff81c360000 - 0x00007ff81c62d000 	C:\windows\System32\KERNELBASE.dll
0x00007ff81c9a0000 - 0x00007ff81caa0000 	C:\windows\System32\ucrtbase.dll
0x00007ffff4850000 - 0x00007ffff4867000 	C:\Program Files\Android\Android Studio\jre\bin\VCRUNTIME140.dll
0x00007ffff5840000 - 0x00007ffff5859000 	C:\Program Files\Android\Android Studio\jre\bin\jli.dll
0x00007ff81e710000 - 0x00007ff81e8b0000 	C:\windows\System32\USER32.dll
0x00007ffffd220000 - 0x00007ffffd4ba000 	C:\windows\WinSxS\amd64_microsoft.windows.common-controls_6595b64144ccf1df_6.0.19041.1110_none_60b5254171f9507e\COMCTL32.dll
0x00007ff81c8b0000 - 0x00007ff81c8d2000 	C:\windows\System32\win32u.dll
0x00007ff81d6a0000 - 0x00007ff81d6ca000 	C:\windows\System32\GDI32.dll
0x00007ff81c6a0000 - 0x00007ff81c7ab000 	C:\windows\System32\gdi32full.dll
0x00007ff81caa0000 - 0x00007ff81cb3d000 	C:\windows\System32\msvcp_win.dll
0x00007ff81d800000 - 0x00007ff81d89e000 	C:\windows\System32\msvcrt.dll
0x00007ff81d4b0000 - 0x00007ff81d4e0000 	C:\windows\System32\IMM32.DLL
0x00007fffed050000 - 0x00007fffed0ed000 	C:\Program Files\Android\Android Studio\jre\bin\msvcp140.dll
0x00007fffae880000 - 0x00007fffaf365000 	C:\Program Files\Android\Android Studio\jre\bin\server\jvm.dll
0x00007ff81d4e0000 - 0x00007ff81d58e000 	C:\windows\System32\ADVAPI32.dll
0x00007ff81d410000 - 0x00007ff81d4ac000 	C:\windows\System32\sechost.dll
0x00007ff81ead0000 - 0x00007ff81ebf5000 	C:\windows\System32\RPCRT4.dll
0x00007ff81cf90000 - 0x00007ff81cf98000 	C:\windows\System32\PSAPI.DLL
0x00007ff8098c0000 - 0x00007ff8098e7000 	C:\windows\SYSTEM32\WINMM.dll
0x00007ff810d50000 - 0x00007ff810d5a000 	C:\windows\SYSTEM32\VERSION.dll
0x00007fffe7df0000 - 0x00007fffe7df9000 	C:\windows\SYSTEM32\WSOCK32.dll
0x00007ff81ea60000 - 0x00007ff81eacb000 	C:\windows\System32\WS2_32.dll
0x00007ff81a240000 - 0x00007ff81a252000 	C:\windows\SYSTEM32\kernel.appcore.dll
0x00007fffd3110000 - 0x00007fffd3121000 	C:\Program Files\Android\Android Studio\jre\bin\verify.dll
0x00007ff8098f0000 - 0x00007ff809ad4000 	C:\windows\SYSTEM32\DBGHELP.DLL
0x00007fffe5db0000 - 0x00007fffe5ddc000 	C:\windows\SYSTEM32\dbgcore.DLL
0x00007ff81c910000 - 0x00007ff81c992000 	C:\windows\System32\bcryptPrimitives.dll
0x00007fffd30e0000 - 0x00007fffd3109000 	C:\Program Files\Android\Android Studio\jre\bin\java.dll
0x00007fffe6e60000 - 0x00007fffe6e6b000 	C:\Program Files\Android\Android Studio\jre\bin\jimage.dll
0x00007fffd30c0000 - 0x00007fffd30d8000 	C:\Program Files\Android\Android Studio\jre\bin\zip.dll
0x00007ff81dbe0000 - 0x00007ff81e324000 	C:\windows\System32\SHELL32.dll
0x00007ff81a440000 - 0x00007ff81abd4000 	C:\windows\SYSTEM32\windows.storage.dll
0x00007ff81e330000 - 0x00007ff81e684000 	C:\windows\System32\combase.dll
0x00007ff81bc10000 - 0x00007ff81bc3c000 	C:\windows\SYSTEM32\Wldp.dll
0x00007ff81d590000 - 0x00007ff81d63d000 	C:\windows\System32\SHCORE.dll
0x00007ff81d640000 - 0x00007ff81d695000 	C:\windows\System32\shlwapi.dll
0x00007ff81c2a0000 - 0x00007ff81c2bf000 	C:\windows\SYSTEM32\profapi.dll
0x00007fffd30a0000 - 0x00007fffd30ba000 	C:\Program Files\Android\Android Studio\jre\bin\net.dll
0x00007ff8155c0000 - 0x00007ff8156ca000 	C:\windows\SYSTEM32\WINHTTP.dll
0x00007ff81b9f0000 - 0x00007ff81ba5a000 	C:\windows\system32\mswsock.dll
0x00007fffd3080000 - 0x00007fffd3094000 	C:\Program Files\Android\Android Studio\jre\bin\nio.dll
0x00007ff818120000 - 0x00007ff818147000 	C:\Users\logonpflocal.FIAP\.gradle\native\e1d6ef7f7dcc3fd88c89a11ec53ec762bb8ba0a96d01ffa2cd45eb1d1d8dd5c5\windows-amd64\native-platform.dll
0x00007fffecf00000 - 0x00007fffed044000 	C:\Users\logonpflocal.FIAP\.gradle\native\5664cfc778a61ccfe75a443a1ab52a65af34e5dc3c78e0209fed803814484fcb\windows-amd64\native-platform-file-events.dll
0x00007fffe6a90000 - 0x00007fffe6a9a000 	C:\Program Files\Android\Android Studio\jre\bin\management.dll
0x00007fffe6860000 - 0x00007fffe686d000 	C:\Program Files\Android\Android Studio\jre\bin\management_ext.dll
0x00007ff81bfb0000 - 0x00007ff81bfc8000 	C:\windows\SYSTEM32\CRYPTSP.dll
0x00007ff81b390000 - 0x00007ff81b3c4000 	C:\windows\system32\rsaenh.dll
0x00007ff81c8e0000 - 0x00007ff81c907000 	C:\windows\System32\bcrypt.dll
0x00007ff81c220000 - 0x00007ff81c24e000 	C:\windows\SYSTEM32\USERENV.dll
0x00007ff81bb80000 - 0x00007ff81bb8c000 	C:\windows\SYSTEM32\CRYPTBASE.dll
0x00007ff81b700000 - 0x00007ff81b73b000 	C:\windows\SYSTEM32\IPHLPAPI.DLL
0x00007ff81d8a0000 - 0x00007ff81d8a8000 	C:\windows\System32\NSI.dll
0x00007ff8173e0000 - 0x00007ff8173f7000 	C:\windows\SYSTEM32\dhcpcsvc6.DLL
0x00007ff8173c0000 - 0x00007ff8173dd000 	C:\windows\SYSTEM32\dhcpcsvc.DLL
0x00007ff81b740000 - 0x00007ff81b80b000 	C:\windows\SYSTEM32\DNSAPI.dll

dbghelp: loaded successfully - version: 4.0.5 - missing functions: none
symbol engine: initialized successfully - sym options: 0x614 - pdb path: .;C:\Program Files\Android\Android Studio\jre\bin;C:\windows\SYSTEM32;C:\windows\WinSxS\amd64_microsoft.windows.common-controls_6595b64144ccf1df_6.0.19041.1110_none_60b5254171f9507e;C:\Program Files\Android\Android Studio\jre\bin\server;C:\Users\logonpflocal.FIAP\.gradle\native\e1d6ef7f7dcc3fd88c89a11ec53ec762bb8ba0a96d01ffa2cd45eb1d1d8dd5c5\windows-amd64;C:\Users\logonpflocal.FIAP\.gradle\native\5664cfc778a61ccfe75a443a1ab52a65af34e5dc3c78e0209fed803814484fcb\windows-amd64

VM Arguments:
jvm_args: --add-opens=java.base/java.util=ALL-UNNAMED --add-opens=java.base/java.lang=ALL-UNNAMED --add-opens=java.base/java.lang.invoke=ALL-UNNAMED --add-opens=java.base/java.util=ALL-UNNAMED --add-opens=java.prefs/java.util.prefs=ALL-UNNAMED --add-opens=java.prefs/java.util.prefs=ALL-UNNAMED --add-opens=java.base/java.nio.charset=ALL-UNNAMED --add-opens=java.base/java.net=ALL-UNNAMED --add-opens=java.base/java.util.concurrent.atomic=ALL-UNNAMED -Xmx2048m -Dfile.encoding=UTF-8 -Duser.country=US -Duser.language=en -Duser.variant 
java_command: org.gradle.launcher.daemon.bootstrap.GradleDaemon 7.3.3
java_class_path (initial): C:\Users\logonpflocal.FIAP\.gradle\wrapper\dists\gradle-7.3.3-bin\6a41zxkdtcxs8rphpq6y0069z\gradle-7.3.3\lib\gradle-launcher-7.3.3.jar
Launcher Type: SUN_STANDARD

[Global flags]
     intx CICompilerCount                          = 3                                         {product} {ergonomic}
     uint ConcGCThreads                            = 2                                         {product} {ergonomic}
     uint G1ConcRefinementThreads                  = 6                                         {product} {ergonomic}
   size_t G1HeapRegionSize                         = 1048576                                   {product} {ergonomic}
    uintx GCDrainStackTargetSize                   = 64                                        {product} {ergonomic}
   size_t InitialHeapSize                          = 134217728                                 {product} {ergonomic}
   size_t MarkStackSize                            = 4194304                                   {product} {ergonomic}
   size_t MaxHeapSize                              = 2147483648                                {product} {command line}
   size_t MaxNewSize                               = 1287651328                                {product} {ergonomic}
   size_t MinHeapDeltaBytes                        = 1048576                                   {product} {ergonomic}
    uintx NonNMethodCodeHeapSize                   = 5830732                                {pd product} {ergonomic}
    uintx NonProfiledCodeHeapSize                  = 122913754                              {pd product} {ergonomic}
    uintx ProfiledCodeHeapSize                     = 122913754                              {pd product} {ergonomic}
    uintx ReservedCodeCacheSize                    = 251658240                              {pd product} {ergonomic}
     bool SegmentedCodeCache                       = true                                      {product} {ergonomic}
     bool UseCompressedClassPointers               = true                                 {lp64_product} {ergonomic}
     bool UseCompressedOops                        = true                                 {lp64_product} {ergonomic}
     bool UseG1GC                                  = true                                      {product} {ergonomic}
     bool UseLargePagesIndividualAllocation        = false                                  {pd product} {ergonomic}

Logging:
Log output configuration:
 #0: stdout all=warning uptime,level,tags
 #1: stderr all=off uptime,level,tags

Environment Variables:
JAVA_HOME=C:\Program Files\Java\jdk1.8.0_333
PATH=C:\Program Files (x86)\VMware\VMware Workstation\bin\;C:\TwinCAT\Common64;C:\TwinCAT\Common32;C:\ProgramData\Anaconda3\Scripts;C:\ProgramData\Anaconda3;C:\Python27\;C:\Python27\Scripts;C:\Python310\Scripts\;C:\Python310\;C:\Program Files (x86)\NVIDIA Corporation\PhysX\Common;C:\Program Files\Microsoft MPI\Bin\;C:\Program Files\Common Files\Oracle\Java\javapath;C:\Program Files (x86)\Common Files\Oracle\Java\javapath;C:\Windows\system32;C:\Windows;C:\Windows\System32\Wbem;C:\Windows\System32\WindowsPowerShell\v1.0\;C:\Windows\System32\OpenSSH\;C:\Program Files\Microsoft VS Code\bin;C:\Program Files\Amazon\AWSCLIV2\;C:\Program Files (x86)\WinSCP\;C:\Opensource\apache-cassandra-3.11.13\bin;C:\xampp\php;C:\ProgramData\ComposerSetup\bin;C:\Opensource\apache-maven-3.8.6\bin;C:\Program Files\Microsoft SQL Server\120\Tools\Binn\;C:\Program Files\dotnet\;C:\Program Files\Microsoft SQL Server\Client SDK\ODBC\170\Tools\Binn\;C:\Program Files (x86)\Microsoft SQL Server\150\Tools\Binn\;C:\Program Files\Microsoft SQL Server\150\Tools\Binn\;C:\Program Files\Microsoft SQL Server\150\DTS\Binn\;C:\Program Files (x86)\Microsoft SQL Server\150\DTS\Binn\;C:\Program Files\Azure Data Studio\bin;C:\Program Files\PuTTY\;C:\Program Files (x86)\Windows Kits\8.1\Windows Performance Toolkit\;C:\Program Files\Git\cmd;C:\Program Files (x86)\Microchip\MPLAB C32 Suite\bin;C:\Program Files\nodejs\;C:\ProgramData\chocolatey\bin;C:\HashiCorp\Vagrant\bin;C:\src\flutter\bin;C:\Opensource\gradle-7.4.2\bin;C:\Opensource\terraform_1.2.2;C:\Program Files\Docker\Docker\resources\bin;C:\ProgramData\DockerDesktop\version-bin;C:\Android_SDK\tools;C:\Android_SDK\platform-tools;C:\Android_SDK\build-tools\33.0.0;C:\Program Files\Common Files\Autodesk Shared\;C:\Users\logonpflocal.FIAP\AppData\Local\Microsoft\WindowsApps;
USERNAME=logonpflocal
OS=Windows_NT
PROCESSOR_IDENTIFIER=Intel64 Family 6 Model 158 Stepping 10, GenuineIntel



---------------  S Y S T E M  ---------------

OS: Windows 10 , 64 bit Build 19041 (10.0.19041.1741)
OS uptime: 0 days 0:29 hours
Hyper-V role detected

CPU:total 6 (initial active 6) (6 cores per cpu, 1 threads per core) family 6 model 158 stepping 10 microcode 0xb4, cmov, cx8, fxsr, mmx, sse, sse2, sse3, ssse3, sse4.1, sse4.2, popcnt, avx, avx2, aes, clmul, erms, 3dnowpref, lzcnt, tsc, tscinvbit, bmi1, bmi2, adx, fma

Memory: 4k page, system-wide physical 8076M (60M free)
TotalPageFile size 8076M (AvailPageFile size 7M)
current process WorkingSet (physical memory assigned to process): 400M, peak: 406M
current process commit charge ("private bytes"): 436M, peak: 443M

vm_info: OpenJDK 64-Bit Server VM (11.0.12+7-b1504.28-7817840) for windows-amd64 JRE (11.0.12+7-b1504.28-7817840), built on Oct 13 2021 22:12:33 by "builder" with MS VC++ 14.0 (VS2015)

END.
