#
# There is insufficient memory for the Java Runtime Environment to continue.
# Native memory allocation (malloc) failed to allocate 988976 bytes for Chunk::new
# Possible reasons:
#   The system is out of physical RAM or swap space
#   The process is running with CompressedOops enabled, and the Java Heap may be blocking the growth of the native heap
# Possible solutions:
#   Reduce memory load on the system
#   Increase physical memory or swap space
#   Check if swap backing store is full
#   Decrease Java heap size (-Xmx/-Xms)
#   Decrease number of Java threads
#   Decrease Java thread stack sizes (-Xss)
#   Set larger code cache with -XX:ReservedCodeCacheSize=
#   JVM is running with Unscaled Compressed Oops mode in which the Java heap is
#     placed in the first 4GB address space. The Java Heap base address is the
#     maximum limit for the native heap growth. Please use -XX:HeapBaseMinAddress
#     to set the Java Heap base and to place the Java Heap above 4GB virtual address.
# This output file may be truncated or incomplete.
#
#  Out of Memory Error (./src/hotspot/share/memory/arena.cpp:197), pid=12068, tid=11708
#
# JRE version: OpenJDK Runtime Environment (11.0.12+7) (build 11.0.12+7-b1504.28-7817840)
# Java VM: OpenJDK 64-Bit Server VM (11.0.12+7-b1504.28-7817840, mixed mode, tiered, compressed oops, g1 gc, windows-amd64)
# No core dump will be written. Minidumps are not enabled by default on client versions of Windows
#

---------------  S U M M A R Y ------------

Command Line: --add-opens=java.base/java.util=ALL-UNNAMED --add-opens=java.base/java.lang=ALL-UNNAMED --add-opens=java.base/java.lang.invoke=ALL-UNNAMED --add-opens=java.base/java.util=ALL-UNNAMED --add-opens=java.prefs/java.util.prefs=ALL-UNNAMED --add-opens=java.prefs/java.util.prefs=ALL-UNNAMED --add-opens=java.base/java.nio.charset=ALL-UNNAMED --add-opens=java.base/java.net=ALL-UNNAMED --add-opens=java.base/java.util.concurrent.atomic=ALL-UNNAMED -Xmx2048m -Dfile.encoding=UTF-8 -Duser.country=US -Duser.language=en -Duser.variant org.gradle.launcher.daemon.bootstrap.GradleDaemon 7.3.3

Host: Intel(R) Core(TM) i5-8400 CPU @ 2.80GHz, 6 cores, 7G,  Windows 10 , 64 bit Build 19041 (10.0.19041.1741)
Time: Tue Aug  2 09:38:50 2022 Tocantins Standard Time elapsed time: 2.679226 seconds (0d 0h 0m 2s)

---------------  T H R E A D  ---------------

Current thread (0x0000028b6e74d000):  JavaThread "C2 CompilerThread1" daemon [_thread_in_native, id=11708, stack(0x000000d917800000,0x000000d917900000)]


Current CompileTask:
C2:   2679 2087   !   4       java.net.URLClassLoader$1::run (63 bytes)

Stack: [0x000000d917800000,0x000000d917900000]
Native frames: (J=compiled Java code, j=interpreted, Vv=VM code, C=native code)
V  [jvm.dll+0x5fbcea]
V  [jvm.dll+0x731905]
V  [jvm.dll+0x732f1d]
V  [jvm.dll+0x7335d3]
V  [jvm.dll+0x247bf8]
V  [jvm.dll+0xc018c]
V  [jvm.dll+0xc06cc]
V  [jvm.dll+0x2bcc04]
V  [jvm.dll+0x5113a8]
V  [jvm.dll+0x208303]
V  [jvm.dll+0x201fe0]
V  [jvm.dll+0x1ff71f]
V  [jvm.dll+0x18868c]
V  [jvm.dll+0x20e0d7]
V  [jvm.dll+0x20c901]
V  [jvm.dll+0x6f9b7f]
V  [jvm.dll+0x6f26a5]
V  [jvm.dll+0x5fabf6]
C  [ucrtbase.dll+0x21bb2]
C  [KERNEL32.DLL+0x17034]
C  [ntdll.dll+0x52651]


---------------  P R O C E S S  ---------------

Threads class SMR info:
_java_thread_list=0x0000028b70dff630, length=25, elements={
0x0000028b52f84000, 0x0000028b6cfbe800, 0x0000028b6cfc4000, 0x0000028b6cfd9800,
0x0000028b6cfda800, 0x0000028b6cfde800, 0x0000028b6cfe1800, 0x0000028b6cfe4000,
0x0000028b6cfe9000, 0x0000028b6da8a000, 0x0000028b6efd8800, 0x0000028b6db64000,
0x0000028b6e5d0000, 0x0000028b6f9e2800, 0x0000028b6fdac800, 0x0000028b6fc0a800,
0x0000028b701bc800, 0x0000028b6f94c800, 0x0000028b6fdf1000, 0x0000028b6e74d000,
0x0000028b6f8f1000, 0x0000028b6f8ee800, 0x0000028b6f8ef800, 0x0000028b6f8f0800,
0x0000028b6f8f2000
}

Java Threads: ( => current thread )
  0x0000028b52f84000 JavaThread "main" [_thread_blocked, id=3660, stack(0x000000d915c00000,0x000000d915d00000)]
  0x0000028b6cfbe800 JavaThread "Reference Handler" daemon [_thread_blocked, id=6248, stack(0x000000d916300000,0x000000d916400000)]
  0x0000028b6cfc4000 JavaThread "Finalizer" daemon [_thread_blocked, id=9284, stack(0x000000d916400000,0x000000d916500000)]
  0x0000028b6cfd9800 JavaThread "Signal Dispatcher" daemon [_thread_blocked, id=8388, stack(0x000000d916500000,0x000000d916600000)]
  0x0000028b6cfda800 JavaThread "Attach Listener" daemon [_thread_blocked, id=1724, stack(0x000000d916600000,0x000000d916700000)]
  0x0000028b6cfde800 JavaThread "Service Thread" daemon [_thread_blocked, id=12020, stack(0x000000d916700000,0x000000d916800000)]
  0x0000028b6cfe1800 JavaThread "C2 CompilerThread0" daemon [_thread_in_native, id=11392, stack(0x000000d916800000,0x000000d916900000)]
  0x0000028b6cfe4000 JavaThread "C1 CompilerThread0" daemon [_thread_blocked, id=3692, stack(0x000000d916900000,0x000000d916a00000)]
  0x0000028b6cfe9000 JavaThread "Sweeper thread" daemon [_thread_blocked, id=11964, stack(0x000000d916a00000,0x000000d916b00000)]
  0x0000028b6da8a000 JavaThread "Common-Cleaner" daemon [_thread_blocked, id=11384, stack(0x000000d916b00000,0x000000d916c00000)]
  0x0000028b6efd8800 JavaThread "Daemon health stats" [_thread_blocked, id=2284, stack(0x000000d917000000,0x000000d917100000)]
  0x0000028b6db64000 JavaThread "Incoming local TCP Connector on port 53847" [_thread_in_native, id=2524, stack(0x000000d916d00000,0x000000d916e00000)]
  0x0000028b6e5d0000 JavaThread "Daemon periodic checks" [_thread_blocked, id=2092, stack(0x000000d917100000,0x000000d917200000)]
  0x0000028b6f9e2800 JavaThread "Daemon" [_thread_blocked, id=5064, stack(0x000000d917200000,0x000000d917300000)]
  0x0000028b6fdac800 JavaThread "Handler for socket connection from /127.0.0.1:53847 to /127.0.0.1:53848" [_thread_in_native, id=3324, stack(0x000000d917300000,0x000000d917400000)]
  0x0000028b6fc0a800 JavaThread "Cancel handler" [_thread_blocked, id=5172, stack(0x000000d917400000,0x000000d917500000)]
  0x0000028b701bc800 JavaThread "Daemon worker" [_thread_in_vm, id=8208, stack(0x000000d917500000,0x000000d917600000)]
  0x0000028b6f94c800 JavaThread "Asynchronous log dispatcher for DefaultDaemonConnection: socket connection from /127.0.0.1:53847 to /127.0.0.1:53848" [_thread_blocked, id=8372, stack(0x000000d917600000,0x000000d917700000)]
  0x0000028b6fdf1000 JavaThread "Stdin handler" [_thread_blocked, id=8584, stack(0x000000d917700000,0x000000d917800000)]
=>0x0000028b6e74d000 JavaThread "C2 CompilerThread1" daemon [_thread_in_native, id=11708, stack(0x000000d917800000,0x000000d917900000)]
  0x0000028b6f8f1000 JavaThread "Daemon client event forwarder" [_thread_blocked, id=11276, stack(0x000000d917900000,0x000000d917a00000)]
  0x0000028b6f8ee800 JavaThread "Cache worker for journal cache (C:\Users\logonpflocal\.gradle\caches\journal-1)" [_thread_blocked, id=10932, stack(0x000000d917d00000,0x000000d917e00000)]
  0x0000028b6f8ef800 JavaThread "File lock request listener" [_thread_in_native, id=7636, stack(0x000000d917e00000,0x000000d917f00000)]
  0x0000028b6f8f0800 JavaThread "Cache worker for file hash cache (C:\Users\logonpflocal\.gradle\caches\7.3.3\fileHashes)" [_thread_blocked, id=8620, stack(0x000000d917f00000,0x000000d918000000)]
  0x0000028b6f8f2000 JavaThread "Cache worker for file hash cache (C:\Users\logonpflocal\AndroidStudioProjects\AndroidNDAlunos\.gradle\7.3.3\fileHashes)" [_thread_blocked, id=8308, stack(0x000000d918100000,0x000000d918200000)]

Other Threads:
  0x0000028b6cfba000 VMThread "VM Thread" [stack: 0x000000d916200000,0x000000d916300000] [id=5588]
  0x0000028b6dab8800 WatcherThread [stack: 0x000000d916c00000,0x000000d916d00000] [id=9780]
  0x0000028b52f9d000 GCTaskThread "GC Thread#0" [stack: 0x000000d915d00000,0x000000d915e00000] [id=11632]
  0x0000028b6e5dd800 GCTaskThread "GC Thread#1" [stack: 0x000000d916e00000,0x000000d916f00000] [id=1224]
  0x0000028b6e5a9000 GCTaskThread "GC Thread#2" [stack: 0x000000d916f00000,0x000000d917000000] [id=9112]
  0x0000028b70061000 GCTaskThread "GC Thread#3" [stack: 0x000000d917a00000,0x000000d917b00000] [id=2488]
  0x0000028b6fb17800 GCTaskThread "GC Thread#4" [stack: 0x000000d917b00000,0x000000d917c00000] [id=10780]
  0x0000028b6fbf6800 GCTaskThread "GC Thread#5" [stack: 0x000000d917c00000,0x000000d917d00000] [id=9948]
  0x0000028b52fcd800 ConcurrentGCThread "G1 Main Marker" [stack: 0x000000d915e00000,0x000000d915f00000] [id=11228]
  0x0000028b52fcf000 ConcurrentGCThread "G1 Conc#0" [stack: 0x000000d915f00000,0x000000d916000000] [id=2980]
  0x0000028b7057f800 ConcurrentGCThread "G1 Conc#1" [stack: 0x000000d918000000,0x000000d918100000] [id=11764]
  0x0000028b6ce10800 ConcurrentGCThread "G1 Refine#0" [stack: 0x000000d916000000,0x000000d916100000] [id=9516]
  0x0000028b6ce11000 ConcurrentGCThread "G1 Young RemSet Sampling" [stack: 0x000000d916100000,0x000000d916200000] [id=9300]

Threads with active compile tasks:
C2 CompilerThread0   2692 1950       4       java.net.URLClassLoader$1::run (5 bytes)
C2 CompilerThread1   2692 2087   !   4       java.net.URLClassLoader$1::run (63 bytes)

VM state:not at safepoint (normal execution)

VM Mutex/Monitor currently owned by a thread: None

Heap address: 0x0000000080000000, size: 2048 MB, Compressed Oops mode: 32-bit
Narrow klass base: 0x0000000000000000, Narrow klass shift: 3
Compressed class space size: 1073741824 Address: 0x0000000100000000

Heap:
 garbage-first heap   total 131072K, used 60473K [0x0000000080000000, 0x0000000100000000)
  region size 1024K, 46 young (47104K), 2 survivors (2048K)
 Metaspace       used 25234K, capacity 25769K, committed 25984K, reserved 1071104K
  class space    used 3246K, capacity 3452K, committed 3456K, reserved 1048576K
Heap Regions: E=young(eden), S=young(survivor), O=old, HS=humongous(starts), HC=humongous(continues), CS=collection set, F=free, A=archive, TAMS=top-at-mark-start (previous, next)
|   0|0x0000000080000000, 0x0000000080100000, 0x0000000080100000|100%| O|  |TAMS 0x0000000080100000, 0x0000000080000000| Untracked 
|   1|0x0000000080100000, 0x0000000080200000, 0x0000000080200000|100%| O|  |TAMS 0x0000000080200000, 0x0000000080100000| Untracked 
|   2|0x0000000080200000, 0x0000000080300000, 0x0000000080300000|100%| O|  |TAMS 0x0000000080300000, 0x0000000080200000| Untracked 
|   3|0x0000000080300000, 0x0000000080400000, 0x0000000080400000|100%|HS|  |TAMS 0x0000000080400000, 0x0000000080300000| Complete 
|   4|0x0000000080400000, 0x0000000080500000, 0x0000000080500000|100%|HC|  |TAMS 0x0000000080500000, 0x0000000080400000| Complete 
|   5|0x0000000080500000, 0x0000000080600000, 0x0000000080600000|100%|HC|  |TAMS 0x0000000080600000, 0x0000000080500000| Complete 
|   6|0x0000000080600000, 0x0000000080700000, 0x0000000080700000|100%| O|  |TAMS 0x0000000080700000, 0x0000000080600000| Untracked 
|   7|0x0000000080700000, 0x0000000080800000, 0x0000000080800000|100%| O|  |TAMS 0x0000000080800000, 0x0000000080700000| Untracked 
|   8|0x0000000080800000, 0x0000000080900000, 0x0000000080900000|100%| O|  |TAMS 0x0000000080900000, 0x0000000080800000| Untracked 
|   9|0x0000000080900000, 0x0000000080a00000, 0x0000000080a00000|100%| O|  |TAMS 0x0000000080a00000, 0x0000000080900000| Untracked 
|  10|0x0000000080a00000, 0x0000000080b00000, 0x0000000080b00000|100%| O|  |TAMS 0x0000000080b00000, 0x0000000080a00000| Untracked 
|  11|0x0000000080b00000, 0x0000000080c00000, 0x0000000080c00000|100%| O|  |TAMS 0x0000000080c00000, 0x0000000080b00000| Untracked 
|  12|0x0000000080c00000, 0x0000000080d00000, 0x0000000080d00000|100%| O|  |TAMS 0x0000000080d00000, 0x0000000080c00000| Untracked 
|  13|0x0000000080d00000, 0x0000000080e00000, 0x0000000080e00000|100%| O|  |TAMS 0x0000000080e00000, 0x0000000080d00000| Untracked 
|  14|0x0000000080e00000, 0x0000000080f00000, 0x0000000080f00000|100%| O|  |TAMS 0x0000000080f00000, 0x0000000080e00000| Untracked 
|  15|0x0000000080f00000, 0x0000000080f84400, 0x0000000081000000| 51%| O|  |TAMS 0x0000000080f84400, 0x0000000080f00000| Untracked 
|  16|0x0000000081000000, 0x0000000081000000, 0x0000000081100000|  0%| F|  |TAMS 0x0000000081000000, 0x0000000081000000| Untracked 
|  17|0x0000000081100000, 0x0000000081100000, 0x0000000081200000|  0%| F|  |TAMS 0x0000000081100000, 0x0000000081100000| Untracked 
|  18|0x0000000081200000, 0x0000000081200000, 0x0000000081300000|  0%| F|  |TAMS 0x0000000081200000, 0x0000000081200000| Untracked 
|  19|0x0000000081300000, 0x0000000081300000, 0x0000000081400000|  0%| F|  |TAMS 0x0000000081300000, 0x0000000081300000| Untracked 
|  20|0x0000000081400000, 0x0000000081400000, 0x0000000081500000|  0%| F|  |TAMS 0x0000000081400000, 0x0000000081400000| Untracked 
|  21|0x0000000081500000, 0x0000000081500000, 0x0000000081600000|  0%| F|  |TAMS 0x0000000081500000, 0x0000000081500000| Untracked 
|  22|0x0000000081600000, 0x0000000081600000, 0x0000000081700000|  0%| F|  |TAMS 0x0000000081600000, 0x0000000081600000| Untracked 
|  23|0x0000000081700000, 0x0000000081700000, 0x0000000081800000|  0%| F|  |TAMS 0x0000000081700000, 0x0000000081700000| Untracked 
|  24|0x0000000081800000, 0x0000000081800000, 0x0000000081900000|  0%| F|  |TAMS 0x0000000081800000, 0x0000000081800000| Untracked 
|  25|0x0000000081900000, 0x0000000081900000, 0x0000000081a00000|  0%| F|  |TAMS 0x0000000081900000, 0x0000000081900000| Untracked 
|  26|0x0000000081a00000, 0x0000000081a00000, 0x0000000081b00000|  0%| F|  |TAMS 0x0000000081a00000, 0x0000000081a00000| Untracked 
|  27|0x0000000081b00000, 0x0000000081b00000, 0x0000000081c00000|  0%| F|  |TAMS 0x0000000081b00000, 0x0000000081b00000| Untracked 
|  28|0x0000000081c00000, 0x0000000081c00000, 0x0000000081d00000|  0%| F|  |TAMS 0x0000000081c00000, 0x0000000081c00000| Untracked 
|  29|0x0000000081d00000, 0x0000000081d00000, 0x0000000081e00000|  0%| F|  |TAMS 0x0000000081d00000, 0x0000000081d00000| Untracked 
|  30|0x0000000081e00000, 0x0000000081e00000, 0x0000000081f00000|  0%| F|  |TAMS 0x0000000081e00000, 0x0000000081e00000| Untracked 
|  31|0x0000000081f00000, 0x0000000081f00000, 0x0000000082000000|  0%| F|  |TAMS 0x0000000081f00000, 0x0000000081f00000| Untracked 
|  32|0x0000000082000000, 0x0000000082000000, 0x0000000082100000|  0%| F|  |TAMS 0x0000000082000000, 0x0000000082000000| Untracked 
|  33|0x0000000082100000, 0x0000000082100000, 0x0000000082200000|  0%| F|  |TAMS 0x0000000082100000, 0x0000000082100000| Untracked 
|  34|0x0000000082200000, 0x0000000082200000, 0x0000000082300000|  0%| F|  |TAMS 0x0000000082200000, 0x0000000082200000| Untracked 
|  35|0x0000000082300000, 0x0000000082300000, 0x0000000082400000|  0%| F|  |TAMS 0x0000000082300000, 0x0000000082300000| Untracked 
|  36|0x0000000082400000, 0x0000000082400000, 0x0000000082500000|  0%| F|  |TAMS 0x0000000082400000, 0x0000000082400000| Untracked 
|  37|0x0000000082500000, 0x0000000082500000, 0x0000000082600000|  0%| F|  |TAMS 0x0000000082500000, 0x0000000082500000| Untracked 
|  38|0x0000000082600000, 0x0000000082600000, 0x0000000082700000|  0%| F|  |TAMS 0x0000000082600000, 0x0000000082600000| Untracked 
|  39|0x0000000082700000, 0x0000000082700000, 0x0000000082800000|  0%| F|  |TAMS 0x0000000082700000, 0x0000000082700000| Untracked 
|  40|0x0000000082800000, 0x0000000082800000, 0x0000000082900000|  0%| F|  |TAMS 0x0000000082800000, 0x0000000082800000| Untracked 
|  41|0x0000000082900000, 0x0000000082900000, 0x0000000082a00000|  0%| F|  |TAMS 0x0000000082900000, 0x0000000082900000| Untracked 
|  42|0x0000000082a00000, 0x0000000082a00000, 0x0000000082b00000|  0%| F|  |TAMS 0x0000000082a00000, 0x0000000082a00000| Untracked 
|  43|0x0000000082b00000, 0x0000000082b00000, 0x0000000082c00000|  0%| F|  |TAMS 0x0000000082b00000, 0x0000000082b00000| Untracked 
|  44|0x0000000082c00000, 0x0000000082c00000, 0x0000000082d00000|  0%| F|  |TAMS 0x0000000082c00000, 0x0000000082c00000| Untracked 
|  45|0x0000000082d00000, 0x0000000082d00000, 0x0000000082e00000|  0%| F|  |TAMS 0x0000000082d00000, 0x0000000082d00000| Untracked 
|  46|0x0000000082e00000, 0x0000000082e00000, 0x0000000082f00000|  0%| F|  |TAMS 0x0000000082e00000, 0x0000000082e00000| Untracked 
|  47|0x0000000082f00000, 0x0000000082f00000, 0x0000000083000000|  0%| F|  |TAMS 0x0000000082f00000, 0x0000000082f00000| Untracked 
|  48|0x0000000083000000, 0x0000000083000000, 0x0000000083100000|  0%| F|  |TAMS 0x0000000083000000, 0x0000000083000000| Untracked 
|  49|0x0000000083100000, 0x0000000083100000, 0x0000000083200000|  0%| F|  |TAMS 0x0000000083100000, 0x0000000083100000| Untracked 
|  50|0x0000000083200000, 0x0000000083200000, 0x0000000083300000|  0%| F|  |TAMS 0x0000000083200000, 0x0000000083200000| Untracked 
|  51|0x0000000083300000, 0x0000000083300000, 0x0000000083400000|  0%| F|  |TAMS 0x0000000083300000, 0x0000000083300000| Untracked 
|  52|0x0000000083400000, 0x0000000083400000, 0x0000000083500000|  0%| F|  |TAMS 0x0000000083400000, 0x0000000083400000| Untracked 
|  53|0x0000000083500000, 0x0000000083500000, 0x0000000083600000|  0%| F|  |TAMS 0x0000000083500000, 0x0000000083500000| Untracked 
|  54|0x0000000083600000, 0x0000000083600000, 0x0000000083700000|  0%| F|  |TAMS 0x0000000083600000, 0x0000000083600000| Untracked 
|  55|0x0000000083700000, 0x0000000083700000, 0x0000000083800000|  0%| F|  |TAMS 0x0000000083700000, 0x0000000083700000| Untracked 
|  56|0x0000000083800000, 0x0000000083800000, 0x0000000083900000|  0%| F|  |TAMS 0x0000000083800000, 0x0000000083800000| Untracked 
|  57|0x0000000083900000, 0x0000000083900000, 0x0000000083a00000|  0%| F|  |TAMS 0x0000000083900000, 0x0000000083900000| Untracked 
|  58|0x0000000083a00000, 0x0000000083a00000, 0x0000000083b00000|  0%| F|  |TAMS 0x0000000083a00000, 0x0000000083a00000| Untracked 
|  59|0x0000000083b00000, 0x0000000083b00000, 0x0000000083c00000|  0%| F|  |TAMS 0x0000000083b00000, 0x0000000083b00000| Untracked 
|  60|0x0000000083c00000, 0x0000000083c00000, 0x0000000083d00000|  0%| F|  |TAMS 0x0000000083c00000, 0x0000000083c00000| Untracked 
|  61|0x0000000083d00000, 0x0000000083d00000, 0x0000000083e00000|  0%| F|  |TAMS 0x0000000083d00000, 0x0000000083d00000| Untracked 
|  62|0x0000000083e00000, 0x0000000083e00000, 0x0000000083f00000|  0%| F|  |TAMS 0x0000000083e00000, 0x0000000083e00000| Untracked 
|  63|0x0000000083f00000, 0x0000000083f00000, 0x0000000084000000|  0%| F|  |TAMS 0x0000000083f00000, 0x0000000083f00000| Untracked 
|  64|0x0000000084000000, 0x0000000084000000, 0x0000000084100000|  0%| F|  |TAMS 0x0000000084000000, 0x0000000084000000| Untracked 
|  65|0x0000000084100000, 0x0000000084100000, 0x0000000084200000|  0%| F|  |TAMS 0x0000000084100000, 0x0000000084100000| Untracked 
|  66|0x0000000084200000, 0x0000000084200000, 0x0000000084300000|  0%| F|  |TAMS 0x0000000084200000, 0x0000000084200000| Untracked 
|  67|0x0000000084300000, 0x0000000084300000, 0x0000000084400000|  0%| F|  |TAMS 0x0000000084300000, 0x0000000084300000| Untracked 
|  68|0x0000000084400000, 0x0000000084400000, 0x0000000084500000|  0%| F|  |TAMS 0x0000000084400000, 0x0000000084400000| Untracked 
|  69|0x0000000084500000, 0x0000000084500000, 0x0000000084600000|  0%| F|  |TAMS 0x0000000084500000, 0x0000000084500000| Untracked 
|  70|0x0000000084600000, 0x0000000084600000, 0x0000000084700000|  0%| F|  |TAMS 0x0000000084600000, 0x0000000084600000| Untracked 
|  71|0x0000000084700000, 0x0000000084700000, 0x0000000084800000|  0%| F|  |TAMS 0x0000000084700000, 0x0000000084700000| Untracked 
|  72|0x0000000084800000, 0x0000000084800000, 0x0000000084900000|  0%| F|  |TAMS 0x0000000084800000, 0x0000000084800000| Untracked 
|  73|0x0000000084900000, 0x0000000084900000, 0x0000000084a00000|  0%| F|  |TAMS 0x0000000084900000, 0x0000000084900000| Untracked 
|  74|0x0000000084a00000, 0x0000000084a00000, 0x0000000084b00000|  0%| F|  |TAMS 0x0000000084a00000, 0x0000000084a00000| Untracked 
|  75|0x0000000084b00000, 0x0000000084b00000, 0x0000000084c00000|  0%| F|  |TAMS 0x0000000084b00000, 0x0000000084b00000| Untracked 
|  76|0x0000000084c00000, 0x0000000084c00000, 0x0000000084d00000|  0%| F|  |TAMS 0x0000000084c00000, 0x0000000084c00000| Untracked 
|  77|0x0000000084d00000, 0x0000000084d00000, 0x0000000084e00000|  0%| F|  |TAMS 0x0000000084d00000, 0x0000000084d00000| Untracked 
|  78|0x0000000084e00000, 0x0000000084e00000, 0x0000000084f00000|  0%| F|  |TAMS 0x0000000084e00000, 0x0000000084e00000| Untracked 
|  79|0x0000000084f00000, 0x0000000084f00000, 0x0000000085000000|  0%| F|  |TAMS 0x0000000084f00000, 0x0000000084f00000| Untracked 
|  80|0x0000000085000000, 0x0000000085000000, 0x0000000085100000|  0%| F|  |TAMS 0x0000000085000000, 0x0000000085000000| Untracked 
|  81|0x0000000085100000, 0x0000000085100000, 0x0000000085200000|  0%| F|  |TAMS 0x0000000085100000, 0x0000000085100000| Untracked 
|  82|0x0000000085200000, 0x00000000852743d0, 0x0000000085300000| 45%| E|  |TAMS 0x0000000085200000, 0x0000000085200000| Complete 
|  83|0x0000000085300000, 0x0000000085400000, 0x0000000085400000|100%| E|CS|TAMS 0x0000000085300000, 0x0000000085300000| Complete 
|  84|0x0000000085400000, 0x0000000085500000, 0x0000000085500000|100%| E|CS|TAMS 0x0000000085400000, 0x0000000085400000| Complete 
|  85|0x0000000085500000, 0x0000000085600000, 0x0000000085600000|100%| E|CS|TAMS 0x0000000085500000, 0x0000000085500000| Complete 
|  86|0x0000000085600000, 0x0000000085700000, 0x0000000085700000|100%| E|CS|TAMS 0x0000000085600000, 0x0000000085600000| Complete 
|  87|0x0000000085700000, 0x0000000085800000, 0x0000000085800000|100%| E|CS|TAMS 0x0000000085700000, 0x0000000085700000| Complete 
|  88|0x0000000085800000, 0x0000000085900000, 0x0000000085900000|100%| E|CS|TAMS 0x0000000085800000, 0x0000000085800000| Complete 
|  89|0x0000000085900000, 0x0000000085a00000, 0x0000000085a00000|100%| E|CS|TAMS 0x0000000085900000, 0x0000000085900000| Complete 
|  90|0x0000000085a00000, 0x0000000085b00000, 0x0000000085b00000|100%| E|CS|TAMS 0x0000000085a00000, 0x0000000085a00000| Complete 
|  91|0x0000000085b00000, 0x0000000085c00000, 0x0000000085c00000|100%| E|CS|TAMS 0x0000000085b00000, 0x0000000085b00000| Complete 
|  92|0x0000000085c00000, 0x0000000085d00000, 0x0000000085d00000|100%| E|CS|TAMS 0x0000000085c00000, 0x0000000085c00000| Complete 
|  93|0x0000000085d00000, 0x0000000085e00000, 0x0000000085e00000|100%| E|CS|TAMS 0x0000000085d00000, 0x0000000085d00000| Complete 
|  94|0x0000000085e00000, 0x0000000085f00000, 0x0000000085f00000|100%| E|CS|TAMS 0x0000000085e00000, 0x0000000085e00000| Complete 
|  95|0x0000000085f00000, 0x0000000085f8a3e0, 0x0000000086000000| 54%| S|CS|TAMS 0x0000000085f00000, 0x0000000085f00000| Complete 
|  96|0x0000000086000000, 0x0000000086100000, 0x0000000086100000|100%| S|CS|TAMS 0x0000000086000000, 0x0000000086000000| Complete 
|  97|0x0000000086100000, 0x0000000086200000, 0x0000000086200000|100%| E|CS|TAMS 0x0000000086100000, 0x0000000086100000| Complete 
|  98|0x0000000086200000, 0x0000000086300000, 0x0000000086300000|100%| E|CS|TAMS 0x0000000086200000, 0x0000000086200000| Complete 
|  99|0x0000000086300000, 0x0000000086400000, 0x0000000086400000|100%| E|CS|TAMS 0x0000000086300000, 0x0000000086300000| Complete 
| 100|0x0000000086400000, 0x0000000086500000, 0x0000000086500000|100%| E|CS|TAMS 0x0000000086400000, 0x0000000086400000| Complete 
| 101|0x0000000086500000, 0x0000000086600000, 0x0000000086600000|100%| E|CS|TAMS 0x0000000086500000, 0x0000000086500000| Complete 
| 102|0x0000000086600000, 0x0000000086700000, 0x0000000086700000|100%| E|CS|TAMS 0x0000000086600000, 0x0000000086600000| Complete 
| 103|0x0000000086700000, 0x0000000086800000, 0x0000000086800000|100%| E|CS|TAMS 0x0000000086700000, 0x0000000086700000| Complete 
| 104|0x0000000086800000, 0x0000000086900000, 0x0000000086900000|100%| E|CS|TAMS 0x0000000086800000, 0x0000000086800000| Complete 
| 105|0x0000000086900000, 0x0000000086a00000, 0x0000000086a00000|100%| E|CS|TAMS 0x0000000086900000, 0x0000000086900000| Complete 
| 106|0x0000000086a00000, 0x0000000086b00000, 0x0000000086b00000|100%| E|CS|TAMS 0x0000000086a00000, 0x0000000086a00000| Complete 
| 107|0x0000000086b00000, 0x0000000086c00000, 0x0000000086c00000|100%| E|CS|TAMS 0x0000000086b00000, 0x0000000086b00000| Complete 
| 108|0x0000000086c00000, 0x0000000086d00000, 0x0000000086d00000|100%| E|CS|TAMS 0x0000000086c00000, 0x0000000086c00000| Complete 
| 109|0x0000000086d00000, 0x0000000086e00000, 0x0000000086e00000|100%| E|CS|TAMS 0x0000000086d00000, 0x0000000086d00000| Complete 
| 110|0x0000000086e00000, 0x0000000086f00000, 0x0000000086f00000|100%| E|CS|TAMS 0x0000000086e00000, 0x0000000086e00000| Complete 
| 111|0x0000000086f00000, 0x0000000087000000, 0x0000000087000000|100%| E|CS|TAMS 0x0000000086f00000, 0x0000000086f00000| Complete 
| 112|0x0000000087000000, 0x0000000087100000, 0x0000000087100000|100%| E|CS|TAMS 0x0000000087000000, 0x0000000087000000| Complete 
| 113|0x0000000087100000, 0x0000000087200000, 0x0000000087200000|100%| E|CS|TAMS 0x0000000087100000, 0x0000000087100000| Complete 
| 114|0x0000000087200000, 0x0000000087300000, 0x0000000087300000|100%| E|CS|TAMS 0x0000000087200000, 0x0000000087200000| Complete 
| 115|0x0000000087300000, 0x0000000087400000, 0x0000000087400000|100%| E|CS|TAMS 0x0000000087300000, 0x0000000087300000| Complete 
| 116|0x0000000087400000, 0x0000000087500000, 0x0000000087500000|100%| E|CS|TAMS 0x0000000087400000, 0x0000000087400000| Complete 
| 117|0x0000000087500000, 0x0000000087600000, 0x0000000087600000|100%| E|CS|TAMS 0x0000000087500000, 0x0000000087500000| Complete 
| 118|0x0000000087600000, 0x0000000087700000, 0x0000000087700000|100%| E|CS|TAMS 0x0000000087600000, 0x0000000087600000| Complete 
| 119|0x0000000087700000, 0x0000000087800000, 0x0000000087800000|100%| E|  |TAMS 0x0000000087700000, 0x0000000087700000| Complete 
| 120|0x0000000087800000, 0x0000000087900000, 0x0000000087900000|100%| E|CS|TAMS 0x0000000087800000, 0x0000000087800000| Complete 
| 121|0x0000000087900000, 0x0000000087a00000, 0x0000000087a00000|100%| E|CS|TAMS 0x0000000087900000, 0x0000000087900000| Complete 
| 122|0x0000000087a00000, 0x0000000087b00000, 0x0000000087b00000|100%| E|CS|TAMS 0x0000000087a00000, 0x0000000087a00000| Complete 
| 123|0x0000000087b00000, 0x0000000087c00000, 0x0000000087c00000|100%| E|CS|TAMS 0x0000000087b00000, 0x0000000087b00000| Complete 
| 124|0x0000000087c00000, 0x0000000087d00000, 0x0000000087d00000|100%| E|CS|TAMS 0x0000000087c00000, 0x0000000087c00000| Complete 
| 125|0x0000000087d00000, 0x0000000087e00000, 0x0000000087e00000|100%| E|CS|TAMS 0x0000000087d00000, 0x0000000087d00000| Complete 
| 126|0x0000000087e00000, 0x0000000087f00000, 0x0000000087f00000|100%| E|CS|TAMS 0x0000000087e00000, 0x0000000087e00000| Complete 
| 127|0x0000000087f00000, 0x0000000088000000, 0x0000000088000000|100%| E|CS|TAMS 0x0000000087f00000, 0x0000000087f00000| Complete 

Card table byte_map: [0x0000028b65fa0000,0x0000028b663a0000] _byte_map_base: 0x0000028b65ba0000

Marking Bits (Prev, Next): (CMBitMap*) 0x0000028b52fc4e70, (CMBitMap*) 0x0000028b52fc4e38
 Prev Bits: [0x0000028b687a0000, 0x0000028b6a7a0000)
 Next Bits: [0x0000028b667a0000, 0x0000028b687a0000)

Polling page: 0x0000028b50f30000

Metaspace:

Usage:
  Non-class:     21.79 MB capacity,    21.51 MB ( 99%) used,   249.88 KB (  1%) free+waste,    44.25 KB ( <1%) overhead. 
      Class:      3.37 MB capacity,     3.17 MB ( 94%) used,   181.58 KB (  5%) free+waste,    21.94 KB ( <1%) overhead. 
       Both:     25.17 MB capacity,    24.68 MB ( 98%) used,   431.45 KB (  2%) free+waste,    66.19 KB ( <1%) overhead. 

Virtual space:
  Non-class space:       22.00 MB reserved,      22.00 MB (100%) committed 
      Class space:        1.00 GB reserved,       3.38 MB ( <1%) committed 
             Both:        1.02 GB reserved,      25.38 MB (  2%) committed 

Chunk freelists:
   Non-Class:  19.00 KB
       Class:  4.00 KB
        Both:  23.00 KB

MaxMetaspaceSize: 17179869184.00 GB
CompressedClassSpaceSize: 1.00 GB
Initial GC threshold: 20.80 MB
Current GC threshold: 35.50 MB
CDS: off

CodeHeap 'non-profiled nmethods': size=120064Kb used=1063Kb max_used=1063Kb free=119000Kb
 bounds [0x0000028b5e550000, 0x0000028b5e7c0000, 0x0000028b65a90000]
CodeHeap 'profiled nmethods': size=120000Kb used=4561Kb max_used=4561Kb free=115439Kb
 bounds [0x0000028b57020000, 0x0000028b574a0000, 0x0000028b5e550000]
CodeHeap 'non-nmethods': size=5696Kb used=1228Kb max_used=1256Kb free=4467Kb
 bounds [0x0000028b56a90000, 0x0000028b56d00000, 0x0000028b57020000]
 total_blobs=2657 nmethods=2158 adapters=411
 compilation: enabled
              stopped_count=0, restarted_count=0
 full_count=0

Compilation events (20 events):
Event: 2.665 Thread 0x0000028b6cfe4000 2146       3       com.google.common.base.Splitter::omitEmptyStrings (21 bytes)
Event: 2.665 Thread 0x0000028b6cfe4000 nmethod 2146 0x0000028b5748d510 code [0x0000028b5748d6e0, 0x0000028b5748d9b8]
Event: 2.665 Thread 0x0000028b6cfe4000 2148       3       com.google.common.base.Splitter::splittingIterator (12 bytes)
Event: 2.665 Thread 0x0000028b6cfe4000 nmethod 2148 0x0000028b5748da90 code [0x0000028b5748dc60, 0x0000028b5748dfc8]
Event: 2.665 Thread 0x0000028b6cfe4000 2149       3       com.google.common.base.Splitter$1::iterator (7 bytes)
Event: 2.666 Thread 0x0000028b6cfe4000 nmethod 2149 0x0000028b5748e190 code [0x0000028b5748e360, 0x0000028b5748e628]
Event: 2.666 Thread 0x0000028b6cfe4000 2150       3       com.google.common.base.Splitter$1::iterator (11 bytes)
Event: 2.666 Thread 0x0000028b6cfe4000 nmethod 2150 0x0000028b5748e790 code [0x0000028b5748e960, 0x0000028b5748ebc8]
Event: 2.666 Thread 0x0000028b6cfe4000 2151       3       com.google.common.base.Splitter$1$1::<init> (12 bytes)
Event: 2.666 Thread 0x0000028b6cfe4000 nmethod 2151 0x0000028b5748ed10 code [0x0000028b5748eec0, 0x0000028b5748f048]
Event: 2.666 Thread 0x0000028b6cfe4000 2152       3       com.google.common.base.Splitter$SplittingIterator::<init> (39 bytes)
Event: 2.666 Thread 0x0000028b6cfe4000 nmethod 2152 0x0000028b5748f110 code [0x0000028b5748f2e0, 0x0000028b5748f618]
Event: 2.666 Thread 0x0000028b6cfe4000 2153       3       com.google.common.base.AbstractIterator::<init> (12 bytes)
Event: 2.666 Thread 0x0000028b6cfe4000 nmethod 2153 0x0000028b5748f710 code [0x0000028b5748f8c0, 0x0000028b5748fa78]
Event: 2.666 Thread 0x0000028b6cfe4000 2155       1       com.google.common.collect.ImmutableMapEntry::getNextInKeyBucket (2 bytes)
Event: 2.666 Thread 0x0000028b6cfe4000 nmethod 2155 0x0000028b5e659790 code [0x0000028b5e659940, 0x0000028b5e6599f8]
Event: 2.666 Thread 0x0000028b6cfe4000 2161       3       com.google.common.collect.RegularImmutableMap::makeImmutable (44 bytes)
Event: 2.667 Thread 0x0000028b6cfe4000 nmethod 2161 0x0000028b5748fb10 code [0x0000028b5748fd20, 0x0000028b57490558]
Event: 2.667 Thread 0x0000028b6cfe4000 2160       1       com.google.common.collect.ImmutableMapEntry$NonTerminalImmutableMapEntry::getNextInKeyBucket (5 bytes)
Event: 2.667 Thread 0x0000028b6cfe4000 nmethod 2160 0x0000028b5e659a90 code [0x0000028b5e659c40, 0x0000028b5e659cf8]

GC Heap History (6 events):
Event: 0.558 GC heap before
{Heap before GC invocations=0 (full 0):
 garbage-first heap   total 131072K, used 27648K [0x0000000080000000, 0x0000000100000000)
  region size 1024K, 22 young (22528K), 0 survivors (0K)
 Metaspace       used 9613K, capacity 9821K, committed 10112K, reserved 1058816K
  class space    used 991K, capacity 1068K, committed 1152K, reserved 1048576K
}
Event: 0.562 GC heap after
{Heap after GC invocations=1 (full 0):
 garbage-first heap   total 131072K, used 9091K [0x0000000080000000, 0x0000000100000000)
  region size 1024K, 3 young (3072K), 3 survivors (3072K)
 Metaspace       used 9613K, capacity 9821K, committed 10112K, reserved 1058816K
  class space    used 991K, capacity 1068K, committed 1152K, reserved 1048576K
}
Event: 1.872 GC heap before
{Heap before GC invocations=1 (full 0):
 garbage-first heap   total 131072K, used 83843K [0x0000000080000000, 0x0000000100000000)
  region size 1024K, 76 young (77824K), 3 survivors (3072K)
 Metaspace       used 17478K, capacity 17871K, committed 18176K, reserved 1064960K
  class space    used 2059K, capacity 2177K, committed 2304K, reserved 1048576K
}
Event: 1.878 GC heap after
{Heap after GC invocations=2 (full 0):
 garbage-first heap   total 131072K, used 16027K [0x0000000080000000, 0x0000000100000000)
  region size 1024K, 10 young (10240K), 10 survivors (10240K)
 Metaspace       used 17478K, capacity 17871K, committed 18176K, reserved 1064960K
  class space    used 2059K, capacity 2177K, committed 2304K, reserved 1048576K
}
Event: 2.163 GC heap before
{Heap before GC invocations=2 (full 0):
 garbage-first heap   total 131072K, used 46747K [0x0000000080000000, 0x0000000100000000)
  region size 1024K, 41 young (41984K), 10 survivors (10240K)
 Metaspace       used 20769K, capacity 21149K, committed 21296K, reserved 1069056K
  class space    used 2560K, capacity 2716K, committed 2816K, reserved 1048576K
}
Event: 2.170 GC heap after
{Heap after GC invocations=3 (full 0):
 garbage-first heap   total 131072K, used 17465K [0x0000000080000000, 0x0000000100000000)
  region size 1024K, 2 young (2048K), 2 survivors (2048K)
 Metaspace       used 20769K, capacity 21149K, committed 21296K, reserved 1069056K
  class space    used 2560K, capacity 2716K, committed 2816K, reserved 1048576K
}

Deoptimization events (20 events):
Event: 2.134 Thread 0x0000028b701bc800 Uncommon trap: trap_request=0xffffff4d fr.pc=0x0000028b5e5be170 relative=0x00000000000005b0
Event: 2.134 Thread 0x0000028b701bc800 Uncommon trap: reason=unstable_if action=reinterpret pc=0x0000028b5e5be170 method=java.io.File.getName()Ljava/lang/String; @ 16 c2
Event: 2.134 Thread 0x0000028b701bc800 DEOPT PACKING pc=0x0000028b5e5be170 sp=0x000000d9175fb0e0
Event: 2.134 Thread 0x0000028b701bc800 DEOPT UNPACKING pc=0x0000028b56ada1af sp=0x000000d9175fb0b0 mode 2
Event: 2.134 Thread 0x0000028b701bc800 Uncommon trap: trap_request=0xffffff4d fr.pc=0x0000028b5e5beb08 relative=0x0000000000000448
Event: 2.134 Thread 0x0000028b701bc800 Uncommon trap: reason=unstable_if action=reinterpret pc=0x0000028b5e5beb08 method=java.lang.String.substring(I)Ljava/lang/String; @ 34 c2
Event: 2.134 Thread 0x0000028b701bc800 DEOPT PACKING pc=0x0000028b5e5beb08 sp=0x000000d9175fb060
Event: 2.134 Thread 0x0000028b701bc800 DEOPT UNPACKING pc=0x0000028b56ada1af sp=0x000000d9175fb038 mode 2
Event: 2.242 Thread 0x0000028b701bc800 Uncommon trap: trap_request=0xffffff4d fr.pc=0x0000028b5e62eb18 relative=0x0000000000000398
Event: 2.242 Thread 0x0000028b701bc800 Uncommon trap: reason=unstable_if action=reinterpret pc=0x0000028b5e62eb18 method=jdk.internal.org.objectweb.asm.Type.getArgumentsAndReturnSizes(Ljava/lang/String;)I @ 88 c2
Event: 2.242 Thread 0x0000028b701bc800 DEOPT PACKING pc=0x0000028b5e62eb18 sp=0x000000d9175f9650
Event: 2.242 Thread 0x0000028b701bc800 DEOPT UNPACKING pc=0x0000028b56ada1af sp=0x000000d9175f95d8 mode 2
Event: 2.248 Thread 0x0000028b701bc800 Uncommon trap: trap_request=0xffffffcc fr.pc=0x0000028b5e63e7e8 relative=0x00000000000002a8
Event: 2.248 Thread 0x0000028b701bc800 Uncommon trap: reason=intrinsic_or_type_checked_inlining action=make_not_entrant pc=0x0000028b5e63e7e8 method=java.util.Arrays.copyOf([Ljava/lang/Object;ILjava/lang/Class;)[Ljava/lang/Object; @ 35 c2
Event: 2.248 Thread 0x0000028b701bc800 DEOPT PACKING pc=0x0000028b5e63e7e8 sp=0x000000d9175fb740
Event: 2.248 Thread 0x0000028b701bc800 DEOPT UNPACKING pc=0x0000028b56ada1af sp=0x000000d9175fb6d0 mode 2
Event: 2.444 Thread 0x0000028b701bc800 Uncommon trap: trap_request=0xffffff4d fr.pc=0x0000028b5e5a027c relative=0x000000000000023c
Event: 2.444 Thread 0x0000028b701bc800 Uncommon trap: reason=unstable_if action=reinterpret pc=0x0000028b5e5a027c method=java.util.concurrent.ConcurrentHashMap.get(Ljava/lang/Object;)Ljava/lang/Object; @ 76 c2
Event: 2.444 Thread 0x0000028b701bc800 DEOPT PACKING pc=0x0000028b5e5a027c sp=0x000000d9175f9680
Event: 2.444 Thread 0x0000028b701bc800 DEOPT UNPACKING pc=0x0000028b56ada1af sp=0x000000d9175f95e8 mode 2

Classes redefined (0 events):
No events

Internal exceptions (20 events):
Event: 0.919 Thread 0x0000028b52f84000 Exception <a 'java/security/PrivilegedActionException'{0x000000008575a750}> (0x000000008575a750) thrown at [./src/hotspot/share/prims/jvm.cpp, line 1306]
Event: 1.158 Thread 0x0000028b52f84000 Exception <a 'java/lang/NoSuchMethodError'{0x00000000846d76c8}: 'java.lang.Object java.lang.invoke.DirectMethodHandle$Holder.invokeStaticInit(java.lang.Object, java.lang.Object, java.lang.Object)'> (0x00000000846d76c8) thrown at [./src/hotspot/share/interpreter/linkResolver.cpp, line 773]
Event: 1.286 Thread 0x0000028b52f84000 Exception <a 'java/lang/NoSuchMethodError'{0x0000000083f43eb8}: 'java.lang.Object java.lang.invoke.DirectMethodHandle$Holder.invokeStaticInit(java.lang.Object, int, int, int, int)'> (0x0000000083f43eb8) thrown at [./src/hotspot/share/interpreter/linkResolver.cpp, line 773]
Event: 1.456 Thread 0x0000028b52f84000 Exception <a 'java/lang/NoSuchMethodError'{0x0000000083f62e70}: 'java.lang.Object java.lang.invoke.DirectMethodHandle$Holder.invokeStaticInit(java.lang.Object, java.lang.Object, int, int, int, int)'> (0x0000000083f62e70) thrown at [./src/hotspot/share/interpreter/linkResolver.cpp, line 773]
Event: 1.747 Thread 0x0000028b52f84000 Exception <a 'java/io/IOException'{0x0000000083d2b6b8}> (0x0000000083d2b6b8) thrown at [./src/hotspot/share/prims/jni.cpp, line 615]
Event: 1.842 Thread 0x0000028b701bc800 Exception <a 'java/lang/NoSuchMethodError'{0x00000000837ef468}: 'long java.lang.invoke.DirectMethodHandle$Holder.invokeInterface(java.lang.Object, java.lang.Object)'> (0x00000000837ef468) thrown at [./src/hotspot/share/interpreter/linkResolver.cpp, line 773]
Event: 1.843 Thread 0x0000028b701bc800 Exception <a 'java/lang/NoSuchMethodError'{0x00000000837fc508}: 'void java.lang.invoke.DelegatingMethodHandle$Holder.reinvoke_L(java.lang.Object, java.lang.Object, java.lang.Object, java.lang.Object, java.lang.Object, java.lang.Object, java.lang.Object)'> (0x00000000837fc508) thrown at [./src/hotspot/share/interpreter/linkResolver.cpp, line 773]
Event: 2.084 Thread 0x0000028b701bc800 Exception <a 'java/lang/NoSuchMethodError'{0x0000000086749ba8}: 'void java.lang.invoke.DirectMethodHandle$Holder.invokeStaticInit(java.lang.Object)'> (0x0000000086749ba8) thrown at [./src/hotspot/share/interpreter/linkResolver.cpp, line 773]
Event: 2.092 Thread 0x0000028b701bc800 Exception <a 'java/lang/NoSuchMethodError'{0x00000000867f6f50}: 'java.lang.Object java.lang.invoke.DirectMethodHandle$Holder.invokeStatic(java.lang.Object, java.lang.Object, java.lang.Object, int)'> (0x00000000867f6f50) thrown at [./src/hotspot/share/interpreter/linkResolver.cpp, line 773]
Event: 2.092 Thread 0x0000028b701bc800 Exception <a 'java/lang/NoSuchMethodError'{0x00000000867fb668}: 'java.lang.Object java.lang.invoke.DirectMethodHandle$Holder.invokeSpecial(java.lang.Object, java.lang.Object, java.lang.Object, java.lang.Object, int)'> (0x00000000867fb668) thrown at [./src/hotspot/share/interpreter/linkResolver.cpp, line 773]
Event: 2.092 Thread 0x0000028b701bc800 Exception <a 'java/lang/NoSuchMethodError'{0x00000000867ff5a0}: 'java.lang.Object java.lang.invoke.Invokers$Holder.linkToTargetMethod(java.lang.Object, java.lang.Object, int, java.lang.Object)'> (0x00000000867ff5a0) thrown at [./src/hotspot/share/interpreter/linkResolver.cpp, line 773]
Event: 2.186 Thread 0x0000028b701bc800 Exception <a 'java/lang/NoSuchMethodError'{0x0000000087ff09f0}: 'int java.lang.invoke.DirectMethodHandle$Holder.invokeSpecialIFC(java.lang.Object, java.lang.Object, java.lang.Object, java.lang.Object)'> (0x0000000087ff09f0) thrown at [./src/hotspot/share/interpreter/linkResolver.cpp, line 773]
Event: 2.187 Thread 0x0000028b701bc800 Exception <a 'java/lang/NoSuchMethodError'{0x0000000087ffe9a8}: 'java.lang.Object java.lang.invoke.DirectMethodHandle$Holder.invokeInterface(java.lang.Object, java.lang.Object, java.lang.Object)'> (0x0000000087ffe9a8) thrown at [./src/hotspot/share/interpreter/linkResolver.cpp, line 773]
Event: 2.187 Thread 0x0000028b701bc800 Exception <a 'java/lang/IncompatibleClassChangeError'{0x0000000087e02330}: Found class java.lang.Object, but interface was expected> (0x0000000087e02330) thrown at [./src/hotspot/share/interpreter/linkResolver.cpp, line 839]
Event: 2.312 Thread 0x0000028b701bc800 Exception <a 'java/lang/NoSuchMethodError'{0x00000000873d7388}: 'java.lang.Object java.lang.invoke.DirectMethodHandle$Holder.invokeSpecial(java.lang.Object, java.lang.Object, java.lang.Object, java.lang.Object, java.lang.Object, java.lang.Object, java.lang.Object, java.lang.Object, java.lang.Object)'> (0x00000000873d7388) thrown at [./src/hotspot/share/interpreter/linkResolver.cpp, line 773]
Event: 2.388 Thread 0x0000028b701bc800 Exception <a 'java/lang/NoSuchMethodError'{0x00000000869bc0d0}: 'java.lang.Object java.lang.invoke.DirectMethodHandle$Holder.invokeVirtual(java.lang.Object, java.lang.Object, java.lang.Object, java.lang.Object)'> (0x00000000869bc0d0) thrown at [./src/hotspot/share/interpreter/linkResolver.cpp, line 773]
Event: 2.480 Thread 0x0000028b701bc800 Exception <a 'java/lang/NoSuchMethodError'{0x0000000086289868}: 'void java.lang.invoke.DirectMethodHandle$Holder.invokeSpecial(java.lang.Object, java.lang.Object, java.lang.Object, java.lang.Object, java.lang.Object, java.lang.Object)'> (0x0000000086289868) thrown at [./src/hotspot/share/interpreter/linkResolver.cpp, line 773]
Event: 2.490 Thread 0x0000028b701bc800 Exception <a 'java/lang/NoSuchMethodError'{0x00000000862f89b8}: 'void java.lang.invoke.DirectMethodHandle$Holder.invokeSpecial(java.lang.Object, java.lang.Object, java.lang.Object, java.lang.Object, java.lang.Object, java.lang.Object, java.lang.Object)'> (0x00000000862f89b8) thrown at [./src/hotspot/share/interpreter/linkResolver.cpp, line 773]
Event: 2.491 Thread 0x0000028b701bc800 Exception <a 'java/lang/NoSuchMethodError'{0x0000000086101628}: 'java.lang.Object java.lang.invoke.Invokers$Holder.linkToTargetMethod(java.lang.Object, java.lang.Object, java.lang.Object, java.lang.Object, java.lang.Object, java.lang.Object)'> (0x0000000086101628) thrown at [./src/hotspot/share/interpreter/linkResolver.cpp, line 773]
Event: 2.589 Thread 0x0000028b701bc800 Exception <a 'java/lang/NoSuchMethodError'{0x00000000856a19a0}: 'int java.lang.invoke.DirectMethodHandle$Holder.invokeStaticInit(java.lang.Object, java.lang.Object, java.lang.Object)'> (0x00000000856a19a0) thrown at [./src/hotspot/share/interpreter/linkResolver.cpp, line 773]

Events (20 events):
Event: 2.657 loading class com/google/common/base/AbstractIterator$State
Event: 2.657 loading class com/google/common/base/AbstractIterator$State done
Event: 2.657 loading class com/google/common/base/AbstractIterator$1
Event: 2.657 loading class com/google/common/base/AbstractIterator$1 done
Event: 2.665 loading class org/codehaus/groovy/control/MultipleCompilationErrorsException
Event: 2.665 loading class org/codehaus/groovy/control/MultipleCompilationErrorsException done
Event: 2.666 loading class org/codehaus/groovy/control/CompilationFailedException
Event: 2.666 loading class org/codehaus/groovy/control/CompilationFailedException done
Event: 2.667 loading class groovy/lang/GroovyRuntimeException
Event: 2.667 loading class groovy/lang/GroovyRuntimeException done
Event: 2.668 loading class org/gradle/groovy/scripts/ScriptCompilationException
Event: 2.668 loading class org/gradle/groovy/scripts/ScriptCompilationException done
Event: 2.669 loading class org/gradle/api/GradleScriptException
Event: 2.669 loading class org/gradle/api/GradleScriptException done
Event: 2.669 loading class groovy/lang/GroovyResourceLoader
Event: 2.669 loading class groovy/lang/GroovyResourceLoader done
Event: 2.669 loading class groovy/lang/GroovyClassLoader
Event: 2.669 loading class groovy/lang/GroovyClassLoader done
Event: 2.678 loading class org/gradle/groovy/scripts/internal/DefaultScriptCompilationHandler$1
Event: 2.678 loading class org/gradle/groovy/scripts/internal/DefaultScriptCompilationHandler$1 done


Dynamic libraries:
0x00007ff7df7b0000 - 0x00007ff7df7ba000 	C:\Program Files\Android\Android Studio\jre\bin\java.exe
0x00007ff9b6430000 - 0x00007ff9b6627000 	C:\windows\SYSTEM32\ntdll.dll
0x00007ff9b5ba0000 - 0x00007ff9b5c5d000 	C:\windows\System32\KERNEL32.DLL
0x00007ff9b3de0000 - 0x00007ff9b40ad000 	C:\windows\System32\KERNELBASE.dll
0x00007ff9b3ce0000 - 0x00007ff9b3de0000 	C:\windows\System32\ucrtbase.dll
0x00007ff9af7e0000 - 0x00007ff9af7f7000 	C:\Program Files\Android\Android Studio\jre\bin\VCRUNTIME140.dll
0x00007ff99ac00000 - 0x00007ff99ac19000 	C:\Program Files\Android\Android Studio\jre\bin\jli.dll
0x00007ff9b4b80000 - 0x00007ff9b4d20000 	C:\windows\System32\USER32.dll
0x00007ff990840000 - 0x00007ff990ada000 	C:\windows\WinSxS\amd64_microsoft.windows.common-controls_6595b64144ccf1df_6.0.19041.1110_none_60b5254171f9507e\COMCTL32.dll
0x00007ff9b5f50000 - 0x00007ff9b5fee000 	C:\windows\System32\msvcrt.dll
0x00007ff9b40b0000 - 0x00007ff9b40d2000 	C:\windows\System32\win32u.dll
0x00007ff9b6000000 - 0x00007ff9b602a000 	C:\windows\System32\GDI32.dll
0x00007ff9b3bd0000 - 0x00007ff9b3cdb000 	C:\windows\System32\gdi32full.dll
0x00007ff9b40e0000 - 0x00007ff9b417d000 	C:\windows\System32\msvcp_win.dll
0x00007ff9b6310000 - 0x00007ff9b6340000 	C:\windows\System32\IMM32.DLL
0x00007ff9891a0000 - 0x00007ff98923d000 	C:\Program Files\Android\Android Studio\jre\bin\msvcp140.dll
0x00007ff953880000 - 0x00007ff954365000 	C:\Program Files\Android\Android Studio\jre\bin\server\jvm.dll
0x00007ff9b5d70000 - 0x00007ff9b5e1e000 	C:\windows\System32\ADVAPI32.dll
0x00007ff9b49b0000 - 0x00007ff9b4a4c000 	C:\windows\System32\sechost.dll
0x00007ff9b6030000 - 0x00007ff9b6155000 	C:\windows\System32\RPCRT4.dll
0x00007ff9b5a00000 - 0x00007ff9b5a08000 	C:\windows\System32\PSAPI.DLL
0x00007ff99b1b0000 - 0x00007ff99b1d7000 	C:\windows\SYSTEM32\WINMM.dll
0x00007ff9af910000 - 0x00007ff9af919000 	C:\windows\SYSTEM32\WSOCK32.dll
0x00007ff9ad720000 - 0x00007ff9ad72a000 	C:\windows\SYSTEM32\VERSION.dll
0x00007ff9b5a10000 - 0x00007ff9b5a7b000 	C:\windows\System32\WS2_32.dll
0x00007ff9b1a00000 - 0x00007ff9b1a12000 	C:\windows\SYSTEM32\kernel.appcore.dll
0x00007ff9addb0000 - 0x00007ff9addc1000 	C:\Program Files\Android\Android Studio\jre\bin\verify.dll
0x00007ff9a3180000 - 0x00007ff9a3364000 	C:\windows\SYSTEM32\DBGHELP.DLL
0x00007ff979370000 - 0x00007ff97939c000 	C:\windows\SYSTEM32\dbgcore.DLL
0x00007ff9b4180000 - 0x00007ff9b4202000 	C:\windows\System32\bcryptPrimitives.dll
0x00007ff98c040000 - 0x00007ff98c069000 	C:\Program Files\Android\Android Studio\jre\bin\java.dll
0x00007ff9adda0000 - 0x00007ff9addab000 	C:\Program Files\Android\Android Studio\jre\bin\jimage.dll
0x00007ff9a20a0000 - 0x00007ff9a20b8000 	C:\Program Files\Android\Android Studio\jre\bin\zip.dll
0x00007ff9b52b0000 - 0x00007ff9b59f4000 	C:\windows\System32\SHELL32.dll
0x00007ff9b1c00000 - 0x00007ff9b2394000 	C:\windows\SYSTEM32\windows.storage.dll
0x00007ff9b4f50000 - 0x00007ff9b52a4000 	C:\windows\System32\combase.dll
0x00007ff9b3430000 - 0x00007ff9b345c000 	C:\windows\SYSTEM32\Wldp.dll
0x00007ff9b5c60000 - 0x00007ff9b5d0d000 	C:\windows\System32\SHCORE.dll
0x00007ff9b4b20000 - 0x00007ff9b4b75000 	C:\windows\System32\shlwapi.dll
0x00007ff9b3a60000 - 0x00007ff9b3a7f000 	C:\windows\SYSTEM32\profapi.dll
0x00007ff98ac20000 - 0x00007ff98ac3a000 	C:\Program Files\Android\Android Studio\jre\bin\net.dll
0x00007ff9addd0000 - 0x00007ff9adeda000 	C:\windows\SYSTEM32\WINHTTP.dll
0x00007ff9b31b0000 - 0x00007ff9b321a000 	C:\windows\system32\mswsock.dll
0x00007ff98ac00000 - 0x00007ff98ac14000 	C:\Program Files\Android\Android Studio\jre\bin\nio.dll
0x00007ff98abd0000 - 0x00007ff98abf7000 	C:\Users\logonpflocal\.gradle\native\e1d6ef7f7dcc3fd88c89a11ec53ec762bb8ba0a96d01ffa2cd45eb1d1d8dd5c5\windows-amd64\native-platform.dll
0x00007ff976a50000 - 0x00007ff976b94000 	C:\Users\logonpflocal\.gradle\native\5664cfc778a61ccfe75a443a1ab52a65af34e5dc3c78e0209fed803814484fcb\windows-amd64\native-platform-file-events.dll
0x00007ff9ab980000 - 0x00007ff9ab98a000 	C:\Program Files\Android\Android Studio\jre\bin\management.dll
0x00007ff99abf0000 - 0x00007ff99abfd000 	C:\Program Files\Android\Android Studio\jre\bin\management_ext.dll
0x00007ff9b37e0000 - 0x00007ff9b37f8000 	C:\windows\SYSTEM32\CRYPTSP.dll
0x00007ff9b2b50000 - 0x00007ff9b2b84000 	C:\windows\system32\rsaenh.dll
0x00007ff9b4430000 - 0x00007ff9b4457000 	C:\windows\System32\bcrypt.dll
0x00007ff9b39e0000 - 0x00007ff9b3a0e000 	C:\windows\SYSTEM32\USERENV.dll
0x00007ff9b3340000 - 0x00007ff9b334c000 	C:\windows\SYSTEM32\CRYPTBASE.dll
0x00007ff9b2ec0000 - 0x00007ff9b2efb000 	C:\windows\SYSTEM32\IPHLPAPI.DLL
0x00007ff9b4f40000 - 0x00007ff9b4f48000 	C:\windows\System32\NSI.dll
0x00007ff9aef60000 - 0x00007ff9aef77000 	C:\windows\SYSTEM32\dhcpcsvc6.DLL
0x00007ff9aee30000 - 0x00007ff9aee4d000 	C:\windows\SYSTEM32\dhcpcsvc.DLL
0x00007ff9b2f00000 - 0x00007ff9b2fcb000 	C:\windows\SYSTEM32\DNSAPI.dll

dbghelp: loaded successfully - version: 4.0.5 - missing functions: none
symbol engine: initialized successfully - sym options: 0x614 - pdb path: .;C:\Program Files\Android\Android Studio\jre\bin;C:\windows\SYSTEM32;C:\windows\WinSxS\amd64_microsoft.windows.common-controls_6595b64144ccf1df_6.0.19041.1110_none_60b5254171f9507e;C:\Program Files\Android\Android Studio\jre\bin\server;C:\Users\logonpflocal\.gradle\native\e1d6ef7f7dcc3fd88c89a11ec53ec762bb8ba0a96d01ffa2cd45eb1d1d8dd5c5\windows-amd64;C:\Users\logonpflocal\.gradle\native\5664cfc778a61ccfe75a443a1ab52a65af34e5dc3c78e0209fed803814484fcb\windows-amd64

VM Arguments:
jvm_args: --add-opens=java.base/java.util=ALL-UNNAMED --add-opens=java.base/java.lang=ALL-UNNAMED --add-opens=java.base/java.lang.invoke=ALL-UNNAMED --add-opens=java.base/java.util=ALL-UNNAMED --add-opens=java.prefs/java.util.prefs=ALL-UNNAMED --add-opens=java.prefs/java.util.prefs=ALL-UNNAMED --add-opens=java.base/java.nio.charset=ALL-UNNAMED --add-opens=java.base/java.net=ALL-UNNAMED --add-opens=java.base/java.util.concurrent.atomic=ALL-UNNAMED -Xmx2048m -Dfile.encoding=UTF-8 -Duser.country=US -Duser.language=en -Duser.variant 
java_command: org.gradle.launcher.daemon.bootstrap.GradleDaemon 7.3.3
java_class_path (initial): C:\Users\logonpflocal\.gradle\wrapper\dists\gradle-7.3.3-bin\6a41zxkdtcxs8rphpq6y0069z\gradle-7.3.3\lib\gradle-launcher-7.3.3.jar
Launcher Type: SUN_STANDARD

[Global flags]
     intx CICompilerCount                          = 3                                         {product} {ergonomic}
     uint ConcGCThreads                            = 2                                         {product} {ergonomic}
     uint G1ConcRefinementThreads                  = 6                                         {product} {ergonomic}
   size_t G1HeapRegionSize                         = 1048576                                   {product} {ergonomic}
    uintx GCDrainStackTargetSize                   = 64                                        {product} {ergonomic}
   size_t InitialHeapSize                          = 134217728                                 {product} {ergonomic}
   size_t MarkStackSize                            = 4194304                                   {product} {ergonomic}
   size_t MaxHeapSize                              = 2147483648                                {product} {command line}
   size_t MaxNewSize                               = 1287651328                                {product} {ergonomic}
   size_t MinHeapDeltaBytes                        = 1048576                                   {product} {ergonomic}
    uintx NonNMethodCodeHeapSize                   = 5830732                                {pd product} {ergonomic}
    uintx NonProfiledCodeHeapSize                  = 122913754                              {pd product} {ergonomic}
    uintx ProfiledCodeHeapSize                     = 122913754                              {pd product} {ergonomic}
    uintx ReservedCodeCacheSize                    = 251658240                              {pd product} {ergonomic}
     bool SegmentedCodeCache                       = true                                      {product} {ergonomic}
     bool UseCompressedClassPointers               = true                                 {lp64_product} {ergonomic}
     bool UseCompressedOops                        = true                                 {lp64_product} {ergonomic}
     bool UseG1GC                                  = true                                      {product} {ergonomic}
     bool UseLargePagesIndividualAllocation        = false                                  {pd product} {ergonomic}

Logging:
Log output configuration:
 #0: stdout all=warning uptime,level,tags
 #1: stderr all=off uptime,level,tags

Environment Variables:
JAVA_HOME=C:\Program Files\Java\jdk1.8.0_333
PATH=C:\Program Files (x86)\VMware\VMware Workstation\bin\;C:\TwinCAT\Common64;C:\TwinCAT\Common32;C:\ProgramData\Anaconda3\Scripts;C:\ProgramData\Anaconda3;C:\Python27\;C:\Python27\Scripts;C:\Python310\Scripts\;C:\Python310\;C:\Program Files (x86)\NVIDIA Corporation\PhysX\Common;C:\Program Files\Microsoft MPI\Bin\;C:\Program Files\Common Files\Oracle\Java\javapath;C:\Program Files (x86)\Common Files\Oracle\Java\javapath;C:\Windows\system32;C:\Windows;C:\Windows\System32\Wbem;C:\Windows\System32\WindowsPowerShell\v1.0\;C:\Windows\System32\OpenSSH\;C:\Program Files\Microsoft VS Code\bin;C:\Program Files\Amazon\AWSCLIV2\;C:\Program Files (x86)\WinSCP\;C:\Opensource\apache-cassandra-3.11.13\bin;C:\xampp\php;C:\ProgramData\ComposerSetup\bin;C:\Opensource\apache-maven-3.8.6\bin;C:\Program Files\Microsoft SQL Server\120\Tools\Binn\;C:\Program Files\dotnet\;C:\Program Files\Microsoft SQL Server\Client SDK\ODBC\170\Tools\Binn\;C:\Program Files (x86)\Microsoft SQL Server\150\Tools\Binn\;C:\Program Files\Microsoft SQL Server\150\Tools\Binn\;C:\Program Files\Microsoft SQL Server\150\DTS\Binn\;C:\Program Files (x86)\Microsoft SQL Server\150\DTS\Binn\;C:\Program Files\Azure Data Studio\bin;C:\Program Files\PuTTY\;C:\Program Files (x86)\Windows Kits\8.1\Windows Performance Toolkit\;C:\Program Files\Git\cmd;C:\Program Files (x86)\Microchip\MPLAB C32 Suite\bin;C:\Program Files\nodejs\;C:\ProgramData\chocolatey\bin;C:\HashiCorp\Vagrant\bin;C:\src\flutter\bin;C:\Opensource\gradle-7.4.2\bin;C:\Opensource\terraform_1.2.2;C:\Program Files\Docker\Docker\resources\bin;C:\ProgramData\DockerDesktop\version-bin;C:\Android_SDK\tools;C:\Android_SDK\platform-tools;C:\Android_SDK\build-tools\33.0.0;C:\Program Files\Common Files\Autodesk Shared\;C:\Program Files\MySQL\MySQL Shell 8.0\bin\;C:\Users\logonpflocal\AppData\Local\Microsoft\WindowsApps;C:\Users\logonpflocal\AppData\Roaming\Composer\vendor\bin;C:\Program Files\Azure Data Studio\bin;C:\Users\logonpflocal\AppData\Local\GitHubDesktop\bin;C:\Pr
USERNAME=logonpflocal
OS=Windows_NT
PROCESSOR_IDENTIFIER=Intel64 Family 6 Model 158 Stepping 10, GenuineIntel



---------------  S Y S T E M  ---------------

OS: Windows 10 , 64 bit Build 19041 (10.0.19041.1741)
OS uptime: 0 days 2:55 hours
Hyper-V role detected

CPU:total 6 (initial active 6) (6 cores per cpu, 1 threads per core) family 6 model 158 stepping 10 microcode 0xb4, cmov, cx8, fxsr, mmx, sse, sse2, sse3, ssse3, sse4.1, sse4.2, popcnt, avx, avx2, aes, clmul, erms, 3dnowpref, lzcnt, tsc, tscinvbit, bmi1, bmi2, adx, fma

Memory: 4k page, system-wide physical 8076M (244M free)
TotalPageFile size 8076M (AvailPageFile size 21M)
current process WorkingSet (physical memory assigned to process): 220M, peak: 223M
current process commit charge ("private bytes"): 283M, peak: 286M

vm_info: OpenJDK 64-Bit Server VM (11.0.12+7-b1504.28-7817840) for windows-amd64 JRE (11.0.12+7-b1504.28-7817840), built on Oct 13 2021 22:12:33 by "builder" with MS VC++ 14.0 (VS2015)

END.
