#
# There is insufficient memory for the Java Runtime Environment to continue.
# Native memory allocation (mmap) failed to map 29360128 bytes for Failed to commit area from 0x0000000088000000 to 0x0000000089c00000 of length 29360128.
# Possible reasons:
#   The system is out of physical RAM or swap space
#   The process is running with CompressedOops enabled, and the Java Heap may be blocking the growth of the native heap
# Possible solutions:
#   Reduce memory load on the system
#   Increase physical memory or swap space
#   Check if swap backing store is full
#   Decrease Java heap size (-Xmx/-Xms)
#   Decrease number of Java threads
#   Decrease Java thread stack sizes (-Xss)
#   Set larger code cache with -XX:ReservedCodeCacheSize=
#   JVM is running with Unscaled Compressed Oops mode in which the Java heap is
#     placed in the first 4GB address space. The Java Heap base address is the
#     maximum limit for the native heap growth. Please use -XX:HeapBaseMinAddress
#     to set the Java Heap base and to place the Java Heap above 4GB virtual address.
# This output file may be truncated or incomplete.
#
#  Out of Memory Error (./src/hotspot/os/windows/os_windows.cpp:3521), pid=4024, tid=10964
#
# JRE version: OpenJDK Runtime Environment (11.0.12+7) (build 11.0.12+7-b1504.28-7817840)
# Java VM: OpenJDK 64-Bit Server VM (11.0.12+7-b1504.28-7817840, mixed mode, tiered, compressed oops, g1 gc, windows-amd64)
# No core dump will be written. Minidumps are not enabled by default on client versions of Windows
#

---------------  S U M M A R Y ------------

Command Line: --add-opens=java.base/java.util=ALL-UNNAMED --add-opens=java.base/java.lang=ALL-UNNAMED --add-opens=java.base/java.lang.invoke=ALL-UNNAMED --add-opens=java.base/java.util=ALL-UNNAMED --add-opens=java.prefs/java.util.prefs=ALL-UNNAMED --add-opens=java.prefs/java.util.prefs=ALL-UNNAMED --add-opens=java.base/java.nio.charset=ALL-UNNAMED --add-opens=java.base/java.net=ALL-UNNAMED --add-opens=java.base/java.util.concurrent.atomic=ALL-UNNAMED -Xmx2048m -Dfile.encoding=UTF-8 -Duser.country=US -Duser.language=en -Duser.variant org.gradle.launcher.daemon.bootstrap.GradleDaemon 7.3.3

Host: Intel(R) Core(TM) i5-8400 CPU @ 2.80GHz, 6 cores, 7G,  Windows 10 , 64 bit Build 19041 (10.0.19041.1741)
Time: Tue Aug  9 09:33:40 2022 Tocantins Standard Time elapsed time: 8.245652 seconds (0d 0h 0m 8s)

---------------  T H R E A D  ---------------

Current thread (0x0000027d15c29800):  VMThread "VM Thread" [stack: 0x0000008867a00000,0x0000008867b00000] [id=10964]

Stack: [0x0000008867a00000,0x0000008867b00000]
[error occurred during error reporting (printing stack bounds), id 0xc0000005, EXCEPTION_ACCESS_VIOLATION (0xc0000005) at pc=0x0000027d0000112d]

Native frames: (J=compiled Java code, j=interpreted, Vv=VM code, C=native code)
V  [jvm.dll+0x5fbcea]
V  [jvm.dll+0x731905]
V  [jvm.dll+0x732f1d]
V  [jvm.dll+0x733535]
V  [jvm.dll+0x7334eb]
V  [jvm.dll+0x5fb080]
V  [jvm.dll+0x5fb818]
C  [ntdll.dll+0xa209f]
C  [ntdll.dll+0x51454]
C  [ntdll.dll+0xa0bce]
C  0x0000027d0000112d

VM_Operation (0x00000088690f2e20): CollectForMetadataAllocation, mode: safepoint, requested by thread 0x0000027d18057800


---------------  P R O C E S S  ---------------

Threads class SMR info:
_java_thread_list=0x0000027d17292240, length=99, elements={
0x0000027d7bbd2000, 0x0000027d15c2c800, 0x0000027d15c2d800, 0x0000027d15c46000,
0x0000027d15c46800, 0x0000027d15c4a800, 0x0000027d15c4e000, 0x0000027d15c4f000,
0x0000027d16601800, 0x0000027d166f1000, 0x0000027d17dde800, 0x0000027d17e64800,
0x0000027d17e9c000, 0x0000027d17ebb000, 0x0000027d17ebc000, 0x0000027d180c6000,
0x0000027d18057800, 0x0000027d1805c000, 0x0000027d18063000, 0x0000027d1835f000,
0x0000027d1835a800, 0x0000027d18360000, 0x0000027d1835c800, 0x0000027d1835d800,
0x0000027d1835b000, 0x0000027d1835e800, 0x0000027d1835c000, 0x0000027d18361000,
0x0000027d188a7000, 0x0000027d188aa000, 0x0000027d188a4800, 0x0000027d188a9800,
0x0000027d188a5800, 0x0000027d188ac000, 0x0000027d188a6000, 0x0000027d188ac800,
0x0000027d188ad800, 0x0000027d188ae800, 0x0000027d188a8800, 0x0000027d188af000,
0x0000027d188b0000, 0x0000027d188b3000, 0x0000027d188b0800, 0x0000027d188b1800,
0x0000027d188b2800, 0x0000027d1acd8000, 0x0000027d1acdc000, 0x0000027d1acd9800,
0x0000027d1acdd000, 0x0000027d1acda800, 0x0000027d1acd8800, 0x0000027d1acd7000,
0x0000027d1ace0000, 0x0000027d1ace1000, 0x0000027d1acdd800, 0x0000027d1acdb000,
0x0000027d1ace1800, 0x0000027d1acde800, 0x0000027d1ace2800, 0x0000027d1ace4000,
0x0000027d1ace3800, 0x0000027d1ace5000, 0x0000027d1acdf000, 0x0000027d1ace6000,
0x0000027d185c3800, 0x0000027d185c2000, 0x0000027d185c4800, 0x0000027d185c2800,
0x0000027d185c6000, 0x0000027d185c5000, 0x0000027d185c0800, 0x0000027d185c7000,
0x0000027d185c1000, 0x0000027d185c7800, 0x0000027d185cd800, 0x0000027d185cc800,
0x0000027d185ca000, 0x0000027d185cb000, 0x0000027d185c8800, 0x0000027d185ce000,
0x0000027d185cb800, 0x0000027d185cf000, 0x0000027d185c9800, 0x0000027d1b3a3800,
0x0000027d1b3a3000, 0x0000027d1b3a5000, 0x0000027d1b3a6000, 0x0000027d1b3a4800,
0x0000027d1b3a1000, 0x0000027d1b3a0800, 0x0000027d1b3a7000, 0x0000027d1b3a7800,
0x0000027d1b3a2000, 0x0000027d1b3ab000, 0x0000027d1b3ac800, 0x0000027d1b3ae000,
0x0000027d1b3ab800, 0x0000027d1b3ad800, 0x0000027d1b3a8800
}

Java Threads: ( => current thread )
  0x0000027d7bbd2000 JavaThread "main" [_thread_blocked, id=1288, stack(0x0000008867400000,0x0000008867500000)]
  0x0000027d15c2c800 JavaThread "Reference Handler" daemon [_thread_blocked, id=2976, stack(0x0000008867b00000,0x0000008867c00000)]
  0x0000027d15c2d800 JavaThread "Finalizer" daemon [_thread_blocked, id=2164, stack(0x0000008867c00000,0x0000008867d00000)]
  0x0000027d15c46000 JavaThread "Signal Dispatcher" daemon [_thread_blocked, id=12484, stack(0x0000008867d00000,0x0000008867e00000)]
  0x0000027d15c46800 JavaThread "Attach Listener" daemon [_thread_blocked, id=6244, stack(0x0000008867e00000,0x0000008867f00000)]
  0x0000027d15c4a800 JavaThread "Service Thread" daemon [_thread_blocked, id=1340, stack(0x0000008867f00000,0x0000008868000000)]
  0x0000027d15c4e000 JavaThread "C2 CompilerThread0" daemon [_thread_blocked, id=11580, stack(0x0000008868000000,0x0000008868100000)]
  0x0000027d15c4f000 JavaThread "C1 CompilerThread0" daemon [_thread_blocked, id=10496, stack(0x0000008868100000,0x0000008868200000)]
  0x0000027d16601800 JavaThread "Sweeper thread" daemon [_thread_blocked, id=6624, stack(0x0000008868200000,0x0000008868300000)]
  0x0000027d166f1000 JavaThread "Common-Cleaner" daemon [_thread_blocked, id=8780, stack(0x0000008868300000,0x0000008868400000)]
  0x0000027d17dde800 JavaThread "Daemon health stats" [_thread_blocked, id=12260, stack(0x0000008868700000,0x0000008868800000)]
  0x0000027d17e64800 JavaThread "Incoming local TCP Connector on port 58348" [_thread_in_native, id=9292, stack(0x0000008868800000,0x0000008868900000)]
  0x0000027d17e9c000 JavaThread "Daemon periodic checks" [_thread_blocked, id=7740, stack(0x0000008868c00000,0x0000008868d00000)]
  0x0000027d17ebb000 JavaThread "Daemon" [_thread_blocked, id=12464, stack(0x0000008868d00000,0x0000008868e00000)]
  0x0000027d17ebc000 JavaThread "Handler for socket connection from /127.0.0.1:58348 to /127.0.0.1:58349" [_thread_in_native, id=8864, stack(0x0000008868e00000,0x0000008868f00000)]
  0x0000027d180c6000 JavaThread "Cancel handler" [_thread_blocked, id=12236, stack(0x0000008868f00000,0x0000008869000000)]
  0x0000027d18057800 JavaThread "Daemon worker" [_thread_blocked, id=12240, stack(0x0000008869000000,0x0000008869100000)]
  0x0000027d1805c000 JavaThread "Asynchronous log dispatcher for DefaultDaemonConnection: socket connection from /127.0.0.1:58348 to /127.0.0.1:58349" [_thread_blocked, id=11960, stack(0x0000008869100000,0x0000008869200000)]
  0x0000027d18063000 JavaThread "Stdin handler" [_thread_blocked, id=6256, stack(0x0000008869200000,0x0000008869300000)]
  0x0000027d1835f000 JavaThread "Daemon client event forwarder" [_thread_blocked, id=12340, stack(0x0000008869300000,0x0000008869400000)]
  0x0000027d1835a800 JavaThread "Cache worker for journal cache (C:\Users\logonpflocal.FIAP\.gradle\caches\journal-1)" [_thread_blocked, id=9224, stack(0x0000008869400000,0x0000008869500000)]
  0x0000027d18360000 JavaThread "File lock request listener" [_thread_in_native, id=13032, stack(0x0000008869500000,0x0000008869600000)]
  0x0000027d1835c800 JavaThread "Cache worker for file hash cache (C:\Users\logonpflocal.FIAP\.gradle\caches\7.3.3\fileHashes)" [_thread_blocked, id=9164, stack(0x0000008869600000,0x0000008869700000)]
  0x0000027d1835d800 JavaThread "Cache worker for file hash cache (C:\Users\logonpflocal.FIAP\Documents\AndroidNDAlunos\.gradle\7.3.3\fileHashes)" [_thread_blocked, id=13184, stack(0x0000008869800000,0x0000008869900000)]
  0x0000027d1835b000 JavaThread "File watcher server" daemon [_thread_in_native, id=10252, stack(0x0000008869900000,0x0000008869a00000)]
  0x0000027d1835e800 JavaThread "File watcher consumer" daemon [_thread_blocked, id=4600, stack(0x0000008869a00000,0x0000008869b00000)]
  0x0000027d1835c000 JavaThread "Cache worker for checksums cache (C:\Users\logonpflocal.FIAP\Documents\AndroidNDAlunos\.gradle\7.3.3\checksums)" [_thread_blocked, id=8912, stack(0x0000008869b00000,0x0000008869c00000)]
  0x0000027d18361000 JavaThread "Cache worker for cache directory md-supplier (C:\Users\logonpflocal.FIAP\.gradle\caches\7.3.3\md-supplier)" [_thread_blocked, id=11992, stack(0x0000008869c00000,0x0000008869d00000)]
  0x0000027d188a7000 JavaThread "Cache worker for cache directory md-rule (C:\Users\logonpflocal.FIAP\.gradle\caches\7.3.3\md-rule)" [_thread_blocked, id=8820, stack(0x0000008869d00000,0x0000008869e00000)]
  0x0000027d188aa000 JavaThread "Cache worker for execution history cache (C:\Users\logonpflocal.FIAP\.gradle\caches\7.3.3\executionHistory)" [_thread_blocked, id=8936, stack(0x0000008869e00000,0x0000008869f00000)]
  0x0000027d188a4800 JavaThread "jar transforms" [_thread_blocked, id=9260, stack(0x0000008869f00000,0x000000886a000000)]
  0x0000027d188a9800 JavaThread "Cache worker for file content cache (C:\Users\logonpflocal.FIAP\.gradle\caches\7.3.3\fileContent)" [_thread_blocked, id=9392, stack(0x000000886a000000,0x000000886a100000)]
  0x0000027d188a5800 JavaThread "jar transforms Thread 2" [_thread_blocked, id=10824, stack(0x000000886a100000,0x000000886a200000)]
  0x0000027d188ac000 JavaThread "Cache worker for dependencies-accessors (C:\Users\logonpflocal.FIAP\Documents\AndroidNDAlunos\.gradle\7.3.3\dependencies-accessors)" [_thread_blocked, id=6968, stack(0x000000886a200000,0x000000886a300000)]
  0x0000027d188a6000 JavaThread "jar transforms Thread 3" [_thread_blocked, id=6720, stack(0x000000886a300000,0x000000886a400000)]
  0x0000027d188ac800 JavaThread "Cache worker for Build Output Cleanup Cache (C:\Users\logonpflocal.FIAP\Documents\AndroidNDAlunos\.gradle\buildOutputCleanup)" [_thread_blocked, id=9692, stack(0x000000886a400000,0x000000886a500000)]
  0x0000027d188ad800 JavaThread "Unconstrained build operations" [_thread_blocked, id=7632, stack(0x000000886a500000,0x000000886a600000)]
  0x0000027d188ae800 JavaThread "Unconstrained build operations Thread 2" [_thread_blocked, id=10284, stack(0x000000886a600000,0x000000886a700000)]
  0x0000027d188a8800 JavaThread "Unconstrained build operations Thread 3" [_thread_blocked, id=4564, stack(0x000000886a700000,0x000000886a800000)]
  0x0000027d188af000 JavaThread "Unconstrained build operations Thread 4" [_thread_blocked, id=6792, stack(0x000000886a800000,0x000000886a900000)]
  0x0000027d188b0000 JavaThread "Unconstrained build operations Thread 5" [_thread_blocked, id=12688, stack(0x000000886a900000,0x000000886aa00000)]
  0x0000027d188b3000 JavaThread "Unconstrained build operations Thread 6" [_thread_blocked, id=2444, stack(0x000000886aa00000,0x000000886ab00000)]
  0x0000027d188b0800 JavaThread "Unconstrained build operations Thread 7" [_thread_blocked, id=2972, stack(0x000000886ab00000,0x000000886ac00000)]
  0x0000027d188b1800 JavaThread "Unconstrained build operations Thread 8" [_thread_blocked, id=6016, stack(0x000000886ac00000,0x000000886ad00000)]
  0x0000027d188b2800 JavaThread "Unconstrained build operations Thread 9" [_thread_blocked, id=5576, stack(0x000000886ad00000,0x000000886ae00000)]
  0x0000027d1acd8000 JavaThread "Unconstrained build operations Thread 10" [_thread_blocked, id=5792, stack(0x000000886ae00000,0x000000886af00000)]
  0x0000027d1acdc000 JavaThread "Unconstrained build operations Thread 11" [_thread_blocked, id=5368, stack(0x000000886af00000,0x000000886b000000)]
  0x0000027d1acd9800 JavaThread "Unconstrained build operations Thread 12" [_thread_blocked, id=2064, stack(0x000000886b000000,0x000000886b100000)]
  0x0000027d1acdd000 JavaThread "Unconstrained build operations Thread 13" [_thread_blocked, id=1792, stack(0x000000886b100000,0x000000886b200000)]
  0x0000027d1acda800 JavaThread "Unconstrained build operations Thread 14" [_thread_blocked, id=5312, stack(0x000000886b200000,0x000000886b300000)]
  0x0000027d1acd8800 JavaThread "Unconstrained build operations Thread 15" [_thread_blocked, id=11900, stack(0x000000886b300000,0x000000886b400000)]
  0x0000027d1acd7000 JavaThread "Unconstrained build operations Thread 16" [_thread_blocked, id=12048, stack(0x000000886b400000,0x000000886b500000)]
  0x0000027d1ace0000 JavaThread "Unconstrained build operations Thread 17" [_thread_blocked, id=12456, stack(0x000000886b500000,0x000000886b600000)]
  0x0000027d1ace1000 JavaThread "Unconstrained build operations Thread 18" [_thread_blocked, id=9080, stack(0x000000886b600000,0x000000886b700000)]
  0x0000027d1acdd800 JavaThread "Unconstrained build operations Thread 19" [_thread_blocked, id=13264, stack(0x000000886b700000,0x000000886b800000)]
  0x0000027d1acdb000 JavaThread "Unconstrained build operations Thread 20" [_thread_blocked, id=12680, stack(0x000000886b800000,0x000000886b900000)]
  0x0000027d1ace1800 JavaThread "Unconstrained build operations Thread 21" [_thread_blocked, id=832, stack(0x000000886b900000,0x000000886ba00000)]
  0x0000027d1acde800 JavaThread "Unconstrained build operations Thread 22" [_thread_blocked, id=12264, stack(0x000000886ba00000,0x000000886bb00000)]
  0x0000027d1ace2800 JavaThread "Unconstrained build operations Thread 23" [_thread_blocked, id=8284, stack(0x000000886bb00000,0x000000886bc00000)]
  0x0000027d1ace4000 JavaThread "Unconstrained build operations Thread 24" [_thread_blocked, id=8388, stack(0x000000886bc00000,0x000000886bd00000)]
  0x0000027d1ace3800 JavaThread "Unconstrained build operations Thread 25" [_thread_blocked, id=12036, stack(0x000000886bd00000,0x000000886be00000)]
  0x0000027d1ace5000 JavaThread "Unconstrained build operations Thread 26" [_thread_blocked, id=8728, stack(0x000000886be00000,0x000000886bf00000)]
  0x0000027d1acdf000 JavaThread "Unconstrained build operations Thread 27" [_thread_blocked, id=10540, stack(0x000000886bf00000,0x000000886c000000)]
  0x0000027d1ace6000 JavaThread "Unconstrained build operations Thread 28" [_thread_blocked, id=9052, stack(0x000000886c000000,0x000000886c100000)]
  0x0000027d185c3800 JavaThread "Unconstrained build operations Thread 29" [_thread_blocked, id=9588, stack(0x000000886c100000,0x000000886c200000)]
  0x0000027d185c2000 JavaThread "Unconstrained build operations Thread 30" [_thread_blocked, id=12404, stack(0x000000886c200000,0x000000886c300000)]
  0x0000027d185c4800 JavaThread "Unconstrained build operations Thread 31" [_thread_blocked, id=8444, stack(0x000000886c300000,0x000000886c400000)]
  0x0000027d185c2800 JavaThread "Unconstrained build operations Thread 32" [_thread_blocked, id=7720, stack(0x000000886c400000,0x000000886c500000)]
  0x0000027d185c6000 JavaThread "Unconstrained build operations Thread 33" [_thread_blocked, id=11192, stack(0x000000886c500000,0x000000886c600000)]
  0x0000027d185c5000 JavaThread "Unconstrained build operations Thread 34" [_thread_blocked, id=5172, stack(0x000000886c600000,0x000000886c700000)]
  0x0000027d185c0800 JavaThread "Unconstrained build operations Thread 35" [_thread_blocked, id=10792, stack(0x000000886c700000,0x000000886c800000)]
  0x0000027d185c7000 JavaThread "Unconstrained build operations Thread 36" [_thread_blocked, id=5060, stack(0x000000886c800000,0x000000886c900000)]
  0x0000027d185c1000 JavaThread "Unconstrained build operations Thread 37" [_thread_blocked, id=9220, stack(0x000000886c900000,0x000000886ca00000)]
  0x0000027d185c7800 JavaThread "Unconstrained build operations Thread 38" [_thread_blocked, id=3064, stack(0x000000886ca00000,0x000000886cb00000)]
  0x0000027d185cd800 JavaThread "Unconstrained build operations Thread 39" [_thread_blocked, id=9416, stack(0x000000886cb00000,0x000000886cc00000)]
  0x0000027d185cc800 JavaThread "Unconstrained build operations Thread 40" [_thread_blocked, id=1740, stack(0x000000886cc00000,0x000000886cd00000)]
  0x0000027d185ca000 JavaThread "Unconstrained build operations Thread 41" [_thread_blocked, id=9928, stack(0x000000886cd00000,0x000000886ce00000)]
  0x0000027d185cb000 JavaThread "Unconstrained build operations Thread 42" [_thread_blocked, id=1332, stack(0x000000886ce00000,0x000000886cf00000)]
  0x0000027d185c8800 JavaThread "Unconstrained build operations Thread 43" [_thread_blocked, id=5556, stack(0x000000886cf00000,0x000000886d000000)]
  0x0000027d185ce000 JavaThread "Unconstrained build operations Thread 44" [_thread_blocked, id=8076, stack(0x000000886d000000,0x000000886d100000)]
  0x0000027d185cb800 JavaThread "Unconstrained build operations Thread 45" [_thread_blocked, id=6436, stack(0x000000886d100000,0x000000886d200000)]
  0x0000027d185cf000 JavaThread "Unconstrained build operations Thread 46" [_thread_blocked, id=10156, stack(0x000000886d200000,0x000000886d300000)]
  0x0000027d185c9800 JavaThread "Unconstrained build operations Thread 47" [_thread_blocked, id=11864, stack(0x000000886d300000,0x000000886d400000)]
  0x0000027d1b3a3800 JavaThread "Unconstrained build operations Thread 48" [_thread_blocked, id=12672, stack(0x000000886d400000,0x000000886d500000)]
  0x0000027d1b3a3000 JavaThread "Unconstrained build operations Thread 49" [_thread_blocked, id=6800, stack(0x000000886d500000,0x000000886d600000)]
  0x0000027d1b3a5000 JavaThread "Unconstrained build operations Thread 50" [_thread_blocked, id=12588, stack(0x000000886d600000,0x000000886d700000)]
  0x0000027d1b3a6000 JavaThread "Unconstrained build operations Thread 51" [_thread_blocked, id=13060, stack(0x000000886d700000,0x000000886d800000)]
  0x0000027d1b3a4800 JavaThread "Unconstrained build operations Thread 52" [_thread_blocked, id=7392, stack(0x000000886d800000,0x000000886d900000)]
  0x0000027d1b3a1000 JavaThread "Unconstrained build operations Thread 53" [_thread_blocked, id=11896, stack(0x000000886d900000,0x000000886da00000)]
  0x0000027d1b3a0800 JavaThread "Unconstrained build operations Thread 54" [_thread_blocked, id=5072, stack(0x000000886da00000,0x000000886db00000)]
  0x0000027d1b3a7000 JavaThread "Unconstrained build operations Thread 55" [_thread_blocked, id=3576, stack(0x000000886db00000,0x000000886dc00000)]
  0x0000027d1b3a7800 JavaThread "Unconstrained build operations Thread 56" [_thread_blocked, id=11444, stack(0x000000886dc00000,0x000000886dd00000)]
  0x0000027d1b3a2000 JavaThread "Unconstrained build operations Thread 57" [_thread_blocked, id=5676, stack(0x000000886dd00000,0x000000886de00000)]
  0x0000027d1b3ab000 JavaThread "Unconstrained build operations Thread 58" [_thread_blocked, id=1976, stack(0x000000886de00000,0x000000886df00000)]
  0x0000027d1b3ac800 JavaThread "Unconstrained build operations Thread 59" [_thread_blocked, id=10228, stack(0x000000886df00000,0x000000886e000000)]
  0x0000027d1b3ae000 JavaThread "Unconstrained build operations Thread 60" [_thread_blocked, id=13108, stack(0x000000886e000000,0x000000886e100000)]
  0x0000027d1b3ab800 JavaThread "jar transforms Thread 4" [_thread_blocked, id=13136, stack(0x000000886e100000,0x000000886e200000)]
  0x0000027d1b3ad800 JavaThread "jar transforms Thread 5" [_thread_blocked, id=8340, stack(0x000000886e200000,0x000000886e300000)]
  0x0000027d1b3a8800 JavaThread "jar transforms Thread 6" [_thread_blocked, id=7964, stack(0x000000886e300000,0x000000886e400000)]

Other Threads:
=>0x0000027d15c29800 VMThread "VM Thread" [stack: 0x0000008867a00000,0x0000008867b00000] [id=10964]
  0x0000027d1671f000 WatcherThread [stack: 0x0000008868400000,0x0000008868500000] [id=1152]
  0x0000027d7bbea800 GCTaskThread "GC Thread#0" [stack: 0x0000008867500000,0x0000008867600000] [id=3256]
  0x0000027d169eb800 GCTaskThread "GC Thread#1" [stack: 0x0000008868500000,0x0000008868600000] [id=6604]
  0x0000027d16e73800 GCTaskThread "GC Thread#2" [stack: 0x0000008868600000,0x0000008868700000] [id=7820]
  0x0000027d17f65800 GCTaskThread "GC Thread#3" [stack: 0x0000008868900000,0x0000008868a00000] [id=11476]
  0x0000027d17e63800 GCTaskThread "GC Thread#4" [stack: 0x0000008868a00000,0x0000008868b00000] [id=12788]
  0x0000027d17ad6000 GCTaskThread "GC Thread#5" [stack: 0x0000008868b00000,0x0000008868c00000] [id=6796]
  0x0000027d7bc1c000 ConcurrentGCThread "G1 Main Marker" [stack: 0x0000008867600000,0x0000008867700000] [id=10860]
  0x0000027d7bc1d800 ConcurrentGCThread "G1 Conc#0" [stack: 0x0000008867700000,0x0000008867800000] [id=6668]
  0x0000027d18415800 ConcurrentGCThread "G1 Conc#1" [stack: 0x0000008869700000,0x0000008869800000] [id=6688]
  0x0000027d7bca4800 ConcurrentGCThread "G1 Refine#0" [stack: 0x0000008867800000,0x0000008867900000] [id=10432]
  0x0000027d15a80800 ConcurrentGCThread "G1 Young RemSet Sampling" [stack: 0x0000008867900000,0x0000008867a00000] [id=1260]

Threads with active compile tasks:
C2 CompilerThread0   8263 5724       4       java.lang.reflect.ProxyGenerator$ConstantPool::getIndirect (63 bytes)

VM state:at safepoint (normal execution)

VM Mutex/Monitor currently owned by a thread:  ([mutex/lock_event])
[0x0000027d7bbcead0] Threads_lock - owner thread: 0x0000027d15c29800
[0x0000027d7bbcea40] Heap_lock - owner thread: 0x0000027d18057800

Heap address: 0x0000000080000000, size: 2048 MB, Compressed Oops mode: 32-bit
Narrow klass base: 0x0000000000000000, Narrow klass shift: 3
Compressed class space size: 1073741824 Address: 0x0000000100000000

Heap:
 garbage-first heap   total 159744K, used 51607K [0x0000000080000000, 0x0000000100000000)
  region size 1024K, 1 young (1024K), 1 survivors (1024K)
 Metaspace       used 58402K, capacity 59826K, committed 59948K, reserved 1101824K
  class space    used 7444K, capacity 7998K, committed 8064K, reserved 1048576K
Heap Regions: E=young(eden), S=young(survivor), O=old, HS=humongous(starts), HC=humongous(continues), CS=collection set, F=free, A=archive, TAMS=top-at-mark-start (previous, next)
|   0|0x0000000080000000, 0x0000000080100000, 0x0000000080100000|100%| O|  |TAMS 0x0000000080100000, 0x0000000080100000| Untracked 
|   1|0x0000000080100000, 0x0000000080200000, 0x0000000080200000|100%| O|  |TAMS 0x0000000080200000, 0x0000000080200000| Untracked 
|   2|0x0000000080200000, 0x0000000080300000, 0x0000000080300000|100%| O|  |TAMS 0x0000000080300000, 0x0000000080300000| Untracked 
|   3|0x0000000080300000, 0x0000000080400000, 0x0000000080400000|100%|HS|  |TAMS 0x0000000080400000, 0x0000000080400000| Complete 
|   4|0x0000000080400000, 0x0000000080500000, 0x0000000080500000|100%|HC|  |TAMS 0x0000000080500000, 0x0000000080500000| Complete 
|   5|0x0000000080500000, 0x0000000080600000, 0x0000000080600000|100%|HC|  |TAMS 0x0000000080600000, 0x0000000080600000| Complete 
|   6|0x0000000080600000, 0x0000000080700000, 0x0000000080700000|100%| O|  |TAMS 0x0000000080700000, 0x0000000080700000| Untracked 
|   7|0x0000000080700000, 0x0000000080800000, 0x0000000080800000|100%| O|  |TAMS 0x0000000080800000, 0x0000000080800000| Untracked 
|   8|0x0000000080800000, 0x0000000080900000, 0x0000000080900000|100%| O|  |TAMS 0x0000000080900000, 0x0000000080900000| Untracked 
|   9|0x0000000080900000, 0x0000000080a00000, 0x0000000080a00000|100%| O|  |TAMS 0x0000000080a00000, 0x0000000080a00000| Untracked 
|  10|0x0000000080a00000, 0x0000000080b00000, 0x0000000080b00000|100%| O|  |TAMS 0x0000000080b00000, 0x0000000080b00000| Untracked 
|  11|0x0000000080b00000, 0x0000000080c00000, 0x0000000080c00000|100%| O|  |TAMS 0x0000000080c00000, 0x0000000080c00000| Untracked 
|  12|0x0000000080c00000, 0x0000000080d00000, 0x0000000080d00000|100%| O|  |TAMS 0x0000000080d00000, 0x0000000080d00000| Untracked 
|  13|0x0000000080d00000, 0x0000000080e00000, 0x0000000080e00000|100%| O|  |TAMS 0x0000000080e00000, 0x0000000080e00000| Untracked 
|  14|0x0000000080e00000, 0x0000000080f00000, 0x0000000080f00000|100%| O|  |TAMS 0x0000000080f00000, 0x0000000080f00000| Untracked 
|  15|0x0000000080f00000, 0x0000000081000000, 0x0000000081000000|100%| O|  |TAMS 0x0000000080f4e200, 0x0000000081000000| Untracked 
|  16|0x0000000081000000, 0x0000000081100000, 0x0000000081100000|100%|HS|  |TAMS 0x0000000081000000, 0x0000000081100000| Complete 
|  17|0x0000000081100000, 0x0000000081200000, 0x0000000081200000|100%| O|  |TAMS 0x0000000081100000, 0x0000000081200000| Untracked 
|  18|0x0000000081200000, 0x0000000081300000, 0x0000000081300000|100%| O|  |TAMS 0x0000000081200000, 0x0000000081300000| Untracked 
|  19|0x0000000081300000, 0x0000000081400000, 0x0000000081400000|100%| O|  |TAMS 0x0000000081300000, 0x0000000081400000| Untracked 
|  20|0x0000000081400000, 0x0000000081500000, 0x0000000081500000|100%| O|  |TAMS 0x0000000081400000, 0x0000000081500000| Untracked 
|  21|0x0000000081500000, 0x0000000081600000, 0x0000000081600000|100%| O|  |TAMS 0x0000000081500000, 0x0000000081600000| Untracked 
|  22|0x0000000081600000, 0x0000000081700000, 0x0000000081700000|100%| O|  |TAMS 0x0000000081600000, 0x0000000081700000| Untracked 
|  23|0x0000000081700000, 0x0000000081800000, 0x0000000081800000|100%| O|  |TAMS 0x0000000081700000, 0x0000000081800000| Untracked 
|  24|0x0000000081800000, 0x0000000081900000, 0x0000000081900000|100%| O|  |TAMS 0x0000000081800000, 0x0000000081900000| Untracked 
|  25|0x0000000081900000, 0x0000000081a00000, 0x0000000081a00000|100%| O|  |TAMS 0x0000000081900000, 0x0000000081a00000| Untracked 
|  26|0x0000000081a00000, 0x0000000081b00000, 0x0000000081b00000|100%| O|  |TAMS 0x0000000081a00000, 0x0000000081b00000| Untracked 
|  27|0x0000000081b00000, 0x0000000081c00000, 0x0000000081c00000|100%| O|  |TAMS 0x0000000081b00000, 0x0000000081c00000| Untracked 
|  28|0x0000000081c00000, 0x0000000081d00000, 0x0000000081d00000|100%|HS|  |TAMS 0x0000000081c00000, 0x0000000081d00000| Complete 
|  29|0x0000000081d00000, 0x0000000081e00000, 0x0000000081e00000|100%|HS|  |TAMS 0x0000000081d00000, 0x0000000081e00000| Complete 
|  30|0x0000000081e00000, 0x0000000081f00000, 0x0000000081f00000|100%|HS|  |TAMS 0x0000000081e00000, 0x0000000081f00000| Complete 
|  31|0x0000000081f00000, 0x0000000082000000, 0x0000000082000000|100%|HC|  |TAMS 0x0000000081f00000, 0x0000000082000000| Complete 
|  32|0x0000000082000000, 0x0000000082100000, 0x0000000082100000|100%|HC|  |TAMS 0x0000000082000000, 0x0000000082100000| Complete 
|  33|0x0000000082100000, 0x0000000082200000, 0x0000000082200000|100%| O|  |TAMS 0x0000000082100000, 0x0000000082200000| Untracked 
|  34|0x0000000082200000, 0x0000000082300000, 0x0000000082300000|100%|HS|  |TAMS 0x0000000082200000, 0x0000000082300000| Complete 
|  35|0x0000000082300000, 0x0000000082400000, 0x0000000082400000|100%|HC|  |TAMS 0x0000000082300000, 0x0000000082400000| Complete 
|  36|0x0000000082400000, 0x0000000082500000, 0x0000000082500000|100%| O|  |TAMS 0x0000000082400000, 0x0000000082500000| Untracked 
|  37|0x0000000082500000, 0x0000000082600000, 0x0000000082600000|100%| O|  |TAMS 0x0000000082500000, 0x0000000082600000| Untracked 
|  38|0x0000000082600000, 0x0000000082700000, 0x0000000082700000|100%| O|  |TAMS 0x0000000082600000, 0x0000000082700000| Untracked 
|  39|0x0000000082700000, 0x0000000082800000, 0x0000000082800000|100%| O|  |TAMS 0x0000000082700000, 0x0000000082800000| Untracked 
|  40|0x0000000082800000, 0x0000000082900000, 0x0000000082900000|100%| O|  |TAMS 0x0000000082800000, 0x0000000082900000| Untracked 
|  41|0x0000000082900000, 0x0000000082a00000, 0x0000000082a00000|100%| O|  |TAMS 0x0000000082900000, 0x0000000082a00000| Untracked 
|  42|0x0000000082a00000, 0x0000000082b00000, 0x0000000082b00000|100%| O|  |TAMS 0x0000000082a00000, 0x0000000082b00000| Untracked 
|  43|0x0000000082b00000, 0x0000000082c00000, 0x0000000082c00000|100%| O|  |TAMS 0x0000000082b00000, 0x0000000082c00000| Untracked 
|  44|0x0000000082c00000, 0x0000000082d00000, 0x0000000082d00000|100%| O|  |TAMS 0x0000000082c00000, 0x0000000082d00000| Untracked 
|  45|0x0000000082d00000, 0x0000000082e00000, 0x0000000082e00000|100%| O|  |TAMS 0x0000000082d00000, 0x0000000082e00000| Untracked 
|  46|0x0000000082e00000, 0x0000000082f00000, 0x0000000082f00000|100%| O|  |TAMS 0x0000000082e00000, 0x0000000082f00000| Untracked 
|  47|0x0000000082f00000, 0x0000000083000000, 0x0000000083000000|100%| O|  |TAMS 0x0000000082f00000, 0x0000000083000000| Untracked 
|  48|0x0000000083000000, 0x0000000083100000, 0x0000000083100000|100%| O|  |TAMS 0x0000000083000000, 0x0000000083100000| Untracked 
|  49|0x0000000083100000, 0x000000008316a000, 0x0000000083200000| 41%| O|  |TAMS 0x0000000083100000, 0x000000008316a000| Untracked 
|  50|0x0000000083200000, 0x0000000083200000, 0x0000000083300000|  0%| F|  |TAMS 0x0000000083200000, 0x0000000083200000| Untracked 
|  51|0x0000000083300000, 0x0000000083300000, 0x0000000083400000|  0%| F|  |TAMS 0x0000000083300000, 0x0000000083300000| Untracked 
|  52|0x0000000083400000, 0x0000000083400000, 0x0000000083500000|  0%| F|  |TAMS 0x0000000083400000, 0x0000000083400000| Untracked 
|  53|0x0000000083500000, 0x0000000083500000, 0x0000000083600000|  0%| F|  |TAMS 0x0000000083500000, 0x0000000083500000| Untracked 
|  54|0x0000000083600000, 0x0000000083600000, 0x0000000083700000|  0%| F|  |TAMS 0x0000000083600000, 0x0000000083600000| Untracked 
|  55|0x0000000083700000, 0x0000000083700000, 0x0000000083800000|  0%| F|  |TAMS 0x0000000083700000, 0x0000000083700000| Untracked 
|  56|0x0000000083800000, 0x0000000083800000, 0x0000000083900000|  0%| F|  |TAMS 0x0000000083800000, 0x0000000083800000| Untracked 
|  57|0x0000000083900000, 0x0000000083900000, 0x0000000083a00000|  0%| F|  |TAMS 0x0000000083900000, 0x0000000083900000| Untracked 
|  58|0x0000000083a00000, 0x0000000083a00000, 0x0000000083b00000|  0%| F|  |TAMS 0x0000000083a00000, 0x0000000083a00000| Untracked 
|  59|0x0000000083b00000, 0x0000000083b00000, 0x0000000083c00000|  0%| F|  |TAMS 0x0000000083b00000, 0x0000000083b00000| Untracked 
|  60|0x0000000083c00000, 0x0000000083c00000, 0x0000000083d00000|  0%| F|  |TAMS 0x0000000083c00000, 0x0000000083c00000| Untracked 
|  61|0x0000000083d00000, 0x0000000083d00000, 0x0000000083e00000|  0%| F|  |TAMS 0x0000000083d00000, 0x0000000083d00000| Untracked 
|  62|0x0000000083e00000, 0x0000000083e00000, 0x0000000083f00000|  0%| F|  |TAMS 0x0000000083e00000, 0x0000000083e00000| Untracked 
|  63|0x0000000083f00000, 0x0000000083f00000, 0x0000000084000000|  0%| F|  |TAMS 0x0000000083f00000, 0x0000000083f00000| Untracked 
|  64|0x0000000084000000, 0x0000000084000000, 0x0000000084100000|  0%| F|  |TAMS 0x0000000084000000, 0x0000000084000000| Untracked 
|  65|0x0000000084100000, 0x0000000084100000, 0x0000000084200000|  0%| F|  |TAMS 0x0000000084100000, 0x0000000084100000| Untracked 
|  66|0x0000000084200000, 0x0000000084200000, 0x0000000084300000|  0%| F|  |TAMS 0x0000000084200000, 0x0000000084200000| Untracked 
|  67|0x0000000084300000, 0x0000000084300000, 0x0000000084400000|  0%| F|  |TAMS 0x0000000084300000, 0x0000000084300000| Untracked 
|  68|0x0000000084400000, 0x0000000084400000, 0x0000000084500000|  0%| F|  |TAMS 0x0000000084400000, 0x0000000084400000| Untracked 
|  69|0x0000000084500000, 0x0000000084500000, 0x0000000084600000|  0%| F|  |TAMS 0x0000000084500000, 0x0000000084500000| Untracked 
|  70|0x0000000084600000, 0x0000000084600000, 0x0000000084700000|  0%| F|  |TAMS 0x0000000084600000, 0x0000000084600000| Untracked 
|  71|0x0000000084700000, 0x0000000084700000, 0x0000000084800000|  0%| F|  |TAMS 0x0000000084700000, 0x0000000084700000| Untracked 
|  72|0x0000000084800000, 0x0000000084800000, 0x0000000084900000|  0%| F|  |TAMS 0x0000000084800000, 0x0000000084800000| Untracked 
|  73|0x0000000084900000, 0x0000000084900000, 0x0000000084a00000|  0%| F|  |TAMS 0x0000000084900000, 0x0000000084900000| Untracked 
|  74|0x0000000084a00000, 0x0000000084a00000, 0x0000000084b00000|  0%| F|  |TAMS 0x0000000084a00000, 0x0000000084a00000| Untracked 
|  75|0x0000000084b00000, 0x0000000084b00000, 0x0000000084c00000|  0%| F|  |TAMS 0x0000000084b00000, 0x0000000084b00000| Untracked 
|  76|0x0000000084c00000, 0x0000000084c00000, 0x0000000084d00000|  0%| F|  |TAMS 0x0000000084c00000, 0x0000000084c00000| Untracked 
|  77|0x0000000084d00000, 0x0000000084d00000, 0x0000000084e00000|  0%| F|  |TAMS 0x0000000084d00000, 0x0000000084d00000| Untracked 
|  78|0x0000000084e00000, 0x0000000084e00000, 0x0000000084f00000|  0%| F|  |TAMS 0x0000000084e00000, 0x0000000084e00000| Untracked 
|  79|0x0000000084f00000, 0x0000000084f00000, 0x0000000085000000|  0%| F|  |TAMS 0x0000000084f00000, 0x0000000084f00000| Untracked 
|  80|0x0000000085000000, 0x0000000085000000, 0x0000000085100000|  0%| F|  |TAMS 0x0000000085000000, 0x0000000085000000| Untracked 
|  81|0x0000000085100000, 0x0000000085100000, 0x0000000085200000|  0%| F|  |TAMS 0x0000000085100000, 0x0000000085100000| Untracked 
|  82|0x0000000085200000, 0x0000000085200000, 0x0000000085300000|  0%| F|  |TAMS 0x0000000085200000, 0x0000000085200000| Untracked 
|  83|0x0000000085300000, 0x0000000085300000, 0x0000000085400000|  0%| F|  |TAMS 0x0000000085300000, 0x0000000085300000| Untracked 
|  84|0x0000000085400000, 0x0000000085400000, 0x0000000085500000|  0%| F|  |TAMS 0x0000000085400000, 0x0000000085400000| Untracked 
|  85|0x0000000085500000, 0x0000000085500000, 0x0000000085600000|  0%| F|  |TAMS 0x0000000085500000, 0x0000000085500000| Untracked 
|  86|0x0000000085600000, 0x0000000085600000, 0x0000000085700000|  0%| F|  |TAMS 0x0000000085600000, 0x0000000085600000| Untracked 
|  87|0x0000000085700000, 0x0000000085700000, 0x0000000085800000|  0%| F|  |TAMS 0x0000000085700000, 0x0000000085700000| Untracked 
|  88|0x0000000085800000, 0x0000000085800000, 0x0000000085900000|  0%| F|  |TAMS 0x0000000085800000, 0x0000000085800000| Untracked 
|  89|0x0000000085900000, 0x0000000085900000, 0x0000000085a00000|  0%| F|  |TAMS 0x0000000085900000, 0x0000000085900000| Untracked 
|  90|0x0000000085a00000, 0x0000000085a00000, 0x0000000085b00000|  0%| F|  |TAMS 0x0000000085a00000, 0x0000000085a00000| Untracked 
|  91|0x0000000085b00000, 0x0000000085b00000, 0x0000000085c00000|  0%| F|  |TAMS 0x0000000085b00000, 0x0000000085b00000| Untracked 
|  92|0x0000000085c00000, 0x0000000085c00000, 0x0000000085d00000|  0%| F|  |TAMS 0x0000000085c00000, 0x0000000085c00000| Untracked 
|  93|0x0000000085d00000, 0x0000000085d00000, 0x0000000085e00000|  0%| F|  |TAMS 0x0000000085d00000, 0x0000000085d00000| Untracked 
|  94|0x0000000085e00000, 0x0000000085e00000, 0x0000000085f00000|  0%| F|  |TAMS 0x0000000085e00000, 0x0000000085e00000| Untracked 
|  95|0x0000000085f00000, 0x0000000085f00000, 0x0000000086000000|  0%| F|  |TAMS 0x0000000085f00000, 0x0000000085f00000| Untracked 
|  96|0x0000000086000000, 0x0000000086000000, 0x0000000086100000|  0%| F|  |TAMS 0x0000000086000000, 0x0000000086000000| Untracked 
|  97|0x0000000086100000, 0x0000000086100000, 0x0000000086200000|  0%| F|  |TAMS 0x0000000086100000, 0x0000000086100000| Untracked 
|  98|0x0000000086200000, 0x0000000086200000, 0x0000000086300000|  0%| F|  |TAMS 0x0000000086200000, 0x0000000086200000| Untracked 
|  99|0x0000000086300000, 0x0000000086300000, 0x0000000086400000|  0%| F|  |TAMS 0x0000000086300000, 0x0000000086300000| Untracked 
| 100|0x0000000086400000, 0x0000000086400000, 0x0000000086500000|  0%| F|  |TAMS 0x0000000086400000, 0x0000000086400000| Untracked 
| 101|0x0000000086500000, 0x0000000086500000, 0x0000000086600000|  0%| F|  |TAMS 0x0000000086500000, 0x0000000086500000| Untracked 
| 102|0x0000000086600000, 0x0000000086600000, 0x0000000086700000|  0%| F|  |TAMS 0x0000000086600000, 0x0000000086600000| Untracked 
| 103|0x0000000086700000, 0x00000000867fbe00, 0x0000000086800000| 98%| S|CS|TAMS 0x0000000086700000, 0x0000000086700000| Complete 
| 104|0x0000000086800000, 0x0000000086800000, 0x0000000086900000|  0%| F|  |TAMS 0x0000000086800000, 0x0000000086800000| Untracked 
| 105|0x0000000086900000, 0x0000000086900000, 0x0000000086a00000|  0%| F|  |TAMS 0x0000000086900000, 0x0000000086900000| Untracked 
| 106|0x0000000086a00000, 0x0000000086a00000, 0x0000000086b00000|  0%| F|  |TAMS 0x0000000086a00000, 0x0000000086a00000| Untracked 
| 107|0x0000000086b00000, 0x0000000086b00000, 0x0000000086c00000|  0%| F|  |TAMS 0x0000000086b00000, 0x0000000086b00000| Untracked 
| 108|0x0000000086c00000, 0x0000000086c00000, 0x0000000086d00000|  0%| F|  |TAMS 0x0000000086c00000, 0x0000000086c00000| Untracked 
| 109|0x0000000086d00000, 0x0000000086d00000, 0x0000000086e00000|  0%| F|  |TAMS 0x0000000086d00000, 0x0000000086d00000| Untracked 
| 110|0x0000000086e00000, 0x0000000086e00000, 0x0000000086f00000|  0%| F|  |TAMS 0x0000000086e00000, 0x0000000086e00000| Untracked 
| 111|0x0000000086f00000, 0x0000000086f00000, 0x0000000087000000|  0%| F|  |TAMS 0x0000000086f00000, 0x0000000086f00000| Untracked 
| 112|0x0000000087000000, 0x0000000087000000, 0x0000000087100000|  0%| F|  |TAMS 0x0000000087000000, 0x0000000087000000| Untracked 
| 113|0x0000000087100000, 0x0000000087100000, 0x0000000087200000|  0%| F|  |TAMS 0x0000000087100000, 0x0000000087100000| Untracked 
| 114|0x0000000087200000, 0x0000000087200000, 0x0000000087300000|  0%| F|  |TAMS 0x0000000087200000, 0x0000000087200000| Untracked 
| 115|0x0000000087300000, 0x0000000087300000, 0x0000000087400000|  0%| F|  |TAMS 0x0000000087300000, 0x0000000087300000| Untracked 
| 116|0x0000000087400000, 0x0000000087400000, 0x0000000087500000|  0%| F|  |TAMS 0x0000000087400000, 0x0000000087400000| Untracked 
| 117|0x0000000087500000, 0x0000000087500000, 0x0000000087600000|  0%| F|  |TAMS 0x0000000087500000, 0x0000000087500000| Untracked 
| 118|0x0000000087600000, 0x0000000087600000, 0x0000000087700000|  0%| F|  |TAMS 0x0000000087600000, 0x0000000087600000| Untracked 
| 119|0x0000000087700000, 0x0000000087700000, 0x0000000087800000|  0%| F|  |TAMS 0x0000000087700000, 0x0000000087700000| Untracked 
| 120|0x0000000087800000, 0x0000000087800000, 0x0000000087900000|  0%| F|  |TAMS 0x0000000087800000, 0x0000000087800000| Untracked 
| 121|0x0000000087900000, 0x0000000087900000, 0x0000000087a00000|  0%| F|  |TAMS 0x0000000087900000, 0x0000000087900000| Untracked 
| 122|0x0000000087a00000, 0x0000000087a00000, 0x0000000087b00000|  0%| F|  |TAMS 0x0000000087a00000, 0x0000000087a00000| Untracked 
| 123|0x0000000087b00000, 0x0000000087b00000, 0x0000000087c00000|  0%| F|  |TAMS 0x0000000087b00000, 0x0000000087b00000| Untracked 
| 124|0x0000000087c00000, 0x0000000087c00000, 0x0000000087d00000|  0%| F|  |TAMS 0x0000000087c00000, 0x0000000087c00000| Untracked 
| 125|0x0000000087d00000, 0x0000000087d00000, 0x0000000087e00000|  0%| F|  |TAMS 0x0000000087d00000, 0x0000000087d00000| Untracked 
| 126|0x0000000087e00000, 0x0000000087e00000, 0x0000000087f00000|  0%| F|  |TAMS 0x0000000087e00000, 0x0000000087e00000| Untracked 
| 127|0x0000000087f00000, 0x0000000087f00000, 0x0000000088000000|  0%| F|  |TAMS 0x0000000087f00000, 0x0000000087f00000| Untracked 

Card table byte_map: [0x0000027d7fbf0000,0x0000027d7fff0000] _byte_map_base: 0x0000027d7f7f0000

Marking Bits (Prev, Next): (CMBitMap*) 0x0000027d7bc13238, (CMBitMap*) 0x0000027d7bc13270
 Prev Bits: [0x0000027d0f400000, 0x0000027d11400000)
 Next Bits: [0x0000027d11400000, 0x0000027d13400000)

Polling page: 0x0000027d79ab0000

Metaspace:

Usage:
  Non-class:     50.61 MB capacity,    49.76 MB ( 98%) used,   717.88 KB (  1%) free+waste,   152.44 KB ( <1%) overhead. 
      Class:      7.81 MB capacity,     7.27 MB ( 93%) used,   481.48 KB (  6%) free+waste,    72.13 KB ( <1%) overhead. 
       Both:     58.42 MB capacity,    57.03 MB ( 98%) used,     1.17 MB (  2%) free+waste,   224.56 KB ( <1%) overhead. 

Virtual space:
  Non-class space:       52.00 MB reserved,      50.67 MB ( 97%) committed 
      Class space:        1.00 GB reserved,       7.88 MB ( <1%) committed 
             Both:        1.05 GB reserved,      58.54 MB (  5%) committed 

Chunk freelists:
   Non-Class:  12.00 KB
       Class:  2.00 KB
        Both:  14.00 KB

MaxMetaspaceSize: 17179869184.00 GB
CompressedClassSpaceSize: 1.00 GB
Initial GC threshold: 20.80 MB
Current GC threshold: 58.54 MB
CDS: off

CodeHeap 'non-profiled nmethods': size=120064Kb used=2577Kb max_used=2577Kb free=117486Kb
 bounds [0x0000027d07ac0000, 0x0000027d07d50000, 0x0000027d0f000000]
CodeHeap 'profiled nmethods': size=120000Kb used=11307Kb max_used=11307Kb free=108692Kb
 bounds [0x0000027d00590000, 0x0000027d010a0000, 0x0000027d07ac0000]
CodeHeap 'non-nmethods': size=5696Kb used=2320Kb max_used=2345Kb free=3375Kb
 bounds [0x0000027d00000000, 0x0000027d00270000, 0x0000027d00590000]
 total_blobs=6522 nmethods=5702 adapters=732
 compilation: enabled
              stopped_count=0, restarted_count=0
 full_count=0

Compilation events (20 events):
Event: 8.209 Thread 0x0000027d15c4f000 5722       3       com.google.common.reflect.Types::newParameterizedType (17 bytes)
Event: 8.209 Thread 0x0000027d15c4f000 nmethod 5722 0x0000027d01095a10 code [0x0000027d01095c40, 0x0000027d010961d8]
Event: 8.209 Thread 0x0000027d15c4f000 5723       3       com.google.common.reflect.Types$ParameterizedTypeImpl::<init> (55 bytes)
Event: 8.210 Thread 0x0000027d15c4f000 nmethod 5723 0x0000027d01096410 code [0x0000027d010966a0, 0x0000027d01097228]
Event: 8.224 Thread 0x0000027d15c4e000 nmethod 5696 0x0000027d07d42090 code [0x0000027d07d42280, 0x0000027d07d43198]
Event: 8.224 Thread 0x0000027d15c4e000 5689       4       org.objectweb.asm.Type::getArgumentsAndReturnSizes (140 bytes)
Event: 8.231 Thread 0x0000027d15c4e000 nmethod 5689 0x0000027d07d43890 code [0x0000027d07d43aa0, 0x0000027d07d44150]
Event: 8.231 Thread 0x0000027d15c4e000 5724       4       java.lang.reflect.ProxyGenerator$ConstantPool::getIndirect (63 bytes)
Event: 8.233 Thread 0x0000027d15c4f000 5725       3       jdk.internal.misc.Unsafe::allocateUninitializedArray (52 bytes)
Event: 8.233 Thread 0x0000027d15c4f000 nmethod 5725 0x0000027d01097610 code [0x0000027d01097820, 0x0000027d01097c78]
Event: 8.233 Thread 0x0000027d15c4f000 5726       3       jdk.internal.misc.Unsafe::allocateUninitializedArray0 (90 bytes)
Event: 8.233 Thread 0x0000027d15c4f000 nmethod 5726 0x0000027d01097e10 code [0x0000027d01098000, 0x0000027d01098858]
Event: 8.233 Thread 0x0000027d15c4f000 5727       3       java.lang.invoke.DirectMethodHandle$Holder::invokeStatic (18 bytes)
Event: 8.233 Thread 0x0000027d15c4f000 nmethod 5727 0x0000027d01098990 code [0x0000027d01098b60, 0x0000027d01099058]
Event: 8.233 Thread 0x0000027d15c4f000 5728       3       java.lang.StringConcatHelper::newString (46 bytes)
Event: 8.234 Thread 0x0000027d15c4f000 nmethod 5728 0x0000027d01099190 code [0x0000027d01099420, 0x0000027d01099ea8]
Event: 8.235 Thread 0x0000027d15c4f000 5729       3       java.util.concurrent.ConcurrentHashMap$ValuesView::iterator (34 bytes)
Event: 8.235 Thread 0x0000027d15c4f000 nmethod 5729 0x0000027d0109a290 code [0x0000027d0109a480, 0x0000027d0109a818]
Event: 8.235 Thread 0x0000027d15c4f000 5730       3       java.util.concurrent.ConcurrentHashMap$ValueIterator::<init> (12 bytes)
Event: 8.235 Thread 0x0000027d15c4f000 nmethod 5730 0x0000027d0109aa10 code [0x0000027d0109abe0, 0x0000027d0109ae18]

GC Heap History (20 events):
Event: 0.873 GC heap after
{Heap after GC invocations=1 (full 0):
 garbage-first heap   total 131072K, used 9327K [0x0000000080000000, 0x0000000100000000)
  region size 1024K, 3 young (3072K), 3 survivors (3072K)
 Metaspace       used 9584K, capacity 9789K, committed 10112K, reserved 1058816K
  class space    used 987K, capacity 1036K, committed 1152K, reserved 1048576K
}
Event: 1.198 GC heap before
{Heap before GC invocations=1 (full 0):
 garbage-first heap   total 131072K, used 27759K [0x0000000080000000, 0x0000000100000000)
  region size 1024K, 21 young (21504K), 3 survivors (3072K)
 Metaspace       used 10779K, capacity 11005K, committed 11264K, reserved 1058816K
  class space    used 1129K, capacity 1207K, committed 1280K, reserved 1048576K
}
Event: 1.201 GC heap after
{Heap after GC invocations=2 (full 0):
 garbage-first heap   total 131072K, used 9920K [0x0000000080000000, 0x0000000100000000)
  region size 1024K, 1 young (1024K), 1 survivors (1024K)
 Metaspace       used 10779K, capacity 11005K, committed 11264K, reserved 1058816K
  class space    used 1129K, capacity 1207K, committed 1280K, reserved 1048576K
}
Event: 2.289 GC heap before
{Heap before GC invocations=2 (full 0):
 garbage-first heap   total 131072K, used 57024K [0x0000000080000000, 0x0000000100000000)
  region size 1024K, 47 young (48128K), 1 survivors (1024K)
 Metaspace       used 15699K, capacity 16021K, committed 16256K, reserved 1062912K
  class space    used 1789K, capacity 1899K, committed 1920K, reserved 1048576K
}
Event: 2.322 GC heap after
{Heap after GC invocations=3 (full 0):
 garbage-first heap   total 131072K, used 16059K [0x0000000080000000, 0x0000000100000000)
  region size 1024K, 6 young (6144K), 6 survivors (6144K)
 Metaspace       used 15699K, capacity 16021K, committed 16256K, reserved 1062912K
  class space    used 1789K, capacity 1899K, committed 1920K, reserved 1048576K
}
Event: 3.470 GC heap before
{Heap before GC invocations=3 (full 0):
 garbage-first heap   total 131072K, used 55995K [0x0000000080000000, 0x0000000100000000)
  region size 1024K, 46 young (47104K), 6 survivors (6144K)
 Metaspace       used 20725K, capacity 21131K, committed 21248K, reserved 1067008K
  class space    used 2544K, capacity 2710K, committed 2816K, reserved 1048576K
}
Event: 3.477 GC heap after
{Heap after GC invocations=4 (full 0):
 garbage-first heap   total 131072K, used 17420K [0x0000000080000000, 0x0000000100000000)
  region size 1024K, 2 young (2048K), 2 survivors (2048K)
 Metaspace       used 20725K, capacity 21131K, committed 21248K, reserved 1067008K
  class space    used 2544K, capacity 2710K, committed 2816K, reserved 1048576K
}
Event: 4.194 GC heap before
{Heap before GC invocations=5 (full 0):
 garbage-first heap   total 131072K, used 70668K [0x0000000080000000, 0x0000000100000000)
  region size 1024K, 54 young (55296K), 2 survivors (2048K)
 Metaspace       used 26310K, capacity 26880K, committed 27008K, reserved 1073152K
  class space    used 3420K, capacity 3613K, committed 3712K, reserved 1048576K
}
Event: 4.200 GC heap after
{Heap after GC invocations=6 (full 0):
 garbage-first heap   total 131072K, used 19325K [0x0000000080000000, 0x0000000100000000)
  region size 1024K, 4 young (4096K), 4 survivors (4096K)
 Metaspace       used 26310K, capacity 26880K, committed 27008K, reserved 1073152K
  class space    used 3420K, capacity 3613K, committed 3712K, reserved 1048576K
}
Event: 5.007 GC heap before
{Heap before GC invocations=6 (full 0):
 garbage-first heap   total 131072K, used 77693K [0x0000000080000000, 0x0000000100000000)
  region size 1024K, 62 young (63488K), 4 survivors (4096K)
 Metaspace       used 34908K, capacity 35719K, committed 35840K, reserved 1081344K
  class space    used 4532K, capacity 4839K, committed 4864K, reserved 1048576K
}
Event: 5.013 GC heap after
{Heap after GC invocations=7 (full 0):
 garbage-first heap   total 131072K, used 22498K [0x0000000080000000, 0x0000000100000000)
  region size 1024K, 7 young (7168K), 7 survivors (7168K)
 Metaspace       used 34908K, capacity 35719K, committed 35840K, reserved 1081344K
  class space    used 4532K, capacity 4839K, committed 4864K, reserved 1048576K
}
Event: 5.632 GC heap before
{Heap before GC invocations=8 (full 0):
 garbage-first heap   total 131072K, used 88034K [0x0000000080000000, 0x0000000100000000)
  region size 1024K, 69 young (70656K), 7 survivors (7168K)
 Metaspace       used 39867K, capacity 40843K, committed 41088K, reserved 1085440K
  class space    used 5109K, capacity 5434K, committed 5504K, reserved 1048576K
}
Event: 5.641 GC heap after
{Heap after GC invocations=9 (full 0):
 garbage-first heap   total 131072K, used 27766K [0x0000000080000000, 0x0000000100000000)
  region size 1024K, 9 young (9216K), 9 survivors (9216K)
 Metaspace       used 39867K, capacity 40843K, committed 41088K, reserved 1085440K
  class space    used 5109K, capacity 5434K, committed 5504K, reserved 1048576K
}
Event: 6.205 GC heap before
{Heap before GC invocations=9 (full 0):
 garbage-first heap   total 131072K, used 91254K [0x0000000080000000, 0x0000000100000000)
  region size 1024K, 71 young (72704K), 9 survivors (9216K)
 Metaspace       used 45594K, capacity 46661K, committed 46848K, reserved 1089536K
  class space    used 5873K, capacity 6278K, committed 6400K, reserved 1048576K
}
Event: 6.212 GC heap after
{Heap after GC invocations=10 (full 0):
 garbage-first heap   total 131072K, used 30033K [0x0000000080000000, 0x0000000100000000)
  region size 1024K, 3 young (3072K), 3 survivors (3072K)
 Metaspace       used 45594K, capacity 46661K, committed 46848K, reserved 1089536K
  class space    used 5873K, capacity 6278K, committed 6400K, reserved 1048576K
}
Event: 7.099 GC heap before
{Heap before GC invocations=10 (full 0):
 garbage-first heap   total 131072K, used 101713K [0x0000000080000000, 0x0000000100000000)
  region size 1024K, 67 young (68608K), 3 survivors (3072K)
 Metaspace       used 48438K, capacity 49650K, committed 49920K, reserved 1093632K
  class space    used 6195K, capacity 6628K, committed 6656K, reserved 1048576K
}
Event: 7.103 GC heap after
{Heap after GC invocations=11 (full 0):
 garbage-first heap   total 131072K, used 44032K [0x0000000080000000, 0x0000000100000000)
  region size 1024K, 9 young (9216K), 9 survivors (9216K)
 Metaspace       used 48438K, capacity 49650K, committed 49920K, reserved 1093632K
  class space    used 6195K, capacity 6628K, committed 6656K, reserved 1048576K
}
Event: 7.919 GC heap before
{Heap before GC invocations=11 (full 0):
 garbage-first heap   total 131072K, used 101376K [0x0000000080000000, 0x0000000100000000)
  region size 1024K, 63 young (64512K), 9 survivors (9216K)
 Metaspace       used 54690K, capacity 56048K, committed 56192K, reserved 1097728K
  class space    used 7015K, capacity 7532K, committed 7552K, reserved 1048576K
}
Event: 7.928 GC heap after
{Heap after GC invocations=12 (full 0):
 garbage-first heap   total 131072K, used 50609K [0x0000000080000000, 0x0000000100000000)
  region size 1024K, 5 young (5120K), 5 survivors (5120K)
 Metaspace       used 54690K, capacity 56048K, committed 56192K, reserved 1097728K
  class space    used 7015K, capacity 7532K, committed 7552K, reserved 1048576K
}
Event: 8.238 GC heap before
{Heap before GC invocations=12 (full 0):
 garbage-first heap   total 131072K, used 74161K [0x0000000080000000, 0x0000000100000000)
  region size 1024K, 29 young (29696K), 5 survivors (5120K)
 Metaspace       used 58402K, capacity 59826K, committed 59948K, reserved 1101824K
  class space    used 7444K, capacity 7998K, committed 8064K, reserved 1048576K
}

Deoptimization events (20 events):
Event: 7.842 Thread 0x0000027d18057800 DEOPT PACKING pc=0x0000027d007f4c97 sp=0x00000088690f6520
Event: 7.842 Thread 0x0000027d18057800 DEOPT UNPACKING pc=0x0000027d0004a95e sp=0x00000088690f5aa8 mode 0
Event: 7.843 Thread 0x0000027d18057800 DEOPT PACKING pc=0x0000027d007f4c97 sp=0x00000088690f6520
Event: 7.843 Thread 0x0000027d18057800 DEOPT UNPACKING pc=0x0000027d0004a95e sp=0x00000088690f5aa8 mode 0
Event: 7.845 Thread 0x0000027d18057800 DEOPT PACKING pc=0x0000027d007f4c97 sp=0x00000088690f6520
Event: 7.845 Thread 0x0000027d18057800 DEOPT UNPACKING pc=0x0000027d0004a95e sp=0x00000088690f5aa8 mode 0
Event: 7.846 Thread 0x0000027d18057800 DEOPT PACKING pc=0x0000027d007f4c97 sp=0x00000088690f6430
Event: 7.846 Thread 0x0000027d18057800 DEOPT UNPACKING pc=0x0000027d0004a95e sp=0x00000088690f59b8 mode 0
Event: 7.847 Thread 0x0000027d18057800 DEOPT PACKING pc=0x0000027d007f4c97 sp=0x00000088690f6680
Event: 7.847 Thread 0x0000027d18057800 DEOPT UNPACKING pc=0x0000027d0004a95e sp=0x00000088690f5c08 mode 0
Event: 7.847 Thread 0x0000027d18057800 DEOPT PACKING pc=0x0000027d007f4c97 sp=0x00000088690f6430
Event: 7.847 Thread 0x0000027d18057800 DEOPT UNPACKING pc=0x0000027d0004a95e sp=0x00000088690f59b8 mode 0
Event: 7.848 Thread 0x0000027d18057800 DEOPT PACKING pc=0x0000027d007f4c97 sp=0x00000088690f6430
Event: 7.848 Thread 0x0000027d18057800 DEOPT UNPACKING pc=0x0000027d0004a95e sp=0x00000088690f59b8 mode 0
Event: 7.883 Thread 0x0000027d18057800 DEOPT PACKING pc=0x0000027d00f94399 sp=0x00000088690f76b0
Event: 7.883 Thread 0x0000027d18057800 DEOPT UNPACKING pc=0x0000027d0004a95e sp=0x00000088690f6bc0 mode 0
Event: 7.929 Thread 0x0000027d166f1000 Uncommon trap: trap_request=0xffffffde fr.pc=0x0000027d07bd3cec relative=0x000000000000052c
Event: 7.929 Thread 0x0000027d166f1000 Uncommon trap: reason=class_check action=maybe_recompile pc=0x0000027d07bd3cec method=jdk.internal.ref.PhantomCleanable.clean()V @ 12 c2
Event: 7.929 Thread 0x0000027d166f1000 DEOPT PACKING pc=0x0000027d07bd3cec sp=0x00000088683fed60
Event: 7.929 Thread 0x0000027d166f1000 DEOPT UNPACKING pc=0x0000027d0004a1af sp=0x00000088683fed40 mode 2

Classes redefined (0 events):
No events

Internal exceptions (20 events):
Event: 7.304 Thread 0x0000027d1835f000 Exception <a 'java/lang/NoSuchMethodError'{0x0000000087402a58}: <clinit>> (0x0000000087402a58) thrown at [./src/hotspot/share/prims/jni.cpp, line 1365]
Event: 7.307 Thread 0x0000027d1835f000 Exception <a 'java/lang/NoSuchMethodError'{0x0000000087420b88}: <clinit>> (0x0000000087420b88) thrown at [./src/hotspot/share/prims/jni.cpp, line 1365]
Event: 7.307 Thread 0x0000027d1835f000 Exception <a 'java/lang/NoSuchMethodError'{0x0000000087421c98}: <clinit>> (0x0000000087421c98) thrown at [./src/hotspot/share/prims/jni.cpp, line 1365]
Event: 7.307 Thread 0x0000027d1835f000 Exception <a 'java/lang/NoSuchMethodError'{0x0000000087422fa0}: <clinit>> (0x0000000087422fa0) thrown at [./src/hotspot/share/prims/jni.cpp, line 1365]
Event: 7.307 Thread 0x0000027d1835f000 Exception <a 'java/lang/NoSuchMethodError'{0x0000000087424200}: <clinit>> (0x0000000087424200) thrown at [./src/hotspot/share/prims/jni.cpp, line 1365]
Event: 7.308 Thread 0x0000027d1835f000 Exception <a 'java/lang/NoSuchMethodError'{0x0000000087436a80}: <clinit>> (0x0000000087436a80) thrown at [./src/hotspot/share/prims/jni.cpp, line 1365]
Event: 7.309 Thread 0x0000027d1835f000 Exception <a 'java/lang/NoSuchMethodError'{0x0000000087441348}: <clinit>> (0x0000000087441348) thrown at [./src/hotspot/share/prims/jni.cpp, line 1365]
Event: 7.310 Thread 0x0000027d1835f000 Exception <a 'java/lang/NoSuchMethodError'{0x0000000087461c90}: <clinit>> (0x0000000087461c90) thrown at [./src/hotspot/share/prims/jni.cpp, line 1365]
Event: 7.334 Thread 0x0000027d18057800 Exception <a 'java/lang/ClassNotFoundException'{0x0000000087321820}: build_a31909eulh692hjv5wd0ey0ciBeanInfo> (0x0000000087321820) thrown at [./src/hotspot/share/classfile/systemDictionary.cpp, line 231]
Event: 7.334 Thread 0x0000027d18057800 Exception <a 'java/lang/ClassNotFoundException'{0x000000008732c7d8}: build_a31909eulh692hjv5wd0ey0ciCustomizer> (0x000000008732c7d8) thrown at [./src/hotspot/share/classfile/systemDictionary.cpp, line 231]
Event: 7.362 Thread 0x0000027d18057800 Exception <a 'java/lang/ClassNotFoundException'{0x00000000872da908}: org/gradle/api/internal/plugins/DefaultObjectConfigurationActionBeanInfo> (0x00000000872da908) thrown at [./src/hotspot/share/classfile/systemDictionary.cpp, line 231]
Event: 7.363 Thread 0x0000027d18057800 Exception <a 'java/lang/ClassNotFoundException'{0x0000000087111500}: org/gradle/api/internal/plugins/DefaultObjectConfigurationActionCustomizer> (0x0000000087111500) thrown at [./src/hotspot/share/classfile/systemDictionary.cpp, line 231]
Event: 7.531 Thread 0x0000027d18057800 Exception <a 'java/lang/NoSuchMethodError'{0x000000008676ff40}: 'java.lang.Object java.lang.invoke.DirectMethodHandle$Holder.invokeStatic(java.lang.Object, java.lang.Object, java.lang.Object, java.lang.Object, int)'> (0x000000008676ff40) thrown at [./src/hotspot/share/interpreter/linkResolver.cpp, line 773]
Event: 7.531 Thread 0x0000027d18057800 Exception <a 'java/lang/NoSuchMethodError'{0x0000000086774938}: 'java.lang.Object java.lang.invoke.DirectMethodHandle$Holder.invokeSpecial(java.lang.Object, java.lang.Object, java.lang.Object, java.lang.Object, java.lang.Object, int)'> (0x0000000086774938) thrown at [./src/hotspot/share/interpreter/linkResolver.cpp, line 773]
Event: 7.531 Thread 0x0000027d18057800 Exception <a 'java/lang/NoSuchMethodError'{0x0000000086778f78}: 'java.lang.Object java.lang.invoke.Invokers$Holder.linkToTargetMethod(java.lang.Object, java.lang.Object, java.lang.Object, int, java.lang.Object)'> (0x0000000086778f78) thrown at [./src/hotspot/share/interpreter/linkResolver.cpp, line 773]
Event: 7.729 Thread 0x0000027d18057800 Exception <a 'java/lang/NoSuchMethodError'{0x00000000858e8318}: 'java.lang.Object java.lang.invoke.DirectMethodHandle$Holder.invokeSpecial(java.lang.Object, java.lang.Object, int, int, java.lang.Object, java.lang.Object, java.lang.Object)'> (0x00000000858e8318) thrown at [./src/hotspot/share/interpreter/linkResolver.cpp, line 773]
Event: 7.729 Thread 0x0000027d18057800 Exception <a 'java/lang/NoSuchMethodError'{0x00000000858ec898}: 'java.lang.Object java.lang.invoke.DelegatingMethodHandle$Holder.reinvoke_L(java.lang.Object, int, int, java.lang.Object, java.lang.Object, java.lang.Object)'> (0x00000000858ec898) thrown at [./src/hotspot/share/interpreter/linkResolver.cpp, line 773]
Event: 7.907 Thread 0x0000027d18057800 Exception <a 'java/lang/NoSuchMethodError'{0x0000000084be4dd8}: 'int java.lang.invoke.DirectMethodHandle$Holder.invokeInterface(java.lang.Object, java.lang.Object, java.lang.Object, java.lang.Object)'> (0x0000000084be4dd8) thrown at [./src/hotspot/share/interpreter/linkResolver.cpp, line 773]
Event: 8.129 Thread 0x0000027d18057800 Exception <a 'java/lang/NoSuchMethodError'{0x0000000087020668}: 'void java.lang.invoke.DirectMethodHandle$Holder.invokeInterface(java.lang.Object, java.lang.Object, java.lang.Object, java.lang.Object)'> (0x0000000087020668) thrown at [./src/hotspot/share/interpreter/linkResolver.cpp, line 773]
Event: 8.234 Thread 0x0000027d18057800 Exception <a 'java/lang/IncompatibleClassChangeError'{0x00000000868ab6d0}: Found class java.lang.Object, but interface was expected> (0x00000000868ab6d0) thrown at [./src/hotspot/share/interpreter/linkResolver.cpp, line 839]

Events (20 events):
Event: 8.234 loading class com/sun/jmx/mbeanserver/JmxMBeanServer$3
Event: 8.234 loading class com/sun/jmx/mbeanserver/JmxMBeanServer$3 done
Event: 8.235 loading class sun/management/RuntimeImpl
Event: 8.235 loading class java/lang/management/RuntimeMXBean
Event: 8.235 loading class java/lang/management/RuntimeMXBean done
Event: 8.235 loading class sun/management/RuntimeImpl done
Event: 8.235 loading class javax/management/StandardMBean
Event: 8.236 loading class javax/management/StandardMBean done
Event: 8.237 loading class javax/management/JMX
Event: 8.237 loading class javax/management/JMX done
Event: 8.237 loading class com/sun/jmx/mbeanserver/DescriptorCache
Event: 8.237 loading class com/sun/jmx/mbeanserver/DescriptorCache done
Event: 8.237 loading class com/sun/jmx/mbeanserver/MXBeanSupport
Event: 8.237 loading class com/sun/jmx/mbeanserver/MBeanSupport
Event: 8.238 loading class com/sun/jmx/mbeanserver/MBeanSupport done
Event: 8.238 loading class com/sun/jmx/mbeanserver/MXBeanSupport done
Event: 8.238 loading class javax/management/MXBean
Event: 8.238 loading class javax/management/MXBean done
Event: 8.238 loading class com/sun/jmx/mbeanserver/MXBeanIntrospector
Event: 8.238 Executing VM operation: CollectForMetadataAllocation


Dynamic libraries:
0x00007ff75f670000 - 0x00007ff75f67a000 	C:\Program Files\Android\Android Studio\jre\bin\java.exe
0x00007ff81ec70000 - 0x00007ff81ee67000 	C:\windows\SYSTEM32\ntdll.dll
0x00007ff81e9a0000 - 0x00007ff81ea5d000 	C:\windows\System32\KERNEL32.DLL
0x00007ff81c360000 - 0x00007ff81c62d000 	C:\windows\System32\KERNELBASE.dll
0x00007ff81c9a0000 - 0x00007ff81caa0000 	C:\windows\System32\ucrtbase.dll
0x00007ffff5840000 - 0x00007ffff5859000 	C:\Program Files\Android\Android Studio\jre\bin\jli.dll
0x00007ffff4850000 - 0x00007ffff4867000 	C:\Program Files\Android\Android Studio\jre\bin\VCRUNTIME140.dll
0x00007ff81e710000 - 0x00007ff81e8b0000 	C:\windows\System32\USER32.dll
0x00007ff81c8b0000 - 0x00007ff81c8d2000 	C:\windows\System32\win32u.dll
0x00007ff81d6a0000 - 0x00007ff81d6ca000 	C:\windows\System32\GDI32.dll
0x00007ff81c6a0000 - 0x00007ff81c7ab000 	C:\windows\System32\gdi32full.dll
0x00007ff81caa0000 - 0x00007ff81cb3d000 	C:\windows\System32\msvcp_win.dll
0x00007ffffd220000 - 0x00007ffffd4ba000 	C:\windows\WinSxS\amd64_microsoft.windows.common-controls_6595b64144ccf1df_6.0.19041.1110_none_60b5254171f9507e\COMCTL32.dll
0x00007ff81d800000 - 0x00007ff81d89e000 	C:\windows\System32\msvcrt.dll
0x00007ff81d4b0000 - 0x00007ff81d4e0000 	C:\windows\System32\IMM32.DLL
0x00007fffed050000 - 0x00007fffed0ed000 	C:\Program Files\Android\Android Studio\jre\bin\msvcp140.dll
0x00007fffae880000 - 0x00007fffaf365000 	C:\Program Files\Android\Android Studio\jre\bin\server\jvm.dll
0x00007ff81d4e0000 - 0x00007ff81d58e000 	C:\windows\System32\ADVAPI32.dll
0x00007ff81d410000 - 0x00007ff81d4ac000 	C:\windows\System32\sechost.dll
0x00007ff81ead0000 - 0x00007ff81ebf5000 	C:\windows\System32\RPCRT4.dll
0x00007ff81cf90000 - 0x00007ff81cf98000 	C:\windows\System32\PSAPI.DLL
0x00007fffe7df0000 - 0x00007fffe7df9000 	C:\windows\SYSTEM32\WSOCK32.dll
0x00007ff8098c0000 - 0x00007ff8098e7000 	C:\windows\SYSTEM32\WINMM.dll
0x00007ff810d50000 - 0x00007ff810d5a000 	C:\windows\SYSTEM32\VERSION.dll
0x00007ff81ea60000 - 0x00007ff81eacb000 	C:\windows\System32\WS2_32.dll
0x00007ff81a240000 - 0x00007ff81a252000 	C:\windows\SYSTEM32\kernel.appcore.dll
0x00007fffd3110000 - 0x00007fffd3121000 	C:\Program Files\Android\Android Studio\jre\bin\verify.dll
0x00007ff8098f0000 - 0x00007ff809ad4000 	C:\windows\SYSTEM32\DBGHELP.DLL
0x00007fffe5db0000 - 0x00007fffe5ddc000 	C:\windows\SYSTEM32\dbgcore.DLL
0x00007ff81c910000 - 0x00007ff81c992000 	C:\windows\System32\bcryptPrimitives.dll
0x00007fffd30e0000 - 0x00007fffd3109000 	C:\Program Files\Android\Android Studio\jre\bin\java.dll
0x00007fffe6e60000 - 0x00007fffe6e6b000 	C:\Program Files\Android\Android Studio\jre\bin\jimage.dll
0x00007fffd30c0000 - 0x00007fffd30d8000 	C:\Program Files\Android\Android Studio\jre\bin\zip.dll
0x00007ff81dbe0000 - 0x00007ff81e324000 	C:\windows\System32\SHELL32.dll
0x00007ff81a440000 - 0x00007ff81abd4000 	C:\windows\SYSTEM32\windows.storage.dll
0x00007ff81e330000 - 0x00007ff81e684000 	C:\windows\System32\combase.dll
0x00007ff81bc10000 - 0x00007ff81bc3c000 	C:\windows\SYSTEM32\Wldp.dll
0x00007ff81d590000 - 0x00007ff81d63d000 	C:\windows\System32\SHCORE.dll
0x00007ff81d640000 - 0x00007ff81d695000 	C:\windows\System32\shlwapi.dll
0x00007ff81c2a0000 - 0x00007ff81c2bf000 	C:\windows\SYSTEM32\profapi.dll
0x00007fffd30a0000 - 0x00007fffd30ba000 	C:\Program Files\Android\Android Studio\jre\bin\net.dll
0x00007ff8155c0000 - 0x00007ff8156ca000 	C:\windows\SYSTEM32\WINHTTP.dll
0x00007ff81b9f0000 - 0x00007ff81ba5a000 	C:\windows\system32\mswsock.dll
0x00007fffd3080000 - 0x00007fffd3094000 	C:\Program Files\Android\Android Studio\jre\bin\nio.dll
0x00007ff818120000 - 0x00007ff818147000 	C:\Users\logonpflocal.FIAP\.gradle\native\e1d6ef7f7dcc3fd88c89a11ec53ec762bb8ba0a96d01ffa2cd45eb1d1d8dd5c5\windows-amd64\native-platform.dll
0x00007fffecf00000 - 0x00007fffed044000 	C:\Users\logonpflocal.FIAP\.gradle\native\5664cfc778a61ccfe75a443a1ab52a65af34e5dc3c78e0209fed803814484fcb\windows-amd64\native-platform-file-events.dll
0x00007fffe6a90000 - 0x00007fffe6a9a000 	C:\Program Files\Android\Android Studio\jre\bin\management.dll
0x00007fffe6860000 - 0x00007fffe686d000 	C:\Program Files\Android\Android Studio\jre\bin\management_ext.dll
0x00007ff81bfb0000 - 0x00007ff81bfc8000 	C:\windows\SYSTEM32\CRYPTSP.dll
0x00007ff81b390000 - 0x00007ff81b3c4000 	C:\windows\system32\rsaenh.dll
0x00007ff81c8e0000 - 0x00007ff81c907000 	C:\windows\System32\bcrypt.dll
0x00007ff81c220000 - 0x00007ff81c24e000 	C:\windows\SYSTEM32\USERENV.dll
0x00007ff81bb80000 - 0x00007ff81bb8c000 	C:\windows\SYSTEM32\CRYPTBASE.dll
0x00007ff81b700000 - 0x00007ff81b73b000 	C:\windows\SYSTEM32\IPHLPAPI.DLL
0x00007ff81d8a0000 - 0x00007ff81d8a8000 	C:\windows\System32\NSI.dll
0x00007ff8173e0000 - 0x00007ff8173f7000 	C:\windows\SYSTEM32\dhcpcsvc6.DLL
0x00007ff8173c0000 - 0x00007ff8173dd000 	C:\windows\SYSTEM32\dhcpcsvc.DLL
0x00007ff81b740000 - 0x00007ff81b80b000 	C:\windows\SYSTEM32\DNSAPI.dll

dbghelp: loaded successfully - version: 4.0.5 - missing functions: none
symbol engine: initialized successfully - sym options: 0x614 - pdb path: .;C:\Program Files\Android\Android Studio\jre\bin;C:\windows\SYSTEM32;C:\windows\WinSxS\amd64_microsoft.windows.common-controls_6595b64144ccf1df_6.0.19041.1110_none_60b5254171f9507e;C:\Program Files\Android\Android Studio\jre\bin\server;C:\Users\logonpflocal.FIAP\.gradle\native\e1d6ef7f7dcc3fd88c89a11ec53ec762bb8ba0a96d01ffa2cd45eb1d1d8dd5c5\windows-amd64;C:\Users\logonpflocal.FIAP\.gradle\native\5664cfc778a61ccfe75a443a1ab52a65af34e5dc3c78e0209fed803814484fcb\windows-amd64

VM Arguments:
jvm_args: --add-opens=java.base/java.util=ALL-UNNAMED --add-opens=java.base/java.lang=ALL-UNNAMED --add-opens=java.base/java.lang.invoke=ALL-UNNAMED --add-opens=java.base/java.util=ALL-UNNAMED --add-opens=java.prefs/java.util.prefs=ALL-UNNAMED --add-opens=java.prefs/java.util.prefs=ALL-UNNAMED --add-opens=java.base/java.nio.charset=ALL-UNNAMED --add-opens=java.base/java.net=ALL-UNNAMED --add-opens=java.base/java.util.concurrent.atomic=ALL-UNNAMED -Xmx2048m -Dfile.encoding=UTF-8 -Duser.country=US -Duser.language=en -Duser.variant 
java_command: org.gradle.launcher.daemon.bootstrap.GradleDaemon 7.3.3
java_class_path (initial): C:\Users\logonpflocal.FIAP\.gradle\wrapper\dists\gradle-7.3.3-bin\6a41zxkdtcxs8rphpq6y0069z\gradle-7.3.3\lib\gradle-launcher-7.3.3.jar
Launcher Type: SUN_STANDARD

[Global flags]
     intx CICompilerCount                          = 3                                         {product} {ergonomic}
     uint ConcGCThreads                            = 2                                         {product} {ergonomic}
     uint G1ConcRefinementThreads                  = 6                                         {product} {ergonomic}
   size_t G1HeapRegionSize                         = 1048576                                   {product} {ergonomic}
    uintx GCDrainStackTargetSize                   = 64                                        {product} {ergonomic}
   size_t InitialHeapSize                          = 134217728                                 {product} {ergonomic}
   size_t MarkStackSize                            = 4194304                                   {product} {ergonomic}
   size_t MaxHeapSize                              = 2147483648                                {product} {command line}
   size_t MaxNewSize                               = 1287651328                                {product} {ergonomic}
   size_t MinHeapDeltaBytes                        = 1048576                                   {product} {ergonomic}
    uintx NonNMethodCodeHeapSize                   = 5830732                                {pd product} {ergonomic}
    uintx NonProfiledCodeHeapSize                  = 122913754                              {pd product} {ergonomic}
    uintx ProfiledCodeHeapSize                     = 122913754                              {pd product} {ergonomic}
    uintx ReservedCodeCacheSize                    = 251658240                              {pd product} {ergonomic}
     bool SegmentedCodeCache                       = true                                      {product} {ergonomic}
     bool UseCompressedClassPointers               = true                                 {lp64_product} {ergonomic}
     bool UseCompressedOops                        = true                                 {lp64_product} {ergonomic}
     bool UseG1GC                                  = true                                      {product} {ergonomic}
     bool UseLargePagesIndividualAllocation        = false                                  {pd product} {ergonomic}

Logging:
Log output configuration:
 #0: stdout all=warning uptime,level,tags
 #1: stderr all=off uptime,level,tags

Environment Variables:
JAVA_HOME=C:\Program Files\Java\jdk1.8.0_333
PATH=C:\Program Files (x86)\VMware\VMware Workstation\bin\;C:\TwinCAT\Common64;C:\TwinCAT\Common32;C:\ProgramData\Anaconda3\Scripts;C:\ProgramData\Anaconda3;C:\Python27\;C:\Python27\Scripts;C:\Python310\Scripts\;C:\Python310\;C:\Program Files (x86)\NVIDIA Corporation\PhysX\Common;C:\Program Files\Microsoft MPI\Bin\;C:\Program Files\Common Files\Oracle\Java\javapath;C:\Program Files (x86)\Common Files\Oracle\Java\javapath;C:\Windows\system32;C:\Windows;C:\Windows\System32\Wbem;C:\Windows\System32\WindowsPowerShell\v1.0\;C:\Windows\System32\OpenSSH\;C:\Program Files\Microsoft VS Code\bin;C:\Program Files\Amazon\AWSCLIV2\;C:\Program Files (x86)\WinSCP\;C:\Opensource\apache-cassandra-3.11.13\bin;C:\xampp\php;C:\ProgramData\ComposerSetup\bin;C:\Opensource\apache-maven-3.8.6\bin;C:\Program Files\Microsoft SQL Server\120\Tools\Binn\;C:\Program Files\dotnet\;C:\Program Files\Microsoft SQL Server\Client SDK\ODBC\170\Tools\Binn\;C:\Program Files (x86)\Microsoft SQL Server\150\Tools\Binn\;C:\Program Files\Microsoft SQL Server\150\Tools\Binn\;C:\Program Files\Microsoft SQL Server\150\DTS\Binn\;C:\Program Files (x86)\Microsoft SQL Server\150\DTS\Binn\;C:\Program Files\Azure Data Studio\bin;C:\Program Files\PuTTY\;C:\Program Files (x86)\Windows Kits\8.1\Windows Performance Toolkit\;C:\Program Files\Git\cmd;C:\Program Files (x86)\Microchip\MPLAB C32 Suite\bin;C:\Program Files\nodejs\;C:\ProgramData\chocolatey\bin;C:\HashiCorp\Vagrant\bin;C:\src\flutter\bin;C:\Opensource\gradle-7.4.2\bin;C:\Opensource\terraform_1.2.2;C:\Program Files\Docker\Docker\resources\bin;C:\ProgramData\DockerDesktop\version-bin;C:\Android_SDK\tools;C:\Android_SDK\platform-tools;C:\Android_SDK\build-tools\33.0.0;C:\Program Files\Common Files\Autodesk Shared\;C:\Users\logonpflocal.FIAP\AppData\Local\Microsoft\WindowsApps;
USERNAME=logonpflocal
OS=Windows_NT
PROCESSOR_IDENTIFIER=Intel64 Family 6 Model 158 Stepping 10, GenuineIntel



---------------  S Y S T E M  ---------------

OS: Windows 10 , 64 bit Build 19041 (10.0.19041.1741)
OS uptime: 0 days 0:30 hours
Hyper-V role detected

CPU:total 6 (initial active 6) (6 cores per cpu, 1 threads per core) family 6 model 158 stepping 10 microcode 0xb4, cmov, cx8, fxsr, mmx, sse, sse2, sse3, ssse3, sse4.1, sse4.2, popcnt, avx, avx2, aes, clmul, erms, 3dnowpref, lzcnt, tsc, tscinvbit, bmi1, bmi2, adx, fma

Memory: 4k page, system-wide physical 8076M (226M free)
TotalPageFile size 8076M (AvailPageFile size 10M)
current process WorkingSet (physical memory assigned to process): 301M, peak: 301M
current process commit charge ("private bytes"): 339M, peak: 367M

vm_info: OpenJDK 64-Bit Server VM (11.0.12+7-b1504.28-7817840) for windows-amd64 JRE (11.0.12+7-b1504.28-7817840), built on Oct 13 2021 22:12:33 by "builder" with MS VC++ 14.0 (VS2015)

END.
